#! /c/Source/iverilog-install/bin/vvp
:ivl_version "12.0 (devel)" "(s20150603-1539-g2693dd32b)";
:ivl_delay_selection "TYPICAL";
:vpi_time_precision - 12;
:vpi_module "C:\iverilog\lib\ivl\system.vpi";
:vpi_module "C:\iverilog\lib\ivl\vhdl_sys.vpi";
:vpi_module "C:\iverilog\lib\ivl\vhdl_textio.vpi";
:vpi_module "C:\iverilog\lib\ivl\v2005_math.vpi";
:vpi_module "C:\iverilog\lib\ivl\va_math.vpi";
:vpi_module "C:\iverilog\lib\ivl\v2009.vpi";
S_000002b81f922920 .scope package, "$unit" "$unit" 2 1;
 .timescale 0 0;
S_000002b81f8f29c0 .scope module, "frame_sampler_tb" "frame_sampler_tb" 3 3;
 .timescale -9 -12;
P_000002b81f916470 .param/l "DATA_WIDTH" 1 3 6, +C4<00000000000000000000000000010000>;
P_000002b81f9164a8 .param/l "INPUT_COUNT" 1 3 4, +C4<00000000000000000000000000010000>;
P_000002b81f9164e0 .param/l "OUTPUT_COUNT" 1 3 5, +C4<00000000000000000000000000000101>;
v000002b81f991c30_0 .net "busy", 0 0, v000002b81f918730_0;  1 drivers
v000002b81f991910_0 .var "clk", 0 0;
v000002b81f991cd0_0 .net "done", 0 0, v000002b81f8f2d80_0;  1 drivers
v000002b81f9924f0_0 .var/i "errors", 31 0;
v000002b81f991d70 .array "expected", 4 0, 15 0;
v000002b81f991e10_0 .var "frame_flat", 255 0;
v000002b81f992450_0 .var/i "idx", 31 0;
v000002b81f9919b0_0 .var "rst", 0 0;
v000002b81f992590_0 .net "sampled_flat", 79 0, v000002b81f924be0_0;  1 drivers
v000002b81f991ff0_0 .var "start", 0 0;
E_000002b81f91eb70 .event posedge, v000002b81f8f2ce0_0;
E_000002b81f91f1f0 .event anyedge, v000002b81f8f2d80_0;
S_000002b81f8f2b50 .scope module, "dut" "frame_sampler" 3 20, 4 11 0, S_000002b81f8f29c0;
 .timescale -9 -12;
    .port_info 0 /INPUT 1 "clk";
    .port_info 1 /INPUT 1 "rst";
    .port_info 2 /INPUT 1 "start";
    .port_info 3 /INPUT 256 "frame_flat";
    .port_info 4 /OUTPUT 80 "sampled_flat";
    .port_info 5 /OUTPUT 1 "busy";
    .port_info 6 /OUTPUT 1 "done";
P_000002b81f915e20 .param/l "BASE_STEP" 1 4 33, +C4<00000000000000000000000000000011>;
P_000002b81f915e58 .param/l "DATA_WIDTH" 0 4 14, +C4<00000000000000000000000000010000>;
P_000002b81f915e90 .param/l "INPUT_COUNT" 0 4 12, +C4<00000000000000000000000000010000>;
P_000002b81f915ec8 .param/l "OUTPUT_COUNT" 0 4 13, +C4<00000000000000000000000000000101>;
P_000002b81f915f00 .param/l "STEP_REM" 1 4 34, +C4<00000000000000000000000000000001>;
v000002b81f916520_0 .var "active", 0 0;
v000002b81f918730_0 .var "busy", 0 0;
v000002b81f8f2ce0_0 .net "clk", 0 0, v000002b81f991910_0;  1 drivers
v000002b81f8f2d80_0 .var "done", 0 0;
v000002b81f924960_0 .net "frame_flat", 255 0, v000002b81f991e10_0;  1 drivers
v000002b81f924a00_0 .var/i "out_idx", 31 0;
v000002b81f924aa0_0 .var/i "rem_accum", 31 0;
v000002b81f924b40_0 .net "rst", 0 0, v000002b81f9919b0_0;  1 drivers
v000002b81f924be0_0 .var "sampled_flat", 79 0;
v000002b81f924c80_0 .var/i "src_index", 31 0;
v000002b81f924d20_0 .net "start", 0 0, v000002b81f991ff0_0;  1 drivers
v000002b81f992310_0 .var/i "tmp_rem", 31 0;
v000002b81f9926d0_0 .var/i "tmp_src", 31 0;
E_000002b81f91f470 .event posedge, v000002b81f924b40_0, v000002b81f8f2ce0_0;
S_000002b81f9209e0 .scope autofunction.vec4.s16, "get_sampled_word" "get_sampled_word" 3 39, 3 39 0, S_000002b81f8f29c0;
 .timescale -9 -12;
; Variable get_sampled_word is vec4 return value of scope S_000002b81f9209e0
v000002b81f992090_0 .var/i "index", 31 0;
TD_frame_sampler_tb.get_sampled_word ;
    %load/vec4 v000002b81f992590_0;
    %load/vec4 v000002b81f992090_0;
    %addi 1, 0, 32;
    %muli 16, 0, 32;
    %subi 1, 0, 32;
    %pad/s 34;
    %subi 15, 0, 34;
    %part/s 16;
    %ret/vec4 0, 0, 16;  Assign to get_sampled_word (store_vec4_to_lval)
    %end;
S_000002b81f920b70 .scope autotask, "set_frame_word" "set_frame_word" 3 33, 3 33 0, S_000002b81f8f29c0;
 .timescale -9 -12;
v000002b81f9923b0_0 .var/i "index", 31 0;
v000002b81f992810_0 .var "value", 15 0;
TD_frame_sampler_tb.set_frame_word ;
    %load/vec4 v000002b81f992810_0;
    %load/vec4 v000002b81f9923b0_0;
    %addi 1, 0, 32;
    %muli 16, 0, 32;
    %subi 1, 0, 32;
    %pad/s 34;
    %subi 15, 0, 34;
    %ix/vec4/s 4;
    %store/vec4 v000002b81f991e10_0, 4, 16;
    %end;
    .scope S_000002b81f8f2b50;
T_2 ;
    %end;
    .thread T_2;
    .scope S_000002b81f8f2b50;
T_3 ;
    %wait E_000002b81f91f470;
    %load/vec4 v000002b81f924b40_0;
    %flag_set/vec4 8;
    %jmp/0xz  T_3.0, 8;
    %pushi/vec4 0, 0, 1;
    %assign/vec4 v000002b81f916520_0, 0;
    %pushi/vec4 0, 0, 1;
    %assign/vec4 v000002b81f918730_0, 0;
    %pushi/vec4 0, 0, 1;
    %assign/vec4 v000002b81f8f2d80_0, 0;
    %pushi/vec4 0, 0, 32;
    %assign/vec4 v000002b81f924a00_0, 0;
    %pushi/vec4 0, 0, 32;
    %assign/vec4 v000002b81f924c80_0, 0;
    %pushi/vec4 0, 0, 32;
    %assign/vec4 v000002b81f924aa0_0, 0;
    %pushi/vec4 0, 0, 80;
    %assign/vec4 v000002b81f924be0_0, 0;
    %jmp T_3.1;
T_3.0 ;
    %pushi/vec4 0, 0, 1;
    %assign/vec4 v000002b81f8f2d80_0, 0;
    %load/vec4 v000002b81f924d20_0;
    %flag_set/vec4 9;
    %flag_get/vec4 9;
    %jmp/0 T_3.4, 9;
    %load/vec4 v000002b81f916520_0;
    %nor/r;
    %and;
T_3.4;
    %flag_set/vec4 8;
    %jmp/0xz  T_3.2, 8;
    %pushi/vec4 1, 0, 1;
    %assign/vec4 v000002b81f916520_0, 0;
    %pushi/vec4 1, 0, 1;
    %assign/vec4 v000002b81f918730_0, 0;
    %pushi/vec4 0, 0, 32;
    %assign/vec4 v000002b81f924a00_0, 0;
    %pushi/vec4 0, 0, 32;
    %assign/vec4 v000002b81f924c80_0, 0;
    %pushi/vec4 0, 0, 32;
    %assign/vec4 v000002b81f924aa0_0, 0;
    %jmp T_3.3;
T_3.2 ;
    %load/vec4 v000002b81f916520_0;
    %flag_set/vec4 8;
    %jmp/0xz  T_3.5, 8;
    %load/vec4 v000002b81f924960_0;
    %load/vec4 v000002b81f924c80_0;
    %muli 16, 0, 32;
    %part/s 16;
    %ix/load 5, 0, 0;
    %load/vec4 v000002b81f924a00_0;
    %muli 16, 0, 32;
    %ix/vec4/s 4;
    %assign/vec4/off/d v000002b81f924be0_0, 4, 5;
    %load/vec4 v000002b81f924a00_0;
    %cmpi/e 4, 0, 32;
    %jmp/0xz  T_3.7, 4;
    %pushi/vec4 0, 0, 1;
    %assign/vec4 v000002b81f916520_0, 0;
    %pushi/vec4 0, 0, 1;
    %assign/vec4 v000002b81f918730_0, 0;
    %pushi/vec4 1, 0, 1;
    %assign/vec4 v000002b81f8f2d80_0, 0;
    %jmp T_3.8;
T_3.7 ;
    %load/vec4 v000002b81f924a00_0;
    %addi 1, 0, 32;
    %assign/vec4 v000002b81f924a00_0, 0;
    %load/vec4 v000002b81f924aa0_0;
    %addi 1, 0, 32;
    %store/vec4 v000002b81f992310_0, 0, 32;
    %load/vec4 v000002b81f924c80_0;
    %addi 3, 0, 32;
    %store/vec4 v000002b81f9926d0_0, 0, 32;
    %load/vec4 v000002b81f992310_0;
    %cmpi/s 5, 0, 32;
    %flag_inv 5; GE is !LT
    %jmp/0xz  T_3.9, 5;
    %load/vec4 v000002b81f992310_0;
    %subi 5, 0, 32;
    %store/vec4 v000002b81f992310_0, 0, 32;
    %load/vec4 v000002b81f9926d0_0;
    %addi 1, 0, 32;
    %store/vec4 v000002b81f9926d0_0, 0, 32;
T_3.9 ;
    %load/vec4 v000002b81f9926d0_0;
    %cmpi/s 16, 0, 32;
    %flag_inv 5; GE is !LT
    %jmp/0xz  T_3.11, 5;
    %pushi/vec4 15, 0, 32;
    %store/vec4 v000002b81f9926d0_0, 0, 32;
T_3.11 ;
    %load/vec4 v000002b81f992310_0;
    %assign/vec4 v000002b81f924aa0_0, 0;
    %load/vec4 v000002b81f9926d0_0;
    %assign/vec4 v000002b81f924c80_0, 0;
T_3.8 ;
    %jmp T_3.6;
T_3.5 ;
    %pushi/vec4 0, 0, 1;
    %assign/vec4 v000002b81f918730_0, 0;
T_3.6 ;
T_3.3 ;
T_3.1 ;
    %jmp T_3;
    .thread T_3;
    .scope S_000002b81f8f29c0;
T_4 ;
    %pushi/vec4 0, 0, 1;
    %store/vec4 v000002b81f991910_0, 0, 1;
    %end;
    .thread T_4;
    .scope S_000002b81f8f29c0;
T_5 ;
    %delay 5000, 0;
    %load/vec4 v000002b81f991910_0;
    %inv;
    %store/vec4 v000002b81f991910_0, 0, 1;
    %jmp T_5;
    .thread T_5;
    .scope S_000002b81f8f29c0;
T_6 ;
    %vpi_call/w 3 48 "$dumpfile", "vcd/frame_sampler_tb.vcd" {0 0 0};
    %vpi_call/w 3 49 "$dumpvars", 32'sb00000000000000000000000000000000, S_000002b81f8f29c0 {0 0 0};
    %end;
    .thread T_6;
    .scope S_000002b81f8f29c0;
T_7 ;
    %pushi/vec4 1, 0, 1;
    %store/vec4 v000002b81f9919b0_0, 0, 1;
    %pushi/vec4 0, 0, 1;
    %store/vec4 v000002b81f991ff0_0, 0, 1;
    %pushi/vec4 0, 0, 256;
    %store/vec4 v000002b81f991e10_0, 0, 256;
    %pushi/vec4 0, 0, 32;
    %store/vec4 v000002b81f9924f0_0, 0, 32;
    %pushi/vec4 0, 0, 32;
    %store/vec4 v000002b81f992450_0, 0, 32;
T_7.0 ;
    %load/vec4 v000002b81f992450_0;
    %cmpi/s 16, 0, 32;
    %jmp/0xz T_7.1, 5;
    %alloc S_000002b81f920b70;
    %load/vec4 v000002b81f992450_0;
    %store/vec4 v000002b81f9923b0_0, 0, 32;
    %load/vec4 v000002b81f992450_0;
    %pad/s 16;
    %store/vec4 v000002b81f992810_0, 0, 16;
    %fork TD_frame_sampler_tb.set_frame_word, S_000002b81f920b70;
    %join;
    %free S_000002b81f920b70;
    %load/vec4 v000002b81f992450_0;
    %addi 1, 0, 32;
    %store/vec4 v000002b81f992450_0, 0, 32;
    %jmp T_7.0;
T_7.1 ;
    %pushi/vec4 2, 0, 32;
T_7.2 %dup/vec4;
    %pushi/vec4 0, 0, 32;
    %cmp/s;
    %jmp/1xz T_7.3, 5;
    %jmp/1 T_7.3, 4;
    %pushi/vec4 1, 0, 32;
    %sub;
    %wait E_000002b81f91eb70;
    %jmp T_7.2;
T_7.3 ;
    %pop/vec4 1;
    %pushi/vec4 0, 0, 1;
    %store/vec4 v000002b81f9919b0_0, 0, 1;
    %pushi/vec4 2, 0, 32;
T_7.4 %dup/vec4;
    %pushi/vec4 0, 0, 32;
    %cmp/s;
    %jmp/1xz T_7.5, 5;
    %jmp/1 T_7.5, 4;
    %pushi/vec4 1, 0, 32;
    %sub;
    %wait E_000002b81f91eb70;
    %jmp T_7.4;
T_7.5 ;
    %pop/vec4 1;
    %pushi/vec4 0, 0, 32;
    %store/vec4 v000002b81f992450_0, 0, 32;
T_7.6 ;
    %load/vec4 v000002b81f992450_0;
    %cmpi/s 5, 0, 32;
    %jmp/0xz T_7.7, 5;
    %load/vec4 v000002b81f992450_0;
    %muli 16, 0, 32;
    %pushi/vec4 5, 0, 32;
    %div/s;
    %pad/s 16;
    %ix/getv/s 4, v000002b81f992450_0;
    %store/vec4a v000002b81f991d70, 4, 0;
    %load/vec4 v000002b81f992450_0;
    %addi 1, 0, 32;
    %store/vec4 v000002b81f992450_0, 0, 32;
    %jmp T_7.6;
T_7.7 ;
    %vpi_call/w 3 70 "$display", "[TB] Starting frame_sampler test" {0 0 0};
    %pushi/vec4 1, 0, 1;
    %store/vec4 v000002b81f991ff0_0, 0, 1;
    %wait E_000002b81f91eb70;
    %pushi/vec4 0, 0, 1;
    %store/vec4 v000002b81f991ff0_0, 0, 1;
T_7.8 ;
    %load/vec4 v000002b81f991cd0_0;
    %cmpi/ne 1, 0, 1;
    %jmp/0xz T_7.9, 6;
    %wait E_000002b81f91f1f0;
    %jmp T_7.8;
T_7.9 ;
    %wait E_000002b81f91eb70;
    %pushi/vec4 0, 0, 32;
    %store/vec4 v000002b81f992450_0, 0, 32;
T_7.10 ;
    %load/vec4 v000002b81f992450_0;
    %cmpi/s 5, 0, 32;
    %jmp/0xz T_7.11, 5;
    %alloc S_000002b81f9209e0;
    %load/vec4 v000002b81f992450_0;
    %store/vec4 v000002b81f992090_0, 0, 32;
    %callf/vec4 TD_frame_sampler_tb.get_sampled_word, S_000002b81f9209e0;
    %free S_000002b81f9209e0;
    %ix/getv/s 4, v000002b81f992450_0;
    %load/vec4a v000002b81f991d70, 4;
    %cmp/ne;
    %jmp/0xz  T_7.12, 6;
    %alloc S_000002b81f9209e0;
    %load/vec4 v000002b81f992450_0;
    %store/vec4 v000002b81f992090_0, 0, 32;
    %callf/vec4 TD_frame_sampler_tb.get_sampled_word, S_000002b81f9209e0;
    %free S_000002b81f9209e0;
    %vpi_call/w 3 80 "$display", "[TB] Mismatch at %0d: expected %0d, got %0d", v000002b81f992450_0, &A<v000002b81f991d70, v000002b81f992450_0 >, S<0,vec4,u16> {1 0 0};
    %load/vec4 v000002b81f9924f0_0;
    %addi 1, 0, 32;
    %store/vec4 v000002b81f9924f0_0, 0, 32;
T_7.12 ;
    %load/vec4 v000002b81f992450_0;
    %addi 1, 0, 32;
    %store/vec4 v000002b81f992450_0, 0, 32;
    %jmp T_7.10;
T_7.11 ;
    %load/vec4 v000002b81f9924f0_0;
    %cmpi/e 0, 0, 32;
    %jmp/0xz  T_7.14, 4;
    %vpi_call/w 3 86 "$display", "[TB] PASS: frame_sampler output matches reference" {0 0 0};
    %jmp T_7.15;
T_7.14 ;
    %vpi_call/w 3 88 "$display", "[TB] FAIL: %0d mismatches detected", v000002b81f9924f0_0 {0 0 0};
    %vpi_call/w 3 89 "$fatal" {0 0 0};
T_7.15 ;
    %delay 20000, 0;
    %vpi_call/w 3 93 "$finish" {0 0 0};
    %end;
    .thread T_7;
# The file index is used to find the file name in the following table.
:file_names 5;
    "N/A";
    "<interactive>";
    "-";
    "tb/frame_sampler_tb.v";
    "src/interfaces/frame_sampler.v";
