#! /c/Source/iverilog-install/bin/vvp
:ivl_version "12.0 (devel)" "(s20150603-1539-g2693dd32b)";
:ivl_delay_selection "TYPICAL";
:vpi_time_precision - 12;
:vpi_module "C:\iverilog\lib\ivl\system.vpi";
:vpi_module "C:\iverilog\lib\ivl\vhdl_sys.vpi";
:vpi_module "C:\iverilog\lib\ivl\vhdl_textio.vpi";
:vpi_module "C:\iverilog\lib\ivl\v2005_math.vpi";
:vpi_module "C:\iverilog\lib\ivl\va_math.vpi";
:vpi_module "C:\iverilog\lib\ivl\v2009.vpi";
S_000001fd9bbb3090 .scope package, "$unit" "$unit" 2 1;
 .timescale 0 0;
S_000001fd9bbde950 .scope module, "layer3_generator_tb" "layer3_generator_tb" 3 3;
 .timescale -9 -12;
v000001fd9bc33410_0 .var "clk", 0 0;
v000001fd9bc32c90_0 .net "done", 0 0, v000001fd9bc33230_0;  1 drivers
v000001fd9bc335f0_0 .var/s "flat_input_flat", 4095 0;
v000001fd9bc32bf0_0 .net/s "flat_output_flat", 2047 0, v000001fd9bc33190_0;  1 drivers
v000001fd9bc330f0 .array/s "inputs", 255 0, 15 0;
v000001fd9bc33690_0 .var/i "k", 31 0;
v000001fd9bc33910 .array/s "outputs", 127 0, 15 0;
v000001fd9bc33a50_0 .var/i "p", 31 0;
v000001fd9bc346d0_0 .var "rst", 0 0;
v000001fd9bc33af0_0 .var "start", 0 0;
E_000001fd9bbd7950 .event anyedge, v000001fd9bc33230_0;
E_000001fd9bbd7990 .event posedge, v000001fd9bc34130_0;
E_000001fd9bbd8150 .event anyedge, v000001fd9bc33190_0;
v000001fd9bc330f0_0 .array/port v000001fd9bc330f0, 0;
v000001fd9bc330f0_1 .array/port v000001fd9bc330f0, 1;
v000001fd9bc330f0_2 .array/port v000001fd9bc330f0, 2;
v000001fd9bc330f0_3 .array/port v000001fd9bc330f0, 3;
E_000001fd9bbd81d0/0 .event anyedge, v000001fd9bc330f0_0, v000001fd9bc330f0_1, v000001fd9bc330f0_2, v000001fd9bc330f0_3;
v000001fd9bc330f0_4 .array/port v000001fd9bc330f0, 4;
v000001fd9bc330f0_5 .array/port v000001fd9bc330f0, 5;
v000001fd9bc330f0_6 .array/port v000001fd9bc330f0, 6;
v000001fd9bc330f0_7 .array/port v000001fd9bc330f0, 7;
E_000001fd9bbd81d0/1 .event anyedge, v000001fd9bc330f0_4, v000001fd9bc330f0_5, v000001fd9bc330f0_6, v000001fd9bc330f0_7;
v000001fd9bc330f0_8 .array/port v000001fd9bc330f0, 8;
v000001fd9bc330f0_9 .array/port v000001fd9bc330f0, 9;
v000001fd9bc330f0_10 .array/port v000001fd9bc330f0, 10;
v000001fd9bc330f0_11 .array/port v000001fd9bc330f0, 11;
E_000001fd9bbd81d0/2 .event anyedge, v000001fd9bc330f0_8, v000001fd9bc330f0_9, v000001fd9bc330f0_10, v000001fd9bc330f0_11;
v000001fd9bc330f0_12 .array/port v000001fd9bc330f0, 12;
v000001fd9bc330f0_13 .array/port v000001fd9bc330f0, 13;
v000001fd9bc330f0_14 .array/port v000001fd9bc330f0, 14;
v000001fd9bc330f0_15 .array/port v000001fd9bc330f0, 15;
E_000001fd9bbd81d0/3 .event anyedge, v000001fd9bc330f0_12, v000001fd9bc330f0_13, v000001fd9bc330f0_14, v000001fd9bc330f0_15;
v000001fd9bc330f0_16 .array/port v000001fd9bc330f0, 16;
v000001fd9bc330f0_17 .array/port v000001fd9bc330f0, 17;
v000001fd9bc330f0_18 .array/port v000001fd9bc330f0, 18;
v000001fd9bc330f0_19 .array/port v000001fd9bc330f0, 19;
E_000001fd9bbd81d0/4 .event anyedge, v000001fd9bc330f0_16, v000001fd9bc330f0_17, v000001fd9bc330f0_18, v000001fd9bc330f0_19;
v000001fd9bc330f0_20 .array/port v000001fd9bc330f0, 20;
v000001fd9bc330f0_21 .array/port v000001fd9bc330f0, 21;
v000001fd9bc330f0_22 .array/port v000001fd9bc330f0, 22;
v000001fd9bc330f0_23 .array/port v000001fd9bc330f0, 23;
E_000001fd9bbd81d0/5 .event anyedge, v000001fd9bc330f0_20, v000001fd9bc330f0_21, v000001fd9bc330f0_22, v000001fd9bc330f0_23;
v000001fd9bc330f0_24 .array/port v000001fd9bc330f0, 24;
v000001fd9bc330f0_25 .array/port v000001fd9bc330f0, 25;
v000001fd9bc330f0_26 .array/port v000001fd9bc330f0, 26;
v000001fd9bc330f0_27 .array/port v000001fd9bc330f0, 27;
E_000001fd9bbd81d0/6 .event anyedge, v000001fd9bc330f0_24, v000001fd9bc330f0_25, v000001fd9bc330f0_26, v000001fd9bc330f0_27;
v000001fd9bc330f0_28 .array/port v000001fd9bc330f0, 28;
v000001fd9bc330f0_29 .array/port v000001fd9bc330f0, 29;
v000001fd9bc330f0_30 .array/port v000001fd9bc330f0, 30;
v000001fd9bc330f0_31 .array/port v000001fd9bc330f0, 31;
E_000001fd9bbd81d0/7 .event anyedge, v000001fd9bc330f0_28, v000001fd9bc330f0_29, v000001fd9bc330f0_30, v000001fd9bc330f0_31;
v000001fd9bc330f0_32 .array/port v000001fd9bc330f0, 32;
v000001fd9bc330f0_33 .array/port v000001fd9bc330f0, 33;
v000001fd9bc330f0_34 .array/port v000001fd9bc330f0, 34;
v000001fd9bc330f0_35 .array/port v000001fd9bc330f0, 35;
E_000001fd9bbd81d0/8 .event anyedge, v000001fd9bc330f0_32, v000001fd9bc330f0_33, v000001fd9bc330f0_34, v000001fd9bc330f0_35;
v000001fd9bc330f0_36 .array/port v000001fd9bc330f0, 36;
v000001fd9bc330f0_37 .array/port v000001fd9bc330f0, 37;
v000001fd9bc330f0_38 .array/port v000001fd9bc330f0, 38;
v000001fd9bc330f0_39 .array/port v000001fd9bc330f0, 39;
E_000001fd9bbd81d0/9 .event anyedge, v000001fd9bc330f0_36, v000001fd9bc330f0_37, v000001fd9bc330f0_38, v000001fd9bc330f0_39;
v000001fd9bc330f0_40 .array/port v000001fd9bc330f0, 40;
v000001fd9bc330f0_41 .array/port v000001fd9bc330f0, 41;
v000001fd9bc330f0_42 .array/port v000001fd9bc330f0, 42;
v000001fd9bc330f0_43 .array/port v000001fd9bc330f0, 43;
E_000001fd9bbd81d0/10 .event anyedge, v000001fd9bc330f0_40, v000001fd9bc330f0_41, v000001fd9bc330f0_42, v000001fd9bc330f0_43;
v000001fd9bc330f0_44 .array/port v000001fd9bc330f0, 44;
v000001fd9bc330f0_45 .array/port v000001fd9bc330f0, 45;
v000001fd9bc330f0_46 .array/port v000001fd9bc330f0, 46;
v000001fd9bc330f0_47 .array/port v000001fd9bc330f0, 47;
E_000001fd9bbd81d0/11 .event anyedge, v000001fd9bc330f0_44, v000001fd9bc330f0_45, v000001fd9bc330f0_46, v000001fd9bc330f0_47;
v000001fd9bc330f0_48 .array/port v000001fd9bc330f0, 48;
v000001fd9bc330f0_49 .array/port v000001fd9bc330f0, 49;
v000001fd9bc330f0_50 .array/port v000001fd9bc330f0, 50;
v000001fd9bc330f0_51 .array/port v000001fd9bc330f0, 51;
E_000001fd9bbd81d0/12 .event anyedge, v000001fd9bc330f0_48, v000001fd9bc330f0_49, v000001fd9bc330f0_50, v000001fd9bc330f0_51;
v000001fd9bc330f0_52 .array/port v000001fd9bc330f0, 52;
v000001fd9bc330f0_53 .array/port v000001fd9bc330f0, 53;
v000001fd9bc330f0_54 .array/port v000001fd9bc330f0, 54;
v000001fd9bc330f0_55 .array/port v000001fd9bc330f0, 55;
E_000001fd9bbd81d0/13 .event anyedge, v000001fd9bc330f0_52, v000001fd9bc330f0_53, v000001fd9bc330f0_54, v000001fd9bc330f0_55;
v000001fd9bc330f0_56 .array/port v000001fd9bc330f0, 56;
v000001fd9bc330f0_57 .array/port v000001fd9bc330f0, 57;
v000001fd9bc330f0_58 .array/port v000001fd9bc330f0, 58;
v000001fd9bc330f0_59 .array/port v000001fd9bc330f0, 59;
E_000001fd9bbd81d0/14 .event anyedge, v000001fd9bc330f0_56, v000001fd9bc330f0_57, v000001fd9bc330f0_58, v000001fd9bc330f0_59;
v000001fd9bc330f0_60 .array/port v000001fd9bc330f0, 60;
v000001fd9bc330f0_61 .array/port v000001fd9bc330f0, 61;
v000001fd9bc330f0_62 .array/port v000001fd9bc330f0, 62;
v000001fd9bc330f0_63 .array/port v000001fd9bc330f0, 63;
E_000001fd9bbd81d0/15 .event anyedge, v000001fd9bc330f0_60, v000001fd9bc330f0_61, v000001fd9bc330f0_62, v000001fd9bc330f0_63;
v000001fd9bc330f0_64 .array/port v000001fd9bc330f0, 64;
v000001fd9bc330f0_65 .array/port v000001fd9bc330f0, 65;
v000001fd9bc330f0_66 .array/port v000001fd9bc330f0, 66;
v000001fd9bc330f0_67 .array/port v000001fd9bc330f0, 67;
E_000001fd9bbd81d0/16 .event anyedge, v000001fd9bc330f0_64, v000001fd9bc330f0_65, v000001fd9bc330f0_66, v000001fd9bc330f0_67;
v000001fd9bc330f0_68 .array/port v000001fd9bc330f0, 68;
v000001fd9bc330f0_69 .array/port v000001fd9bc330f0, 69;
v000001fd9bc330f0_70 .array/port v000001fd9bc330f0, 70;
v000001fd9bc330f0_71 .array/port v000001fd9bc330f0, 71;
E_000001fd9bbd81d0/17 .event anyedge, v000001fd9bc330f0_68, v000001fd9bc330f0_69, v000001fd9bc330f0_70, v000001fd9bc330f0_71;
v000001fd9bc330f0_72 .array/port v000001fd9bc330f0, 72;
v000001fd9bc330f0_73 .array/port v000001fd9bc330f0, 73;
v000001fd9bc330f0_74 .array/port v000001fd9bc330f0, 74;
v000001fd9bc330f0_75 .array/port v000001fd9bc330f0, 75;
E_000001fd9bbd81d0/18 .event anyedge, v000001fd9bc330f0_72, v000001fd9bc330f0_73, v000001fd9bc330f0_74, v000001fd9bc330f0_75;
v000001fd9bc330f0_76 .array/port v000001fd9bc330f0, 76;
v000001fd9bc330f0_77 .array/port v000001fd9bc330f0, 77;
v000001fd9bc330f0_78 .array/port v000001fd9bc330f0, 78;
v000001fd9bc330f0_79 .array/port v000001fd9bc330f0, 79;
E_000001fd9bbd81d0/19 .event anyedge, v000001fd9bc330f0_76, v000001fd9bc330f0_77, v000001fd9bc330f0_78, v000001fd9bc330f0_79;
v000001fd9bc330f0_80 .array/port v000001fd9bc330f0, 80;
v000001fd9bc330f0_81 .array/port v000001fd9bc330f0, 81;
v000001fd9bc330f0_82 .array/port v000001fd9bc330f0, 82;
v000001fd9bc330f0_83 .array/port v000001fd9bc330f0, 83;
E_000001fd9bbd81d0/20 .event anyedge, v000001fd9bc330f0_80, v000001fd9bc330f0_81, v000001fd9bc330f0_82, v000001fd9bc330f0_83;
v000001fd9bc330f0_84 .array/port v000001fd9bc330f0, 84;
v000001fd9bc330f0_85 .array/port v000001fd9bc330f0, 85;
v000001fd9bc330f0_86 .array/port v000001fd9bc330f0, 86;
v000001fd9bc330f0_87 .array/port v000001fd9bc330f0, 87;
E_000001fd9bbd81d0/21 .event anyedge, v000001fd9bc330f0_84, v000001fd9bc330f0_85, v000001fd9bc330f0_86, v000001fd9bc330f0_87;
v000001fd9bc330f0_88 .array/port v000001fd9bc330f0, 88;
v000001fd9bc330f0_89 .array/port v000001fd9bc330f0, 89;
v000001fd9bc330f0_90 .array/port v000001fd9bc330f0, 90;
v000001fd9bc330f0_91 .array/port v000001fd9bc330f0, 91;
E_000001fd9bbd81d0/22 .event anyedge, v000001fd9bc330f0_88, v000001fd9bc330f0_89, v000001fd9bc330f0_90, v000001fd9bc330f0_91;
v000001fd9bc330f0_92 .array/port v000001fd9bc330f0, 92;
v000001fd9bc330f0_93 .array/port v000001fd9bc330f0, 93;
v000001fd9bc330f0_94 .array/port v000001fd9bc330f0, 94;
v000001fd9bc330f0_95 .array/port v000001fd9bc330f0, 95;
E_000001fd9bbd81d0/23 .event anyedge, v000001fd9bc330f0_92, v000001fd9bc330f0_93, v000001fd9bc330f0_94, v000001fd9bc330f0_95;
v000001fd9bc330f0_96 .array/port v000001fd9bc330f0, 96;
v000001fd9bc330f0_97 .array/port v000001fd9bc330f0, 97;
v000001fd9bc330f0_98 .array/port v000001fd9bc330f0, 98;
v000001fd9bc330f0_99 .array/port v000001fd9bc330f0, 99;
E_000001fd9bbd81d0/24 .event anyedge, v000001fd9bc330f0_96, v000001fd9bc330f0_97, v000001fd9bc330f0_98, v000001fd9bc330f0_99;
v000001fd9bc330f0_100 .array/port v000001fd9bc330f0, 100;
v000001fd9bc330f0_101 .array/port v000001fd9bc330f0, 101;
v000001fd9bc330f0_102 .array/port v000001fd9bc330f0, 102;
v000001fd9bc330f0_103 .array/port v000001fd9bc330f0, 103;
E_000001fd9bbd81d0/25 .event anyedge, v000001fd9bc330f0_100, v000001fd9bc330f0_101, v000001fd9bc330f0_102, v000001fd9bc330f0_103;
v000001fd9bc330f0_104 .array/port v000001fd9bc330f0, 104;
v000001fd9bc330f0_105 .array/port v000001fd9bc330f0, 105;
v000001fd9bc330f0_106 .array/port v000001fd9bc330f0, 106;
v000001fd9bc330f0_107 .array/port v000001fd9bc330f0, 107;
E_000001fd9bbd81d0/26 .event anyedge, v000001fd9bc330f0_104, v000001fd9bc330f0_105, v000001fd9bc330f0_106, v000001fd9bc330f0_107;
v000001fd9bc330f0_108 .array/port v000001fd9bc330f0, 108;
v000001fd9bc330f0_109 .array/port v000001fd9bc330f0, 109;
v000001fd9bc330f0_110 .array/port v000001fd9bc330f0, 110;
v000001fd9bc330f0_111 .array/port v000001fd9bc330f0, 111;
E_000001fd9bbd81d0/27 .event anyedge, v000001fd9bc330f0_108, v000001fd9bc330f0_109, v000001fd9bc330f0_110, v000001fd9bc330f0_111;
v000001fd9bc330f0_112 .array/port v000001fd9bc330f0, 112;
v000001fd9bc330f0_113 .array/port v000001fd9bc330f0, 113;
v000001fd9bc330f0_114 .array/port v000001fd9bc330f0, 114;
v000001fd9bc330f0_115 .array/port v000001fd9bc330f0, 115;
E_000001fd9bbd81d0/28 .event anyedge, v000001fd9bc330f0_112, v000001fd9bc330f0_113, v000001fd9bc330f0_114, v000001fd9bc330f0_115;
v000001fd9bc330f0_116 .array/port v000001fd9bc330f0, 116;
v000001fd9bc330f0_117 .array/port v000001fd9bc330f0, 117;
v000001fd9bc330f0_118 .array/port v000001fd9bc330f0, 118;
v000001fd9bc330f0_119 .array/port v000001fd9bc330f0, 119;
E_000001fd9bbd81d0/29 .event anyedge, v000001fd9bc330f0_116, v000001fd9bc330f0_117, v000001fd9bc330f0_118, v000001fd9bc330f0_119;
v000001fd9bc330f0_120 .array/port v000001fd9bc330f0, 120;
v000001fd9bc330f0_121 .array/port v000001fd9bc330f0, 121;
v000001fd9bc330f0_122 .array/port v000001fd9bc330f0, 122;
v000001fd9bc330f0_123 .array/port v000001fd9bc330f0, 123;
E_000001fd9bbd81d0/30 .event anyedge, v000001fd9bc330f0_120, v000001fd9bc330f0_121, v000001fd9bc330f0_122, v000001fd9bc330f0_123;
v000001fd9bc330f0_124 .array/port v000001fd9bc330f0, 124;
v000001fd9bc330f0_125 .array/port v000001fd9bc330f0, 125;
v000001fd9bc330f0_126 .array/port v000001fd9bc330f0, 126;
v000001fd9bc330f0_127 .array/port v000001fd9bc330f0, 127;
E_000001fd9bbd81d0/31 .event anyedge, v000001fd9bc330f0_124, v000001fd9bc330f0_125, v000001fd9bc330f0_126, v000001fd9bc330f0_127;
v000001fd9bc330f0_128 .array/port v000001fd9bc330f0, 128;
v000001fd9bc330f0_129 .array/port v000001fd9bc330f0, 129;
v000001fd9bc330f0_130 .array/port v000001fd9bc330f0, 130;
v000001fd9bc330f0_131 .array/port v000001fd9bc330f0, 131;
E_000001fd9bbd81d0/32 .event anyedge, v000001fd9bc330f0_128, v000001fd9bc330f0_129, v000001fd9bc330f0_130, v000001fd9bc330f0_131;
v000001fd9bc330f0_132 .array/port v000001fd9bc330f0, 132;
v000001fd9bc330f0_133 .array/port v000001fd9bc330f0, 133;
v000001fd9bc330f0_134 .array/port v000001fd9bc330f0, 134;
v000001fd9bc330f0_135 .array/port v000001fd9bc330f0, 135;
E_000001fd9bbd81d0/33 .event anyedge, v000001fd9bc330f0_132, v000001fd9bc330f0_133, v000001fd9bc330f0_134, v000001fd9bc330f0_135;
v000001fd9bc330f0_136 .array/port v000001fd9bc330f0, 136;
v000001fd9bc330f0_137 .array/port v000001fd9bc330f0, 137;
v000001fd9bc330f0_138 .array/port v000001fd9bc330f0, 138;
v000001fd9bc330f0_139 .array/port v000001fd9bc330f0, 139;
E_000001fd9bbd81d0/34 .event anyedge, v000001fd9bc330f0_136, v000001fd9bc330f0_137, v000001fd9bc330f0_138, v000001fd9bc330f0_139;
v000001fd9bc330f0_140 .array/port v000001fd9bc330f0, 140;
v000001fd9bc330f0_141 .array/port v000001fd9bc330f0, 141;
v000001fd9bc330f0_142 .array/port v000001fd9bc330f0, 142;
v000001fd9bc330f0_143 .array/port v000001fd9bc330f0, 143;
E_000001fd9bbd81d0/35 .event anyedge, v000001fd9bc330f0_140, v000001fd9bc330f0_141, v000001fd9bc330f0_142, v000001fd9bc330f0_143;
v000001fd9bc330f0_144 .array/port v000001fd9bc330f0, 144;
v000001fd9bc330f0_145 .array/port v000001fd9bc330f0, 145;
v000001fd9bc330f0_146 .array/port v000001fd9bc330f0, 146;
v000001fd9bc330f0_147 .array/port v000001fd9bc330f0, 147;
E_000001fd9bbd81d0/36 .event anyedge, v000001fd9bc330f0_144, v000001fd9bc330f0_145, v000001fd9bc330f0_146, v000001fd9bc330f0_147;
v000001fd9bc330f0_148 .array/port v000001fd9bc330f0, 148;
v000001fd9bc330f0_149 .array/port v000001fd9bc330f0, 149;
v000001fd9bc330f0_150 .array/port v000001fd9bc330f0, 150;
v000001fd9bc330f0_151 .array/port v000001fd9bc330f0, 151;
E_000001fd9bbd81d0/37 .event anyedge, v000001fd9bc330f0_148, v000001fd9bc330f0_149, v000001fd9bc330f0_150, v000001fd9bc330f0_151;
v000001fd9bc330f0_152 .array/port v000001fd9bc330f0, 152;
v000001fd9bc330f0_153 .array/port v000001fd9bc330f0, 153;
v000001fd9bc330f0_154 .array/port v000001fd9bc330f0, 154;
v000001fd9bc330f0_155 .array/port v000001fd9bc330f0, 155;
E_000001fd9bbd81d0/38 .event anyedge, v000001fd9bc330f0_152, v000001fd9bc330f0_153, v000001fd9bc330f0_154, v000001fd9bc330f0_155;
v000001fd9bc330f0_156 .array/port v000001fd9bc330f0, 156;
v000001fd9bc330f0_157 .array/port v000001fd9bc330f0, 157;
v000001fd9bc330f0_158 .array/port v000001fd9bc330f0, 158;
v000001fd9bc330f0_159 .array/port v000001fd9bc330f0, 159;
E_000001fd9bbd81d0/39 .event anyedge, v000001fd9bc330f0_156, v000001fd9bc330f0_157, v000001fd9bc330f0_158, v000001fd9bc330f0_159;
v000001fd9bc330f0_160 .array/port v000001fd9bc330f0, 160;
v000001fd9bc330f0_161 .array/port v000001fd9bc330f0, 161;
v000001fd9bc330f0_162 .array/port v000001fd9bc330f0, 162;
v000001fd9bc330f0_163 .array/port v000001fd9bc330f0, 163;
E_000001fd9bbd81d0/40 .event anyedge, v000001fd9bc330f0_160, v000001fd9bc330f0_161, v000001fd9bc330f0_162, v000001fd9bc330f0_163;
v000001fd9bc330f0_164 .array/port v000001fd9bc330f0, 164;
v000001fd9bc330f0_165 .array/port v000001fd9bc330f0, 165;
v000001fd9bc330f0_166 .array/port v000001fd9bc330f0, 166;
v000001fd9bc330f0_167 .array/port v000001fd9bc330f0, 167;
E_000001fd9bbd81d0/41 .event anyedge, v000001fd9bc330f0_164, v000001fd9bc330f0_165, v000001fd9bc330f0_166, v000001fd9bc330f0_167;
v000001fd9bc330f0_168 .array/port v000001fd9bc330f0, 168;
v000001fd9bc330f0_169 .array/port v000001fd9bc330f0, 169;
v000001fd9bc330f0_170 .array/port v000001fd9bc330f0, 170;
v000001fd9bc330f0_171 .array/port v000001fd9bc330f0, 171;
E_000001fd9bbd81d0/42 .event anyedge, v000001fd9bc330f0_168, v000001fd9bc330f0_169, v000001fd9bc330f0_170, v000001fd9bc330f0_171;
v000001fd9bc330f0_172 .array/port v000001fd9bc330f0, 172;
v000001fd9bc330f0_173 .array/port v000001fd9bc330f0, 173;
v000001fd9bc330f0_174 .array/port v000001fd9bc330f0, 174;
v000001fd9bc330f0_175 .array/port v000001fd9bc330f0, 175;
E_000001fd9bbd81d0/43 .event anyedge, v000001fd9bc330f0_172, v000001fd9bc330f0_173, v000001fd9bc330f0_174, v000001fd9bc330f0_175;
v000001fd9bc330f0_176 .array/port v000001fd9bc330f0, 176;
v000001fd9bc330f0_177 .array/port v000001fd9bc330f0, 177;
v000001fd9bc330f0_178 .array/port v000001fd9bc330f0, 178;
v000001fd9bc330f0_179 .array/port v000001fd9bc330f0, 179;
E_000001fd9bbd81d0/44 .event anyedge, v000001fd9bc330f0_176, v000001fd9bc330f0_177, v000001fd9bc330f0_178, v000001fd9bc330f0_179;
v000001fd9bc330f0_180 .array/port v000001fd9bc330f0, 180;
v000001fd9bc330f0_181 .array/port v000001fd9bc330f0, 181;
v000001fd9bc330f0_182 .array/port v000001fd9bc330f0, 182;
v000001fd9bc330f0_183 .array/port v000001fd9bc330f0, 183;
E_000001fd9bbd81d0/45 .event anyedge, v000001fd9bc330f0_180, v000001fd9bc330f0_181, v000001fd9bc330f0_182, v000001fd9bc330f0_183;
v000001fd9bc330f0_184 .array/port v000001fd9bc330f0, 184;
v000001fd9bc330f0_185 .array/port v000001fd9bc330f0, 185;
v000001fd9bc330f0_186 .array/port v000001fd9bc330f0, 186;
v000001fd9bc330f0_187 .array/port v000001fd9bc330f0, 187;
E_000001fd9bbd81d0/46 .event anyedge, v000001fd9bc330f0_184, v000001fd9bc330f0_185, v000001fd9bc330f0_186, v000001fd9bc330f0_187;
v000001fd9bc330f0_188 .array/port v000001fd9bc330f0, 188;
v000001fd9bc330f0_189 .array/port v000001fd9bc330f0, 189;
v000001fd9bc330f0_190 .array/port v000001fd9bc330f0, 190;
v000001fd9bc330f0_191 .array/port v000001fd9bc330f0, 191;
E_000001fd9bbd81d0/47 .event anyedge, v000001fd9bc330f0_188, v000001fd9bc330f0_189, v000001fd9bc330f0_190, v000001fd9bc330f0_191;
v000001fd9bc330f0_192 .array/port v000001fd9bc330f0, 192;
v000001fd9bc330f0_193 .array/port v000001fd9bc330f0, 193;
v000001fd9bc330f0_194 .array/port v000001fd9bc330f0, 194;
v000001fd9bc330f0_195 .array/port v000001fd9bc330f0, 195;
E_000001fd9bbd81d0/48 .event anyedge, v000001fd9bc330f0_192, v000001fd9bc330f0_193, v000001fd9bc330f0_194, v000001fd9bc330f0_195;
v000001fd9bc330f0_196 .array/port v000001fd9bc330f0, 196;
v000001fd9bc330f0_197 .array/port v000001fd9bc330f0, 197;
v000001fd9bc330f0_198 .array/port v000001fd9bc330f0, 198;
v000001fd9bc330f0_199 .array/port v000001fd9bc330f0, 199;
E_000001fd9bbd81d0/49 .event anyedge, v000001fd9bc330f0_196, v000001fd9bc330f0_197, v000001fd9bc330f0_198, v000001fd9bc330f0_199;
v000001fd9bc330f0_200 .array/port v000001fd9bc330f0, 200;
v000001fd9bc330f0_201 .array/port v000001fd9bc330f0, 201;
v000001fd9bc330f0_202 .array/port v000001fd9bc330f0, 202;
v000001fd9bc330f0_203 .array/port v000001fd9bc330f0, 203;
E_000001fd9bbd81d0/50 .event anyedge, v000001fd9bc330f0_200, v000001fd9bc330f0_201, v000001fd9bc330f0_202, v000001fd9bc330f0_203;
v000001fd9bc330f0_204 .array/port v000001fd9bc330f0, 204;
v000001fd9bc330f0_205 .array/port v000001fd9bc330f0, 205;
v000001fd9bc330f0_206 .array/port v000001fd9bc330f0, 206;
v000001fd9bc330f0_207 .array/port v000001fd9bc330f0, 207;
E_000001fd9bbd81d0/51 .event anyedge, v000001fd9bc330f0_204, v000001fd9bc330f0_205, v000001fd9bc330f0_206, v000001fd9bc330f0_207;
v000001fd9bc330f0_208 .array/port v000001fd9bc330f0, 208;
v000001fd9bc330f0_209 .array/port v000001fd9bc330f0, 209;
v000001fd9bc330f0_210 .array/port v000001fd9bc330f0, 210;
v000001fd9bc330f0_211 .array/port v000001fd9bc330f0, 211;
E_000001fd9bbd81d0/52 .event anyedge, v000001fd9bc330f0_208, v000001fd9bc330f0_209, v000001fd9bc330f0_210, v000001fd9bc330f0_211;
v000001fd9bc330f0_212 .array/port v000001fd9bc330f0, 212;
v000001fd9bc330f0_213 .array/port v000001fd9bc330f0, 213;
v000001fd9bc330f0_214 .array/port v000001fd9bc330f0, 214;
v000001fd9bc330f0_215 .array/port v000001fd9bc330f0, 215;
E_000001fd9bbd81d0/53 .event anyedge, v000001fd9bc330f0_212, v000001fd9bc330f0_213, v000001fd9bc330f0_214, v000001fd9bc330f0_215;
v000001fd9bc330f0_216 .array/port v000001fd9bc330f0, 216;
v000001fd9bc330f0_217 .array/port v000001fd9bc330f0, 217;
v000001fd9bc330f0_218 .array/port v000001fd9bc330f0, 218;
v000001fd9bc330f0_219 .array/port v000001fd9bc330f0, 219;
E_000001fd9bbd81d0/54 .event anyedge, v000001fd9bc330f0_216, v000001fd9bc330f0_217, v000001fd9bc330f0_218, v000001fd9bc330f0_219;
v000001fd9bc330f0_220 .array/port v000001fd9bc330f0, 220;
v000001fd9bc330f0_221 .array/port v000001fd9bc330f0, 221;
v000001fd9bc330f0_222 .array/port v000001fd9bc330f0, 222;
v000001fd9bc330f0_223 .array/port v000001fd9bc330f0, 223;
E_000001fd9bbd81d0/55 .event anyedge, v000001fd9bc330f0_220, v000001fd9bc330f0_221, v000001fd9bc330f0_222, v000001fd9bc330f0_223;
v000001fd9bc330f0_224 .array/port v000001fd9bc330f0, 224;
v000001fd9bc330f0_225 .array/port v000001fd9bc330f0, 225;
v000001fd9bc330f0_226 .array/port v000001fd9bc330f0, 226;
v000001fd9bc330f0_227 .array/port v000001fd9bc330f0, 227;
E_000001fd9bbd81d0/56 .event anyedge, v000001fd9bc330f0_224, v000001fd9bc330f0_225, v000001fd9bc330f0_226, v000001fd9bc330f0_227;
v000001fd9bc330f0_228 .array/port v000001fd9bc330f0, 228;
v000001fd9bc330f0_229 .array/port v000001fd9bc330f0, 229;
v000001fd9bc330f0_230 .array/port v000001fd9bc330f0, 230;
v000001fd9bc330f0_231 .array/port v000001fd9bc330f0, 231;
E_000001fd9bbd81d0/57 .event anyedge, v000001fd9bc330f0_228, v000001fd9bc330f0_229, v000001fd9bc330f0_230, v000001fd9bc330f0_231;
v000001fd9bc330f0_232 .array/port v000001fd9bc330f0, 232;
v000001fd9bc330f0_233 .array/port v000001fd9bc330f0, 233;
v000001fd9bc330f0_234 .array/port v000001fd9bc330f0, 234;
v000001fd9bc330f0_235 .array/port v000001fd9bc330f0, 235;
E_000001fd9bbd81d0/58 .event anyedge, v000001fd9bc330f0_232, v000001fd9bc330f0_233, v000001fd9bc330f0_234, v000001fd9bc330f0_235;
v000001fd9bc330f0_236 .array/port v000001fd9bc330f0, 236;
v000001fd9bc330f0_237 .array/port v000001fd9bc330f0, 237;
v000001fd9bc330f0_238 .array/port v000001fd9bc330f0, 238;
v000001fd9bc330f0_239 .array/port v000001fd9bc330f0, 239;
E_000001fd9bbd81d0/59 .event anyedge, v000001fd9bc330f0_236, v000001fd9bc330f0_237, v000001fd9bc330f0_238, v000001fd9bc330f0_239;
v000001fd9bc330f0_240 .array/port v000001fd9bc330f0, 240;
v000001fd9bc330f0_241 .array/port v000001fd9bc330f0, 241;
v000001fd9bc330f0_242 .array/port v000001fd9bc330f0, 242;
v000001fd9bc330f0_243 .array/port v000001fd9bc330f0, 243;
E_000001fd9bbd81d0/60 .event anyedge, v000001fd9bc330f0_240, v000001fd9bc330f0_241, v000001fd9bc330f0_242, v000001fd9bc330f0_243;
v000001fd9bc330f0_244 .array/port v000001fd9bc330f0, 244;
v000001fd9bc330f0_245 .array/port v000001fd9bc330f0, 245;
v000001fd9bc330f0_246 .array/port v000001fd9bc330f0, 246;
v000001fd9bc330f0_247 .array/port v000001fd9bc330f0, 247;
E_000001fd9bbd81d0/61 .event anyedge, v000001fd9bc330f0_244, v000001fd9bc330f0_245, v000001fd9bc330f0_246, v000001fd9bc330f0_247;
v000001fd9bc330f0_248 .array/port v000001fd9bc330f0, 248;
v000001fd9bc330f0_249 .array/port v000001fd9bc330f0, 249;
v000001fd9bc330f0_250 .array/port v000001fd9bc330f0, 250;
v000001fd9bc330f0_251 .array/port v000001fd9bc330f0, 251;
E_000001fd9bbd81d0/62 .event anyedge, v000001fd9bc330f0_248, v000001fd9bc330f0_249, v000001fd9bc330f0_250, v000001fd9bc330f0_251;
v000001fd9bc330f0_252 .array/port v000001fd9bc330f0, 252;
v000001fd9bc330f0_253 .array/port v000001fd9bc330f0, 253;
v000001fd9bc330f0_254 .array/port v000001fd9bc330f0, 254;
v000001fd9bc330f0_255 .array/port v000001fd9bc330f0, 255;
E_000001fd9bbd81d0/63 .event anyedge, v000001fd9bc330f0_252, v000001fd9bc330f0_253, v000001fd9bc330f0_254, v000001fd9bc330f0_255;
E_000001fd9bbd81d0 .event/or E_000001fd9bbd81d0/0, E_000001fd9bbd81d0/1, E_000001fd9bbd81d0/2, E_000001fd9bbd81d0/3, E_000001fd9bbd81d0/4, E_000001fd9bbd81d0/5, E_000001fd9bbd81d0/6, E_000001fd9bbd81d0/7, E_000001fd9bbd81d0/8, E_000001fd9bbd81d0/9, E_000001fd9bbd81d0/10, E_000001fd9bbd81d0/11, E_000001fd9bbd81d0/12, E_000001fd9bbd81d0/13, E_000001fd9bbd81d0/14, E_000001fd9bbd81d0/15, E_000001fd9bbd81d0/16, E_000001fd9bbd81d0/17, E_000001fd9bbd81d0/18, E_000001fd9bbd81d0/19, E_000001fd9bbd81d0/20, E_000001fd9bbd81d0/21, E_000001fd9bbd81d0/22, E_000001fd9bbd81d0/23, E_000001fd9bbd81d0/24, E_000001fd9bbd81d0/25, E_000001fd9bbd81d0/26, E_000001fd9bbd81d0/27, E_000001fd9bbd81d0/28, E_000001fd9bbd81d0/29, E_000001fd9bbd81d0/30, E_000001fd9bbd81d0/31, E_000001fd9bbd81d0/32, E_000001fd9bbd81d0/33, E_000001fd9bbd81d0/34, E_000001fd9bbd81d0/35, E_000001fd9bbd81d0/36, E_000001fd9bbd81d0/37, E_000001fd9bbd81d0/38, E_000001fd9bbd81d0/39, E_000001fd9bbd81d0/40, E_000001fd9bbd81d0/41, E_000001fd9bbd81d0/42, E_000001fd9bbd81d0/43, E_000001fd9bbd81d0/44, E_000001fd9bbd81d0/45, E_000001fd9bbd81d0/46, E_000001fd9bbd81d0/47, E_000001fd9bbd81d0/48, E_000001fd9bbd81d0/49, E_000001fd9bbd81d0/50, E_000001fd9bbd81d0/51, E_000001fd9bbd81d0/52, E_000001fd9bbd81d0/53, E_000001fd9bbd81d0/54, E_000001fd9bbd81d0/55, E_000001fd9bbd81d0/56, E_000001fd9bbd81d0/57, E_000001fd9bbd81d0/58, E_000001fd9bbd81d0/59, E_000001fd9bbd81d0/60, E_000001fd9bbd81d0/61, E_000001fd9bbd81d0/62, E_000001fd9bbd81d0/63;
S_000001fd9bbcffe0 .scope function.real, "q8_8_to_real" "q8_8_to_real" 3 55, 3 55 0, S_000001fd9bbde950;
 .timescale -9 -12;
; Variable q8_8_to_real is REAL return value of scope S_000001fd9bbcffe0
v000001fd9bbdada0_0 .var/s "val", 15 0;
TD_layer3_generator_tb.q8_8_to_real ;
    %load/vec4 v000001fd9bbdada0_0;
    %cvt/rv/s;
    %pushi/real 1073741824, 4074; load=256.000
    %div/wr;
    %ret/real 0; Assign to q8_8_to_real
    %end;
S_000001fd9bbd04c0 .scope module, "uut" "layer3_generator" 3 37, 4 1 0, S_000001fd9bbde950;
 .timescale -9 -12;
    .port_info 0 /INPUT 1 "clk";
    .port_info 1 /INPUT 1 "rst";
    .port_info 2 /INPUT 1 "start";
    .port_info 3 /INPUT 4096 "flat_input_flat";
    .port_info 4 /OUTPUT 2048 "flat_output_flat";
    .port_info 5 /OUTPUT 1 "done";
v000001fd9bbdb480_0 .net *"_ivl_0", 31 0, L_000001fd9bc33b90;  1 drivers
v000001fd9bbda9e0_0 .net *"_ivl_11", 31 0, L_000001fd9bc34770;  1 drivers
L_000001fd9bc70160 .functor BUFT 1, C4<00000000000000000000000000000001>, C4<0>, C4<0>, C4<0>;
v000001fd9bbdabc0_0 .net/2u *"_ivl_12", 31 0, L_000001fd9bc70160;  1 drivers
v000001fd9bbdad00_0 .net *"_ivl_14", 31 0, L_000001fd9bc34810;  1 drivers
v000001fd9bbdb520_0 .net *"_ivl_16", 33 0, L_000001fd9bc33cd0;  1 drivers
L_000001fd9bc701a8 .functor BUFT 1, C4<00>, C4<0>, C4<0>, C4<0>;
v000001fd9bbdb020_0 .net *"_ivl_19", 1 0, L_000001fd9bc701a8;  1 drivers
L_000001fd9bc701f0 .functor BUFT 1, C4<0000000000000000000000000000001111>, C4<0>, C4<0>, C4<0>;
v000001fd9bbdae40_0 .net/2s *"_ivl_20", 33 0, L_000001fd9bc701f0;  1 drivers
v000001fd9bbdaa80_0 .net/s *"_ivl_22", 33 0, L_000001fd9bc33d70;  1 drivers
v000001fd9bbdb7a0_0 .net/s *"_ivl_26", 31 0, L_000001fd9bc348b0;  1 drivers
v000001fd9bbdab20_0 .net *"_ivl_28", 15 0, L_000001fd9bc33e10;  1 drivers
L_000001fd9bc70088 .functor BUFT 1, C4<00000000000000000000000>, C4<0>, C4<0>, C4<0>;
v000001fd9bbdaee0_0 .net *"_ivl_3", 22 0, L_000001fd9bc70088;  1 drivers
v000001fd9bbdb5c0_0 .net *"_ivl_30", 31 0, L_000001fd9bc33f50;  1 drivers
L_000001fd9bc70238 .functor BUFT 1, C4<000000000000000000000000>, C4<0>, C4<0>, C4<0>;
v000001fd9bbdaf80_0 .net *"_ivl_33", 23 0, L_000001fd9bc70238;  1 drivers
L_000001fd9bc70280 .functor BUFT 1, C4<00000000000000000000000100000000>, C4<0>, C4<0>, C4<0>;
v000001fd9bbdb0c0_0 .net/2u *"_ivl_34", 31 0, L_000001fd9bc70280;  1 drivers
v000001fd9bbdb660_0 .net *"_ivl_37", 31 0, L_000001fd9bc33ff0;  1 drivers
v000001fd9bbdb200_0 .net *"_ivl_38", 31 0, L_000001fd9bc34090;  1 drivers
L_000001fd9bc700d0 .functor BUFT 1, C4<00000000000000000000000000000001>, C4<0>, C4<0>, C4<0>;
v000001fd9bbdb2a0_0 .net/2u *"_ivl_4", 31 0, L_000001fd9bc700d0;  1 drivers
L_000001fd9bc702c8 .functor BUFT 1, C4<00000000000000000000000>, C4<0>, C4<0>, C4<0>;
v000001fd9bbdb340_0 .net *"_ivl_41", 22 0, L_000001fd9bc702c8;  1 drivers
v000001fd9bbdb3e0_0 .net *"_ivl_42", 31 0, L_000001fd9bc341d0;  1 drivers
v000001fd9bbda8a0_0 .net/s *"_ivl_44", 31 0, L_000001fd9bc32f10;  1 drivers
v000001fd9bc34630_0 .net *"_ivl_6", 31 0, L_000001fd9bc33c30;  1 drivers
L_000001fd9bc70118 .functor BUFT 1, C4<00000000000000000000000000010000>, C4<0>, C4<0>, C4<0>;
v000001fd9bc33550_0 .net/2u *"_ivl_8", 31 0, L_000001fd9bc70118;  1 drivers
v000001fd9bc34950_0 .var/s "accumulator", 31 0;
v000001fd9bc34270_0 .var/s "bias_shifted", 31 0;
v000001fd9bc337d0_0 .var "busy", 0 0;
v000001fd9bc34130_0 .net "clk", 0 0, v000001fd9bc33410_0;  1 drivers
v000001fd9bc32dd0_0 .net/s "current_input", 15 0, L_000001fd9bc32fb0;  1 drivers
v000001fd9bc334b0_0 .net/s "current_product", 31 0, L_000001fd9bc34310;  1 drivers
v000001fd9bc33230_0 .var "done", 0 0;
v000001fd9bc33370_0 .net/s "flat_input_flat", 4095 0, v000001fd9bc335f0_0;  1 drivers
v000001fd9bc33190_0 .var/s "flat_output_flat", 2047 0;
v000001fd9bc339b0_0 .var "input_idx", 8 0;
v000001fd9bc33050 .array/s "layer3_gen_bias", 127 0, 15 0;
v000001fd9bc33730 .array/s "layer3_gen_weights", 32767 0, 15 0;
v000001fd9bc33870_0 .var "neuron_idx", 7 0;
v000001fd9bc33eb0_0 .net/s "next_acc", 31 0, L_000001fd9bc34450;  1 drivers
v000001fd9bc332d0_0 .net "rst", 0 0, v000001fd9bc346d0_0;  1 drivers
v000001fd9bc343b0_0 .net "start", 0 0, v000001fd9bc33af0_0;  1 drivers
E_000001fd9bbd78d0 .event posedge, v000001fd9bc332d0_0, v000001fd9bc34130_0;
L_000001fd9bc33b90 .concat [ 9 23 0 0], v000001fd9bc339b0_0, L_000001fd9bc70088;
L_000001fd9bc33c30 .arith/sum 32, L_000001fd9bc33b90, L_000001fd9bc700d0;
L_000001fd9bc34770 .arith/mult 32, L_000001fd9bc33c30, L_000001fd9bc70118;
L_000001fd9bc34810 .arith/sub 32, L_000001fd9bc34770, L_000001fd9bc70160;
L_000001fd9bc33cd0 .concat [ 32 2 0 0], L_000001fd9bc34810, L_000001fd9bc701a8;
L_000001fd9bc33d70 .arith/sub 34, L_000001fd9bc33cd0, L_000001fd9bc701f0;
L_000001fd9bc32fb0 .part/v.s v000001fd9bc335f0_0, L_000001fd9bc33d70, 16;
L_000001fd9bc348b0 .extend/s 32, L_000001fd9bc32fb0;
L_000001fd9bc33e10 .array/port v000001fd9bc33730, L_000001fd9bc341d0;
L_000001fd9bc33f50 .concat [ 8 24 0 0], v000001fd9bc33870_0, L_000001fd9bc70238;
L_000001fd9bc33ff0 .arith/mult 32, L_000001fd9bc33f50, L_000001fd9bc70280;
L_000001fd9bc34090 .concat [ 9 23 0 0], v000001fd9bc339b0_0, L_000001fd9bc702c8;
L_000001fd9bc341d0 .arith/sum 32, L_000001fd9bc33ff0, L_000001fd9bc34090;
L_000001fd9bc32f10 .extend/s 32, L_000001fd9bc33e10;
L_000001fd9bc34310 .arith/mult 32, L_000001fd9bc348b0, L_000001fd9bc32f10;
L_000001fd9bc34450 .arith/sum 32, v000001fd9bc34950_0, L_000001fd9bc34310;
    .scope S_000001fd9bbd04c0;
T_1 ;
    %vpi_call/w 4 21 "$readmemh", "src/layers/hex_data/Generator_Layer3_Weights_All.hex", v000001fd9bc33730 {0 0 0};
    %vpi_call/w 4 22 "$readmemh", "src/layers/hex_data/Generator_Layer3_Biases_All.hex", v000001fd9bc33050 {0 0 0};
    %end;
    .thread T_1;
    .scope S_000001fd9bbd04c0;
T_2 ;
    %wait E_000001fd9bbd78d0;
    %load/vec4 v000001fd9bc332d0_0;
    %flag_set/vec4 8;
    %jmp/0xz  T_2.0, 8;
    %pushi/vec4 0, 0, 8;
    %assign/vec4 v000001fd9bc33870_0, 0;
    %pushi/vec4 0, 0, 9;
    %assign/vec4 v000001fd9bc339b0_0, 0;
    %pushi/vec4 0, 0, 32;
    %assign/vec4 v000001fd9bc34950_0, 0;
    %pushi/vec4 0, 0, 32;
    %assign/vec4 v000001fd9bc34270_0, 0;
    %pushi/vec4 0, 0, 1;
    %assign/vec4 v000001fd9bc337d0_0, 0;
    %pushi/vec4 0, 0, 1;
    %assign/vec4 v000001fd9bc33230_0, 0;
    %jmp T_2.1;
T_2.0 ;
    %load/vec4 v000001fd9bc343b0_0;
    %flag_set/vec4 9;
    %flag_get/vec4 9;
    %jmp/0 T_2.4, 9;
    %load/vec4 v000001fd9bc337d0_0;
    %nor/r;
    %and;
T_2.4;
    %flag_set/vec4 8;
    %jmp/0xz  T_2.2, 8;
    %pushi/vec4 0, 0, 8;
    %assign/vec4 v000001fd9bc33870_0, 0;
    %pushi/vec4 0, 0, 9;
    %assign/vec4 v000001fd9bc339b0_0, 0;
    %ix/load 4, 0, 0;
    %flag_set/imm 4, 0;
    %load/vec4a v000001fd9bc33050, 4;
    %pad/s 32;
    %ix/load 4, 8, 0;
    %flag_set/imm 4, 0;
    %shiftl 4;
    %assign/vec4 v000001fd9bc34270_0, 0;
    %ix/load 4, 0, 0;
    %flag_set/imm 4, 0;
    %load/vec4a v000001fd9bc33050, 4;
    %pad/s 32;
    %ix/load 4, 8, 0;
    %flag_set/imm 4, 0;
    %shiftl 4;
    %assign/vec4 v000001fd9bc34950_0, 0;
    %pushi/vec4 1, 0, 1;
    %assign/vec4 v000001fd9bc337d0_0, 0;
    %pushi/vec4 0, 0, 1;
    %assign/vec4 v000001fd9bc33230_0, 0;
    %jmp T_2.3;
T_2.2 ;
    %load/vec4 v000001fd9bc337d0_0;
    %flag_set/vec4 8;
    %jmp/0xz  T_2.5, 8;
    %load/vec4 v000001fd9bc33eb0_0;
    %assign/vec4 v000001fd9bc34950_0, 0;
    %load/vec4 v000001fd9bc339b0_0;
    %cmpi/e 255, 0, 9;
    %jmp/0xz  T_2.7, 4;
    %load/vec4 v000001fd9bc33eb0_0;
    %parti/s 16, 8, 5;
    %ix/load 5, 0, 0;
    %load/vec4 v000001fd9bc33870_0;
    %pad/u 32;
    %addi 1, 0, 32;
    %muli 16, 0, 32;
    %subi 1, 0, 32;
    %pad/u 34;
    %subi 15, 0, 34;
    %ix/vec4/s 4;
    %assign/vec4/off/d v000001fd9bc33190_0, 4, 5;
    %load/vec4 v000001fd9bc33870_0;
    %cmpi/e 127, 0, 8;
    %jmp/0xz  T_2.9, 4;
    %pushi/vec4 0, 0, 1;
    %assign/vec4 v000001fd9bc337d0_0, 0;
    %pushi/vec4 1, 0, 1;
    %assign/vec4 v000001fd9bc33230_0, 0;
    %jmp T_2.10;
T_2.9 ;
    %load/vec4 v000001fd9bc33870_0;
    %addi 1, 0, 8;
    %assign/vec4 v000001fd9bc33870_0, 0;
    %load/vec4 v000001fd9bc33870_0;
    %pad/u 32;
    %addi 1, 0, 32;
    %ix/vec4 4;
    %load/vec4a v000001fd9bc33050, 4;
    %pad/s 32;
    %ix/load 4, 8, 0;
    %flag_set/imm 4, 0;
    %shiftl 4;
    %assign/vec4 v000001fd9bc34270_0, 0;
    %load/vec4 v000001fd9bc33870_0;
    %pad/u 32;
    %addi 1, 0, 32;
    %ix/vec4 4;
    %load/vec4a v000001fd9bc33050, 4;
    %pad/s 32;
    %ix/load 4, 8, 0;
    %flag_set/imm 4, 0;
    %shiftl 4;
    %assign/vec4 v000001fd9bc34950_0, 0;
    %pushi/vec4 0, 0, 9;
    %assign/vec4 v000001fd9bc339b0_0, 0;
T_2.10 ;
    %jmp T_2.8;
T_2.7 ;
    %load/vec4 v000001fd9bc339b0_0;
    %addi 1, 0, 9;
    %assign/vec4 v000001fd9bc339b0_0, 0;
T_2.8 ;
    %jmp T_2.6;
T_2.5 ;
    %load/vec4 v000001fd9bc33230_0;
    %flag_set/vec4 8;
    %jmp/0xz  T_2.11, 8;
    %pushi/vec4 0, 0, 1;
    %assign/vec4 v000001fd9bc33230_0, 0;
T_2.11 ;
T_2.6 ;
T_2.3 ;
T_2.1 ;
    %jmp T_2;
    .thread T_2;
    .scope S_000001fd9bbde950;
T_3 ;
    %wait E_000001fd9bbd81d0;
    %pushi/vec4 0, 0, 32;
    %store/vec4 v000001fd9bc33a50_0, 0, 32;
T_3.0 ;
    %load/vec4 v000001fd9bc33a50_0;
    %cmpi/s 256, 0, 32;
    %jmp/0xz T_3.1, 5;
    %ix/getv/s 4, v000001fd9bc33a50_0;
    %load/vec4a v000001fd9bc330f0, 4;
    %load/vec4 v000001fd9bc33a50_0;
    %addi 1, 0, 32;
    %muli 16, 0, 32;
    %subi 1, 0, 32;
    %pad/s 34;
    %subi 15, 0, 34;
    %ix/vec4/s 4;
    %store/vec4 v000001fd9bc335f0_0, 4, 16;
    %load/vec4 v000001fd9bc33a50_0;
    %addi 1, 0, 32;
    %store/vec4 v000001fd9bc33a50_0, 0, 32;
    %jmp T_3.0;
T_3.1 ;
    %jmp T_3;
    .thread T_3, $push;
    .scope S_000001fd9bbde950;
T_4 ;
    %wait E_000001fd9bbd8150;
    %pushi/vec4 0, 0, 32;
    %store/vec4 v000001fd9bc33a50_0, 0, 32;
T_4.0 ;
    %load/vec4 v000001fd9bc33a50_0;
    %cmpi/s 128, 0, 32;
    %jmp/0xz T_4.1, 5;
    %load/vec4 v000001fd9bc32bf0_0;
    %load/vec4 v000001fd9bc33a50_0;
    %addi 1, 0, 32;
    %muli 16, 0, 32;
    %subi 1, 0, 32;
    %pad/s 34;
    %subi 15, 0, 34;
    %part/s 16;
    %ix/getv/s 4, v000001fd9bc33a50_0;
    %store/vec4a v000001fd9bc33910, 4, 0;
    %load/vec4 v000001fd9bc33a50_0;
    %addi 1, 0, 32;
    %store/vec4 v000001fd9bc33a50_0, 0, 32;
    %jmp T_4.0;
T_4.1 ;
    %jmp T_4;
    .thread T_4, $push;
    .scope S_000001fd9bbde950;
T_5 ;
    %pushi/vec4 0, 0, 1;
    %store/vec4 v000001fd9bc33410_0, 0, 1;
T_5.0 ;
    %delay 5000, 0;
    %load/vec4 v000001fd9bc33410_0;
    %inv;
    %store/vec4 v000001fd9bc33410_0, 0, 1;
    %jmp T_5.0;
    %end;
    .thread T_5;
    .scope S_000001fd9bbde950;
T_6 ;
    %vpi_call/w 3 63 "$dumpfile", "vcd/layer3_test.vcd" {0 0 0};
    %vpi_call/w 3 64 "$dumpvars", 32'sb00000000000000000000000000000000, S_000001fd9bbde950 {0 0 0};
    %pushi/vec4 1, 0, 1;
    %store/vec4 v000001fd9bc346d0_0, 0, 1;
    %pushi/vec4 0, 0, 1;
    %store/vec4 v000001fd9bc33af0_0, 0, 1;
    %delay 20000, 0;
    %pushi/vec4 0, 0, 1;
    %store/vec4 v000001fd9bc346d0_0, 0, 1;
    %vpi_call/w 3 73 "$display", "Initializing Inputs to 0..." {0 0 0};
    %pushi/vec4 0, 0, 32;
    %store/vec4 v000001fd9bc33690_0, 0, 32;
T_6.0 ;
    %load/vec4 v000001fd9bc33690_0;
    %cmpi/s 256, 0, 32;
    %jmp/0xz T_6.1, 5;
    %pushi/vec4 0, 0, 16;
    %ix/getv/s 4, v000001fd9bc33690_0;
    %store/vec4a v000001fd9bc330f0, 4, 0;
    %load/vec4 v000001fd9bc33690_0;
    %addi 1, 0, 32;
    %store/vec4 v000001fd9bc33690_0, 0, 32;
    %jmp T_6.0;
T_6.1 ;
    %delay 10000, 0;
    %wait E_000001fd9bbd7990;
    %pushi/vec4 1, 0, 1;
    %store/vec4 v000001fd9bc33af0_0, 0, 1;
    %wait E_000001fd9bbd7990;
    %pushi/vec4 0, 0, 1;
    %store/vec4 v000001fd9bc33af0_0, 0, 1;
T_6.2 ;
    %load/vec4 v000001fd9bc32c90_0;
    %pad/u 32;
    %pushi/vec4 1, 0, 32;
    %cmp/e;
    %flag_get/vec4 4;
    %cmpi/ne 1, 0, 1;
    %jmp/0xz T_6.3, 6;
    %wait E_000001fd9bbd7950;
    %jmp T_6.2;
T_6.3 ;
    %delay 5000, 0;
    %vpi_call/w 3 91 "$display", "--------------------------------------------------" {0 0 0};
    %vpi_call/w 3 92 "$display", "LAYER 3 GENERATOR TEST" {0 0 0};
    %vpi_call/w 3 93 "$display", "Test Vector: Zero Vector (Input = 0)" {0 0 0};
    %vpi_call/w 3 94 "$display", "Expecting Output = Bias" {0 0 0};
    %vpi_call/w 3 95 "$display", "--------------------------------------------------" {0 0 0};
    %vpi_call/w 3 98 "$display", "Output Values (20 nilai pertama):" {0 0 0};
    %pushi/vec4 0, 0, 32;
    %store/vec4 v000001fd9bc33690_0, 0, 32;
T_6.4 ;
    %load/vec4 v000001fd9bc33690_0;
    %cmpi/s 20, 0, 32;
    %jmp/0xz T_6.5, 5;
    %ix/getv/s 4, v000001fd9bc33690_0;
    %load/vec4a v000001fd9bc33910, 4;
    %store/vec4 v000001fd9bbdada0_0, 0, 16;
    %callf/real TD_layer3_generator_tb.q8_8_to_real, S_000001fd9bbcffe0;
    %vpi_call/w 3 100 "$display", "[%2d] = %0.8f (hex: 0x%04x)", v000001fd9bc33690_0, W<0,r>, &A<v000001fd9bc33910, v000001fd9bc33690_0 > {0 1 0};
    %load/vec4 v000001fd9bc33690_0;
    %addi 1, 0, 32;
    %store/vec4 v000001fd9bc33690_0, 0, 32;
    %jmp T_6.4;
T_6.5 ;
    %vpi_call/w 3 103 "$display", "--------------------------------------------------" {0 0 0};
    %vpi_call/w 3 104 "$display", "Simulation Finished." {0 0 0};
    %vpi_call/w 3 105 "$finish" {0 0 0};
    %end;
    .thread T_6;
# The file index is used to find the file name in the following table.
:file_names 5;
    "N/A";
    "<interactive>";
    "-";
    "src/layers/layer3_generator_tb.v";
    "src/layers/layer3_generator.v";
