#! /c/Source/iverilog-install/bin/vvp
:ivl_version "12.0 (devel)" "(s20150603-1539-g2693dd32b)";
:ivl_delay_selection "TYPICAL";
:vpi_time_precision - 12;
:vpi_module "C:\iverilog\lib\ivl\system.vpi";
:vpi_module "C:\iverilog\lib\ivl\vhdl_sys.vpi";
:vpi_module "C:\iverilog\lib\ivl\vhdl_textio.vpi";
:vpi_module "C:\iverilog\lib\ivl\v2005_math.vpi";
:vpi_module "C:\iverilog\lib\ivl\va_math.vpi";
:vpi_module "C:\iverilog\lib\ivl\v2009.vpi";
S_00000220bd7de080 .scope package, "$unit" "$unit" 2 1;
 .timescale 0 0;
S_00000220bd7e4240 .scope module, "layer3_discriminator_tb" "layer3_discriminator_tb" 3 3;
 .timescale -9 -12;
v00000220bd814bd0_0 .var "clk", 0 0;
v00000220bd814590_0 .net "decision_real", 0 0, v00000220bd812860_0;  1 drivers
v00000220bd8135f0_0 .net "done", 0 0, v00000220bd8120e0_0;  1 drivers
v00000220bd814e50_0 .var/s "flat_input", 511 0;
v00000220bd812fb0_0 .var/i "i_pack", 31 0;
v00000220bd813410 .array/s "inputs", 31 0, 15 0;
v00000220bd814270_0 .var/i "k", 31 0;
v00000220bd8148b0_0 .var "rst", 0 0;
v00000220bd814770_0 .net/s "score_out", 15 0, v00000220bd813b90_0;  1 drivers
v00000220bd813a50_0 .var "start", 0 0;
E_00000220bd7d3e30 .event posedge, v00000220bd732d30_0;
v00000220bd813410_0 .array/port v00000220bd813410, 0;
v00000220bd813410_1 .array/port v00000220bd813410, 1;
v00000220bd813410_2 .array/port v00000220bd813410, 2;
v00000220bd813410_3 .array/port v00000220bd813410, 3;
E_00000220bd7d5370/0 .event anyedge, v00000220bd813410_0, v00000220bd813410_1, v00000220bd813410_2, v00000220bd813410_3;
v00000220bd813410_4 .array/port v00000220bd813410, 4;
v00000220bd813410_5 .array/port v00000220bd813410, 5;
v00000220bd813410_6 .array/port v00000220bd813410, 6;
v00000220bd813410_7 .array/port v00000220bd813410, 7;
E_00000220bd7d5370/1 .event anyedge, v00000220bd813410_4, v00000220bd813410_5, v00000220bd813410_6, v00000220bd813410_7;
v00000220bd813410_8 .array/port v00000220bd813410, 8;
v00000220bd813410_9 .array/port v00000220bd813410, 9;
v00000220bd813410_10 .array/port v00000220bd813410, 10;
v00000220bd813410_11 .array/port v00000220bd813410, 11;
E_00000220bd7d5370/2 .event anyedge, v00000220bd813410_8, v00000220bd813410_9, v00000220bd813410_10, v00000220bd813410_11;
v00000220bd813410_12 .array/port v00000220bd813410, 12;
v00000220bd813410_13 .array/port v00000220bd813410, 13;
v00000220bd813410_14 .array/port v00000220bd813410, 14;
v00000220bd813410_15 .array/port v00000220bd813410, 15;
E_00000220bd7d5370/3 .event anyedge, v00000220bd813410_12, v00000220bd813410_13, v00000220bd813410_14, v00000220bd813410_15;
v00000220bd813410_16 .array/port v00000220bd813410, 16;
v00000220bd813410_17 .array/port v00000220bd813410, 17;
v00000220bd813410_18 .array/port v00000220bd813410, 18;
v00000220bd813410_19 .array/port v00000220bd813410, 19;
E_00000220bd7d5370/4 .event anyedge, v00000220bd813410_16, v00000220bd813410_17, v00000220bd813410_18, v00000220bd813410_19;
v00000220bd813410_20 .array/port v00000220bd813410, 20;
v00000220bd813410_21 .array/port v00000220bd813410, 21;
v00000220bd813410_22 .array/port v00000220bd813410, 22;
v00000220bd813410_23 .array/port v00000220bd813410, 23;
E_00000220bd7d5370/5 .event anyedge, v00000220bd813410_20, v00000220bd813410_21, v00000220bd813410_22, v00000220bd813410_23;
v00000220bd813410_24 .array/port v00000220bd813410, 24;
v00000220bd813410_25 .array/port v00000220bd813410, 25;
v00000220bd813410_26 .array/port v00000220bd813410, 26;
v00000220bd813410_27 .array/port v00000220bd813410, 27;
E_00000220bd7d5370/6 .event anyedge, v00000220bd813410_24, v00000220bd813410_25, v00000220bd813410_26, v00000220bd813410_27;
v00000220bd813410_28 .array/port v00000220bd813410, 28;
v00000220bd813410_29 .array/port v00000220bd813410, 29;
v00000220bd813410_30 .array/port v00000220bd813410, 30;
v00000220bd813410_31 .array/port v00000220bd813410, 31;
E_00000220bd7d5370/7 .event anyedge, v00000220bd813410_28, v00000220bd813410_29, v00000220bd813410_30, v00000220bd813410_31;
E_00000220bd7d5370 .event/or E_00000220bd7d5370/0, E_00000220bd7d5370/1, E_00000220bd7d5370/2, E_00000220bd7d5370/3, E_00000220bd7d5370/4, E_00000220bd7d5370/5, E_00000220bd7d5370/6, E_00000220bd7d5370/7;
S_00000220bd7e9b30 .scope function.real, "q8_8_to_real" "q8_8_to_real" 3 37, 3 37 0, S_00000220bd7e4240;
 .timescale -9 -12;
; Variable q8_8_to_real is REAL return value of scope S_00000220bd7e9b30
v00000220bd764810_0 .var/s "val", 15 0;
TD_layer3_discriminator_tb.q8_8_to_real ;
    %load/vec4 v00000220bd764810_0;
    %cvt/rv/s;
    %pushi/real 1073741824, 4074; load=256.000
    %div/wr;
    %ret/real 0; Assign to q8_8_to_real
    %end;
S_00000220bd7e9cc0 .scope function.vec4.u16, "real_to_q8_8" "real_to_q8_8" 3 55, 3 55 0, S_00000220bd7e4240;
 .timescale -9 -12;
; Variable real_to_q8_8 is vec4 return value of scope S_00000220bd7e9cc0
v00000220bd7de6a0_0 .var/real "val", 0 0;
TD_layer3_discriminator_tb.real_to_q8_8 ;
    %load/real v00000220bd7de6a0_0;
    %pushi/real 1073741824, 4074; load=256.000
    %mul/wr;
    %vpi_func 3 58 "$rtoi" 32, W<0,r> {0 1 0};
    %pad/s 16;
    %ret/vec4 0, 0, 16;  Assign to real_to_q8_8 (store_vec4_to_lval)
    %end;
S_00000220bd77efd0 .scope function.real, "sigmoid" "sigmoid" 3 45, 3 45 0, S_00000220bd7e4240;
 .timescale -9 -12;
v00000220bd7e6cd0_0 .var/real "exp_neg_x", 0 0;
; Variable sigmoid is REAL return value of scope S_00000220bd77efd0
v00000220bd77f200_0 .var/real "x", 0 0;
TD_layer3_discriminator_tb.sigmoid ;
    %pushi/real 1459366444, 4067; load=2.71828
    %pushi/real 299419, 4045; load=2.71828
    %add/wr;
    %pushi/real 0, 0; load 0.0
    %load/real v00000220bd77f200_0;
    %sub/wr;
    %pow/wr;
    %store/real v00000220bd7e6cd0_0;
    %pushi/real 1073741824, 4066; load=1.00000
    %pushi/real 1073741824, 4066; load=1.00000
    %load/real v00000220bd7e6cd0_0;
    %add/wr;
    %div/wr;
    %ret/real 0; Assign to sigmoid
    %end;
S_00000220bd77f2a0 .scope module, "uut" "layer3_discriminator" 3 18, 4 1 0, S_00000220bd7e4240;
 .timescale -9 -12;
    .port_info 0 /INPUT 1 "clk";
    .port_info 1 /INPUT 1 "rst";
    .port_info 2 /INPUT 1 "start";
    .port_info 3 /INPUT 512 "flat_input_flat";
    .port_info 4 /OUTPUT 16 "score_out";
    .port_info 5 /OUTPUT 1 "decision_real";
    .port_info 6 /OUTPUT 1 "done";
v00000220bd812040 .array/s "b", 0 0, 15 0;
v00000220bd8127c0_0 .net "clk", 0 0, v00000220bd814bd0_0;  1 drivers
v00000220bd812860_0 .var "decision_real", 0 0;
v00000220bd8120e0_0 .var "done", 0 0;
v00000220bd8129a0_0 .net/s "flat_input_flat", 511 0, v00000220bd814e50_0;  1 drivers
v00000220bd812400_0 .net "mac_done", 0 0, v00000220bd812680_0;  1 drivers
v00000220bd8124a0_0 .net/s "mac_result", 15 0, v00000220bd812360_0;  1 drivers
v00000220bd812540_0 .net "rst", 0 0, v00000220bd8148b0_0;  1 drivers
v00000220bd813b90_0 .var/s "score_out", 15 0;
v00000220bd814810_0 .net "start", 0 0, v00000220bd813a50_0;  1 drivers
v00000220bd813e10 .array/s "w", 31 0, 15 0;
v00000220bd813c30_0 .net/s "weights_flat", 511 0, L_00000220bd813af0;  1 drivers
v00000220bd813e10_0 .array/port v00000220bd813e10, 0;
v00000220bd813e10_1 .array/port v00000220bd813e10, 1;
v00000220bd813e10_2 .array/port v00000220bd813e10, 2;
v00000220bd813e10_3 .array/port v00000220bd813e10, 3;
LS_00000220bd813af0_0_0 .concat [ 16 16 16 16], v00000220bd813e10_0, v00000220bd813e10_1, v00000220bd813e10_2, v00000220bd813e10_3;
v00000220bd813e10_4 .array/port v00000220bd813e10, 4;
v00000220bd813e10_5 .array/port v00000220bd813e10, 5;
v00000220bd813e10_6 .array/port v00000220bd813e10, 6;
v00000220bd813e10_7 .array/port v00000220bd813e10, 7;
LS_00000220bd813af0_0_4 .concat [ 16 16 16 16], v00000220bd813e10_4, v00000220bd813e10_5, v00000220bd813e10_6, v00000220bd813e10_7;
v00000220bd813e10_8 .array/port v00000220bd813e10, 8;
v00000220bd813e10_9 .array/port v00000220bd813e10, 9;
v00000220bd813e10_10 .array/port v00000220bd813e10, 10;
v00000220bd813e10_11 .array/port v00000220bd813e10, 11;
LS_00000220bd813af0_0_8 .concat [ 16 16 16 16], v00000220bd813e10_8, v00000220bd813e10_9, v00000220bd813e10_10, v00000220bd813e10_11;
v00000220bd813e10_12 .array/port v00000220bd813e10, 12;
v00000220bd813e10_13 .array/port v00000220bd813e10, 13;
v00000220bd813e10_14 .array/port v00000220bd813e10, 14;
v00000220bd813e10_15 .array/port v00000220bd813e10, 15;
LS_00000220bd813af0_0_12 .concat [ 16 16 16 16], v00000220bd813e10_12, v00000220bd813e10_13, v00000220bd813e10_14, v00000220bd813e10_15;
v00000220bd813e10_16 .array/port v00000220bd813e10, 16;
v00000220bd813e10_17 .array/port v00000220bd813e10, 17;
v00000220bd813e10_18 .array/port v00000220bd813e10, 18;
v00000220bd813e10_19 .array/port v00000220bd813e10, 19;
LS_00000220bd813af0_0_16 .concat [ 16 16 16 16], v00000220bd813e10_16, v00000220bd813e10_17, v00000220bd813e10_18, v00000220bd813e10_19;
v00000220bd813e10_20 .array/port v00000220bd813e10, 20;
v00000220bd813e10_21 .array/port v00000220bd813e10, 21;
v00000220bd813e10_22 .array/port v00000220bd813e10, 22;
v00000220bd813e10_23 .array/port v00000220bd813e10, 23;
LS_00000220bd813af0_0_20 .concat [ 16 16 16 16], v00000220bd813e10_20, v00000220bd813e10_21, v00000220bd813e10_22, v00000220bd813e10_23;
v00000220bd813e10_24 .array/port v00000220bd813e10, 24;
v00000220bd813e10_25 .array/port v00000220bd813e10, 25;
v00000220bd813e10_26 .array/port v00000220bd813e10, 26;
v00000220bd813e10_27 .array/port v00000220bd813e10, 27;
LS_00000220bd813af0_0_24 .concat [ 16 16 16 16], v00000220bd813e10_24, v00000220bd813e10_25, v00000220bd813e10_26, v00000220bd813e10_27;
v00000220bd813e10_28 .array/port v00000220bd813e10, 28;
v00000220bd813e10_29 .array/port v00000220bd813e10, 29;
v00000220bd813e10_30 .array/port v00000220bd813e10, 30;
v00000220bd813e10_31 .array/port v00000220bd813e10, 31;
LS_00000220bd813af0_0_28 .concat [ 16 16 16 16], v00000220bd813e10_28, v00000220bd813e10_29, v00000220bd813e10_30, v00000220bd813e10_31;
LS_00000220bd813af0_1_0 .concat [ 64 64 64 64], LS_00000220bd813af0_0_0, LS_00000220bd813af0_0_4, LS_00000220bd813af0_0_8, LS_00000220bd813af0_0_12;
LS_00000220bd813af0_1_4 .concat [ 64 64 64 64], LS_00000220bd813af0_0_16, LS_00000220bd813af0_0_20, LS_00000220bd813af0_0_24, LS_00000220bd813af0_0_28;
L_00000220bd813af0 .concat [ 256 256 0 0], LS_00000220bd813af0_1_0, LS_00000220bd813af0_1_4;
S_00000220bd7329c0 .scope module, "mac_unit" "pipelined_mac" 4 49, 5 1 0, S_00000220bd77f2a0;
 .timescale -9 -12;
    .port_info 0 /INPUT 1 "clk";
    .port_info 1 /INPUT 1 "rst";
    .port_info 2 /INPUT 1 "start";
    .port_info 3 /INPUT 512 "a_flat";
    .port_info 4 /INPUT 512 "b_flat";
    .port_info 5 /INPUT 16 "bias";
    .port_info 6 /OUTPUT 16 "result";
    .port_info 7 /OUTPUT 1 "done";
v00000220bd732b50_0 .net/s "a_flat", 511 0, v00000220bd814e50_0;  alias, 1 drivers
v00000220bd732bf0_0 .net/s "b_flat", 511 0, L_00000220bd813af0;  alias, 1 drivers
v00000220bd812040_0 .array/port v00000220bd812040, 0;
v00000220bd732c90_0 .net/s "bias", 15 0, v00000220bd812040_0;  1 drivers
v00000220bd732d30_0 .net "clk", 0 0, v00000220bd814bd0_0;  alias, 1 drivers
v00000220bd777490_0 .var "d0", 0 0;
v00000220bd777530_0 .var "d1", 0 0;
v00000220bd812a40_0 .var "d2", 0 0;
v00000220bd812180_0 .var "d3", 0 0;
v00000220bd811fa0_0 .var "d4", 0 0;
v00000220bd812ae0_0 .var "d5", 0 0;
v00000220bd812900_0 .var "d6", 0 0;
v00000220bd812680_0 .var "done", 0 0;
v00000220bd812220 .array/s "p", 31 0, 31 0;
v00000220bd812d60 .array/s "ra", 31 0, 15 0;
v00000220bd812c20 .array/s "rb", 31 0, 15 0;
v00000220bd812360_0 .var/s "result", 15 0;
v00000220bd812720_0 .net "rst", 0 0, v00000220bd8148b0_0;  alias, 1 drivers
v00000220bd812b80 .array/s "s1", 15 0, 31 0;
v00000220bd812e00 .array/s "s2", 7 0, 31 0;
v00000220bd8122c0 .array/s "s3", 3 0, 31 0;
v00000220bd8125e0 .array/s "s4", 1 0, 31 0;
v00000220bd812ea0_0 .net "start", 0 0, v00000220bd813a50_0;  alias, 1 drivers
v00000220bd812cc0_0 .var/s "total_sum", 31 0;
E_00000220bd7d5430 .event posedge, v00000220bd812720_0, v00000220bd732d30_0;
    .scope S_00000220bd7329c0;
T_3 ;
    %wait E_00000220bd7d5430;
    %load/vec4 v00000220bd812720_0;
    %flag_set/vec4 8;
    %jmp/0xz  T_3.0, 8;
    %pushi/vec4 0, 0, 1;
    %assign/vec4 v00000220bd777490_0, 0;
    %pushi/vec4 0, 0, 1;
    %assign/vec4 v00000220bd777530_0, 0;
    %pushi/vec4 0, 0, 1;
    %assign/vec4 v00000220bd812a40_0, 0;
    %pushi/vec4 0, 0, 1;
    %assign/vec4 v00000220bd812180_0, 0;
    %pushi/vec4 0, 0, 1;
    %assign/vec4 v00000220bd811fa0_0, 0;
    %pushi/vec4 0, 0, 1;
    %assign/vec4 v00000220bd812ae0_0, 0;
    %pushi/vec4 0, 0, 1;
    %assign/vec4 v00000220bd812900_0, 0;
    %pushi/vec4 0, 0, 1;
    %assign/vec4 v00000220bd812680_0, 0;
    %pushi/vec4 0, 0, 16;
    %assign/vec4 v00000220bd812360_0, 0;
    %pushi/vec4 0, 0, 32;
    %assign/vec4 v00000220bd812cc0_0, 0;
    %jmp T_3.1;
T_3.0 ;
    %load/vec4 v00000220bd812ea0_0;
    %flag_set/vec4 8;
    %jmp/0xz  T_3.2, 8;
    %load/vec4 v00000220bd732b50_0;
    %parti/s 16, 0, 2;
    %ix/load 3, 0, 0;
    %flag_set/imm 4, 0;
    %ix/load 4, 0, 0; Constant delay
    %assign/vec4/a/d v00000220bd812d60, 0, 4;
    %load/vec4 v00000220bd732bf0_0;
    %parti/s 16, 0, 2;
    %ix/load 3, 0, 0;
    %flag_set/imm 4, 0;
    %ix/load 4, 0, 0; Constant delay
    %assign/vec4/a/d v00000220bd812c20, 0, 4;
    %load/vec4 v00000220bd732b50_0;
    %parti/s 16, 16, 6;
    %ix/load 3, 1, 0;
    %flag_set/imm 4, 0;
    %ix/load 4, 0, 0; Constant delay
    %assign/vec4/a/d v00000220bd812d60, 0, 4;
    %load/vec4 v00000220bd732bf0_0;
    %parti/s 16, 16, 6;
    %ix/load 3, 1, 0;
    %flag_set/imm 4, 0;
    %ix/load 4, 0, 0; Constant delay
    %assign/vec4/a/d v00000220bd812c20, 0, 4;
    %load/vec4 v00000220bd732b50_0;
    %parti/s 16, 32, 7;
    %ix/load 3, 2, 0;
    %flag_set/imm 4, 0;
    %ix/load 4, 0, 0; Constant delay
    %assign/vec4/a/d v00000220bd812d60, 0, 4;
    %load/vec4 v00000220bd732bf0_0;
    %parti/s 16, 32, 7;
    %ix/load 3, 2, 0;
    %flag_set/imm 4, 0;
    %ix/load 4, 0, 0; Constant delay
    %assign/vec4/a/d v00000220bd812c20, 0, 4;
    %load/vec4 v00000220bd732b50_0;
    %parti/s 16, 48, 7;
    %ix/load 3, 3, 0;
    %flag_set/imm 4, 0;
    %ix/load 4, 0, 0; Constant delay
    %assign/vec4/a/d v00000220bd812d60, 0, 4;
    %load/vec4 v00000220bd732bf0_0;
    %parti/s 16, 48, 7;
    %ix/load 3, 3, 0;
    %flag_set/imm 4, 0;
    %ix/load 4, 0, 0; Constant delay
    %assign/vec4/a/d v00000220bd812c20, 0, 4;
    %load/vec4 v00000220bd732b50_0;
    %parti/s 16, 64, 8;
    %ix/load 3, 4, 0;
    %flag_set/imm 4, 0;
    %ix/load 4, 0, 0; Constant delay
    %assign/vec4/a/d v00000220bd812d60, 0, 4;
    %load/vec4 v00000220bd732bf0_0;
    %parti/s 16, 64, 8;
    %ix/load 3, 4, 0;
    %flag_set/imm 4, 0;
    %ix/load 4, 0, 0; Constant delay
    %assign/vec4/a/d v00000220bd812c20, 0, 4;
    %load/vec4 v00000220bd732b50_0;
    %parti/s 16, 80, 8;
    %ix/load 3, 5, 0;
    %flag_set/imm 4, 0;
    %ix/load 4, 0, 0; Constant delay
    %assign/vec4/a/d v00000220bd812d60, 0, 4;
    %load/vec4 v00000220bd732bf0_0;
    %parti/s 16, 80, 8;
    %ix/load 3, 5, 0;
    %flag_set/imm 4, 0;
    %ix/load 4, 0, 0; Constant delay
    %assign/vec4/a/d v00000220bd812c20, 0, 4;
    %load/vec4 v00000220bd732b50_0;
    %parti/s 16, 96, 8;
    %ix/load 3, 6, 0;
    %flag_set/imm 4, 0;
    %ix/load 4, 0, 0; Constant delay
    %assign/vec4/a/d v00000220bd812d60, 0, 4;
    %load/vec4 v00000220bd732bf0_0;
    %parti/s 16, 96, 8;
    %ix/load 3, 6, 0;
    %flag_set/imm 4, 0;
    %ix/load 4, 0, 0; Constant delay
    %assign/vec4/a/d v00000220bd812c20, 0, 4;
    %load/vec4 v00000220bd732b50_0;
    %parti/s 16, 112, 8;
    %ix/load 3, 7, 0;
    %flag_set/imm 4, 0;
    %ix/load 4, 0, 0; Constant delay
    %assign/vec4/a/d v00000220bd812d60, 0, 4;
    %load/vec4 v00000220bd732bf0_0;
    %parti/s 16, 112, 8;
    %ix/load 3, 7, 0;
    %flag_set/imm 4, 0;
    %ix/load 4, 0, 0; Constant delay
    %assign/vec4/a/d v00000220bd812c20, 0, 4;
    %load/vec4 v00000220bd732b50_0;
    %parti/s 16, 128, 9;
    %ix/load 3, 8, 0;
    %flag_set/imm 4, 0;
    %ix/load 4, 0, 0; Constant delay
    %assign/vec4/a/d v00000220bd812d60, 0, 4;
    %load/vec4 v00000220bd732bf0_0;
    %parti/s 16, 128, 9;
    %ix/load 3, 8, 0;
    %flag_set/imm 4, 0;
    %ix/load 4, 0, 0; Constant delay
    %assign/vec4/a/d v00000220bd812c20, 0, 4;
    %load/vec4 v00000220bd732b50_0;
    %parti/s 16, 144, 9;
    %ix/load 3, 9, 0;
    %flag_set/imm 4, 0;
    %ix/load 4, 0, 0; Constant delay
    %assign/vec4/a/d v00000220bd812d60, 0, 4;
    %load/vec4 v00000220bd732bf0_0;
    %parti/s 16, 144, 9;
    %ix/load 3, 9, 0;
    %flag_set/imm 4, 0;
    %ix/load 4, 0, 0; Constant delay
    %assign/vec4/a/d v00000220bd812c20, 0, 4;
    %load/vec4 v00000220bd732b50_0;
    %parti/s 16, 160, 9;
    %ix/load 3, 10, 0;
    %flag_set/imm 4, 0;
    %ix/load 4, 0, 0; Constant delay
    %assign/vec4/a/d v00000220bd812d60, 0, 4;
    %load/vec4 v00000220bd732bf0_0;
    %parti/s 16, 160, 9;
    %ix/load 3, 10, 0;
    %flag_set/imm 4, 0;
    %ix/load 4, 0, 0; Constant delay
    %assign/vec4/a/d v00000220bd812c20, 0, 4;
    %load/vec4 v00000220bd732b50_0;
    %parti/s 16, 176, 9;
    %ix/load 3, 11, 0;
    %flag_set/imm 4, 0;
    %ix/load 4, 0, 0; Constant delay
    %assign/vec4/a/d v00000220bd812d60, 0, 4;
    %load/vec4 v00000220bd732bf0_0;
    %parti/s 16, 176, 9;
    %ix/load 3, 11, 0;
    %flag_set/imm 4, 0;
    %ix/load 4, 0, 0; Constant delay
    %assign/vec4/a/d v00000220bd812c20, 0, 4;
    %load/vec4 v00000220bd732b50_0;
    %parti/s 16, 192, 9;
    %ix/load 3, 12, 0;
    %flag_set/imm 4, 0;
    %ix/load 4, 0, 0; Constant delay
    %assign/vec4/a/d v00000220bd812d60, 0, 4;
    %load/vec4 v00000220bd732bf0_0;
    %parti/s 16, 192, 9;
    %ix/load 3, 12, 0;
    %flag_set/imm 4, 0;
    %ix/load 4, 0, 0; Constant delay
    %assign/vec4/a/d v00000220bd812c20, 0, 4;
    %load/vec4 v00000220bd732b50_0;
    %parti/s 16, 208, 9;
    %ix/load 3, 13, 0;
    %flag_set/imm 4, 0;
    %ix/load 4, 0, 0; Constant delay
    %assign/vec4/a/d v00000220bd812d60, 0, 4;
    %load/vec4 v00000220bd732bf0_0;
    %parti/s 16, 208, 9;
    %ix/load 3, 13, 0;
    %flag_set/imm 4, 0;
    %ix/load 4, 0, 0; Constant delay
    %assign/vec4/a/d v00000220bd812c20, 0, 4;
    %load/vec4 v00000220bd732b50_0;
    %parti/s 16, 224, 9;
    %ix/load 3, 14, 0;
    %flag_set/imm 4, 0;
    %ix/load 4, 0, 0; Constant delay
    %assign/vec4/a/d v00000220bd812d60, 0, 4;
    %load/vec4 v00000220bd732bf0_0;
    %parti/s 16, 224, 9;
    %ix/load 3, 14, 0;
    %flag_set/imm 4, 0;
    %ix/load 4, 0, 0; Constant delay
    %assign/vec4/a/d v00000220bd812c20, 0, 4;
    %load/vec4 v00000220bd732b50_0;
    %parti/s 16, 240, 9;
    %ix/load 3, 15, 0;
    %flag_set/imm 4, 0;
    %ix/load 4, 0, 0; Constant delay
    %assign/vec4/a/d v00000220bd812d60, 0, 4;
    %load/vec4 v00000220bd732bf0_0;
    %parti/s 16, 240, 9;
    %ix/load 3, 15, 0;
    %flag_set/imm 4, 0;
    %ix/load 4, 0, 0; Constant delay
    %assign/vec4/a/d v00000220bd812c20, 0, 4;
    %load/vec4 v00000220bd732b50_0;
    %parti/s 16, 256, 10;
    %ix/load 3, 16, 0;
    %flag_set/imm 4, 0;
    %ix/load 4, 0, 0; Constant delay
    %assign/vec4/a/d v00000220bd812d60, 0, 4;
    %load/vec4 v00000220bd732bf0_0;
    %parti/s 16, 256, 10;
    %ix/load 3, 16, 0;
    %flag_set/imm 4, 0;
    %ix/load 4, 0, 0; Constant delay
    %assign/vec4/a/d v00000220bd812c20, 0, 4;
    %load/vec4 v00000220bd732b50_0;
    %parti/s 16, 272, 10;
    %ix/load 3, 17, 0;
    %flag_set/imm 4, 0;
    %ix/load 4, 0, 0; Constant delay
    %assign/vec4/a/d v00000220bd812d60, 0, 4;
    %load/vec4 v00000220bd732bf0_0;
    %parti/s 16, 272, 10;
    %ix/load 3, 17, 0;
    %flag_set/imm 4, 0;
    %ix/load 4, 0, 0; Constant delay
    %assign/vec4/a/d v00000220bd812c20, 0, 4;
    %load/vec4 v00000220bd732b50_0;
    %parti/s 16, 288, 10;
    %ix/load 3, 18, 0;
    %flag_set/imm 4, 0;
    %ix/load 4, 0, 0; Constant delay
    %assign/vec4/a/d v00000220bd812d60, 0, 4;
    %load/vec4 v00000220bd732bf0_0;
    %parti/s 16, 288, 10;
    %ix/load 3, 18, 0;
    %flag_set/imm 4, 0;
    %ix/load 4, 0, 0; Constant delay
    %assign/vec4/a/d v00000220bd812c20, 0, 4;
    %load/vec4 v00000220bd732b50_0;
    %parti/s 16, 304, 10;
    %ix/load 3, 19, 0;
    %flag_set/imm 4, 0;
    %ix/load 4, 0, 0; Constant delay
    %assign/vec4/a/d v00000220bd812d60, 0, 4;
    %load/vec4 v00000220bd732bf0_0;
    %parti/s 16, 304, 10;
    %ix/load 3, 19, 0;
    %flag_set/imm 4, 0;
    %ix/load 4, 0, 0; Constant delay
    %assign/vec4/a/d v00000220bd812c20, 0, 4;
    %load/vec4 v00000220bd732b50_0;
    %parti/s 16, 320, 10;
    %ix/load 3, 20, 0;
    %flag_set/imm 4, 0;
    %ix/load 4, 0, 0; Constant delay
    %assign/vec4/a/d v00000220bd812d60, 0, 4;
    %load/vec4 v00000220bd732bf0_0;
    %parti/s 16, 320, 10;
    %ix/load 3, 20, 0;
    %flag_set/imm 4, 0;
    %ix/load 4, 0, 0; Constant delay
    %assign/vec4/a/d v00000220bd812c20, 0, 4;
    %load/vec4 v00000220bd732b50_0;
    %parti/s 16, 336, 10;
    %ix/load 3, 21, 0;
    %flag_set/imm 4, 0;
    %ix/load 4, 0, 0; Constant delay
    %assign/vec4/a/d v00000220bd812d60, 0, 4;
    %load/vec4 v00000220bd732bf0_0;
    %parti/s 16, 336, 10;
    %ix/load 3, 21, 0;
    %flag_set/imm 4, 0;
    %ix/load 4, 0, 0; Constant delay
    %assign/vec4/a/d v00000220bd812c20, 0, 4;
    %load/vec4 v00000220bd732b50_0;
    %parti/s 16, 352, 10;
    %ix/load 3, 22, 0;
    %flag_set/imm 4, 0;
    %ix/load 4, 0, 0; Constant delay
    %assign/vec4/a/d v00000220bd812d60, 0, 4;
    %load/vec4 v00000220bd732bf0_0;
    %parti/s 16, 352, 10;
    %ix/load 3, 22, 0;
    %flag_set/imm 4, 0;
    %ix/load 4, 0, 0; Constant delay
    %assign/vec4/a/d v00000220bd812c20, 0, 4;
    %load/vec4 v00000220bd732b50_0;
    %parti/s 16, 368, 10;
    %ix/load 3, 23, 0;
    %flag_set/imm 4, 0;
    %ix/load 4, 0, 0; Constant delay
    %assign/vec4/a/d v00000220bd812d60, 0, 4;
    %load/vec4 v00000220bd732bf0_0;
    %parti/s 16, 368, 10;
    %ix/load 3, 23, 0;
    %flag_set/imm 4, 0;
    %ix/load 4, 0, 0; Constant delay
    %assign/vec4/a/d v00000220bd812c20, 0, 4;
    %load/vec4 v00000220bd732b50_0;
    %parti/s 16, 384, 10;
    %ix/load 3, 24, 0;
    %flag_set/imm 4, 0;
    %ix/load 4, 0, 0; Constant delay
    %assign/vec4/a/d v00000220bd812d60, 0, 4;
    %load/vec4 v00000220bd732bf0_0;
    %parti/s 16, 384, 10;
    %ix/load 3, 24, 0;
    %flag_set/imm 4, 0;
    %ix/load 4, 0, 0; Constant delay
    %assign/vec4/a/d v00000220bd812c20, 0, 4;
    %load/vec4 v00000220bd732b50_0;
    %parti/s 16, 400, 10;
    %ix/load 3, 25, 0;
    %flag_set/imm 4, 0;
    %ix/load 4, 0, 0; Constant delay
    %assign/vec4/a/d v00000220bd812d60, 0, 4;
    %load/vec4 v00000220bd732bf0_0;
    %parti/s 16, 400, 10;
    %ix/load 3, 25, 0;
    %flag_set/imm 4, 0;
    %ix/load 4, 0, 0; Constant delay
    %assign/vec4/a/d v00000220bd812c20, 0, 4;
    %load/vec4 v00000220bd732b50_0;
    %parti/s 16, 416, 10;
    %ix/load 3, 26, 0;
    %flag_set/imm 4, 0;
    %ix/load 4, 0, 0; Constant delay
    %assign/vec4/a/d v00000220bd812d60, 0, 4;
    %load/vec4 v00000220bd732bf0_0;
    %parti/s 16, 416, 10;
    %ix/load 3, 26, 0;
    %flag_set/imm 4, 0;
    %ix/load 4, 0, 0; Constant delay
    %assign/vec4/a/d v00000220bd812c20, 0, 4;
    %load/vec4 v00000220bd732b50_0;
    %parti/s 16, 432, 10;
    %ix/load 3, 27, 0;
    %flag_set/imm 4, 0;
    %ix/load 4, 0, 0; Constant delay
    %assign/vec4/a/d v00000220bd812d60, 0, 4;
    %load/vec4 v00000220bd732bf0_0;
    %parti/s 16, 432, 10;
    %ix/load 3, 27, 0;
    %flag_set/imm 4, 0;
    %ix/load 4, 0, 0; Constant delay
    %assign/vec4/a/d v00000220bd812c20, 0, 4;
    %load/vec4 v00000220bd732b50_0;
    %parti/s 16, 448, 10;
    %ix/load 3, 28, 0;
    %flag_set/imm 4, 0;
    %ix/load 4, 0, 0; Constant delay
    %assign/vec4/a/d v00000220bd812d60, 0, 4;
    %load/vec4 v00000220bd732bf0_0;
    %parti/s 16, 448, 10;
    %ix/load 3, 28, 0;
    %flag_set/imm 4, 0;
    %ix/load 4, 0, 0; Constant delay
    %assign/vec4/a/d v00000220bd812c20, 0, 4;
    %load/vec4 v00000220bd732b50_0;
    %parti/s 16, 464, 10;
    %ix/load 3, 29, 0;
    %flag_set/imm 4, 0;
    %ix/load 4, 0, 0; Constant delay
    %assign/vec4/a/d v00000220bd812d60, 0, 4;
    %load/vec4 v00000220bd732bf0_0;
    %parti/s 16, 464, 10;
    %ix/load 3, 29, 0;
    %flag_set/imm 4, 0;
    %ix/load 4, 0, 0; Constant delay
    %assign/vec4/a/d v00000220bd812c20, 0, 4;
    %load/vec4 v00000220bd732b50_0;
    %parti/s 16, 480, 10;
    %ix/load 3, 30, 0;
    %flag_set/imm 4, 0;
    %ix/load 4, 0, 0; Constant delay
    %assign/vec4/a/d v00000220bd812d60, 0, 4;
    %load/vec4 v00000220bd732bf0_0;
    %parti/s 16, 480, 10;
    %ix/load 3, 30, 0;
    %flag_set/imm 4, 0;
    %ix/load 4, 0, 0; Constant delay
    %assign/vec4/a/d v00000220bd812c20, 0, 4;
    %load/vec4 v00000220bd732b50_0;
    %parti/s 16, 496, 10;
    %ix/load 3, 31, 0;
    %flag_set/imm 4, 0;
    %ix/load 4, 0, 0; Constant delay
    %assign/vec4/a/d v00000220bd812d60, 0, 4;
    %load/vec4 v00000220bd732bf0_0;
    %parti/s 16, 496, 10;
    %ix/load 3, 31, 0;
    %flag_set/imm 4, 0;
    %ix/load 4, 0, 0; Constant delay
    %assign/vec4/a/d v00000220bd812c20, 0, 4;
T_3.2 ;
    %load/vec4 v00000220bd812ea0_0;
    %assign/vec4 v00000220bd777490_0, 0;
    %load/vec4 v00000220bd777490_0;
    %flag_set/vec4 8;
    %jmp/0xz  T_3.4, 8;
    %ix/load 4, 0, 0;
    %flag_set/imm 4, 0;
    %load/vec4a v00000220bd812d60, 4;
    %pad/s 32;
    %ix/load 4, 0, 0;
    %flag_set/imm 4, 0;
    %load/vec4a v00000220bd812c20, 4;
    %pad/s 32;
    %mul;
    %ix/load 3, 0, 0;
    %flag_set/imm 4, 0;
    %ix/load 4, 0, 0; Constant delay
    %assign/vec4/a/d v00000220bd812220, 0, 4;
    %ix/load 4, 1, 0;
    %flag_set/imm 4, 0;
    %load/vec4a v00000220bd812d60, 4;
    %pad/s 32;
    %ix/load 4, 1, 0;
    %flag_set/imm 4, 0;
    %load/vec4a v00000220bd812c20, 4;
    %pad/s 32;
    %mul;
    %ix/load 3, 1, 0;
    %flag_set/imm 4, 0;
    %ix/load 4, 0, 0; Constant delay
    %assign/vec4/a/d v00000220bd812220, 0, 4;
    %ix/load 4, 2, 0;
    %flag_set/imm 4, 0;
    %load/vec4a v00000220bd812d60, 4;
    %pad/s 32;
    %ix/load 4, 2, 0;
    %flag_set/imm 4, 0;
    %load/vec4a v00000220bd812c20, 4;
    %pad/s 32;
    %mul;
    %ix/load 3, 2, 0;
    %flag_set/imm 4, 0;
    %ix/load 4, 0, 0; Constant delay
    %assign/vec4/a/d v00000220bd812220, 0, 4;
    %ix/load 4, 3, 0;
    %flag_set/imm 4, 0;
    %load/vec4a v00000220bd812d60, 4;
    %pad/s 32;
    %ix/load 4, 3, 0;
    %flag_set/imm 4, 0;
    %load/vec4a v00000220bd812c20, 4;
    %pad/s 32;
    %mul;
    %ix/load 3, 3, 0;
    %flag_set/imm 4, 0;
    %ix/load 4, 0, 0; Constant delay
    %assign/vec4/a/d v00000220bd812220, 0, 4;
    %ix/load 4, 4, 0;
    %flag_set/imm 4, 0;
    %load/vec4a v00000220bd812d60, 4;
    %pad/s 32;
    %ix/load 4, 4, 0;
    %flag_set/imm 4, 0;
    %load/vec4a v00000220bd812c20, 4;
    %pad/s 32;
    %mul;
    %ix/load 3, 4, 0;
    %flag_set/imm 4, 0;
    %ix/load 4, 0, 0; Constant delay
    %assign/vec4/a/d v00000220bd812220, 0, 4;
    %ix/load 4, 5, 0;
    %flag_set/imm 4, 0;
    %load/vec4a v00000220bd812d60, 4;
    %pad/s 32;
    %ix/load 4, 5, 0;
    %flag_set/imm 4, 0;
    %load/vec4a v00000220bd812c20, 4;
    %pad/s 32;
    %mul;
    %ix/load 3, 5, 0;
    %flag_set/imm 4, 0;
    %ix/load 4, 0, 0; Constant delay
    %assign/vec4/a/d v00000220bd812220, 0, 4;
    %ix/load 4, 6, 0;
    %flag_set/imm 4, 0;
    %load/vec4a v00000220bd812d60, 4;
    %pad/s 32;
    %ix/load 4, 6, 0;
    %flag_set/imm 4, 0;
    %load/vec4a v00000220bd812c20, 4;
    %pad/s 32;
    %mul;
    %ix/load 3, 6, 0;
    %flag_set/imm 4, 0;
    %ix/load 4, 0, 0; Constant delay
    %assign/vec4/a/d v00000220bd812220, 0, 4;
    %ix/load 4, 7, 0;
    %flag_set/imm 4, 0;
    %load/vec4a v00000220bd812d60, 4;
    %pad/s 32;
    %ix/load 4, 7, 0;
    %flag_set/imm 4, 0;
    %load/vec4a v00000220bd812c20, 4;
    %pad/s 32;
    %mul;
    %ix/load 3, 7, 0;
    %flag_set/imm 4, 0;
    %ix/load 4, 0, 0; Constant delay
    %assign/vec4/a/d v00000220bd812220, 0, 4;
    %ix/load 4, 8, 0;
    %flag_set/imm 4, 0;
    %load/vec4a v00000220bd812d60, 4;
    %pad/s 32;
    %ix/load 4, 8, 0;
    %flag_set/imm 4, 0;
    %load/vec4a v00000220bd812c20, 4;
    %pad/s 32;
    %mul;
    %ix/load 3, 8, 0;
    %flag_set/imm 4, 0;
    %ix/load 4, 0, 0; Constant delay
    %assign/vec4/a/d v00000220bd812220, 0, 4;
    %ix/load 4, 9, 0;
    %flag_set/imm 4, 0;
    %load/vec4a v00000220bd812d60, 4;
    %pad/s 32;
    %ix/load 4, 9, 0;
    %flag_set/imm 4, 0;
    %load/vec4a v00000220bd812c20, 4;
    %pad/s 32;
    %mul;
    %ix/load 3, 9, 0;
    %flag_set/imm 4, 0;
    %ix/load 4, 0, 0; Constant delay
    %assign/vec4/a/d v00000220bd812220, 0, 4;
    %ix/load 4, 10, 0;
    %flag_set/imm 4, 0;
    %load/vec4a v00000220bd812d60, 4;
    %pad/s 32;
    %ix/load 4, 10, 0;
    %flag_set/imm 4, 0;
    %load/vec4a v00000220bd812c20, 4;
    %pad/s 32;
    %mul;
    %ix/load 3, 10, 0;
    %flag_set/imm 4, 0;
    %ix/load 4, 0, 0; Constant delay
    %assign/vec4/a/d v00000220bd812220, 0, 4;
    %ix/load 4, 11, 0;
    %flag_set/imm 4, 0;
    %load/vec4a v00000220bd812d60, 4;
    %pad/s 32;
    %ix/load 4, 11, 0;
    %flag_set/imm 4, 0;
    %load/vec4a v00000220bd812c20, 4;
    %pad/s 32;
    %mul;
    %ix/load 3, 11, 0;
    %flag_set/imm 4, 0;
    %ix/load 4, 0, 0; Constant delay
    %assign/vec4/a/d v00000220bd812220, 0, 4;
    %ix/load 4, 12, 0;
    %flag_set/imm 4, 0;
    %load/vec4a v00000220bd812d60, 4;
    %pad/s 32;
    %ix/load 4, 12, 0;
    %flag_set/imm 4, 0;
    %load/vec4a v00000220bd812c20, 4;
    %pad/s 32;
    %mul;
    %ix/load 3, 12, 0;
    %flag_set/imm 4, 0;
    %ix/load 4, 0, 0; Constant delay
    %assign/vec4/a/d v00000220bd812220, 0, 4;
    %ix/load 4, 13, 0;
    %flag_set/imm 4, 0;
    %load/vec4a v00000220bd812d60, 4;
    %pad/s 32;
    %ix/load 4, 13, 0;
    %flag_set/imm 4, 0;
    %load/vec4a v00000220bd812c20, 4;
    %pad/s 32;
    %mul;
    %ix/load 3, 13, 0;
    %flag_set/imm 4, 0;
    %ix/load 4, 0, 0; Constant delay
    %assign/vec4/a/d v00000220bd812220, 0, 4;
    %ix/load 4, 14, 0;
    %flag_set/imm 4, 0;
    %load/vec4a v00000220bd812d60, 4;
    %pad/s 32;
    %ix/load 4, 14, 0;
    %flag_set/imm 4, 0;
    %load/vec4a v00000220bd812c20, 4;
    %pad/s 32;
    %mul;
    %ix/load 3, 14, 0;
    %flag_set/imm 4, 0;
    %ix/load 4, 0, 0; Constant delay
    %assign/vec4/a/d v00000220bd812220, 0, 4;
    %ix/load 4, 15, 0;
    %flag_set/imm 4, 0;
    %load/vec4a v00000220bd812d60, 4;
    %pad/s 32;
    %ix/load 4, 15, 0;
    %flag_set/imm 4, 0;
    %load/vec4a v00000220bd812c20, 4;
    %pad/s 32;
    %mul;
    %ix/load 3, 15, 0;
    %flag_set/imm 4, 0;
    %ix/load 4, 0, 0; Constant delay
    %assign/vec4/a/d v00000220bd812220, 0, 4;
    %ix/load 4, 16, 0;
    %flag_set/imm 4, 0;
    %load/vec4a v00000220bd812d60, 4;
    %pad/s 32;
    %ix/load 4, 16, 0;
    %flag_set/imm 4, 0;
    %load/vec4a v00000220bd812c20, 4;
    %pad/s 32;
    %mul;
    %ix/load 3, 16, 0;
    %flag_set/imm 4, 0;
    %ix/load 4, 0, 0; Constant delay
    %assign/vec4/a/d v00000220bd812220, 0, 4;
    %ix/load 4, 17, 0;
    %flag_set/imm 4, 0;
    %load/vec4a v00000220bd812d60, 4;
    %pad/s 32;
    %ix/load 4, 17, 0;
    %flag_set/imm 4, 0;
    %load/vec4a v00000220bd812c20, 4;
    %pad/s 32;
    %mul;
    %ix/load 3, 17, 0;
    %flag_set/imm 4, 0;
    %ix/load 4, 0, 0; Constant delay
    %assign/vec4/a/d v00000220bd812220, 0, 4;
    %ix/load 4, 18, 0;
    %flag_set/imm 4, 0;
    %load/vec4a v00000220bd812d60, 4;
    %pad/s 32;
    %ix/load 4, 18, 0;
    %flag_set/imm 4, 0;
    %load/vec4a v00000220bd812c20, 4;
    %pad/s 32;
    %mul;
    %ix/load 3, 18, 0;
    %flag_set/imm 4, 0;
    %ix/load 4, 0, 0; Constant delay
    %assign/vec4/a/d v00000220bd812220, 0, 4;
    %ix/load 4, 19, 0;
    %flag_set/imm 4, 0;
    %load/vec4a v00000220bd812d60, 4;
    %pad/s 32;
    %ix/load 4, 19, 0;
    %flag_set/imm 4, 0;
    %load/vec4a v00000220bd812c20, 4;
    %pad/s 32;
    %mul;
    %ix/load 3, 19, 0;
    %flag_set/imm 4, 0;
    %ix/load 4, 0, 0; Constant delay
    %assign/vec4/a/d v00000220bd812220, 0, 4;
    %ix/load 4, 20, 0;
    %flag_set/imm 4, 0;
    %load/vec4a v00000220bd812d60, 4;
    %pad/s 32;
    %ix/load 4, 20, 0;
    %flag_set/imm 4, 0;
    %load/vec4a v00000220bd812c20, 4;
    %pad/s 32;
    %mul;
    %ix/load 3, 20, 0;
    %flag_set/imm 4, 0;
    %ix/load 4, 0, 0; Constant delay
    %assign/vec4/a/d v00000220bd812220, 0, 4;
    %ix/load 4, 21, 0;
    %flag_set/imm 4, 0;
    %load/vec4a v00000220bd812d60, 4;
    %pad/s 32;
    %ix/load 4, 21, 0;
    %flag_set/imm 4, 0;
    %load/vec4a v00000220bd812c20, 4;
    %pad/s 32;
    %mul;
    %ix/load 3, 21, 0;
    %flag_set/imm 4, 0;
    %ix/load 4, 0, 0; Constant delay
    %assign/vec4/a/d v00000220bd812220, 0, 4;
    %ix/load 4, 22, 0;
    %flag_set/imm 4, 0;
    %load/vec4a v00000220bd812d60, 4;
    %pad/s 32;
    %ix/load 4, 22, 0;
    %flag_set/imm 4, 0;
    %load/vec4a v00000220bd812c20, 4;
    %pad/s 32;
    %mul;
    %ix/load 3, 22, 0;
    %flag_set/imm 4, 0;
    %ix/load 4, 0, 0; Constant delay
    %assign/vec4/a/d v00000220bd812220, 0, 4;
    %ix/load 4, 23, 0;
    %flag_set/imm 4, 0;
    %load/vec4a v00000220bd812d60, 4;
    %pad/s 32;
    %ix/load 4, 23, 0;
    %flag_set/imm 4, 0;
    %load/vec4a v00000220bd812c20, 4;
    %pad/s 32;
    %mul;
    %ix/load 3, 23, 0;
    %flag_set/imm 4, 0;
    %ix/load 4, 0, 0; Constant delay
    %assign/vec4/a/d v00000220bd812220, 0, 4;
    %ix/load 4, 24, 0;
    %flag_set/imm 4, 0;
    %load/vec4a v00000220bd812d60, 4;
    %pad/s 32;
    %ix/load 4, 24, 0;
    %flag_set/imm 4, 0;
    %load/vec4a v00000220bd812c20, 4;
    %pad/s 32;
    %mul;
    %ix/load 3, 24, 0;
    %flag_set/imm 4, 0;
    %ix/load 4, 0, 0; Constant delay
    %assign/vec4/a/d v00000220bd812220, 0, 4;
    %ix/load 4, 25, 0;
    %flag_set/imm 4, 0;
    %load/vec4a v00000220bd812d60, 4;
    %pad/s 32;
    %ix/load 4, 25, 0;
    %flag_set/imm 4, 0;
    %load/vec4a v00000220bd812c20, 4;
    %pad/s 32;
    %mul;
    %ix/load 3, 25, 0;
    %flag_set/imm 4, 0;
    %ix/load 4, 0, 0; Constant delay
    %assign/vec4/a/d v00000220bd812220, 0, 4;
    %ix/load 4, 26, 0;
    %flag_set/imm 4, 0;
    %load/vec4a v00000220bd812d60, 4;
    %pad/s 32;
    %ix/load 4, 26, 0;
    %flag_set/imm 4, 0;
    %load/vec4a v00000220bd812c20, 4;
    %pad/s 32;
    %mul;
    %ix/load 3, 26, 0;
    %flag_set/imm 4, 0;
    %ix/load 4, 0, 0; Constant delay
    %assign/vec4/a/d v00000220bd812220, 0, 4;
    %ix/load 4, 27, 0;
    %flag_set/imm 4, 0;
    %load/vec4a v00000220bd812d60, 4;
    %pad/s 32;
    %ix/load 4, 27, 0;
    %flag_set/imm 4, 0;
    %load/vec4a v00000220bd812c20, 4;
    %pad/s 32;
    %mul;
    %ix/load 3, 27, 0;
    %flag_set/imm 4, 0;
    %ix/load 4, 0, 0; Constant delay
    %assign/vec4/a/d v00000220bd812220, 0, 4;
    %ix/load 4, 28, 0;
    %flag_set/imm 4, 0;
    %load/vec4a v00000220bd812d60, 4;
    %pad/s 32;
    %ix/load 4, 28, 0;
    %flag_set/imm 4, 0;
    %load/vec4a v00000220bd812c20, 4;
    %pad/s 32;
    %mul;
    %ix/load 3, 28, 0;
    %flag_set/imm 4, 0;
    %ix/load 4, 0, 0; Constant delay
    %assign/vec4/a/d v00000220bd812220, 0, 4;
    %ix/load 4, 29, 0;
    %flag_set/imm 4, 0;
    %load/vec4a v00000220bd812d60, 4;
    %pad/s 32;
    %ix/load 4, 29, 0;
    %flag_set/imm 4, 0;
    %load/vec4a v00000220bd812c20, 4;
    %pad/s 32;
    %mul;
    %ix/load 3, 29, 0;
    %flag_set/imm 4, 0;
    %ix/load 4, 0, 0; Constant delay
    %assign/vec4/a/d v00000220bd812220, 0, 4;
    %ix/load 4, 30, 0;
    %flag_set/imm 4, 0;
    %load/vec4a v00000220bd812d60, 4;
    %pad/s 32;
    %ix/load 4, 30, 0;
    %flag_set/imm 4, 0;
    %load/vec4a v00000220bd812c20, 4;
    %pad/s 32;
    %mul;
    %ix/load 3, 30, 0;
    %flag_set/imm 4, 0;
    %ix/load 4, 0, 0; Constant delay
    %assign/vec4/a/d v00000220bd812220, 0, 4;
    %ix/load 4, 31, 0;
    %flag_set/imm 4, 0;
    %load/vec4a v00000220bd812d60, 4;
    %pad/s 32;
    %ix/load 4, 31, 0;
    %flag_set/imm 4, 0;
    %load/vec4a v00000220bd812c20, 4;
    %pad/s 32;
    %mul;
    %ix/load 3, 31, 0;
    %flag_set/imm 4, 0;
    %ix/load 4, 0, 0; Constant delay
    %assign/vec4/a/d v00000220bd812220, 0, 4;
T_3.4 ;
    %load/vec4 v00000220bd777490_0;
    %assign/vec4 v00000220bd777530_0, 0;
    %load/vec4 v00000220bd777530_0;
    %flag_set/vec4 8;
    %jmp/0xz  T_3.6, 8;
    %ix/load 4, 0, 0;
    %flag_set/imm 4, 0;
    %load/vec4a v00000220bd812220, 4;
    %ix/load 4, 1, 0;
    %flag_set/imm 4, 0;
    %load/vec4a v00000220bd812220, 4;
    %add;
    %ix/load 3, 0, 0;
    %flag_set/imm 4, 0;
    %ix/load 4, 0, 0; Constant delay
    %assign/vec4/a/d v00000220bd812b80, 0, 4;
    %ix/load 4, 2, 0;
    %flag_set/imm 4, 0;
    %load/vec4a v00000220bd812220, 4;
    %ix/load 4, 3, 0;
    %flag_set/imm 4, 0;
    %load/vec4a v00000220bd812220, 4;
    %add;
    %ix/load 3, 1, 0;
    %flag_set/imm 4, 0;
    %ix/load 4, 0, 0; Constant delay
    %assign/vec4/a/d v00000220bd812b80, 0, 4;
    %ix/load 4, 4, 0;
    %flag_set/imm 4, 0;
    %load/vec4a v00000220bd812220, 4;
    %ix/load 4, 5, 0;
    %flag_set/imm 4, 0;
    %load/vec4a v00000220bd812220, 4;
    %add;
    %ix/load 3, 2, 0;
    %flag_set/imm 4, 0;
    %ix/load 4, 0, 0; Constant delay
    %assign/vec4/a/d v00000220bd812b80, 0, 4;
    %ix/load 4, 6, 0;
    %flag_set/imm 4, 0;
    %load/vec4a v00000220bd812220, 4;
    %ix/load 4, 7, 0;
    %flag_set/imm 4, 0;
    %load/vec4a v00000220bd812220, 4;
    %add;
    %ix/load 3, 3, 0;
    %flag_set/imm 4, 0;
    %ix/load 4, 0, 0; Constant delay
    %assign/vec4/a/d v00000220bd812b80, 0, 4;
    %ix/load 4, 8, 0;
    %flag_set/imm 4, 0;
    %load/vec4a v00000220bd812220, 4;
    %ix/load 4, 9, 0;
    %flag_set/imm 4, 0;
    %load/vec4a v00000220bd812220, 4;
    %add;
    %ix/load 3, 4, 0;
    %flag_set/imm 4, 0;
    %ix/load 4, 0, 0; Constant delay
    %assign/vec4/a/d v00000220bd812b80, 0, 4;
    %ix/load 4, 10, 0;
    %flag_set/imm 4, 0;
    %load/vec4a v00000220bd812220, 4;
    %ix/load 4, 11, 0;
    %flag_set/imm 4, 0;
    %load/vec4a v00000220bd812220, 4;
    %add;
    %ix/load 3, 5, 0;
    %flag_set/imm 4, 0;
    %ix/load 4, 0, 0; Constant delay
    %assign/vec4/a/d v00000220bd812b80, 0, 4;
    %ix/load 4, 12, 0;
    %flag_set/imm 4, 0;
    %load/vec4a v00000220bd812220, 4;
    %ix/load 4, 13, 0;
    %flag_set/imm 4, 0;
    %load/vec4a v00000220bd812220, 4;
    %add;
    %ix/load 3, 6, 0;
    %flag_set/imm 4, 0;
    %ix/load 4, 0, 0; Constant delay
    %assign/vec4/a/d v00000220bd812b80, 0, 4;
    %ix/load 4, 14, 0;
    %flag_set/imm 4, 0;
    %load/vec4a v00000220bd812220, 4;
    %ix/load 4, 15, 0;
    %flag_set/imm 4, 0;
    %load/vec4a v00000220bd812220, 4;
    %add;
    %ix/load 3, 7, 0;
    %flag_set/imm 4, 0;
    %ix/load 4, 0, 0; Constant delay
    %assign/vec4/a/d v00000220bd812b80, 0, 4;
    %ix/load 4, 16, 0;
    %flag_set/imm 4, 0;
    %load/vec4a v00000220bd812220, 4;
    %ix/load 4, 17, 0;
    %flag_set/imm 4, 0;
    %load/vec4a v00000220bd812220, 4;
    %add;
    %ix/load 3, 8, 0;
    %flag_set/imm 4, 0;
    %ix/load 4, 0, 0; Constant delay
    %assign/vec4/a/d v00000220bd812b80, 0, 4;
    %ix/load 4, 18, 0;
    %flag_set/imm 4, 0;
    %load/vec4a v00000220bd812220, 4;
    %ix/load 4, 19, 0;
    %flag_set/imm 4, 0;
    %load/vec4a v00000220bd812220, 4;
    %add;
    %ix/load 3, 9, 0;
    %flag_set/imm 4, 0;
    %ix/load 4, 0, 0; Constant delay
    %assign/vec4/a/d v00000220bd812b80, 0, 4;
    %ix/load 4, 20, 0;
    %flag_set/imm 4, 0;
    %load/vec4a v00000220bd812220, 4;
    %ix/load 4, 21, 0;
    %flag_set/imm 4, 0;
    %load/vec4a v00000220bd812220, 4;
    %add;
    %ix/load 3, 10, 0;
    %flag_set/imm 4, 0;
    %ix/load 4, 0, 0; Constant delay
    %assign/vec4/a/d v00000220bd812b80, 0, 4;
    %ix/load 4, 22, 0;
    %flag_set/imm 4, 0;
    %load/vec4a v00000220bd812220, 4;
    %ix/load 4, 23, 0;
    %flag_set/imm 4, 0;
    %load/vec4a v00000220bd812220, 4;
    %add;
    %ix/load 3, 11, 0;
    %flag_set/imm 4, 0;
    %ix/load 4, 0, 0; Constant delay
    %assign/vec4/a/d v00000220bd812b80, 0, 4;
    %ix/load 4, 24, 0;
    %flag_set/imm 4, 0;
    %load/vec4a v00000220bd812220, 4;
    %ix/load 4, 25, 0;
    %flag_set/imm 4, 0;
    %load/vec4a v00000220bd812220, 4;
    %add;
    %ix/load 3, 12, 0;
    %flag_set/imm 4, 0;
    %ix/load 4, 0, 0; Constant delay
    %assign/vec4/a/d v00000220bd812b80, 0, 4;
    %ix/load 4, 26, 0;
    %flag_set/imm 4, 0;
    %load/vec4a v00000220bd812220, 4;
    %ix/load 4, 27, 0;
    %flag_set/imm 4, 0;
    %load/vec4a v00000220bd812220, 4;
    %add;
    %ix/load 3, 13, 0;
    %flag_set/imm 4, 0;
    %ix/load 4, 0, 0; Constant delay
    %assign/vec4/a/d v00000220bd812b80, 0, 4;
    %ix/load 4, 28, 0;
    %flag_set/imm 4, 0;
    %load/vec4a v00000220bd812220, 4;
    %ix/load 4, 29, 0;
    %flag_set/imm 4, 0;
    %load/vec4a v00000220bd812220, 4;
    %add;
    %ix/load 3, 14, 0;
    %flag_set/imm 4, 0;
    %ix/load 4, 0, 0; Constant delay
    %assign/vec4/a/d v00000220bd812b80, 0, 4;
    %ix/load 4, 30, 0;
    %flag_set/imm 4, 0;
    %load/vec4a v00000220bd812220, 4;
    %ix/load 4, 31, 0;
    %flag_set/imm 4, 0;
    %load/vec4a v00000220bd812220, 4;
    %add;
    %ix/load 3, 15, 0;
    %flag_set/imm 4, 0;
    %ix/load 4, 0, 0; Constant delay
    %assign/vec4/a/d v00000220bd812b80, 0, 4;
T_3.6 ;
    %load/vec4 v00000220bd777530_0;
    %assign/vec4 v00000220bd812a40_0, 0;
    %load/vec4 v00000220bd812a40_0;
    %flag_set/vec4 8;
    %jmp/0xz  T_3.8, 8;
    %ix/load 4, 0, 0;
    %flag_set/imm 4, 0;
    %load/vec4a v00000220bd812b80, 4;
    %ix/load 4, 1, 0;
    %flag_set/imm 4, 0;
    %load/vec4a v00000220bd812b80, 4;
    %add;
    %ix/load 3, 0, 0;
    %flag_set/imm 4, 0;
    %ix/load 4, 0, 0; Constant delay
    %assign/vec4/a/d v00000220bd812e00, 0, 4;
    %ix/load 4, 2, 0;
    %flag_set/imm 4, 0;
    %load/vec4a v00000220bd812b80, 4;
    %ix/load 4, 3, 0;
    %flag_set/imm 4, 0;
    %load/vec4a v00000220bd812b80, 4;
    %add;
    %ix/load 3, 1, 0;
    %flag_set/imm 4, 0;
    %ix/load 4, 0, 0; Constant delay
    %assign/vec4/a/d v00000220bd812e00, 0, 4;
    %ix/load 4, 4, 0;
    %flag_set/imm 4, 0;
    %load/vec4a v00000220bd812b80, 4;
    %ix/load 4, 5, 0;
    %flag_set/imm 4, 0;
    %load/vec4a v00000220bd812b80, 4;
    %add;
    %ix/load 3, 2, 0;
    %flag_set/imm 4, 0;
    %ix/load 4, 0, 0; Constant delay
    %assign/vec4/a/d v00000220bd812e00, 0, 4;
    %ix/load 4, 6, 0;
    %flag_set/imm 4, 0;
    %load/vec4a v00000220bd812b80, 4;
    %ix/load 4, 7, 0;
    %flag_set/imm 4, 0;
    %load/vec4a v00000220bd812b80, 4;
    %add;
    %ix/load 3, 3, 0;
    %flag_set/imm 4, 0;
    %ix/load 4, 0, 0; Constant delay
    %assign/vec4/a/d v00000220bd812e00, 0, 4;
    %ix/load 4, 8, 0;
    %flag_set/imm 4, 0;
    %load/vec4a v00000220bd812b80, 4;
    %ix/load 4, 9, 0;
    %flag_set/imm 4, 0;
    %load/vec4a v00000220bd812b80, 4;
    %add;
    %ix/load 3, 4, 0;
    %flag_set/imm 4, 0;
    %ix/load 4, 0, 0; Constant delay
    %assign/vec4/a/d v00000220bd812e00, 0, 4;
    %ix/load 4, 10, 0;
    %flag_set/imm 4, 0;
    %load/vec4a v00000220bd812b80, 4;
    %ix/load 4, 11, 0;
    %flag_set/imm 4, 0;
    %load/vec4a v00000220bd812b80, 4;
    %add;
    %ix/load 3, 5, 0;
    %flag_set/imm 4, 0;
    %ix/load 4, 0, 0; Constant delay
    %assign/vec4/a/d v00000220bd812e00, 0, 4;
    %ix/load 4, 12, 0;
    %flag_set/imm 4, 0;
    %load/vec4a v00000220bd812b80, 4;
    %ix/load 4, 13, 0;
    %flag_set/imm 4, 0;
    %load/vec4a v00000220bd812b80, 4;
    %add;
    %ix/load 3, 6, 0;
    %flag_set/imm 4, 0;
    %ix/load 4, 0, 0; Constant delay
    %assign/vec4/a/d v00000220bd812e00, 0, 4;
    %ix/load 4, 14, 0;
    %flag_set/imm 4, 0;
    %load/vec4a v00000220bd812b80, 4;
    %ix/load 4, 15, 0;
    %flag_set/imm 4, 0;
    %load/vec4a v00000220bd812b80, 4;
    %add;
    %ix/load 3, 7, 0;
    %flag_set/imm 4, 0;
    %ix/load 4, 0, 0; Constant delay
    %assign/vec4/a/d v00000220bd812e00, 0, 4;
T_3.8 ;
    %load/vec4 v00000220bd812a40_0;
    %assign/vec4 v00000220bd812180_0, 0;
    %load/vec4 v00000220bd812180_0;
    %flag_set/vec4 8;
    %jmp/0xz  T_3.10, 8;
    %ix/load 4, 0, 0;
    %flag_set/imm 4, 0;
    %load/vec4a v00000220bd812e00, 4;
    %ix/load 4, 1, 0;
    %flag_set/imm 4, 0;
    %load/vec4a v00000220bd812e00, 4;
    %add;
    %ix/load 3, 0, 0;
    %flag_set/imm 4, 0;
    %ix/load 4, 0, 0; Constant delay
    %assign/vec4/a/d v00000220bd8122c0, 0, 4;
    %ix/load 4, 2, 0;
    %flag_set/imm 4, 0;
    %load/vec4a v00000220bd812e00, 4;
    %ix/load 4, 3, 0;
    %flag_set/imm 4, 0;
    %load/vec4a v00000220bd812e00, 4;
    %add;
    %ix/load 3, 1, 0;
    %flag_set/imm 4, 0;
    %ix/load 4, 0, 0; Constant delay
    %assign/vec4/a/d v00000220bd8122c0, 0, 4;
    %ix/load 4, 4, 0;
    %flag_set/imm 4, 0;
    %load/vec4a v00000220bd812e00, 4;
    %ix/load 4, 5, 0;
    %flag_set/imm 4, 0;
    %load/vec4a v00000220bd812e00, 4;
    %add;
    %ix/load 3, 2, 0;
    %flag_set/imm 4, 0;
    %ix/load 4, 0, 0; Constant delay
    %assign/vec4/a/d v00000220bd8122c0, 0, 4;
    %ix/load 4, 6, 0;
    %flag_set/imm 4, 0;
    %load/vec4a v00000220bd812e00, 4;
    %ix/load 4, 7, 0;
    %flag_set/imm 4, 0;
    %load/vec4a v00000220bd812e00, 4;
    %add;
    %ix/load 3, 3, 0;
    %flag_set/imm 4, 0;
    %ix/load 4, 0, 0; Constant delay
    %assign/vec4/a/d v00000220bd8122c0, 0, 4;
T_3.10 ;
    %load/vec4 v00000220bd812180_0;
    %assign/vec4 v00000220bd811fa0_0, 0;
    %load/vec4 v00000220bd811fa0_0;
    %flag_set/vec4 8;
    %jmp/0xz  T_3.12, 8;
    %ix/load 4, 0, 0;
    %flag_set/imm 4, 0;
    %load/vec4a v00000220bd8122c0, 4;
    %ix/load 4, 1, 0;
    %flag_set/imm 4, 0;
    %load/vec4a v00000220bd8122c0, 4;
    %add;
    %ix/load 3, 0, 0;
    %flag_set/imm 4, 0;
    %ix/load 4, 0, 0; Constant delay
    %assign/vec4/a/d v00000220bd8125e0, 0, 4;
    %ix/load 4, 2, 0;
    %flag_set/imm 4, 0;
    %load/vec4a v00000220bd8122c0, 4;
    %ix/load 4, 3, 0;
    %flag_set/imm 4, 0;
    %load/vec4a v00000220bd8122c0, 4;
    %add;
    %ix/load 3, 1, 0;
    %flag_set/imm 4, 0;
    %ix/load 4, 0, 0; Constant delay
    %assign/vec4/a/d v00000220bd8125e0, 0, 4;
T_3.12 ;
    %load/vec4 v00000220bd811fa0_0;
    %assign/vec4 v00000220bd812ae0_0, 0;
    %load/vec4 v00000220bd812ae0_0;
    %flag_set/vec4 8;
    %jmp/0xz  T_3.14, 8;
    %ix/load 4, 0, 0;
    %flag_set/imm 4, 0;
    %load/vec4a v00000220bd8125e0, 4;
    %ix/load 4, 1, 0;
    %flag_set/imm 4, 0;
    %load/vec4a v00000220bd8125e0, 4;
    %add;
    %load/vec4 v00000220bd732c90_0;
    %pad/s 32;
    %ix/load 4, 8, 0;
    %flag_set/imm 4, 0;
    %shiftl 4;
    %add;
    %assign/vec4 v00000220bd812cc0_0, 0;
T_3.14 ;
    %load/vec4 v00000220bd812ae0_0;
    %assign/vec4 v00000220bd812900_0, 0;
    %load/vec4 v00000220bd812900_0;
    %flag_set/vec4 8;
    %jmp/0xz  T_3.16, 8;
    %load/vec4 v00000220bd812cc0_0;
    %parti/s 16, 8, 5;
    %assign/vec4 v00000220bd812360_0, 0;
    %pushi/vec4 1, 0, 1;
    %assign/vec4 v00000220bd812680_0, 0;
    %jmp T_3.17;
T_3.16 ;
    %pushi/vec4 0, 0, 1;
    %assign/vec4 v00000220bd812680_0, 0;
T_3.17 ;
T_3.1 ;
    %jmp T_3;
    .thread T_3;
    .scope S_00000220bd77f2a0;
T_4 ;
    %vpi_call/w 4 22 "$readmemh", "src/layers/hex_data/Discriminator_Layer3_Weights_All.hex", v00000220bd813e10 {0 0 0};
    %vpi_call/w 4 23 "$readmemh", "src/layers/hex_data/Discriminator_Layer3_Biases_All.hex", v00000220bd812040 {0 0 0};
    %end;
    .thread T_4;
    .scope S_00000220bd77f2a0;
T_5 ;
    %wait E_00000220bd7d5430;
    %load/vec4 v00000220bd812540_0;
    %flag_set/vec4 8;
    %jmp/0xz  T_5.0, 8;
    %pushi/vec4 0, 0, 16;
    %assign/vec4 v00000220bd813b90_0, 0;
    %pushi/vec4 0, 0, 1;
    %assign/vec4 v00000220bd812860_0, 0;
    %pushi/vec4 0, 0, 1;
    %assign/vec4 v00000220bd8120e0_0, 0;
    %jmp T_5.1;
T_5.0 ;
    %load/vec4 v00000220bd812400_0;
    %assign/vec4 v00000220bd8120e0_0, 0;
    %load/vec4 v00000220bd812400_0;
    %flag_set/vec4 8;
    %jmp/0xz  T_5.2, 8;
    %load/vec4 v00000220bd8124a0_0;
    %assign/vec4 v00000220bd813b90_0, 0;
    %load/vec4 v00000220bd8124a0_0;
    %cmpi/s 0, 0, 16;
    %flag_or 5, 4; GT is !LE
    %flag_inv 5;
    %jmp/0xz  T_5.4, 5;
    %pushi/vec4 1, 0, 1;
    %assign/vec4 v00000220bd812860_0, 0;
    %jmp T_5.5;
T_5.4 ;
    %pushi/vec4 0, 0, 1;
    %assign/vec4 v00000220bd812860_0, 0;
T_5.5 ;
T_5.2 ;
T_5.1 ;
    %jmp T_5;
    .thread T_5;
    .scope S_00000220bd7e4240;
T_6 ;
    %wait E_00000220bd7d5370;
    %pushi/vec4 0, 0, 32;
    %store/vec4 v00000220bd812fb0_0, 0, 32;
T_6.0 ;
    %load/vec4 v00000220bd812fb0_0;
    %cmpi/s 32, 0, 32;
    %jmp/0xz T_6.1, 5;
    %ix/getv/s 4, v00000220bd812fb0_0;
    %load/vec4a v00000220bd813410, 4;
    %load/vec4 v00000220bd812fb0_0;
    %addi 1, 0, 32;
    %muli 16, 0, 32;
    %subi 1, 0, 32;
    %pad/s 34;
    %subi 15, 0, 34;
    %ix/vec4/s 4;
    %store/vec4 v00000220bd814e50_0, 4, 16;
    %load/vec4 v00000220bd812fb0_0;
    %addi 1, 0, 32;
    %store/vec4 v00000220bd812fb0_0, 0, 32;
    %jmp T_6.0;
T_6.1 ;
    %jmp T_6;
    .thread T_6, $push;
    .scope S_00000220bd7e4240;
T_7 ;
    %pushi/vec4 0, 0, 1;
    %store/vec4 v00000220bd814bd0_0, 0, 1;
T_7.0 ;
    %delay 5000, 0;
    %load/vec4 v00000220bd814bd0_0;
    %inv;
    %store/vec4 v00000220bd814bd0_0, 0, 1;
    %jmp T_7.0;
    %end;
    .thread T_7;
    .scope S_00000220bd7e4240;
T_8 ;
    %vpi_call/w 3 71 "$dumpfile", "vcd/discriminator_layer3_test.vcd" {0 0 0};
    %vpi_call/w 3 72 "$dumpvars", 32'sb00000000000000000000000000000000, S_00000220bd7e4240 {0 0 0};
    %pushi/vec4 1, 0, 1;
    %store/vec4 v00000220bd8148b0_0, 0, 1;
    %pushi/vec4 0, 0, 1;
    %store/vec4 v00000220bd813a50_0, 0, 1;
    %delay 20000, 0;
    %pushi/vec4 0, 0, 1;
    %store/vec4 v00000220bd8148b0_0, 0, 1;
    %pushi/vec4 0, 0, 32;
    %store/vec4 v00000220bd814270_0, 0, 32;
T_8.0 ;
    %load/vec4 v00000220bd814270_0;
    %cmpi/s 32, 0, 32;
    %jmp/0xz T_8.1, 5;
    %pushi/vec4 0, 0, 16;
    %ix/getv/s 4, v00000220bd814270_0;
    %store/vec4a v00000220bd813410, 4, 0;
    %load/vec4 v00000220bd814270_0;
    %addi 1, 0, 32;
    %store/vec4 v00000220bd814270_0, 0, 32;
    %jmp T_8.0;
T_8.1 ;
    %vpi_call/w 3 85 "$display", "--------------------------------------------------" {0 0 0};
    %vpi_call/w 3 86 "$display", "   TESTING DISCRIMINATOR LAYER 3" {0 0 0};
    %vpi_call/w 3 87 "$display", "   Input: 256 values -> Output: 1 neuron" {0 0 0};
    %vpi_call/w 3 88 "$display", "--------------------------------------------------" {0 0 0};
    %vpi_call/w 3 91 "$display", "\012Test Case 1: Zero Inputs" {0 0 0};
    %pushi/vec4 0, 0, 32;
    %store/vec4 v00000220bd814270_0, 0, 32;
T_8.2 ;
    %load/vec4 v00000220bd814270_0;
    %cmpi/s 32, 0, 32;
    %jmp/0xz T_8.3, 5;
    %pushi/vec4 0, 0, 16;
    %ix/getv/s 4, v00000220bd814270_0;
    %store/vec4a v00000220bd813410, 4, 0;
    %load/vec4 v00000220bd814270_0;
    %addi 1, 0, 32;
    %store/vec4 v00000220bd814270_0, 0, 32;
    %jmp T_8.2;
T_8.3 ;
    %wait E_00000220bd7d3e30;
    %pushi/vec4 1, 0, 1;
    %store/vec4 v00000220bd813a50_0, 0, 1;
    %wait E_00000220bd7d3e30;
    %pushi/vec4 0, 0, 1;
    %store/vec4 v00000220bd813a50_0, 0, 1;
    %pushi/vec4 8, 0, 32;
T_8.4 %dup/vec4;
    %pushi/vec4 0, 0, 32;
    %cmp/s;
    %jmp/1xz T_8.5, 5;
    %jmp/1 T_8.5, 4;
    %pushi/vec4 1, 0, 32;
    %sub;
    %wait E_00000220bd7d3e30;
    %jmp T_8.4;
T_8.5 ;
    %pop/vec4 1;
    %delay 1000, 0;
    %vpi_call/w 3 105 "$display", "Layer 3 Output (with zero input):" {0 0 0};
    %load/vec4 v00000220bd814770_0;
    %store/vec4 v00000220bd764810_0, 0, 16;
    %callf/real TD_layer3_discriminator_tb.q8_8_to_real, S_00000220bd7e9b30;
    %store/real v00000220bd77f200_0;
    %callf/real TD_layer3_discriminator_tb.sigmoid, S_00000220bd77efd0;
    %load/vec4 v00000220bd814770_0;
    %store/vec4 v00000220bd764810_0, 0, 16;
    %callf/real TD_layer3_discriminator_tb.q8_8_to_real, S_00000220bd7e9b30;
    %store/real v00000220bd77f200_0;
    %callf/real TD_layer3_discriminator_tb.sigmoid, S_00000220bd77efd0;
    %store/real v00000220bd7de6a0_0;
    %callf/vec4 TD_layer3_discriminator_tb.real_to_q8_8, S_00000220bd7e9cc0;
    %vpi_call/w 3 106 "$display", "[ 0] = %10.6f (hex: 0x%h)", W<0,r>, S<0,vec4,s16> {1 1 0};
    %pushi/real 1507859938, 4063; load=0.175538
    %pushi/real 1721745, 4041; load=0.175538
    %add/wr;
    %load/vec4 v00000220bd814770_0;
    %store/vec4 v00000220bd764810_0, 0, 16;
    %callf/real TD_layer3_discriminator_tb.q8_8_to_real, S_00000220bd7e9b30;
    %store/real v00000220bd77f200_0;
    %callf/real TD_layer3_discriminator_tb.sigmoid, S_00000220bd77efd0;
    %sub/wr;
    %vpi_func/r 3 110 "$abs", W<0,r> {0 1 0};
    %vpi_call/w 3 110 "$display", "\012Discriminator Layer 3 MAE (Zero Input): %f", W<0,r> {0 1 0};
    %vpi_call/w 3 111 "$display", "KESIMPULAN: Fixed-point simulation for Discriminator Layer 3 (zero input) is consistent." {0 0 0};
    %vpi_call/w 3 114 "$display", "\012Test Case 2: Random Inputs" {0 0 0};
    %pushi/vec4 0, 0, 32;
    %store/vec4 v00000220bd814270_0, 0, 32;
T_8.6 ;
    %load/vec4 v00000220bd814270_0;
    %cmpi/s 32, 0, 32;
    %jmp/0xz T_8.7, 5;
    %pushi/vec4 50, 0, 16;
    %ix/getv/s 4, v00000220bd814270_0;
    %store/vec4a v00000220bd813410, 4, 0;
    %load/vec4 v00000220bd814270_0;
    %addi 1, 0, 32;
    %store/vec4 v00000220bd814270_0, 0, 32;
    %jmp T_8.6;
T_8.7 ;
    %wait E_00000220bd7d3e30;
    %pushi/vec4 1, 0, 1;
    %store/vec4 v00000220bd813a50_0, 0, 1;
    %wait E_00000220bd7d3e30;
    %pushi/vec4 0, 0, 1;
    %store/vec4 v00000220bd813a50_0, 0, 1;
    %pushi/vec4 8, 0, 32;
T_8.8 %dup/vec4;
    %pushi/vec4 0, 0, 32;
    %cmp/s;
    %jmp/1xz T_8.9, 5;
    %jmp/1 T_8.9, 4;
    %pushi/vec4 1, 0, 32;
    %sub;
    %wait E_00000220bd7d3e30;
    %jmp T_8.8;
T_8.9 ;
    %pop/vec4 1;
    %delay 1000, 0;
    %vpi_call/w 3 128 "$display", "Layer 3 Output (with random input):" {0 0 0};
    %load/vec4 v00000220bd814770_0;
    %store/vec4 v00000220bd764810_0, 0, 16;
    %callf/real TD_layer3_discriminator_tb.q8_8_to_real, S_00000220bd7e9b30;
    %store/real v00000220bd77f200_0;
    %callf/real TD_layer3_discriminator_tb.sigmoid, S_00000220bd77efd0;
    %load/vec4 v00000220bd814770_0;
    %store/vec4 v00000220bd764810_0, 0, 16;
    %callf/real TD_layer3_discriminator_tb.q8_8_to_real, S_00000220bd7e9b30;
    %store/real v00000220bd77f200_0;
    %callf/real TD_layer3_discriminator_tb.sigmoid, S_00000220bd77efd0;
    %store/real v00000220bd7de6a0_0;
    %callf/vec4 TD_layer3_discriminator_tb.real_to_q8_8, S_00000220bd7e9cc0;
    %vpi_call/w 3 129 "$display", "[ 0] = %10.6f (hex: 0x%h)", W<0,r>, S<0,vec4,s16> {1 1 0};
    %pushi/real 1503399614, 4065; load=0.700075
    %pushi/real 3664144, 4043; load=0.700075
    %add/wr;
    %load/vec4 v00000220bd814770_0;
    %store/vec4 v00000220bd764810_0, 0, 16;
    %callf/real TD_layer3_discriminator_tb.q8_8_to_real, S_00000220bd7e9b30;
    %store/real v00000220bd77f200_0;
    %callf/real TD_layer3_discriminator_tb.sigmoid, S_00000220bd77efd0;
    %sub/wr;
    %vpi_func/r 3 133 "$abs", W<0,r> {0 1 0};
    %vpi_call/w 3 133 "$display", "\012Discriminator Layer 3 MAE (Random Input): %f", W<0,r> {0 1 0};
    %vpi_call/w 3 134 "$display", "KESIMPULAN: Fixed-point simulation for Discriminator Layer 3 (random input) is consistent." {0 0 0};
    %vpi_call/w 3 137 "$display", "\012Test Case 3: Large Positive Inputs" {0 0 0};
    %pushi/vec4 0, 0, 32;
    %store/vec4 v00000220bd814270_0, 0, 32;
T_8.10 ;
    %load/vec4 v00000220bd814270_0;
    %cmpi/s 32, 0, 32;
    %jmp/0xz T_8.11, 5;
    %pushi/vec4 25600, 0, 16;
    %ix/getv/s 4, v00000220bd814270_0;
    %store/vec4a v00000220bd813410, 4, 0;
    %load/vec4 v00000220bd814270_0;
    %addi 1, 0, 32;
    %store/vec4 v00000220bd814270_0, 0, 32;
    %jmp T_8.10;
T_8.11 ;
    %wait E_00000220bd7d3e30;
    %pushi/vec4 1, 0, 1;
    %store/vec4 v00000220bd813a50_0, 0, 1;
    %wait E_00000220bd7d3e30;
    %pushi/vec4 0, 0, 1;
    %store/vec4 v00000220bd813a50_0, 0, 1;
    %pushi/vec4 8, 0, 32;
T_8.12 %dup/vec4;
    %pushi/vec4 0, 0, 32;
    %cmp/s;
    %jmp/1xz T_8.13, 5;
    %jmp/1 T_8.13, 4;
    %pushi/vec4 1, 0, 32;
    %sub;
    %wait E_00000220bd7d3e30;
    %jmp T_8.12;
T_8.13 ;
    %pop/vec4 1;
    %delay 1000, 0;
    %vpi_call/w 3 151 "$display", "Layer 3 Output (with large positive input):" {0 0 0};
    %load/vec4 v00000220bd814770_0;
    %store/vec4 v00000220bd764810_0, 0, 16;
    %callf/real TD_layer3_discriminator_tb.q8_8_to_real, S_00000220bd7e9b30;
    %store/real v00000220bd77f200_0;
    %callf/real TD_layer3_discriminator_tb.sigmoid, S_00000220bd77efd0;
    %load/vec4 v00000220bd814770_0;
    %store/vec4 v00000220bd764810_0, 0, 16;
    %callf/real TD_layer3_discriminator_tb.q8_8_to_real, S_00000220bd7e9b30;
    %store/real v00000220bd77f200_0;
    %callf/real TD_layer3_discriminator_tb.sigmoid, S_00000220bd77efd0;
    %store/real v00000220bd7de6a0_0;
    %callf/vec4 TD_layer3_discriminator_tb.real_to_q8_8, S_00000220bd7e9cc0;
    %vpi_call/w 3 152 "$display", "[ 0] = %10.6f (hex: 0x%h)", W<0,r>, S<0,vec4,s16> {1 1 0};
    %pushi/real 1073741824, 4066; load=1.00000
    %load/vec4 v00000220bd814770_0;
    %store/vec4 v00000220bd764810_0, 0, 16;
    %callf/real TD_layer3_discriminator_tb.q8_8_to_real, S_00000220bd7e9b30;
    %store/real v00000220bd77f200_0;
    %callf/real TD_layer3_discriminator_tb.sigmoid, S_00000220bd77efd0;
    %sub/wr;
    %vpi_func/r 3 156 "$abs", W<0,r> {0 1 0};
    %vpi_call/w 3 156 "$display", "\012Discriminator Layer 3 MAE (Large Positive Input): %f", W<0,r> {0 1 0};
    %vpi_call/w 3 157 "$display", "KESIMPULAN: Fixed-point simulation for Discriminator Layer 3 (large positive input) is consistent." {0 0 0};
    %vpi_call/w 3 159 "$display", "--------------------------------------------------" {0 0 0};
    %vpi_call/w 3 160 "$display", "Layer 3 Test Complete" {0 0 0};
    %vpi_call/w 3 161 "$display", "--------------------------------------------------" {0 0 0};
    %vpi_call/w 3 163 "$finish" {0 0 0};
    %end;
    .thread T_8;
# The file index is used to find the file name in the following table.
:file_names 6;
    "N/A";
    "<interactive>";
    "-";
    "src/layers/layer3_discriminator_tb.v";
    "src/layers/layer3_discriminator.v";
    "src/layers/pipelined_mac.v";
