#! /c/Source/iverilog-install/bin/vvp
:ivl_version "12.0 (devel)" "(s20150603-1539-g2693dd32b)";
:ivl_delay_selection "TYPICAL";
:vpi_time_precision - 12;
:vpi_module "C:\iverilog\lib\ivl\system.vpi";
:vpi_module "C:\iverilog\lib\ivl\vhdl_sys.vpi";
:vpi_module "C:\iverilog\lib\ivl\vhdl_textio.vpi";
:vpi_module "C:\iverilog\lib\ivl\v2005_math.vpi";
:vpi_module "C:\iverilog\lib\ivl\va_math.vpi";
:vpi_module "C:\iverilog\lib\ivl\v2009.vpi";
S_00000174b2070d10 .scope package, "$unit" "$unit" 2 1;
 .timescale 0 0;
S_00000174b203a150 .scope module, "layer1_discriminator_tb" "layer1_discriminator_tb" 3 3;
 .timescale -9 -12;
v00000174b20ca840_0 .var "clk", 0 0;
v00000174b20c9940_0 .net "done", 0 0, v00000174b20ca7a0_0;  1 drivers
v00000174b20c93a0_0 .var/s "flat_input", 4095 0;
v00000174b20ca480_0 .net/s "flat_output", 2047 0, v00000174b20cae80_0;  1 drivers
v00000174b20c9580_0 .var/i "i_pack", 31 0;
v00000174b20c9620 .array/s "inputs", 255 0, 15 0;
v00000174b20caac0_0 .var/i "k", 31 0;
v00000174b20c9f80_0 .var/i "m", 31 0;
v00000174b20ca520_0 .var "rst", 0 0;
v00000174b20cac00_0 .var "start", 0 0;
E_00000174b206b080 .event anyedge, v00000174b20ca7a0_0;
E_00000174b206abc0 .event posedge, v00000174b20c98a0_0;
v00000174b20c9620_0 .array/port v00000174b20c9620, 0;
v00000174b20c9620_1 .array/port v00000174b20c9620, 1;
v00000174b20c9620_2 .array/port v00000174b20c9620, 2;
v00000174b20c9620_3 .array/port v00000174b20c9620, 3;
E_00000174b206a980/0 .event anyedge, v00000174b20c9620_0, v00000174b20c9620_1, v00000174b20c9620_2, v00000174b20c9620_3;
v00000174b20c9620_4 .array/port v00000174b20c9620, 4;
v00000174b20c9620_5 .array/port v00000174b20c9620, 5;
v00000174b20c9620_6 .array/port v00000174b20c9620, 6;
v00000174b20c9620_7 .array/port v00000174b20c9620, 7;
E_00000174b206a980/1 .event anyedge, v00000174b20c9620_4, v00000174b20c9620_5, v00000174b20c9620_6, v00000174b20c9620_7;
v00000174b20c9620_8 .array/port v00000174b20c9620, 8;
v00000174b20c9620_9 .array/port v00000174b20c9620, 9;
v00000174b20c9620_10 .array/port v00000174b20c9620, 10;
v00000174b20c9620_11 .array/port v00000174b20c9620, 11;
E_00000174b206a980/2 .event anyedge, v00000174b20c9620_8, v00000174b20c9620_9, v00000174b20c9620_10, v00000174b20c9620_11;
v00000174b20c9620_12 .array/port v00000174b20c9620, 12;
v00000174b20c9620_13 .array/port v00000174b20c9620, 13;
v00000174b20c9620_14 .array/port v00000174b20c9620, 14;
v00000174b20c9620_15 .array/port v00000174b20c9620, 15;
E_00000174b206a980/3 .event anyedge, v00000174b20c9620_12, v00000174b20c9620_13, v00000174b20c9620_14, v00000174b20c9620_15;
v00000174b20c9620_16 .array/port v00000174b20c9620, 16;
v00000174b20c9620_17 .array/port v00000174b20c9620, 17;
v00000174b20c9620_18 .array/port v00000174b20c9620, 18;
v00000174b20c9620_19 .array/port v00000174b20c9620, 19;
E_00000174b206a980/4 .event anyedge, v00000174b20c9620_16, v00000174b20c9620_17, v00000174b20c9620_18, v00000174b20c9620_19;
v00000174b20c9620_20 .array/port v00000174b20c9620, 20;
v00000174b20c9620_21 .array/port v00000174b20c9620, 21;
v00000174b20c9620_22 .array/port v00000174b20c9620, 22;
v00000174b20c9620_23 .array/port v00000174b20c9620, 23;
E_00000174b206a980/5 .event anyedge, v00000174b20c9620_20, v00000174b20c9620_21, v00000174b20c9620_22, v00000174b20c9620_23;
v00000174b20c9620_24 .array/port v00000174b20c9620, 24;
v00000174b20c9620_25 .array/port v00000174b20c9620, 25;
v00000174b20c9620_26 .array/port v00000174b20c9620, 26;
v00000174b20c9620_27 .array/port v00000174b20c9620, 27;
E_00000174b206a980/6 .event anyedge, v00000174b20c9620_24, v00000174b20c9620_25, v00000174b20c9620_26, v00000174b20c9620_27;
v00000174b20c9620_28 .array/port v00000174b20c9620, 28;
v00000174b20c9620_29 .array/port v00000174b20c9620, 29;
v00000174b20c9620_30 .array/port v00000174b20c9620, 30;
v00000174b20c9620_31 .array/port v00000174b20c9620, 31;
E_00000174b206a980/7 .event anyedge, v00000174b20c9620_28, v00000174b20c9620_29, v00000174b20c9620_30, v00000174b20c9620_31;
v00000174b20c9620_32 .array/port v00000174b20c9620, 32;
v00000174b20c9620_33 .array/port v00000174b20c9620, 33;
v00000174b20c9620_34 .array/port v00000174b20c9620, 34;
v00000174b20c9620_35 .array/port v00000174b20c9620, 35;
E_00000174b206a980/8 .event anyedge, v00000174b20c9620_32, v00000174b20c9620_33, v00000174b20c9620_34, v00000174b20c9620_35;
v00000174b20c9620_36 .array/port v00000174b20c9620, 36;
v00000174b20c9620_37 .array/port v00000174b20c9620, 37;
v00000174b20c9620_38 .array/port v00000174b20c9620, 38;
v00000174b20c9620_39 .array/port v00000174b20c9620, 39;
E_00000174b206a980/9 .event anyedge, v00000174b20c9620_36, v00000174b20c9620_37, v00000174b20c9620_38, v00000174b20c9620_39;
v00000174b20c9620_40 .array/port v00000174b20c9620, 40;
v00000174b20c9620_41 .array/port v00000174b20c9620, 41;
v00000174b20c9620_42 .array/port v00000174b20c9620, 42;
v00000174b20c9620_43 .array/port v00000174b20c9620, 43;
E_00000174b206a980/10 .event anyedge, v00000174b20c9620_40, v00000174b20c9620_41, v00000174b20c9620_42, v00000174b20c9620_43;
v00000174b20c9620_44 .array/port v00000174b20c9620, 44;
v00000174b20c9620_45 .array/port v00000174b20c9620, 45;
v00000174b20c9620_46 .array/port v00000174b20c9620, 46;
v00000174b20c9620_47 .array/port v00000174b20c9620, 47;
E_00000174b206a980/11 .event anyedge, v00000174b20c9620_44, v00000174b20c9620_45, v00000174b20c9620_46, v00000174b20c9620_47;
v00000174b20c9620_48 .array/port v00000174b20c9620, 48;
v00000174b20c9620_49 .array/port v00000174b20c9620, 49;
v00000174b20c9620_50 .array/port v00000174b20c9620, 50;
v00000174b20c9620_51 .array/port v00000174b20c9620, 51;
E_00000174b206a980/12 .event anyedge, v00000174b20c9620_48, v00000174b20c9620_49, v00000174b20c9620_50, v00000174b20c9620_51;
v00000174b20c9620_52 .array/port v00000174b20c9620, 52;
v00000174b20c9620_53 .array/port v00000174b20c9620, 53;
v00000174b20c9620_54 .array/port v00000174b20c9620, 54;
v00000174b20c9620_55 .array/port v00000174b20c9620, 55;
E_00000174b206a980/13 .event anyedge, v00000174b20c9620_52, v00000174b20c9620_53, v00000174b20c9620_54, v00000174b20c9620_55;
v00000174b20c9620_56 .array/port v00000174b20c9620, 56;
v00000174b20c9620_57 .array/port v00000174b20c9620, 57;
v00000174b20c9620_58 .array/port v00000174b20c9620, 58;
v00000174b20c9620_59 .array/port v00000174b20c9620, 59;
E_00000174b206a980/14 .event anyedge, v00000174b20c9620_56, v00000174b20c9620_57, v00000174b20c9620_58, v00000174b20c9620_59;
v00000174b20c9620_60 .array/port v00000174b20c9620, 60;
v00000174b20c9620_61 .array/port v00000174b20c9620, 61;
v00000174b20c9620_62 .array/port v00000174b20c9620, 62;
v00000174b20c9620_63 .array/port v00000174b20c9620, 63;
E_00000174b206a980/15 .event anyedge, v00000174b20c9620_60, v00000174b20c9620_61, v00000174b20c9620_62, v00000174b20c9620_63;
v00000174b20c9620_64 .array/port v00000174b20c9620, 64;
v00000174b20c9620_65 .array/port v00000174b20c9620, 65;
v00000174b20c9620_66 .array/port v00000174b20c9620, 66;
v00000174b20c9620_67 .array/port v00000174b20c9620, 67;
E_00000174b206a980/16 .event anyedge, v00000174b20c9620_64, v00000174b20c9620_65, v00000174b20c9620_66, v00000174b20c9620_67;
v00000174b20c9620_68 .array/port v00000174b20c9620, 68;
v00000174b20c9620_69 .array/port v00000174b20c9620, 69;
v00000174b20c9620_70 .array/port v00000174b20c9620, 70;
v00000174b20c9620_71 .array/port v00000174b20c9620, 71;
E_00000174b206a980/17 .event anyedge, v00000174b20c9620_68, v00000174b20c9620_69, v00000174b20c9620_70, v00000174b20c9620_71;
v00000174b20c9620_72 .array/port v00000174b20c9620, 72;
v00000174b20c9620_73 .array/port v00000174b20c9620, 73;
v00000174b20c9620_74 .array/port v00000174b20c9620, 74;
v00000174b20c9620_75 .array/port v00000174b20c9620, 75;
E_00000174b206a980/18 .event anyedge, v00000174b20c9620_72, v00000174b20c9620_73, v00000174b20c9620_74, v00000174b20c9620_75;
v00000174b20c9620_76 .array/port v00000174b20c9620, 76;
v00000174b20c9620_77 .array/port v00000174b20c9620, 77;
v00000174b20c9620_78 .array/port v00000174b20c9620, 78;
v00000174b20c9620_79 .array/port v00000174b20c9620, 79;
E_00000174b206a980/19 .event anyedge, v00000174b20c9620_76, v00000174b20c9620_77, v00000174b20c9620_78, v00000174b20c9620_79;
v00000174b20c9620_80 .array/port v00000174b20c9620, 80;
v00000174b20c9620_81 .array/port v00000174b20c9620, 81;
v00000174b20c9620_82 .array/port v00000174b20c9620, 82;
v00000174b20c9620_83 .array/port v00000174b20c9620, 83;
E_00000174b206a980/20 .event anyedge, v00000174b20c9620_80, v00000174b20c9620_81, v00000174b20c9620_82, v00000174b20c9620_83;
v00000174b20c9620_84 .array/port v00000174b20c9620, 84;
v00000174b20c9620_85 .array/port v00000174b20c9620, 85;
v00000174b20c9620_86 .array/port v00000174b20c9620, 86;
v00000174b20c9620_87 .array/port v00000174b20c9620, 87;
E_00000174b206a980/21 .event anyedge, v00000174b20c9620_84, v00000174b20c9620_85, v00000174b20c9620_86, v00000174b20c9620_87;
v00000174b20c9620_88 .array/port v00000174b20c9620, 88;
v00000174b20c9620_89 .array/port v00000174b20c9620, 89;
v00000174b20c9620_90 .array/port v00000174b20c9620, 90;
v00000174b20c9620_91 .array/port v00000174b20c9620, 91;
E_00000174b206a980/22 .event anyedge, v00000174b20c9620_88, v00000174b20c9620_89, v00000174b20c9620_90, v00000174b20c9620_91;
v00000174b20c9620_92 .array/port v00000174b20c9620, 92;
v00000174b20c9620_93 .array/port v00000174b20c9620, 93;
v00000174b20c9620_94 .array/port v00000174b20c9620, 94;
v00000174b20c9620_95 .array/port v00000174b20c9620, 95;
E_00000174b206a980/23 .event anyedge, v00000174b20c9620_92, v00000174b20c9620_93, v00000174b20c9620_94, v00000174b20c9620_95;
v00000174b20c9620_96 .array/port v00000174b20c9620, 96;
v00000174b20c9620_97 .array/port v00000174b20c9620, 97;
v00000174b20c9620_98 .array/port v00000174b20c9620, 98;
v00000174b20c9620_99 .array/port v00000174b20c9620, 99;
E_00000174b206a980/24 .event anyedge, v00000174b20c9620_96, v00000174b20c9620_97, v00000174b20c9620_98, v00000174b20c9620_99;
v00000174b20c9620_100 .array/port v00000174b20c9620, 100;
v00000174b20c9620_101 .array/port v00000174b20c9620, 101;
v00000174b20c9620_102 .array/port v00000174b20c9620, 102;
v00000174b20c9620_103 .array/port v00000174b20c9620, 103;
E_00000174b206a980/25 .event anyedge, v00000174b20c9620_100, v00000174b20c9620_101, v00000174b20c9620_102, v00000174b20c9620_103;
v00000174b20c9620_104 .array/port v00000174b20c9620, 104;
v00000174b20c9620_105 .array/port v00000174b20c9620, 105;
v00000174b20c9620_106 .array/port v00000174b20c9620, 106;
v00000174b20c9620_107 .array/port v00000174b20c9620, 107;
E_00000174b206a980/26 .event anyedge, v00000174b20c9620_104, v00000174b20c9620_105, v00000174b20c9620_106, v00000174b20c9620_107;
v00000174b20c9620_108 .array/port v00000174b20c9620, 108;
v00000174b20c9620_109 .array/port v00000174b20c9620, 109;
v00000174b20c9620_110 .array/port v00000174b20c9620, 110;
v00000174b20c9620_111 .array/port v00000174b20c9620, 111;
E_00000174b206a980/27 .event anyedge, v00000174b20c9620_108, v00000174b20c9620_109, v00000174b20c9620_110, v00000174b20c9620_111;
v00000174b20c9620_112 .array/port v00000174b20c9620, 112;
v00000174b20c9620_113 .array/port v00000174b20c9620, 113;
v00000174b20c9620_114 .array/port v00000174b20c9620, 114;
v00000174b20c9620_115 .array/port v00000174b20c9620, 115;
E_00000174b206a980/28 .event anyedge, v00000174b20c9620_112, v00000174b20c9620_113, v00000174b20c9620_114, v00000174b20c9620_115;
v00000174b20c9620_116 .array/port v00000174b20c9620, 116;
v00000174b20c9620_117 .array/port v00000174b20c9620, 117;
v00000174b20c9620_118 .array/port v00000174b20c9620, 118;
v00000174b20c9620_119 .array/port v00000174b20c9620, 119;
E_00000174b206a980/29 .event anyedge, v00000174b20c9620_116, v00000174b20c9620_117, v00000174b20c9620_118, v00000174b20c9620_119;
v00000174b20c9620_120 .array/port v00000174b20c9620, 120;
v00000174b20c9620_121 .array/port v00000174b20c9620, 121;
v00000174b20c9620_122 .array/port v00000174b20c9620, 122;
v00000174b20c9620_123 .array/port v00000174b20c9620, 123;
E_00000174b206a980/30 .event anyedge, v00000174b20c9620_120, v00000174b20c9620_121, v00000174b20c9620_122, v00000174b20c9620_123;
v00000174b20c9620_124 .array/port v00000174b20c9620, 124;
v00000174b20c9620_125 .array/port v00000174b20c9620, 125;
v00000174b20c9620_126 .array/port v00000174b20c9620, 126;
v00000174b20c9620_127 .array/port v00000174b20c9620, 127;
E_00000174b206a980/31 .event anyedge, v00000174b20c9620_124, v00000174b20c9620_125, v00000174b20c9620_126, v00000174b20c9620_127;
v00000174b20c9620_128 .array/port v00000174b20c9620, 128;
v00000174b20c9620_129 .array/port v00000174b20c9620, 129;
v00000174b20c9620_130 .array/port v00000174b20c9620, 130;
v00000174b20c9620_131 .array/port v00000174b20c9620, 131;
E_00000174b206a980/32 .event anyedge, v00000174b20c9620_128, v00000174b20c9620_129, v00000174b20c9620_130, v00000174b20c9620_131;
v00000174b20c9620_132 .array/port v00000174b20c9620, 132;
v00000174b20c9620_133 .array/port v00000174b20c9620, 133;
v00000174b20c9620_134 .array/port v00000174b20c9620, 134;
v00000174b20c9620_135 .array/port v00000174b20c9620, 135;
E_00000174b206a980/33 .event anyedge, v00000174b20c9620_132, v00000174b20c9620_133, v00000174b20c9620_134, v00000174b20c9620_135;
v00000174b20c9620_136 .array/port v00000174b20c9620, 136;
v00000174b20c9620_137 .array/port v00000174b20c9620, 137;
v00000174b20c9620_138 .array/port v00000174b20c9620, 138;
v00000174b20c9620_139 .array/port v00000174b20c9620, 139;
E_00000174b206a980/34 .event anyedge, v00000174b20c9620_136, v00000174b20c9620_137, v00000174b20c9620_138, v00000174b20c9620_139;
v00000174b20c9620_140 .array/port v00000174b20c9620, 140;
v00000174b20c9620_141 .array/port v00000174b20c9620, 141;
v00000174b20c9620_142 .array/port v00000174b20c9620, 142;
v00000174b20c9620_143 .array/port v00000174b20c9620, 143;
E_00000174b206a980/35 .event anyedge, v00000174b20c9620_140, v00000174b20c9620_141, v00000174b20c9620_142, v00000174b20c9620_143;
v00000174b20c9620_144 .array/port v00000174b20c9620, 144;
v00000174b20c9620_145 .array/port v00000174b20c9620, 145;
v00000174b20c9620_146 .array/port v00000174b20c9620, 146;
v00000174b20c9620_147 .array/port v00000174b20c9620, 147;
E_00000174b206a980/36 .event anyedge, v00000174b20c9620_144, v00000174b20c9620_145, v00000174b20c9620_146, v00000174b20c9620_147;
v00000174b20c9620_148 .array/port v00000174b20c9620, 148;
v00000174b20c9620_149 .array/port v00000174b20c9620, 149;
v00000174b20c9620_150 .array/port v00000174b20c9620, 150;
v00000174b20c9620_151 .array/port v00000174b20c9620, 151;
E_00000174b206a980/37 .event anyedge, v00000174b20c9620_148, v00000174b20c9620_149, v00000174b20c9620_150, v00000174b20c9620_151;
v00000174b20c9620_152 .array/port v00000174b20c9620, 152;
v00000174b20c9620_153 .array/port v00000174b20c9620, 153;
v00000174b20c9620_154 .array/port v00000174b20c9620, 154;
v00000174b20c9620_155 .array/port v00000174b20c9620, 155;
E_00000174b206a980/38 .event anyedge, v00000174b20c9620_152, v00000174b20c9620_153, v00000174b20c9620_154, v00000174b20c9620_155;
v00000174b20c9620_156 .array/port v00000174b20c9620, 156;
v00000174b20c9620_157 .array/port v00000174b20c9620, 157;
v00000174b20c9620_158 .array/port v00000174b20c9620, 158;
v00000174b20c9620_159 .array/port v00000174b20c9620, 159;
E_00000174b206a980/39 .event anyedge, v00000174b20c9620_156, v00000174b20c9620_157, v00000174b20c9620_158, v00000174b20c9620_159;
v00000174b20c9620_160 .array/port v00000174b20c9620, 160;
v00000174b20c9620_161 .array/port v00000174b20c9620, 161;
v00000174b20c9620_162 .array/port v00000174b20c9620, 162;
v00000174b20c9620_163 .array/port v00000174b20c9620, 163;
E_00000174b206a980/40 .event anyedge, v00000174b20c9620_160, v00000174b20c9620_161, v00000174b20c9620_162, v00000174b20c9620_163;
v00000174b20c9620_164 .array/port v00000174b20c9620, 164;
v00000174b20c9620_165 .array/port v00000174b20c9620, 165;
v00000174b20c9620_166 .array/port v00000174b20c9620, 166;
v00000174b20c9620_167 .array/port v00000174b20c9620, 167;
E_00000174b206a980/41 .event anyedge, v00000174b20c9620_164, v00000174b20c9620_165, v00000174b20c9620_166, v00000174b20c9620_167;
v00000174b20c9620_168 .array/port v00000174b20c9620, 168;
v00000174b20c9620_169 .array/port v00000174b20c9620, 169;
v00000174b20c9620_170 .array/port v00000174b20c9620, 170;
v00000174b20c9620_171 .array/port v00000174b20c9620, 171;
E_00000174b206a980/42 .event anyedge, v00000174b20c9620_168, v00000174b20c9620_169, v00000174b20c9620_170, v00000174b20c9620_171;
v00000174b20c9620_172 .array/port v00000174b20c9620, 172;
v00000174b20c9620_173 .array/port v00000174b20c9620, 173;
v00000174b20c9620_174 .array/port v00000174b20c9620, 174;
v00000174b20c9620_175 .array/port v00000174b20c9620, 175;
E_00000174b206a980/43 .event anyedge, v00000174b20c9620_172, v00000174b20c9620_173, v00000174b20c9620_174, v00000174b20c9620_175;
v00000174b20c9620_176 .array/port v00000174b20c9620, 176;
v00000174b20c9620_177 .array/port v00000174b20c9620, 177;
v00000174b20c9620_178 .array/port v00000174b20c9620, 178;
v00000174b20c9620_179 .array/port v00000174b20c9620, 179;
E_00000174b206a980/44 .event anyedge, v00000174b20c9620_176, v00000174b20c9620_177, v00000174b20c9620_178, v00000174b20c9620_179;
v00000174b20c9620_180 .array/port v00000174b20c9620, 180;
v00000174b20c9620_181 .array/port v00000174b20c9620, 181;
v00000174b20c9620_182 .array/port v00000174b20c9620, 182;
v00000174b20c9620_183 .array/port v00000174b20c9620, 183;
E_00000174b206a980/45 .event anyedge, v00000174b20c9620_180, v00000174b20c9620_181, v00000174b20c9620_182, v00000174b20c9620_183;
v00000174b20c9620_184 .array/port v00000174b20c9620, 184;
v00000174b20c9620_185 .array/port v00000174b20c9620, 185;
v00000174b20c9620_186 .array/port v00000174b20c9620, 186;
v00000174b20c9620_187 .array/port v00000174b20c9620, 187;
E_00000174b206a980/46 .event anyedge, v00000174b20c9620_184, v00000174b20c9620_185, v00000174b20c9620_186, v00000174b20c9620_187;
v00000174b20c9620_188 .array/port v00000174b20c9620, 188;
v00000174b20c9620_189 .array/port v00000174b20c9620, 189;
v00000174b20c9620_190 .array/port v00000174b20c9620, 190;
v00000174b20c9620_191 .array/port v00000174b20c9620, 191;
E_00000174b206a980/47 .event anyedge, v00000174b20c9620_188, v00000174b20c9620_189, v00000174b20c9620_190, v00000174b20c9620_191;
v00000174b20c9620_192 .array/port v00000174b20c9620, 192;
v00000174b20c9620_193 .array/port v00000174b20c9620, 193;
v00000174b20c9620_194 .array/port v00000174b20c9620, 194;
v00000174b20c9620_195 .array/port v00000174b20c9620, 195;
E_00000174b206a980/48 .event anyedge, v00000174b20c9620_192, v00000174b20c9620_193, v00000174b20c9620_194, v00000174b20c9620_195;
v00000174b20c9620_196 .array/port v00000174b20c9620, 196;
v00000174b20c9620_197 .array/port v00000174b20c9620, 197;
v00000174b20c9620_198 .array/port v00000174b20c9620, 198;
v00000174b20c9620_199 .array/port v00000174b20c9620, 199;
E_00000174b206a980/49 .event anyedge, v00000174b20c9620_196, v00000174b20c9620_197, v00000174b20c9620_198, v00000174b20c9620_199;
v00000174b20c9620_200 .array/port v00000174b20c9620, 200;
v00000174b20c9620_201 .array/port v00000174b20c9620, 201;
v00000174b20c9620_202 .array/port v00000174b20c9620, 202;
v00000174b20c9620_203 .array/port v00000174b20c9620, 203;
E_00000174b206a980/50 .event anyedge, v00000174b20c9620_200, v00000174b20c9620_201, v00000174b20c9620_202, v00000174b20c9620_203;
v00000174b20c9620_204 .array/port v00000174b20c9620, 204;
v00000174b20c9620_205 .array/port v00000174b20c9620, 205;
v00000174b20c9620_206 .array/port v00000174b20c9620, 206;
v00000174b20c9620_207 .array/port v00000174b20c9620, 207;
E_00000174b206a980/51 .event anyedge, v00000174b20c9620_204, v00000174b20c9620_205, v00000174b20c9620_206, v00000174b20c9620_207;
v00000174b20c9620_208 .array/port v00000174b20c9620, 208;
v00000174b20c9620_209 .array/port v00000174b20c9620, 209;
v00000174b20c9620_210 .array/port v00000174b20c9620, 210;
v00000174b20c9620_211 .array/port v00000174b20c9620, 211;
E_00000174b206a980/52 .event anyedge, v00000174b20c9620_208, v00000174b20c9620_209, v00000174b20c9620_210, v00000174b20c9620_211;
v00000174b20c9620_212 .array/port v00000174b20c9620, 212;
v00000174b20c9620_213 .array/port v00000174b20c9620, 213;
v00000174b20c9620_214 .array/port v00000174b20c9620, 214;
v00000174b20c9620_215 .array/port v00000174b20c9620, 215;
E_00000174b206a980/53 .event anyedge, v00000174b20c9620_212, v00000174b20c9620_213, v00000174b20c9620_214, v00000174b20c9620_215;
v00000174b20c9620_216 .array/port v00000174b20c9620, 216;
v00000174b20c9620_217 .array/port v00000174b20c9620, 217;
v00000174b20c9620_218 .array/port v00000174b20c9620, 218;
v00000174b20c9620_219 .array/port v00000174b20c9620, 219;
E_00000174b206a980/54 .event anyedge, v00000174b20c9620_216, v00000174b20c9620_217, v00000174b20c9620_218, v00000174b20c9620_219;
v00000174b20c9620_220 .array/port v00000174b20c9620, 220;
v00000174b20c9620_221 .array/port v00000174b20c9620, 221;
v00000174b20c9620_222 .array/port v00000174b20c9620, 222;
v00000174b20c9620_223 .array/port v00000174b20c9620, 223;
E_00000174b206a980/55 .event anyedge, v00000174b20c9620_220, v00000174b20c9620_221, v00000174b20c9620_222, v00000174b20c9620_223;
v00000174b20c9620_224 .array/port v00000174b20c9620, 224;
v00000174b20c9620_225 .array/port v00000174b20c9620, 225;
v00000174b20c9620_226 .array/port v00000174b20c9620, 226;
v00000174b20c9620_227 .array/port v00000174b20c9620, 227;
E_00000174b206a980/56 .event anyedge, v00000174b20c9620_224, v00000174b20c9620_225, v00000174b20c9620_226, v00000174b20c9620_227;
v00000174b20c9620_228 .array/port v00000174b20c9620, 228;
v00000174b20c9620_229 .array/port v00000174b20c9620, 229;
v00000174b20c9620_230 .array/port v00000174b20c9620, 230;
v00000174b20c9620_231 .array/port v00000174b20c9620, 231;
E_00000174b206a980/57 .event anyedge, v00000174b20c9620_228, v00000174b20c9620_229, v00000174b20c9620_230, v00000174b20c9620_231;
v00000174b20c9620_232 .array/port v00000174b20c9620, 232;
v00000174b20c9620_233 .array/port v00000174b20c9620, 233;
v00000174b20c9620_234 .array/port v00000174b20c9620, 234;
v00000174b20c9620_235 .array/port v00000174b20c9620, 235;
E_00000174b206a980/58 .event anyedge, v00000174b20c9620_232, v00000174b20c9620_233, v00000174b20c9620_234, v00000174b20c9620_235;
v00000174b20c9620_236 .array/port v00000174b20c9620, 236;
v00000174b20c9620_237 .array/port v00000174b20c9620, 237;
v00000174b20c9620_238 .array/port v00000174b20c9620, 238;
v00000174b20c9620_239 .array/port v00000174b20c9620, 239;
E_00000174b206a980/59 .event anyedge, v00000174b20c9620_236, v00000174b20c9620_237, v00000174b20c9620_238, v00000174b20c9620_239;
v00000174b20c9620_240 .array/port v00000174b20c9620, 240;
v00000174b20c9620_241 .array/port v00000174b20c9620, 241;
v00000174b20c9620_242 .array/port v00000174b20c9620, 242;
v00000174b20c9620_243 .array/port v00000174b20c9620, 243;
E_00000174b206a980/60 .event anyedge, v00000174b20c9620_240, v00000174b20c9620_241, v00000174b20c9620_242, v00000174b20c9620_243;
v00000174b20c9620_244 .array/port v00000174b20c9620, 244;
v00000174b20c9620_245 .array/port v00000174b20c9620, 245;
v00000174b20c9620_246 .array/port v00000174b20c9620, 246;
v00000174b20c9620_247 .array/port v00000174b20c9620, 247;
E_00000174b206a980/61 .event anyedge, v00000174b20c9620_244, v00000174b20c9620_245, v00000174b20c9620_246, v00000174b20c9620_247;
v00000174b20c9620_248 .array/port v00000174b20c9620, 248;
v00000174b20c9620_249 .array/port v00000174b20c9620, 249;
v00000174b20c9620_250 .array/port v00000174b20c9620, 250;
v00000174b20c9620_251 .array/port v00000174b20c9620, 251;
E_00000174b206a980/62 .event anyedge, v00000174b20c9620_248, v00000174b20c9620_249, v00000174b20c9620_250, v00000174b20c9620_251;
v00000174b20c9620_252 .array/port v00000174b20c9620, 252;
v00000174b20c9620_253 .array/port v00000174b20c9620, 253;
v00000174b20c9620_254 .array/port v00000174b20c9620, 254;
v00000174b20c9620_255 .array/port v00000174b20c9620, 255;
E_00000174b206a980/63 .event anyedge, v00000174b20c9620_252, v00000174b20c9620_253, v00000174b20c9620_254, v00000174b20c9620_255;
E_00000174b206a980 .event/or E_00000174b206a980/0, E_00000174b206a980/1, E_00000174b206a980/2, E_00000174b206a980/3, E_00000174b206a980/4, E_00000174b206a980/5, E_00000174b206a980/6, E_00000174b206a980/7, E_00000174b206a980/8, E_00000174b206a980/9, E_00000174b206a980/10, E_00000174b206a980/11, E_00000174b206a980/12, E_00000174b206a980/13, E_00000174b206a980/14, E_00000174b206a980/15, E_00000174b206a980/16, E_00000174b206a980/17, E_00000174b206a980/18, E_00000174b206a980/19, E_00000174b206a980/20, E_00000174b206a980/21, E_00000174b206a980/22, E_00000174b206a980/23, E_00000174b206a980/24, E_00000174b206a980/25, E_00000174b206a980/26, E_00000174b206a980/27, E_00000174b206a980/28, E_00000174b206a980/29, E_00000174b206a980/30, E_00000174b206a980/31, E_00000174b206a980/32, E_00000174b206a980/33, E_00000174b206a980/34, E_00000174b206a980/35, E_00000174b206a980/36, E_00000174b206a980/37, E_00000174b206a980/38, E_00000174b206a980/39, E_00000174b206a980/40, E_00000174b206a980/41, E_00000174b206a980/42, E_00000174b206a980/43, E_00000174b206a980/44, E_00000174b206a980/45, E_00000174b206a980/46, E_00000174b206a980/47, E_00000174b206a980/48, E_00000174b206a980/49, E_00000174b206a980/50, E_00000174b206a980/51, E_00000174b206a980/52, E_00000174b206a980/53, E_00000174b206a980/54, E_00000174b206a980/55, E_00000174b206a980/56, E_00000174b206a980/57, E_00000174b206a980/58, E_00000174b206a980/59, E_00000174b206a980/60, E_00000174b206a980/61, E_00000174b206a980/62, E_00000174b206a980/63;
S_00000174b2044bc0 .scope function.real, "q8_8_to_real" "q8_8_to_real" 3 35, 3 35 0, S_00000174b203a150;
 .timescale -9 -12;
; Variable q8_8_to_real is REAL return value of scope S_00000174b2044bc0
v00000174b206f660_0 .var/s "val", 15 0;
TD_layer1_discriminator_tb.q8_8_to_real ;
    %load/vec4 v00000174b206f660_0;
    %cvt/rv/s;
    %pushi/real 1073741824, 4074; load=256.000
    %div/wr;
    %ret/real 0; Assign to q8_8_to_real
    %end;
S_00000174b206df80 .scope module, "uut" "layer1_discriminator" 3 17, 4 1 0, S_00000174b203a150;
 .timescale -9 -12;
    .port_info 0 /INPUT 1 "clk";
    .port_info 1 /INPUT 1 "rst";
    .port_info 2 /INPUT 1 "start";
    .port_info 3 /INPUT 4096 "flat_input_flat";
    .port_info 4 /OUTPUT 2048 "flat_output_flat";
    .port_info 5 /OUTPUT 1 "done";
v00000174b206f700_0 .net *"_ivl_0", 31 0, L_00000174b20ca200;  1 drivers
v00000174b206f340_0 .net *"_ivl_11", 31 0, L_00000174b20c9260;  1 drivers
L_00000174b2160160 .functor BUFT 1, C4<00000000000000000000000000000001>, C4<0>, C4<0>, C4<0>;
v00000174b206e940_0 .net/2u *"_ivl_12", 31 0, L_00000174b2160160;  1 drivers
v00000174b206ea80_0 .net *"_ivl_14", 31 0, L_00000174b20c96c0;  1 drivers
v00000174b206eda0_0 .net *"_ivl_16", 33 0, L_00000174b20ca660;  1 drivers
L_00000174b21601a8 .functor BUFT 1, C4<00>, C4<0>, C4<0>, C4<0>;
v00000174b206e9e0_0 .net *"_ivl_19", 1 0, L_00000174b21601a8;  1 drivers
L_00000174b21601f0 .functor BUFT 1, C4<0000000000000000000000000000001111>, C4<0>, C4<0>, C4<0>;
v00000174b206eb20_0 .net/2s *"_ivl_20", 33 0, L_00000174b21601f0;  1 drivers
v00000174b206ebc0_0 .net/s *"_ivl_22", 33 0, L_00000174b20caca0;  1 drivers
v00000174b206f5c0_0 .net/s *"_ivl_26", 31 0, L_00000174b20cad40;  1 drivers
v00000174b206f2a0_0 .net *"_ivl_28", 15 0, L_00000174b20cade0;  1 drivers
L_00000174b2160088 .functor BUFT 1, C4<00000000000000000000000>, C4<0>, C4<0>, C4<0>;
v00000174b206f160_0 .net *"_ivl_3", 22 0, L_00000174b2160088;  1 drivers
v00000174b206ec60_0 .net *"_ivl_30", 31 0, L_00000174b20ca2a0;  1 drivers
L_00000174b2160238 .functor BUFT 1, C4<000000000000000000000000>, C4<0>, C4<0>, C4<0>;
v00000174b206ed00_0 .net *"_ivl_33", 23 0, L_00000174b2160238;  1 drivers
L_00000174b2160280 .functor BUFT 1, C4<00000000000000000000000100000000>, C4<0>, C4<0>, C4<0>;
v00000174b206f3e0_0 .net/2u *"_ivl_34", 31 0, L_00000174b2160280;  1 drivers
v00000174b206ee40_0 .net *"_ivl_37", 31 0, L_00000174b20c9a80;  1 drivers
v00000174b206eee0_0 .net *"_ivl_38", 31 0, L_00000174b20c9760;  1 drivers
L_00000174b21600d0 .functor BUFT 1, C4<00000000000000000000000000000001>, C4<0>, C4<0>, C4<0>;
v00000174b206ef80_0 .net/2u *"_ivl_4", 31 0, L_00000174b21600d0;  1 drivers
L_00000174b21602c8 .functor BUFT 1, C4<00000000000000000000000>, C4<0>, C4<0>, C4<0>;
v00000174b206f020_0 .net *"_ivl_41", 22 0, L_00000174b21602c8;  1 drivers
v00000174b206f0c0_0 .net *"_ivl_42", 31 0, L_00000174b20c9e40;  1 drivers
v00000174b206f480_0 .net/s *"_ivl_44", 31 0, L_00000174b20c9b20;  1 drivers
v00000174b206f520_0 .net *"_ivl_6", 31 0, L_00000174b20c99e0;  1 drivers
L_00000174b2160118 .functor BUFT 1, C4<00000000000000000000000000010000>, C4<0>, C4<0>, C4<0>;
v00000174b20cab60_0 .net/2u *"_ivl_8", 31 0, L_00000174b2160118;  1 drivers
v00000174b20cb060_0 .var/s "accumulator", 31 0;
v00000174b20c9300_0 .var/s "bias_shifted", 31 0;
v00000174b20c94e0_0 .var "busy", 0 0;
v00000174b20c98a0_0 .net "clk", 0 0, v00000174b20ca840_0;  1 drivers
v00000174b20cb100_0 .net/s "current_input", 15 0, L_00000174b20ca700;  1 drivers
v00000174b20c9440_0 .net/s "current_product", 31 0, L_00000174b20ca340;  1 drivers
v00000174b20ca7a0_0 .var "done", 0 0;
v00000174b20ca020_0 .net/s "flat_input_flat", 4095 0, v00000174b20c93a0_0;  1 drivers
v00000174b20cae80_0 .var/s "flat_output_flat", 2047 0;
v00000174b20ca160_0 .var "input_idx", 8 0;
v00000174b20ca8e0 .array/s "layer1_disc_bias", 127 0, 15 0;
v00000174b20ca0c0 .array/s "layer1_disc_weights", 32767 0, 15 0;
v00000174b20cafc0_0 .var "neuron_idx", 7 0;
v00000174b20ca5c0_0 .net/s "next_acc", 31 0, L_00000174b20c9800;  1 drivers
v00000174b20ca980_0 .net "rst", 0 0, v00000174b20ca520_0;  1 drivers
v00000174b20ca3e0_0 .net "start", 0 0, v00000174b20cac00_0;  1 drivers
E_00000174b206b580 .event posedge, v00000174b20ca980_0, v00000174b20c98a0_0;
L_00000174b20ca200 .concat [ 9 23 0 0], v00000174b20ca160_0, L_00000174b2160088;
L_00000174b20c99e0 .arith/sum 32, L_00000174b20ca200, L_00000174b21600d0;
L_00000174b20c9260 .arith/mult 32, L_00000174b20c99e0, L_00000174b2160118;
L_00000174b20c96c0 .arith/sub 32, L_00000174b20c9260, L_00000174b2160160;
L_00000174b20ca660 .concat [ 32 2 0 0], L_00000174b20c96c0, L_00000174b21601a8;
L_00000174b20caca0 .arith/sub 34, L_00000174b20ca660, L_00000174b21601f0;
L_00000174b20ca700 .part/v.s v00000174b20c93a0_0, L_00000174b20caca0, 16;
L_00000174b20cad40 .extend/s 32, L_00000174b20ca700;
L_00000174b20cade0 .array/port v00000174b20ca0c0, L_00000174b20c9e40;
L_00000174b20ca2a0 .concat [ 8 24 0 0], v00000174b20cafc0_0, L_00000174b2160238;
L_00000174b20c9a80 .arith/mult 32, L_00000174b20ca2a0, L_00000174b2160280;
L_00000174b20c9760 .concat [ 9 23 0 0], v00000174b20ca160_0, L_00000174b21602c8;
L_00000174b20c9e40 .arith/sum 32, L_00000174b20c9a80, L_00000174b20c9760;
L_00000174b20c9b20 .extend/s 32, L_00000174b20cade0;
L_00000174b20ca340 .arith/mult 32, L_00000174b20cad40, L_00000174b20c9b20;
L_00000174b20c9800 .arith/sum 32, v00000174b20cb060_0, L_00000174b20ca340;
    .scope S_00000174b206df80;
T_1 ;
    %vpi_call/w 4 21 "$readmemh", "src/layers/hex_data/Discriminator_Layer1_Weights_All.hex", v00000174b20ca0c0 {0 0 0};
    %vpi_call/w 4 22 "$readmemh", "src/layers/hex_data/Discriminator_Layer1_Biases_All.hex", v00000174b20ca8e0 {0 0 0};
    %end;
    .thread T_1;
    .scope S_00000174b206df80;
T_2 ;
    %wait E_00000174b206b580;
    %load/vec4 v00000174b20ca980_0;
    %flag_set/vec4 8;
    %jmp/0xz  T_2.0, 8;
    %pushi/vec4 0, 0, 8;
    %assign/vec4 v00000174b20cafc0_0, 0;
    %pushi/vec4 0, 0, 9;
    %assign/vec4 v00000174b20ca160_0, 0;
    %pushi/vec4 0, 0, 32;
    %assign/vec4 v00000174b20cb060_0, 0;
    %pushi/vec4 0, 0, 32;
    %assign/vec4 v00000174b20c9300_0, 0;
    %pushi/vec4 0, 0, 1;
    %assign/vec4 v00000174b20c94e0_0, 0;
    %pushi/vec4 0, 0, 1;
    %assign/vec4 v00000174b20ca7a0_0, 0;
    %jmp T_2.1;
T_2.0 ;
    %load/vec4 v00000174b20ca3e0_0;
    %flag_set/vec4 9;
    %flag_get/vec4 9;
    %jmp/0 T_2.4, 9;
    %load/vec4 v00000174b20c94e0_0;
    %nor/r;
    %and;
T_2.4;
    %flag_set/vec4 8;
    %jmp/0xz  T_2.2, 8;
    %pushi/vec4 0, 0, 8;
    %assign/vec4 v00000174b20cafc0_0, 0;
    %pushi/vec4 0, 0, 9;
    %assign/vec4 v00000174b20ca160_0, 0;
    %ix/load 4, 0, 0;
    %flag_set/imm 4, 0;
    %load/vec4a v00000174b20ca8e0, 4;
    %pad/s 32;
    %ix/load 4, 8, 0;
    %flag_set/imm 4, 0;
    %shiftl 4;
    %assign/vec4 v00000174b20c9300_0, 0;
    %ix/load 4, 0, 0;
    %flag_set/imm 4, 0;
    %load/vec4a v00000174b20ca8e0, 4;
    %pad/s 32;
    %ix/load 4, 8, 0;
    %flag_set/imm 4, 0;
    %shiftl 4;
    %assign/vec4 v00000174b20cb060_0, 0;
    %pushi/vec4 1, 0, 1;
    %assign/vec4 v00000174b20c94e0_0, 0;
    %pushi/vec4 0, 0, 1;
    %assign/vec4 v00000174b20ca7a0_0, 0;
    %jmp T_2.3;
T_2.2 ;
    %load/vec4 v00000174b20c94e0_0;
    %flag_set/vec4 8;
    %jmp/0xz  T_2.5, 8;
    %load/vec4 v00000174b20ca5c0_0;
    %assign/vec4 v00000174b20cb060_0, 0;
    %load/vec4 v00000174b20ca160_0;
    %cmpi/e 255, 0, 9;
    %jmp/0xz  T_2.7, 4;
    %load/vec4 v00000174b20ca5c0_0;
    %parti/s 16, 8, 5;
    %ix/load 5, 0, 0;
    %load/vec4 v00000174b20cafc0_0;
    %pad/u 32;
    %addi 1, 0, 32;
    %muli 16, 0, 32;
    %subi 1, 0, 32;
    %pad/u 34;
    %subi 15, 0, 34;
    %ix/vec4/s 4;
    %assign/vec4/off/d v00000174b20cae80_0, 4, 5;
    %load/vec4 v00000174b20cafc0_0;
    %cmpi/e 127, 0, 8;
    %jmp/0xz  T_2.9, 4;
    %pushi/vec4 0, 0, 1;
    %assign/vec4 v00000174b20c94e0_0, 0;
    %pushi/vec4 1, 0, 1;
    %assign/vec4 v00000174b20ca7a0_0, 0;
    %jmp T_2.10;
T_2.9 ;
    %load/vec4 v00000174b20cafc0_0;
    %addi 1, 0, 8;
    %assign/vec4 v00000174b20cafc0_0, 0;
    %load/vec4 v00000174b20cafc0_0;
    %pad/u 32;
    %addi 1, 0, 32;
    %ix/vec4 4;
    %load/vec4a v00000174b20ca8e0, 4;
    %pad/s 32;
    %ix/load 4, 8, 0;
    %flag_set/imm 4, 0;
    %shiftl 4;
    %assign/vec4 v00000174b20c9300_0, 0;
    %load/vec4 v00000174b20cafc0_0;
    %pad/u 32;
    %addi 1, 0, 32;
    %ix/vec4 4;
    %load/vec4a v00000174b20ca8e0, 4;
    %pad/s 32;
    %ix/load 4, 8, 0;
    %flag_set/imm 4, 0;
    %shiftl 4;
    %assign/vec4 v00000174b20cb060_0, 0;
    %pushi/vec4 0, 0, 9;
    %assign/vec4 v00000174b20ca160_0, 0;
T_2.10 ;
    %jmp T_2.8;
T_2.7 ;
    %load/vec4 v00000174b20ca160_0;
    %addi 1, 0, 9;
    %assign/vec4 v00000174b20ca160_0, 0;
T_2.8 ;
    %jmp T_2.6;
T_2.5 ;
    %load/vec4 v00000174b20ca7a0_0;
    %flag_set/vec4 8;
    %jmp/0xz  T_2.11, 8;
    %pushi/vec4 0, 0, 1;
    %assign/vec4 v00000174b20ca7a0_0, 0;
T_2.11 ;
T_2.6 ;
T_2.3 ;
T_2.1 ;
    %jmp T_2;
    .thread T_2;
    .scope S_00000174b203a150;
T_3 ;
    %wait E_00000174b206a980;
    %pushi/vec4 0, 0, 32;
    %store/vec4 v00000174b20c9580_0, 0, 32;
T_3.0 ;
    %load/vec4 v00000174b20c9580_0;
    %cmpi/s 256, 0, 32;
    %jmp/0xz T_3.1, 5;
    %ix/getv/s 4, v00000174b20c9580_0;
    %load/vec4a v00000174b20c9620, 4;
    %load/vec4 v00000174b20c9580_0;
    %addi 1, 0, 32;
    %muli 16, 0, 32;
    %subi 1, 0, 32;
    %pad/s 34;
    %subi 15, 0, 34;
    %ix/vec4/s 4;
    %store/vec4 v00000174b20c93a0_0, 4, 16;
    %load/vec4 v00000174b20c9580_0;
    %addi 1, 0, 32;
    %store/vec4 v00000174b20c9580_0, 0, 32;
    %jmp T_3.0;
T_3.1 ;
    %jmp T_3;
    .thread T_3, $push;
    .scope S_00000174b203a150;
T_4 ;
    %pushi/vec4 0, 0, 1;
    %store/vec4 v00000174b20ca840_0, 0, 1;
T_4.0 ;
    %delay 5000, 0;
    %load/vec4 v00000174b20ca840_0;
    %inv;
    %store/vec4 v00000174b20ca840_0, 0, 1;
    %jmp T_4.0;
    %end;
    .thread T_4;
    .scope S_00000174b203a150;
T_5 ;
    %vpi_call/w 3 51 "$dumpfile", "vcd/discriminator_layer1_test.vcd" {0 0 0};
    %vpi_call/w 3 52 "$dumpvars", 32'sb00000000000000000000000000000000, S_00000174b203a150 {0 0 0};
    %pushi/vec4 1, 0, 1;
    %store/vec4 v00000174b20ca520_0, 0, 1;
    %pushi/vec4 0, 0, 1;
    %store/vec4 v00000174b20cac00_0, 0, 1;
    %delay 20000, 0;
    %pushi/vec4 0, 0, 1;
    %store/vec4 v00000174b20ca520_0, 0, 1;
    %pushi/vec4 0, 0, 32;
    %store/vec4 v00000174b20caac0_0, 0, 32;
T_5.0 ;
    %load/vec4 v00000174b20caac0_0;
    %cmpi/s 256, 0, 32;
    %jmp/0xz T_5.1, 5;
    %pushi/vec4 0, 0, 16;
    %ix/getv/s 4, v00000174b20caac0_0;
    %store/vec4a v00000174b20c9620, 4, 0;
    %load/vec4 v00000174b20caac0_0;
    %addi 1, 0, 32;
    %store/vec4 v00000174b20caac0_0, 0, 32;
    %jmp T_5.0;
T_5.1 ;
    %vpi_call/w 3 65 "$display", "--------------------------------------------------" {0 0 0};
    %vpi_call/w 3 66 "$display", "   TESTING DISCRIMINATOR LAYER 1" {0 0 0};
    %vpi_call/w 3 67 "$display", "   256 inputs -> 128 neurons" {0 0 0};
    %vpi_call/w 3 68 "$display", "--------------------------------------------------" {0 0 0};
    %vpi_call/w 3 71 "$display", "\012Test Case 1: Zero Inputs" {0 0 0};
    %pushi/vec4 0, 0, 32;
    %store/vec4 v00000174b20caac0_0, 0, 32;
T_5.2 ;
    %load/vec4 v00000174b20caac0_0;
    %cmpi/s 256, 0, 32;
    %jmp/0xz T_5.3, 5;
    %pushi/vec4 0, 0, 16;
    %ix/getv/s 4, v00000174b20caac0_0;
    %store/vec4a v00000174b20c9620, 4, 0;
    %load/vec4 v00000174b20caac0_0;
    %addi 1, 0, 32;
    %store/vec4 v00000174b20caac0_0, 0, 32;
    %jmp T_5.2;
T_5.3 ;
    %wait E_00000174b206abc0;
    %pushi/vec4 1, 0, 1;
    %store/vec4 v00000174b20cac00_0, 0, 1;
    %wait E_00000174b206abc0;
    %pushi/vec4 0, 0, 1;
    %store/vec4 v00000174b20cac00_0, 0, 1;
T_5.4 ;
    %load/vec4 v00000174b20c9940_0;
    %pad/u 32;
    %pushi/vec4 1, 0, 32;
    %cmp/e;
    %flag_get/vec4 4;
    %cmpi/ne 1, 0, 1;
    %jmp/0xz T_5.5, 6;
    %wait E_00000174b206b080;
    %jmp T_5.4;
T_5.5 ;
    %delay 1000, 0;
    %vpi_call/w 3 84 "$display", "Layer 1 Output (first 20 values with zero input):" {0 0 0};
    %pushi/vec4 0, 0, 32;
    %store/vec4 v00000174b20c9f80_0, 0, 32;
T_5.6 ;
    %load/vec4 v00000174b20c9f80_0;
    %cmpi/s 20, 0, 32;
    %jmp/0xz T_5.7, 5;
    %load/vec4 v00000174b20ca480_0;
    %load/vec4 v00000174b20c9f80_0;
    %addi 1, 0, 32;
    %muli 16, 0, 32;
    %subi 1, 0, 32;
    %pad/s 34;
    %subi 15, 0, 34;
    %part/s 16;
    %store/vec4 v00000174b206f660_0, 0, 16;
    %callf/real TD_layer1_discriminator_tb.q8_8_to_real, S_00000174b2044bc0;
    %load/vec4 v00000174b20ca480_0;
    %load/vec4 v00000174b20c9f80_0;
    %addi 1, 0, 32;
    %muli 16, 0, 32;
    %subi 1, 0, 32;
    %pad/s 34;
    %subi 15, 0, 34;
    %part/s 16;
    %vpi_call/w 3 86 "$display", "[%2d] = %f (hex: %h)", v00000174b20c9f80_0, W<0,r>, S<0,vec4,u16> {1 1 0};
    %load/vec4 v00000174b20c9f80_0;
    %addi 1, 0, 32;
    %store/vec4 v00000174b20c9f80_0, 0, 32;
    %jmp T_5.6;
T_5.7 ;
    %vpi_call/w 3 93 "$display", "\012Test Case 2: Random Inputs" {0 0 0};
    %pushi/vec4 0, 0, 32;
    %store/vec4 v00000174b20caac0_0, 0, 32;
T_5.8 ;
    %load/vec4 v00000174b20caac0_0;
    %cmpi/s 256, 0, 32;
    %jmp/0xz T_5.9, 5;
    %vpi_func 3 95 "$random" 32 {0 0 0};
    %pushi/vec4 256, 0, 32;
    %mod/s;
    %pad/s 16;
    %ix/getv/s 4, v00000174b20caac0_0;
    %store/vec4a v00000174b20c9620, 4, 0;
    %load/vec4 v00000174b20caac0_0;
    %addi 1, 0, 32;
    %store/vec4 v00000174b20caac0_0, 0, 32;
    %jmp T_5.8;
T_5.9 ;
    %wait E_00000174b206abc0;
    %pushi/vec4 1, 0, 1;
    %store/vec4 v00000174b20cac00_0, 0, 1;
    %wait E_00000174b206abc0;
    %pushi/vec4 0, 0, 1;
    %store/vec4 v00000174b20cac00_0, 0, 1;
T_5.10 ;
    %load/vec4 v00000174b20c9940_0;
    %pad/u 32;
    %pushi/vec4 1, 0, 32;
    %cmp/e;
    %flag_get/vec4 4;
    %cmpi/ne 1, 0, 1;
    %jmp/0xz T_5.11, 6;
    %wait E_00000174b206b080;
    %jmp T_5.10;
T_5.11 ;
    %delay 1000, 0;
    %vpi_call/w 3 106 "$display", "Layer 1 Output (first 20 values with random input):" {0 0 0};
    %pushi/vec4 0, 0, 32;
    %store/vec4 v00000174b20c9f80_0, 0, 32;
T_5.12 ;
    %load/vec4 v00000174b20c9f80_0;
    %cmpi/s 20, 0, 32;
    %jmp/0xz T_5.13, 5;
    %load/vec4 v00000174b20ca480_0;
    %load/vec4 v00000174b20c9f80_0;
    %addi 1, 0, 32;
    %muli 16, 0, 32;
    %subi 1, 0, 32;
    %pad/s 34;
    %subi 15, 0, 34;
    %part/s 16;
    %store/vec4 v00000174b206f660_0, 0, 16;
    %callf/real TD_layer1_discriminator_tb.q8_8_to_real, S_00000174b2044bc0;
    %load/vec4 v00000174b20ca480_0;
    %load/vec4 v00000174b20c9f80_0;
    %addi 1, 0, 32;
    %muli 16, 0, 32;
    %subi 1, 0, 32;
    %pad/s 34;
    %subi 15, 0, 34;
    %part/s 16;
    %vpi_call/w 3 108 "$display", "[%2d] = %f (hex: %h)", v00000174b20c9f80_0, W<0,r>, S<0,vec4,u16> {1 1 0};
    %load/vec4 v00000174b20c9f80_0;
    %addi 1, 0, 32;
    %store/vec4 v00000174b20c9f80_0, 0, 32;
    %jmp T_5.12;
T_5.13 ;
    %vpi_call/w 3 114 "$display", "--------------------------------------------------" {0 0 0};
    %vpi_call/w 3 115 "$display", "Layer 1 Test Complete" {0 0 0};
    %vpi_call/w 3 116 "$display", "--------------------------------------------------" {0 0 0};
    %vpi_call/w 3 118 "$finish" {0 0 0};
    %end;
    .thread T_5;
# The file index is used to find the file name in the following table.
:file_names 5;
    "N/A";
    "<interactive>";
    "-";
    "src/layers/layer1_discriminator_tb.v";
    "src/layers/layer1_discriminator.v";
