#! /c/Source/iverilog-install/bin/vvp
:ivl_version "12.0 (devel)" "(s20150603-1539-g2693dd32b)";
:ivl_delay_selection "TYPICAL";
:vpi_time_precision - 12;
:vpi_module "C:\iverilog\lib\ivl\system.vpi";
:vpi_module "C:\iverilog\lib\ivl\vhdl_sys.vpi";
:vpi_module "C:\iverilog\lib\ivl\vhdl_textio.vpi";
:vpi_module "C:\iverilog\lib\ivl\v2005_math.vpi";
:vpi_module "C:\iverilog\lib\ivl\va_math.vpi";
:vpi_module "C:\iverilog\lib\ivl\v2009.vpi";
S_0000023dbab5fed0 .scope package, "$unit" "$unit" 2 1;
 .timescale 0 0;
S_0000023dbab60060 .scope module, "layer1_discriminator_tb" "layer1_discriminator_tb" 3 3;
 .timescale -9 -12;
v0000023dbabbb5a0_0 .var "clk", 0 0;
v0000023dbabba9c0_0 .net "done", 0 0, v0000023dbabb9de0_0;  1 drivers
v0000023dbabba2e0_0 .var/s "flat_input", 4095 0;
v0000023dbabbb960_0 .net/s "flat_output", 2047 0, v0000023dbabbb500_0;  1 drivers
v0000023dbabbaa60_0 .var/i "i_pack", 31 0;
v0000023dbabbb3c0 .array/s "inputs", 255 0, 15 0;
v0000023dbabbb140_0 .var/i "k", 31 0;
v0000023dbabbb460_0 .var/i "m", 31 0;
v0000023dbabb9fc0_0 .var "rst", 0 0;
v0000023dbabba100_0 .var "start", 0 0;
E_0000023dbab5c4c0 .event anyedge, v0000023dbabb9de0_0;
E_0000023dbab5bb40 .event posedge, v0000023dbabbb000_0;
v0000023dbabbb3c0_0 .array/port v0000023dbabbb3c0, 0;
v0000023dbabbb3c0_1 .array/port v0000023dbabbb3c0, 1;
v0000023dbabbb3c0_2 .array/port v0000023dbabbb3c0, 2;
v0000023dbabbb3c0_3 .array/port v0000023dbabbb3c0, 3;
E_0000023dbab5bd40/0 .event anyedge, v0000023dbabbb3c0_0, v0000023dbabbb3c0_1, v0000023dbabbb3c0_2, v0000023dbabbb3c0_3;
v0000023dbabbb3c0_4 .array/port v0000023dbabbb3c0, 4;
v0000023dbabbb3c0_5 .array/port v0000023dbabbb3c0, 5;
v0000023dbabbb3c0_6 .array/port v0000023dbabbb3c0, 6;
v0000023dbabbb3c0_7 .array/port v0000023dbabbb3c0, 7;
E_0000023dbab5bd40/1 .event anyedge, v0000023dbabbb3c0_4, v0000023dbabbb3c0_5, v0000023dbabbb3c0_6, v0000023dbabbb3c0_7;
v0000023dbabbb3c0_8 .array/port v0000023dbabbb3c0, 8;
v0000023dbabbb3c0_9 .array/port v0000023dbabbb3c0, 9;
v0000023dbabbb3c0_10 .array/port v0000023dbabbb3c0, 10;
v0000023dbabbb3c0_11 .array/port v0000023dbabbb3c0, 11;
E_0000023dbab5bd40/2 .event anyedge, v0000023dbabbb3c0_8, v0000023dbabbb3c0_9, v0000023dbabbb3c0_10, v0000023dbabbb3c0_11;
v0000023dbabbb3c0_12 .array/port v0000023dbabbb3c0, 12;
v0000023dbabbb3c0_13 .array/port v0000023dbabbb3c0, 13;
v0000023dbabbb3c0_14 .array/port v0000023dbabbb3c0, 14;
v0000023dbabbb3c0_15 .array/port v0000023dbabbb3c0, 15;
E_0000023dbab5bd40/3 .event anyedge, v0000023dbabbb3c0_12, v0000023dbabbb3c0_13, v0000023dbabbb3c0_14, v0000023dbabbb3c0_15;
v0000023dbabbb3c0_16 .array/port v0000023dbabbb3c0, 16;
v0000023dbabbb3c0_17 .array/port v0000023dbabbb3c0, 17;
v0000023dbabbb3c0_18 .array/port v0000023dbabbb3c0, 18;
v0000023dbabbb3c0_19 .array/port v0000023dbabbb3c0, 19;
E_0000023dbab5bd40/4 .event anyedge, v0000023dbabbb3c0_16, v0000023dbabbb3c0_17, v0000023dbabbb3c0_18, v0000023dbabbb3c0_19;
v0000023dbabbb3c0_20 .array/port v0000023dbabbb3c0, 20;
v0000023dbabbb3c0_21 .array/port v0000023dbabbb3c0, 21;
v0000023dbabbb3c0_22 .array/port v0000023dbabbb3c0, 22;
v0000023dbabbb3c0_23 .array/port v0000023dbabbb3c0, 23;
E_0000023dbab5bd40/5 .event anyedge, v0000023dbabbb3c0_20, v0000023dbabbb3c0_21, v0000023dbabbb3c0_22, v0000023dbabbb3c0_23;
v0000023dbabbb3c0_24 .array/port v0000023dbabbb3c0, 24;
v0000023dbabbb3c0_25 .array/port v0000023dbabbb3c0, 25;
v0000023dbabbb3c0_26 .array/port v0000023dbabbb3c0, 26;
v0000023dbabbb3c0_27 .array/port v0000023dbabbb3c0, 27;
E_0000023dbab5bd40/6 .event anyedge, v0000023dbabbb3c0_24, v0000023dbabbb3c0_25, v0000023dbabbb3c0_26, v0000023dbabbb3c0_27;
v0000023dbabbb3c0_28 .array/port v0000023dbabbb3c0, 28;
v0000023dbabbb3c0_29 .array/port v0000023dbabbb3c0, 29;
v0000023dbabbb3c0_30 .array/port v0000023dbabbb3c0, 30;
v0000023dbabbb3c0_31 .array/port v0000023dbabbb3c0, 31;
E_0000023dbab5bd40/7 .event anyedge, v0000023dbabbb3c0_28, v0000023dbabbb3c0_29, v0000023dbabbb3c0_30, v0000023dbabbb3c0_31;
v0000023dbabbb3c0_32 .array/port v0000023dbabbb3c0, 32;
v0000023dbabbb3c0_33 .array/port v0000023dbabbb3c0, 33;
v0000023dbabbb3c0_34 .array/port v0000023dbabbb3c0, 34;
v0000023dbabbb3c0_35 .array/port v0000023dbabbb3c0, 35;
E_0000023dbab5bd40/8 .event anyedge, v0000023dbabbb3c0_32, v0000023dbabbb3c0_33, v0000023dbabbb3c0_34, v0000023dbabbb3c0_35;
v0000023dbabbb3c0_36 .array/port v0000023dbabbb3c0, 36;
v0000023dbabbb3c0_37 .array/port v0000023dbabbb3c0, 37;
v0000023dbabbb3c0_38 .array/port v0000023dbabbb3c0, 38;
v0000023dbabbb3c0_39 .array/port v0000023dbabbb3c0, 39;
E_0000023dbab5bd40/9 .event anyedge, v0000023dbabbb3c0_36, v0000023dbabbb3c0_37, v0000023dbabbb3c0_38, v0000023dbabbb3c0_39;
v0000023dbabbb3c0_40 .array/port v0000023dbabbb3c0, 40;
v0000023dbabbb3c0_41 .array/port v0000023dbabbb3c0, 41;
v0000023dbabbb3c0_42 .array/port v0000023dbabbb3c0, 42;
v0000023dbabbb3c0_43 .array/port v0000023dbabbb3c0, 43;
E_0000023dbab5bd40/10 .event anyedge, v0000023dbabbb3c0_40, v0000023dbabbb3c0_41, v0000023dbabbb3c0_42, v0000023dbabbb3c0_43;
v0000023dbabbb3c0_44 .array/port v0000023dbabbb3c0, 44;
v0000023dbabbb3c0_45 .array/port v0000023dbabbb3c0, 45;
v0000023dbabbb3c0_46 .array/port v0000023dbabbb3c0, 46;
v0000023dbabbb3c0_47 .array/port v0000023dbabbb3c0, 47;
E_0000023dbab5bd40/11 .event anyedge, v0000023dbabbb3c0_44, v0000023dbabbb3c0_45, v0000023dbabbb3c0_46, v0000023dbabbb3c0_47;
v0000023dbabbb3c0_48 .array/port v0000023dbabbb3c0, 48;
v0000023dbabbb3c0_49 .array/port v0000023dbabbb3c0, 49;
v0000023dbabbb3c0_50 .array/port v0000023dbabbb3c0, 50;
v0000023dbabbb3c0_51 .array/port v0000023dbabbb3c0, 51;
E_0000023dbab5bd40/12 .event anyedge, v0000023dbabbb3c0_48, v0000023dbabbb3c0_49, v0000023dbabbb3c0_50, v0000023dbabbb3c0_51;
v0000023dbabbb3c0_52 .array/port v0000023dbabbb3c0, 52;
v0000023dbabbb3c0_53 .array/port v0000023dbabbb3c0, 53;
v0000023dbabbb3c0_54 .array/port v0000023dbabbb3c0, 54;
v0000023dbabbb3c0_55 .array/port v0000023dbabbb3c0, 55;
E_0000023dbab5bd40/13 .event anyedge, v0000023dbabbb3c0_52, v0000023dbabbb3c0_53, v0000023dbabbb3c0_54, v0000023dbabbb3c0_55;
v0000023dbabbb3c0_56 .array/port v0000023dbabbb3c0, 56;
v0000023dbabbb3c0_57 .array/port v0000023dbabbb3c0, 57;
v0000023dbabbb3c0_58 .array/port v0000023dbabbb3c0, 58;
v0000023dbabbb3c0_59 .array/port v0000023dbabbb3c0, 59;
E_0000023dbab5bd40/14 .event anyedge, v0000023dbabbb3c0_56, v0000023dbabbb3c0_57, v0000023dbabbb3c0_58, v0000023dbabbb3c0_59;
v0000023dbabbb3c0_60 .array/port v0000023dbabbb3c0, 60;
v0000023dbabbb3c0_61 .array/port v0000023dbabbb3c0, 61;
v0000023dbabbb3c0_62 .array/port v0000023dbabbb3c0, 62;
v0000023dbabbb3c0_63 .array/port v0000023dbabbb3c0, 63;
E_0000023dbab5bd40/15 .event anyedge, v0000023dbabbb3c0_60, v0000023dbabbb3c0_61, v0000023dbabbb3c0_62, v0000023dbabbb3c0_63;
v0000023dbabbb3c0_64 .array/port v0000023dbabbb3c0, 64;
v0000023dbabbb3c0_65 .array/port v0000023dbabbb3c0, 65;
v0000023dbabbb3c0_66 .array/port v0000023dbabbb3c0, 66;
v0000023dbabbb3c0_67 .array/port v0000023dbabbb3c0, 67;
E_0000023dbab5bd40/16 .event anyedge, v0000023dbabbb3c0_64, v0000023dbabbb3c0_65, v0000023dbabbb3c0_66, v0000023dbabbb3c0_67;
v0000023dbabbb3c0_68 .array/port v0000023dbabbb3c0, 68;
v0000023dbabbb3c0_69 .array/port v0000023dbabbb3c0, 69;
v0000023dbabbb3c0_70 .array/port v0000023dbabbb3c0, 70;
v0000023dbabbb3c0_71 .array/port v0000023dbabbb3c0, 71;
E_0000023dbab5bd40/17 .event anyedge, v0000023dbabbb3c0_68, v0000023dbabbb3c0_69, v0000023dbabbb3c0_70, v0000023dbabbb3c0_71;
v0000023dbabbb3c0_72 .array/port v0000023dbabbb3c0, 72;
v0000023dbabbb3c0_73 .array/port v0000023dbabbb3c0, 73;
v0000023dbabbb3c0_74 .array/port v0000023dbabbb3c0, 74;
v0000023dbabbb3c0_75 .array/port v0000023dbabbb3c0, 75;
E_0000023dbab5bd40/18 .event anyedge, v0000023dbabbb3c0_72, v0000023dbabbb3c0_73, v0000023dbabbb3c0_74, v0000023dbabbb3c0_75;
v0000023dbabbb3c0_76 .array/port v0000023dbabbb3c0, 76;
v0000023dbabbb3c0_77 .array/port v0000023dbabbb3c0, 77;
v0000023dbabbb3c0_78 .array/port v0000023dbabbb3c0, 78;
v0000023dbabbb3c0_79 .array/port v0000023dbabbb3c0, 79;
E_0000023dbab5bd40/19 .event anyedge, v0000023dbabbb3c0_76, v0000023dbabbb3c0_77, v0000023dbabbb3c0_78, v0000023dbabbb3c0_79;
v0000023dbabbb3c0_80 .array/port v0000023dbabbb3c0, 80;
v0000023dbabbb3c0_81 .array/port v0000023dbabbb3c0, 81;
v0000023dbabbb3c0_82 .array/port v0000023dbabbb3c0, 82;
v0000023dbabbb3c0_83 .array/port v0000023dbabbb3c0, 83;
E_0000023dbab5bd40/20 .event anyedge, v0000023dbabbb3c0_80, v0000023dbabbb3c0_81, v0000023dbabbb3c0_82, v0000023dbabbb3c0_83;
v0000023dbabbb3c0_84 .array/port v0000023dbabbb3c0, 84;
v0000023dbabbb3c0_85 .array/port v0000023dbabbb3c0, 85;
v0000023dbabbb3c0_86 .array/port v0000023dbabbb3c0, 86;
v0000023dbabbb3c0_87 .array/port v0000023dbabbb3c0, 87;
E_0000023dbab5bd40/21 .event anyedge, v0000023dbabbb3c0_84, v0000023dbabbb3c0_85, v0000023dbabbb3c0_86, v0000023dbabbb3c0_87;
v0000023dbabbb3c0_88 .array/port v0000023dbabbb3c0, 88;
v0000023dbabbb3c0_89 .array/port v0000023dbabbb3c0, 89;
v0000023dbabbb3c0_90 .array/port v0000023dbabbb3c0, 90;
v0000023dbabbb3c0_91 .array/port v0000023dbabbb3c0, 91;
E_0000023dbab5bd40/22 .event anyedge, v0000023dbabbb3c0_88, v0000023dbabbb3c0_89, v0000023dbabbb3c0_90, v0000023dbabbb3c0_91;
v0000023dbabbb3c0_92 .array/port v0000023dbabbb3c0, 92;
v0000023dbabbb3c0_93 .array/port v0000023dbabbb3c0, 93;
v0000023dbabbb3c0_94 .array/port v0000023dbabbb3c0, 94;
v0000023dbabbb3c0_95 .array/port v0000023dbabbb3c0, 95;
E_0000023dbab5bd40/23 .event anyedge, v0000023dbabbb3c0_92, v0000023dbabbb3c0_93, v0000023dbabbb3c0_94, v0000023dbabbb3c0_95;
v0000023dbabbb3c0_96 .array/port v0000023dbabbb3c0, 96;
v0000023dbabbb3c0_97 .array/port v0000023dbabbb3c0, 97;
v0000023dbabbb3c0_98 .array/port v0000023dbabbb3c0, 98;
v0000023dbabbb3c0_99 .array/port v0000023dbabbb3c0, 99;
E_0000023dbab5bd40/24 .event anyedge, v0000023dbabbb3c0_96, v0000023dbabbb3c0_97, v0000023dbabbb3c0_98, v0000023dbabbb3c0_99;
v0000023dbabbb3c0_100 .array/port v0000023dbabbb3c0, 100;
v0000023dbabbb3c0_101 .array/port v0000023dbabbb3c0, 101;
v0000023dbabbb3c0_102 .array/port v0000023dbabbb3c0, 102;
v0000023dbabbb3c0_103 .array/port v0000023dbabbb3c0, 103;
E_0000023dbab5bd40/25 .event anyedge, v0000023dbabbb3c0_100, v0000023dbabbb3c0_101, v0000023dbabbb3c0_102, v0000023dbabbb3c0_103;
v0000023dbabbb3c0_104 .array/port v0000023dbabbb3c0, 104;
v0000023dbabbb3c0_105 .array/port v0000023dbabbb3c0, 105;
v0000023dbabbb3c0_106 .array/port v0000023dbabbb3c0, 106;
v0000023dbabbb3c0_107 .array/port v0000023dbabbb3c0, 107;
E_0000023dbab5bd40/26 .event anyedge, v0000023dbabbb3c0_104, v0000023dbabbb3c0_105, v0000023dbabbb3c0_106, v0000023dbabbb3c0_107;
v0000023dbabbb3c0_108 .array/port v0000023dbabbb3c0, 108;
v0000023dbabbb3c0_109 .array/port v0000023dbabbb3c0, 109;
v0000023dbabbb3c0_110 .array/port v0000023dbabbb3c0, 110;
v0000023dbabbb3c0_111 .array/port v0000023dbabbb3c0, 111;
E_0000023dbab5bd40/27 .event anyedge, v0000023dbabbb3c0_108, v0000023dbabbb3c0_109, v0000023dbabbb3c0_110, v0000023dbabbb3c0_111;
v0000023dbabbb3c0_112 .array/port v0000023dbabbb3c0, 112;
v0000023dbabbb3c0_113 .array/port v0000023dbabbb3c0, 113;
v0000023dbabbb3c0_114 .array/port v0000023dbabbb3c0, 114;
v0000023dbabbb3c0_115 .array/port v0000023dbabbb3c0, 115;
E_0000023dbab5bd40/28 .event anyedge, v0000023dbabbb3c0_112, v0000023dbabbb3c0_113, v0000023dbabbb3c0_114, v0000023dbabbb3c0_115;
v0000023dbabbb3c0_116 .array/port v0000023dbabbb3c0, 116;
v0000023dbabbb3c0_117 .array/port v0000023dbabbb3c0, 117;
v0000023dbabbb3c0_118 .array/port v0000023dbabbb3c0, 118;
v0000023dbabbb3c0_119 .array/port v0000023dbabbb3c0, 119;
E_0000023dbab5bd40/29 .event anyedge, v0000023dbabbb3c0_116, v0000023dbabbb3c0_117, v0000023dbabbb3c0_118, v0000023dbabbb3c0_119;
v0000023dbabbb3c0_120 .array/port v0000023dbabbb3c0, 120;
v0000023dbabbb3c0_121 .array/port v0000023dbabbb3c0, 121;
v0000023dbabbb3c0_122 .array/port v0000023dbabbb3c0, 122;
v0000023dbabbb3c0_123 .array/port v0000023dbabbb3c0, 123;
E_0000023dbab5bd40/30 .event anyedge, v0000023dbabbb3c0_120, v0000023dbabbb3c0_121, v0000023dbabbb3c0_122, v0000023dbabbb3c0_123;
v0000023dbabbb3c0_124 .array/port v0000023dbabbb3c0, 124;
v0000023dbabbb3c0_125 .array/port v0000023dbabbb3c0, 125;
v0000023dbabbb3c0_126 .array/port v0000023dbabbb3c0, 126;
v0000023dbabbb3c0_127 .array/port v0000023dbabbb3c0, 127;
E_0000023dbab5bd40/31 .event anyedge, v0000023dbabbb3c0_124, v0000023dbabbb3c0_125, v0000023dbabbb3c0_126, v0000023dbabbb3c0_127;
v0000023dbabbb3c0_128 .array/port v0000023dbabbb3c0, 128;
v0000023dbabbb3c0_129 .array/port v0000023dbabbb3c0, 129;
v0000023dbabbb3c0_130 .array/port v0000023dbabbb3c0, 130;
v0000023dbabbb3c0_131 .array/port v0000023dbabbb3c0, 131;
E_0000023dbab5bd40/32 .event anyedge, v0000023dbabbb3c0_128, v0000023dbabbb3c0_129, v0000023dbabbb3c0_130, v0000023dbabbb3c0_131;
v0000023dbabbb3c0_132 .array/port v0000023dbabbb3c0, 132;
v0000023dbabbb3c0_133 .array/port v0000023dbabbb3c0, 133;
v0000023dbabbb3c0_134 .array/port v0000023dbabbb3c0, 134;
v0000023dbabbb3c0_135 .array/port v0000023dbabbb3c0, 135;
E_0000023dbab5bd40/33 .event anyedge, v0000023dbabbb3c0_132, v0000023dbabbb3c0_133, v0000023dbabbb3c0_134, v0000023dbabbb3c0_135;
v0000023dbabbb3c0_136 .array/port v0000023dbabbb3c0, 136;
v0000023dbabbb3c0_137 .array/port v0000023dbabbb3c0, 137;
v0000023dbabbb3c0_138 .array/port v0000023dbabbb3c0, 138;
v0000023dbabbb3c0_139 .array/port v0000023dbabbb3c0, 139;
E_0000023dbab5bd40/34 .event anyedge, v0000023dbabbb3c0_136, v0000023dbabbb3c0_137, v0000023dbabbb3c0_138, v0000023dbabbb3c0_139;
v0000023dbabbb3c0_140 .array/port v0000023dbabbb3c0, 140;
v0000023dbabbb3c0_141 .array/port v0000023dbabbb3c0, 141;
v0000023dbabbb3c0_142 .array/port v0000023dbabbb3c0, 142;
v0000023dbabbb3c0_143 .array/port v0000023dbabbb3c0, 143;
E_0000023dbab5bd40/35 .event anyedge, v0000023dbabbb3c0_140, v0000023dbabbb3c0_141, v0000023dbabbb3c0_142, v0000023dbabbb3c0_143;
v0000023dbabbb3c0_144 .array/port v0000023dbabbb3c0, 144;
v0000023dbabbb3c0_145 .array/port v0000023dbabbb3c0, 145;
v0000023dbabbb3c0_146 .array/port v0000023dbabbb3c0, 146;
v0000023dbabbb3c0_147 .array/port v0000023dbabbb3c0, 147;
E_0000023dbab5bd40/36 .event anyedge, v0000023dbabbb3c0_144, v0000023dbabbb3c0_145, v0000023dbabbb3c0_146, v0000023dbabbb3c0_147;
v0000023dbabbb3c0_148 .array/port v0000023dbabbb3c0, 148;
v0000023dbabbb3c0_149 .array/port v0000023dbabbb3c0, 149;
v0000023dbabbb3c0_150 .array/port v0000023dbabbb3c0, 150;
v0000023dbabbb3c0_151 .array/port v0000023dbabbb3c0, 151;
E_0000023dbab5bd40/37 .event anyedge, v0000023dbabbb3c0_148, v0000023dbabbb3c0_149, v0000023dbabbb3c0_150, v0000023dbabbb3c0_151;
v0000023dbabbb3c0_152 .array/port v0000023dbabbb3c0, 152;
v0000023dbabbb3c0_153 .array/port v0000023dbabbb3c0, 153;
v0000023dbabbb3c0_154 .array/port v0000023dbabbb3c0, 154;
v0000023dbabbb3c0_155 .array/port v0000023dbabbb3c0, 155;
E_0000023dbab5bd40/38 .event anyedge, v0000023dbabbb3c0_152, v0000023dbabbb3c0_153, v0000023dbabbb3c0_154, v0000023dbabbb3c0_155;
v0000023dbabbb3c0_156 .array/port v0000023dbabbb3c0, 156;
v0000023dbabbb3c0_157 .array/port v0000023dbabbb3c0, 157;
v0000023dbabbb3c0_158 .array/port v0000023dbabbb3c0, 158;
v0000023dbabbb3c0_159 .array/port v0000023dbabbb3c0, 159;
E_0000023dbab5bd40/39 .event anyedge, v0000023dbabbb3c0_156, v0000023dbabbb3c0_157, v0000023dbabbb3c0_158, v0000023dbabbb3c0_159;
v0000023dbabbb3c0_160 .array/port v0000023dbabbb3c0, 160;
v0000023dbabbb3c0_161 .array/port v0000023dbabbb3c0, 161;
v0000023dbabbb3c0_162 .array/port v0000023dbabbb3c0, 162;
v0000023dbabbb3c0_163 .array/port v0000023dbabbb3c0, 163;
E_0000023dbab5bd40/40 .event anyedge, v0000023dbabbb3c0_160, v0000023dbabbb3c0_161, v0000023dbabbb3c0_162, v0000023dbabbb3c0_163;
v0000023dbabbb3c0_164 .array/port v0000023dbabbb3c0, 164;
v0000023dbabbb3c0_165 .array/port v0000023dbabbb3c0, 165;
v0000023dbabbb3c0_166 .array/port v0000023dbabbb3c0, 166;
v0000023dbabbb3c0_167 .array/port v0000023dbabbb3c0, 167;
E_0000023dbab5bd40/41 .event anyedge, v0000023dbabbb3c0_164, v0000023dbabbb3c0_165, v0000023dbabbb3c0_166, v0000023dbabbb3c0_167;
v0000023dbabbb3c0_168 .array/port v0000023dbabbb3c0, 168;
v0000023dbabbb3c0_169 .array/port v0000023dbabbb3c0, 169;
v0000023dbabbb3c0_170 .array/port v0000023dbabbb3c0, 170;
v0000023dbabbb3c0_171 .array/port v0000023dbabbb3c0, 171;
E_0000023dbab5bd40/42 .event anyedge, v0000023dbabbb3c0_168, v0000023dbabbb3c0_169, v0000023dbabbb3c0_170, v0000023dbabbb3c0_171;
v0000023dbabbb3c0_172 .array/port v0000023dbabbb3c0, 172;
v0000023dbabbb3c0_173 .array/port v0000023dbabbb3c0, 173;
v0000023dbabbb3c0_174 .array/port v0000023dbabbb3c0, 174;
v0000023dbabbb3c0_175 .array/port v0000023dbabbb3c0, 175;
E_0000023dbab5bd40/43 .event anyedge, v0000023dbabbb3c0_172, v0000023dbabbb3c0_173, v0000023dbabbb3c0_174, v0000023dbabbb3c0_175;
v0000023dbabbb3c0_176 .array/port v0000023dbabbb3c0, 176;
v0000023dbabbb3c0_177 .array/port v0000023dbabbb3c0, 177;
v0000023dbabbb3c0_178 .array/port v0000023dbabbb3c0, 178;
v0000023dbabbb3c0_179 .array/port v0000023dbabbb3c0, 179;
E_0000023dbab5bd40/44 .event anyedge, v0000023dbabbb3c0_176, v0000023dbabbb3c0_177, v0000023dbabbb3c0_178, v0000023dbabbb3c0_179;
v0000023dbabbb3c0_180 .array/port v0000023dbabbb3c0, 180;
v0000023dbabbb3c0_181 .array/port v0000023dbabbb3c0, 181;
v0000023dbabbb3c0_182 .array/port v0000023dbabbb3c0, 182;
v0000023dbabbb3c0_183 .array/port v0000023dbabbb3c0, 183;
E_0000023dbab5bd40/45 .event anyedge, v0000023dbabbb3c0_180, v0000023dbabbb3c0_181, v0000023dbabbb3c0_182, v0000023dbabbb3c0_183;
v0000023dbabbb3c0_184 .array/port v0000023dbabbb3c0, 184;
v0000023dbabbb3c0_185 .array/port v0000023dbabbb3c0, 185;
v0000023dbabbb3c0_186 .array/port v0000023dbabbb3c0, 186;
v0000023dbabbb3c0_187 .array/port v0000023dbabbb3c0, 187;
E_0000023dbab5bd40/46 .event anyedge, v0000023dbabbb3c0_184, v0000023dbabbb3c0_185, v0000023dbabbb3c0_186, v0000023dbabbb3c0_187;
v0000023dbabbb3c0_188 .array/port v0000023dbabbb3c0, 188;
v0000023dbabbb3c0_189 .array/port v0000023dbabbb3c0, 189;
v0000023dbabbb3c0_190 .array/port v0000023dbabbb3c0, 190;
v0000023dbabbb3c0_191 .array/port v0000023dbabbb3c0, 191;
E_0000023dbab5bd40/47 .event anyedge, v0000023dbabbb3c0_188, v0000023dbabbb3c0_189, v0000023dbabbb3c0_190, v0000023dbabbb3c0_191;
v0000023dbabbb3c0_192 .array/port v0000023dbabbb3c0, 192;
v0000023dbabbb3c0_193 .array/port v0000023dbabbb3c0, 193;
v0000023dbabbb3c0_194 .array/port v0000023dbabbb3c0, 194;
v0000023dbabbb3c0_195 .array/port v0000023dbabbb3c0, 195;
E_0000023dbab5bd40/48 .event anyedge, v0000023dbabbb3c0_192, v0000023dbabbb3c0_193, v0000023dbabbb3c0_194, v0000023dbabbb3c0_195;
v0000023dbabbb3c0_196 .array/port v0000023dbabbb3c0, 196;
v0000023dbabbb3c0_197 .array/port v0000023dbabbb3c0, 197;
v0000023dbabbb3c0_198 .array/port v0000023dbabbb3c0, 198;
v0000023dbabbb3c0_199 .array/port v0000023dbabbb3c0, 199;
E_0000023dbab5bd40/49 .event anyedge, v0000023dbabbb3c0_196, v0000023dbabbb3c0_197, v0000023dbabbb3c0_198, v0000023dbabbb3c0_199;
v0000023dbabbb3c0_200 .array/port v0000023dbabbb3c0, 200;
v0000023dbabbb3c0_201 .array/port v0000023dbabbb3c0, 201;
v0000023dbabbb3c0_202 .array/port v0000023dbabbb3c0, 202;
v0000023dbabbb3c0_203 .array/port v0000023dbabbb3c0, 203;
E_0000023dbab5bd40/50 .event anyedge, v0000023dbabbb3c0_200, v0000023dbabbb3c0_201, v0000023dbabbb3c0_202, v0000023dbabbb3c0_203;
v0000023dbabbb3c0_204 .array/port v0000023dbabbb3c0, 204;
v0000023dbabbb3c0_205 .array/port v0000023dbabbb3c0, 205;
v0000023dbabbb3c0_206 .array/port v0000023dbabbb3c0, 206;
v0000023dbabbb3c0_207 .array/port v0000023dbabbb3c0, 207;
E_0000023dbab5bd40/51 .event anyedge, v0000023dbabbb3c0_204, v0000023dbabbb3c0_205, v0000023dbabbb3c0_206, v0000023dbabbb3c0_207;
v0000023dbabbb3c0_208 .array/port v0000023dbabbb3c0, 208;
v0000023dbabbb3c0_209 .array/port v0000023dbabbb3c0, 209;
v0000023dbabbb3c0_210 .array/port v0000023dbabbb3c0, 210;
v0000023dbabbb3c0_211 .array/port v0000023dbabbb3c0, 211;
E_0000023dbab5bd40/52 .event anyedge, v0000023dbabbb3c0_208, v0000023dbabbb3c0_209, v0000023dbabbb3c0_210, v0000023dbabbb3c0_211;
v0000023dbabbb3c0_212 .array/port v0000023dbabbb3c0, 212;
v0000023dbabbb3c0_213 .array/port v0000023dbabbb3c0, 213;
v0000023dbabbb3c0_214 .array/port v0000023dbabbb3c0, 214;
v0000023dbabbb3c0_215 .array/port v0000023dbabbb3c0, 215;
E_0000023dbab5bd40/53 .event anyedge, v0000023dbabbb3c0_212, v0000023dbabbb3c0_213, v0000023dbabbb3c0_214, v0000023dbabbb3c0_215;
v0000023dbabbb3c0_216 .array/port v0000023dbabbb3c0, 216;
v0000023dbabbb3c0_217 .array/port v0000023dbabbb3c0, 217;
v0000023dbabbb3c0_218 .array/port v0000023dbabbb3c0, 218;
v0000023dbabbb3c0_219 .array/port v0000023dbabbb3c0, 219;
E_0000023dbab5bd40/54 .event anyedge, v0000023dbabbb3c0_216, v0000023dbabbb3c0_217, v0000023dbabbb3c0_218, v0000023dbabbb3c0_219;
v0000023dbabbb3c0_220 .array/port v0000023dbabbb3c0, 220;
v0000023dbabbb3c0_221 .array/port v0000023dbabbb3c0, 221;
v0000023dbabbb3c0_222 .array/port v0000023dbabbb3c0, 222;
v0000023dbabbb3c0_223 .array/port v0000023dbabbb3c0, 223;
E_0000023dbab5bd40/55 .event anyedge, v0000023dbabbb3c0_220, v0000023dbabbb3c0_221, v0000023dbabbb3c0_222, v0000023dbabbb3c0_223;
v0000023dbabbb3c0_224 .array/port v0000023dbabbb3c0, 224;
v0000023dbabbb3c0_225 .array/port v0000023dbabbb3c0, 225;
v0000023dbabbb3c0_226 .array/port v0000023dbabbb3c0, 226;
v0000023dbabbb3c0_227 .array/port v0000023dbabbb3c0, 227;
E_0000023dbab5bd40/56 .event anyedge, v0000023dbabbb3c0_224, v0000023dbabbb3c0_225, v0000023dbabbb3c0_226, v0000023dbabbb3c0_227;
v0000023dbabbb3c0_228 .array/port v0000023dbabbb3c0, 228;
v0000023dbabbb3c0_229 .array/port v0000023dbabbb3c0, 229;
v0000023dbabbb3c0_230 .array/port v0000023dbabbb3c0, 230;
v0000023dbabbb3c0_231 .array/port v0000023dbabbb3c0, 231;
E_0000023dbab5bd40/57 .event anyedge, v0000023dbabbb3c0_228, v0000023dbabbb3c0_229, v0000023dbabbb3c0_230, v0000023dbabbb3c0_231;
v0000023dbabbb3c0_232 .array/port v0000023dbabbb3c0, 232;
v0000023dbabbb3c0_233 .array/port v0000023dbabbb3c0, 233;
v0000023dbabbb3c0_234 .array/port v0000023dbabbb3c0, 234;
v0000023dbabbb3c0_235 .array/port v0000023dbabbb3c0, 235;
E_0000023dbab5bd40/58 .event anyedge, v0000023dbabbb3c0_232, v0000023dbabbb3c0_233, v0000023dbabbb3c0_234, v0000023dbabbb3c0_235;
v0000023dbabbb3c0_236 .array/port v0000023dbabbb3c0, 236;
v0000023dbabbb3c0_237 .array/port v0000023dbabbb3c0, 237;
v0000023dbabbb3c0_238 .array/port v0000023dbabbb3c0, 238;
v0000023dbabbb3c0_239 .array/port v0000023dbabbb3c0, 239;
E_0000023dbab5bd40/59 .event anyedge, v0000023dbabbb3c0_236, v0000023dbabbb3c0_237, v0000023dbabbb3c0_238, v0000023dbabbb3c0_239;
v0000023dbabbb3c0_240 .array/port v0000023dbabbb3c0, 240;
v0000023dbabbb3c0_241 .array/port v0000023dbabbb3c0, 241;
v0000023dbabbb3c0_242 .array/port v0000023dbabbb3c0, 242;
v0000023dbabbb3c0_243 .array/port v0000023dbabbb3c0, 243;
E_0000023dbab5bd40/60 .event anyedge, v0000023dbabbb3c0_240, v0000023dbabbb3c0_241, v0000023dbabbb3c0_242, v0000023dbabbb3c0_243;
v0000023dbabbb3c0_244 .array/port v0000023dbabbb3c0, 244;
v0000023dbabbb3c0_245 .array/port v0000023dbabbb3c0, 245;
v0000023dbabbb3c0_246 .array/port v0000023dbabbb3c0, 246;
v0000023dbabbb3c0_247 .array/port v0000023dbabbb3c0, 247;
E_0000023dbab5bd40/61 .event anyedge, v0000023dbabbb3c0_244, v0000023dbabbb3c0_245, v0000023dbabbb3c0_246, v0000023dbabbb3c0_247;
v0000023dbabbb3c0_248 .array/port v0000023dbabbb3c0, 248;
v0000023dbabbb3c0_249 .array/port v0000023dbabbb3c0, 249;
v0000023dbabbb3c0_250 .array/port v0000023dbabbb3c0, 250;
v0000023dbabbb3c0_251 .array/port v0000023dbabbb3c0, 251;
E_0000023dbab5bd40/62 .event anyedge, v0000023dbabbb3c0_248, v0000023dbabbb3c0_249, v0000023dbabbb3c0_250, v0000023dbabbb3c0_251;
v0000023dbabbb3c0_252 .array/port v0000023dbabbb3c0, 252;
v0000023dbabbb3c0_253 .array/port v0000023dbabbb3c0, 253;
v0000023dbabbb3c0_254 .array/port v0000023dbabbb3c0, 254;
v0000023dbabbb3c0_255 .array/port v0000023dbabbb3c0, 255;
E_0000023dbab5bd40/63 .event anyedge, v0000023dbabbb3c0_252, v0000023dbabbb3c0_253, v0000023dbabbb3c0_254, v0000023dbabbb3c0_255;
E_0000023dbab5bd40 .event/or E_0000023dbab5bd40/0, E_0000023dbab5bd40/1, E_0000023dbab5bd40/2, E_0000023dbab5bd40/3, E_0000023dbab5bd40/4, E_0000023dbab5bd40/5, E_0000023dbab5bd40/6, E_0000023dbab5bd40/7, E_0000023dbab5bd40/8, E_0000023dbab5bd40/9, E_0000023dbab5bd40/10, E_0000023dbab5bd40/11, E_0000023dbab5bd40/12, E_0000023dbab5bd40/13, E_0000023dbab5bd40/14, E_0000023dbab5bd40/15, E_0000023dbab5bd40/16, E_0000023dbab5bd40/17, E_0000023dbab5bd40/18, E_0000023dbab5bd40/19, E_0000023dbab5bd40/20, E_0000023dbab5bd40/21, E_0000023dbab5bd40/22, E_0000023dbab5bd40/23, E_0000023dbab5bd40/24, E_0000023dbab5bd40/25, E_0000023dbab5bd40/26, E_0000023dbab5bd40/27, E_0000023dbab5bd40/28, E_0000023dbab5bd40/29, E_0000023dbab5bd40/30, E_0000023dbab5bd40/31, E_0000023dbab5bd40/32, E_0000023dbab5bd40/33, E_0000023dbab5bd40/34, E_0000023dbab5bd40/35, E_0000023dbab5bd40/36, E_0000023dbab5bd40/37, E_0000023dbab5bd40/38, E_0000023dbab5bd40/39, E_0000023dbab5bd40/40, E_0000023dbab5bd40/41, E_0000023dbab5bd40/42, E_0000023dbab5bd40/43, E_0000023dbab5bd40/44, E_0000023dbab5bd40/45, E_0000023dbab5bd40/46, E_0000023dbab5bd40/47, E_0000023dbab5bd40/48, E_0000023dbab5bd40/49, E_0000023dbab5bd40/50, E_0000023dbab5bd40/51, E_0000023dbab5bd40/52, E_0000023dbab5bd40/53, E_0000023dbab5bd40/54, E_0000023dbab5bd40/55, E_0000023dbab5bd40/56, E_0000023dbab5bd40/57, E_0000023dbab5bd40/58, E_0000023dbab5bd40/59, E_0000023dbab5bd40/60, E_0000023dbab5bd40/61, E_0000023dbab5bd40/62, E_0000023dbab5bd40/63;
S_0000023dbaae6940 .scope function.real, "q8_8_to_real" "q8_8_to_real" 3 35, 3 35 0, S_0000023dbab60060;
 .timescale -9 -12;
; Variable q8_8_to_real is REAL return value of scope S_0000023dbaae6940
v0000023dbab5fae0_0 .var/s "val", 15 0;
TD_layer1_discriminator_tb.q8_8_to_real ;
    %load/vec4 v0000023dbab5fae0_0;
    %cvt/rv/s;
    %pushi/real 1073741824, 4074; load=256.000
    %div/wr;
    %ret/real 0; Assign to q8_8_to_real
    %end;
S_0000023dbaae6ad0 .scope module, "uut" "layer1_discriminator" 3 17, 4 5 0, S_0000023dbab60060;
 .timescale -9 -12;
    .port_info 0 /INPUT 1 "clk";
    .port_info 1 /INPUT 1 "rst";
    .port_info 2 /INPUT 1 "start";
    .port_info 3 /INPUT 4096 "flat_input_flat";
    .port_info 4 /OUTPUT 2048 "flat_output_flat";
    .port_info 5 /OUTPUT 1 "done";
v0000023dbab5f2c0_0 .net *"_ivl_0", 31 0, L_0000023dbabbb820;  1 drivers
v0000023dbab5ef00_0 .net *"_ivl_11", 31 0, L_0000023dbabba600;  1 drivers
L_0000023dbabf0160 .functor BUFT 1, C4<00000000000000000000000000000001>, C4<0>, C4<0>, C4<0>;
v0000023dbab5edc0_0 .net/2u *"_ivl_12", 31 0, L_0000023dbabf0160;  1 drivers
v0000023dbab5ed20_0 .net *"_ivl_14", 31 0, L_0000023dbabba380;  1 drivers
v0000023dbab5ee60_0 .net *"_ivl_16", 33 0, L_0000023dbabbb640;  1 drivers
L_0000023dbabf01a8 .functor BUFT 1, C4<00>, C4<0>, C4<0>, C4<0>;
v0000023dbab5f900_0 .net *"_ivl_19", 1 0, L_0000023dbabf01a8;  1 drivers
L_0000023dbabf01f0 .functor BUFT 1, C4<0000000000000000000000000000001111>, C4<0>, C4<0>, C4<0>;
v0000023dbab5efa0_0 .net/2s *"_ivl_20", 33 0, L_0000023dbabf01f0;  1 drivers
v0000023dbab5f040_0 .net/s *"_ivl_22", 33 0, L_0000023dbabbbb40;  1 drivers
v0000023dbab5f0e0_0 .net/s *"_ivl_26", 31 0, L_0000023dbabba1a0;  1 drivers
v0000023dbab5fb80_0 .net *"_ivl_28", 15 0, L_0000023dbabbba00;  1 drivers
L_0000023dbabf0088 .functor BUFT 1, C4<00000000000000000000000>, C4<0>, C4<0>, C4<0>;
v0000023dbab5f860_0 .net *"_ivl_3", 22 0, L_0000023dbabf0088;  1 drivers
v0000023dbab5f360_0 .net *"_ivl_30", 31 0, L_0000023dbabbad80;  1 drivers
L_0000023dbabf0238 .functor BUFT 1, C4<000000000000000000000000>, C4<0>, C4<0>, C4<0>;
v0000023dbab5f5e0_0 .net *"_ivl_33", 23 0, L_0000023dbabf0238;  1 drivers
L_0000023dbabf0280 .functor BUFT 1, C4<00000000000000000000000100000000>, C4<0>, C4<0>, C4<0>;
v0000023dbab5f7c0_0 .net/2u *"_ivl_34", 31 0, L_0000023dbabf0280;  1 drivers
v0000023dbab5f400_0 .net *"_ivl_37", 31 0, L_0000023dbabba240;  1 drivers
v0000023dbab5f180_0 .net *"_ivl_38", 31 0, L_0000023dbabba420;  1 drivers
L_0000023dbabf00d0 .functor BUFT 1, C4<00000000000000000000000000000001>, C4<0>, C4<0>, C4<0>;
v0000023dbab5f4a0_0 .net/2u *"_ivl_4", 31 0, L_0000023dbabf00d0;  1 drivers
L_0000023dbabf02c8 .functor BUFT 1, C4<00000000000000000000000>, C4<0>, C4<0>, C4<0>;
v0000023dbab5f220_0 .net *"_ivl_41", 22 0, L_0000023dbabf02c8;  1 drivers
v0000023dbab5f680_0 .net *"_ivl_42", 31 0, L_0000023dbabba4c0;  1 drivers
v0000023dbab5f9a0_0 .net/s *"_ivl_44", 31 0, L_0000023dbabbac40;  1 drivers
v0000023dbab5fa40_0 .net *"_ivl_6", 31 0, L_0000023dbabb9ca0;  1 drivers
L_0000023dbabf0118 .functor BUFT 1, C4<00000000000000000000000000010000>, C4<0>, C4<0>, C4<0>;
v0000023dbabba920_0 .net/2u *"_ivl_8", 31 0, L_0000023dbabf0118;  1 drivers
v0000023dbabbb780_0 .var/s "accumulator", 31 0;
v0000023dbabba060_0 .var/s "bias_shifted", 31 0;
v0000023dbabbace0_0 .var "busy", 0 0;
v0000023dbabbb000_0 .net "clk", 0 0, v0000023dbabbb5a0_0;  1 drivers
v0000023dbabbb280_0 .net/s "current_input", 15 0, L_0000023dbabbb8c0;  1 drivers
v0000023dbabb9d40_0 .net/s "current_product", 31 0, L_0000023dbabba6a0;  1 drivers
v0000023dbabb9de0_0 .var "done", 0 0;
v0000023dbabbb6e0_0 .net/s "flat_input_flat", 4095 0, v0000023dbabba2e0_0;  1 drivers
v0000023dbabbb500_0 .var/s "flat_output_flat", 2047 0;
v0000023dbabb9e80_0 .var "input_idx", 8 0;
v0000023dbabb9f20 .array/s "layer1_disc_bias", 127 0, 15 0;
v0000023dbabba7e0 .array/s "layer1_disc_weights", 32767 0, 15 0;
v0000023dbabbb0a0_0 .var "neuron_idx", 7 0;
v0000023dbabbaec0_0 .net/s "next_acc", 31 0, L_0000023dbabbbaa0;  1 drivers
v0000023dbabba560_0 .net "rst", 0 0, v0000023dbabb9fc0_0;  1 drivers
v0000023dbabbb320_0 .net "start", 0 0, v0000023dbabba100_0;  1 drivers
E_0000023dbab5bc40 .event posedge, v0000023dbabba560_0, v0000023dbabbb000_0;
L_0000023dbabbb820 .concat [ 9 23 0 0], v0000023dbabb9e80_0, L_0000023dbabf0088;
L_0000023dbabb9ca0 .arith/sum 32, L_0000023dbabbb820, L_0000023dbabf00d0;
L_0000023dbabba600 .arith/mult 32, L_0000023dbabb9ca0, L_0000023dbabf0118;
L_0000023dbabba380 .arith/sub 32, L_0000023dbabba600, L_0000023dbabf0160;
L_0000023dbabbb640 .concat [ 32 2 0 0], L_0000023dbabba380, L_0000023dbabf01a8;
L_0000023dbabbbb40 .arith/sub 34, L_0000023dbabbb640, L_0000023dbabf01f0;
L_0000023dbabbb8c0 .part/v.s v0000023dbabba2e0_0, L_0000023dbabbbb40, 16;
L_0000023dbabba1a0 .extend/s 32, L_0000023dbabbb8c0;
L_0000023dbabbba00 .array/port v0000023dbabba7e0, L_0000023dbabba4c0;
L_0000023dbabbad80 .concat [ 8 24 0 0], v0000023dbabbb0a0_0, L_0000023dbabf0238;
L_0000023dbabba240 .arith/mult 32, L_0000023dbabbad80, L_0000023dbabf0280;
L_0000023dbabba420 .concat [ 9 23 0 0], v0000023dbabb9e80_0, L_0000023dbabf02c8;
L_0000023dbabba4c0 .arith/sum 32, L_0000023dbabba240, L_0000023dbabba420;
L_0000023dbabbac40 .extend/s 32, L_0000023dbabbba00;
L_0000023dbabba6a0 .arith/mult 32, L_0000023dbabba1a0, L_0000023dbabbac40;
L_0000023dbabbbaa0 .arith/sum 32, v0000023dbabbb780_0, L_0000023dbabba6a0;
    .scope S_0000023dbaae6ad0;
T_1 ;
    %vpi_call/w 4 25 "$readmemh", "src/layers/hex_data/Discriminator_Layer1_Weights_All.hex", v0000023dbabba7e0 {0 0 0};
    %vpi_call/w 4 26 "$readmemh", "src/layers/hex_data/Discriminator_Layer1_Biases_All.hex", v0000023dbabb9f20 {0 0 0};
    %end;
    .thread T_1;
    .scope S_0000023dbaae6ad0;
T_2 ;
    %wait E_0000023dbab5bc40;
    %load/vec4 v0000023dbabba560_0;
    %flag_set/vec4 8;
    %jmp/0xz  T_2.0, 8;
    %pushi/vec4 0, 0, 8;
    %assign/vec4 v0000023dbabbb0a0_0, 0;
    %pushi/vec4 0, 0, 9;
    %assign/vec4 v0000023dbabb9e80_0, 0;
    %pushi/vec4 0, 0, 32;
    %assign/vec4 v0000023dbabbb780_0, 0;
    %pushi/vec4 0, 0, 32;
    %assign/vec4 v0000023dbabba060_0, 0;
    %pushi/vec4 0, 0, 1;
    %assign/vec4 v0000023dbabbace0_0, 0;
    %pushi/vec4 0, 0, 1;
    %assign/vec4 v0000023dbabb9de0_0, 0;
    %jmp T_2.1;
T_2.0 ;
    %load/vec4 v0000023dbabbb320_0;
    %flag_set/vec4 9;
    %flag_get/vec4 9;
    %jmp/0 T_2.4, 9;
    %load/vec4 v0000023dbabbace0_0;
    %nor/r;
    %and;
T_2.4;
    %flag_set/vec4 8;
    %jmp/0xz  T_2.2, 8;
    %pushi/vec4 0, 0, 8;
    %assign/vec4 v0000023dbabbb0a0_0, 0;
    %pushi/vec4 0, 0, 9;
    %assign/vec4 v0000023dbabb9e80_0, 0;
    %ix/load 4, 0, 0;
    %flag_set/imm 4, 0;
    %load/vec4a v0000023dbabb9f20, 4;
    %pad/s 32;
    %ix/load 4, 8, 0;
    %flag_set/imm 4, 0;
    %shiftl 4;
    %assign/vec4 v0000023dbabba060_0, 0;
    %ix/load 4, 0, 0;
    %flag_set/imm 4, 0;
    %load/vec4a v0000023dbabb9f20, 4;
    %pad/s 32;
    %ix/load 4, 8, 0;
    %flag_set/imm 4, 0;
    %shiftl 4;
    %assign/vec4 v0000023dbabbb780_0, 0;
    %pushi/vec4 1, 0, 1;
    %assign/vec4 v0000023dbabbace0_0, 0;
    %pushi/vec4 0, 0, 1;
    %assign/vec4 v0000023dbabb9de0_0, 0;
    %jmp T_2.3;
T_2.2 ;
    %load/vec4 v0000023dbabbace0_0;
    %flag_set/vec4 8;
    %jmp/0xz  T_2.5, 8;
    %load/vec4 v0000023dbabbaec0_0;
    %assign/vec4 v0000023dbabbb780_0, 0;
    %load/vec4 v0000023dbabb9e80_0;
    %cmpi/e 255, 0, 9;
    %jmp/0xz  T_2.7, 4;
    %load/vec4 v0000023dbabbaec0_0;
    %parti/s 16, 8, 5;
    %ix/load 5, 0, 0;
    %load/vec4 v0000023dbabbb0a0_0;
    %pad/u 32;
    %addi 1, 0, 32;
    %muli 16, 0, 32;
    %subi 1, 0, 32;
    %pad/u 34;
    %subi 15, 0, 34;
    %ix/vec4/s 4;
    %assign/vec4/off/d v0000023dbabbb500_0, 4, 5;
    %load/vec4 v0000023dbabbb0a0_0;
    %cmpi/e 127, 0, 8;
    %jmp/0xz  T_2.9, 4;
    %pushi/vec4 0, 0, 1;
    %assign/vec4 v0000023dbabbace0_0, 0;
    %pushi/vec4 1, 0, 1;
    %assign/vec4 v0000023dbabb9de0_0, 0;
    %jmp T_2.10;
T_2.9 ;
    %load/vec4 v0000023dbabbb0a0_0;
    %addi 1, 0, 8;
    %assign/vec4 v0000023dbabbb0a0_0, 0;
    %load/vec4 v0000023dbabbb0a0_0;
    %pad/u 32;
    %addi 1, 0, 32;
    %ix/vec4 4;
    %load/vec4a v0000023dbabb9f20, 4;
    %pad/s 32;
    %ix/load 4, 8, 0;
    %flag_set/imm 4, 0;
    %shiftl 4;
    %assign/vec4 v0000023dbabba060_0, 0;
    %load/vec4 v0000023dbabbb0a0_0;
    %pad/u 32;
    %addi 1, 0, 32;
    %ix/vec4 4;
    %load/vec4a v0000023dbabb9f20, 4;
    %pad/s 32;
    %ix/load 4, 8, 0;
    %flag_set/imm 4, 0;
    %shiftl 4;
    %assign/vec4 v0000023dbabbb780_0, 0;
    %pushi/vec4 0, 0, 9;
    %assign/vec4 v0000023dbabb9e80_0, 0;
T_2.10 ;
    %jmp T_2.8;
T_2.7 ;
    %load/vec4 v0000023dbabb9e80_0;
    %addi 1, 0, 9;
    %assign/vec4 v0000023dbabb9e80_0, 0;
T_2.8 ;
    %jmp T_2.6;
T_2.5 ;
    %load/vec4 v0000023dbabb9de0_0;
    %flag_set/vec4 8;
    %jmp/0xz  T_2.11, 8;
    %pushi/vec4 0, 0, 1;
    %assign/vec4 v0000023dbabb9de0_0, 0;
T_2.11 ;
T_2.6 ;
T_2.3 ;
T_2.1 ;
    %jmp T_2;
    .thread T_2;
    .scope S_0000023dbab60060;
T_3 ;
    %wait E_0000023dbab5bd40;
    %pushi/vec4 0, 0, 32;
    %store/vec4 v0000023dbabbaa60_0, 0, 32;
T_3.0 ;
    %load/vec4 v0000023dbabbaa60_0;
    %cmpi/s 256, 0, 32;
    %jmp/0xz T_3.1, 5;
    %ix/getv/s 4, v0000023dbabbaa60_0;
    %load/vec4a v0000023dbabbb3c0, 4;
    %load/vec4 v0000023dbabbaa60_0;
    %addi 1, 0, 32;
    %muli 16, 0, 32;
    %subi 1, 0, 32;
    %pad/s 34;
    %subi 15, 0, 34;
    %ix/vec4/s 4;
    %store/vec4 v0000023dbabba2e0_0, 4, 16;
    %load/vec4 v0000023dbabbaa60_0;
    %addi 1, 0, 32;
    %store/vec4 v0000023dbabbaa60_0, 0, 32;
    %jmp T_3.0;
T_3.1 ;
    %jmp T_3;
    .thread T_3, $push;
    .scope S_0000023dbab60060;
T_4 ;
    %pushi/vec4 0, 0, 1;
    %store/vec4 v0000023dbabbb5a0_0, 0, 1;
T_4.0 ;
    %delay 5000, 0;
    %load/vec4 v0000023dbabbb5a0_0;
    %inv;
    %store/vec4 v0000023dbabbb5a0_0, 0, 1;
    %jmp T_4.0;
    %end;
    .thread T_4;
    .scope S_0000023dbab60060;
T_5 ;
    %vpi_call/w 3 51 "$dumpfile", "vcd/discriminator_layer1_test.vcd" {0 0 0};
    %vpi_call/w 3 52 "$dumpvars", 32'sb00000000000000000000000000000000, S_0000023dbab60060 {0 0 0};
    %pushi/vec4 1, 0, 1;
    %store/vec4 v0000023dbabb9fc0_0, 0, 1;
    %pushi/vec4 0, 0, 1;
    %store/vec4 v0000023dbabba100_0, 0, 1;
    %delay 20000, 0;
    %pushi/vec4 0, 0, 1;
    %store/vec4 v0000023dbabb9fc0_0, 0, 1;
    %pushi/vec4 0, 0, 32;
    %store/vec4 v0000023dbabbb140_0, 0, 32;
T_5.0 ;
    %load/vec4 v0000023dbabbb140_0;
    %cmpi/s 256, 0, 32;
    %jmp/0xz T_5.1, 5;
    %pushi/vec4 0, 0, 16;
    %ix/getv/s 4, v0000023dbabbb140_0;
    %store/vec4a v0000023dbabbb3c0, 4, 0;
    %load/vec4 v0000023dbabbb140_0;
    %addi 1, 0, 32;
    %store/vec4 v0000023dbabbb140_0, 0, 32;
    %jmp T_5.0;
T_5.1 ;
    %vpi_call/w 3 65 "$display", "--------------------------------------------------" {0 0 0};
    %vpi_call/w 3 66 "$display", "   TESTING DISCRIMINATOR LAYER 1" {0 0 0};
    %vpi_call/w 3 67 "$display", "   256 inputs -> 128 neurons" {0 0 0};
    %vpi_call/w 3 68 "$display", "--------------------------------------------------" {0 0 0};
    %vpi_call/w 3 71 "$display", "\012Test Case 1: Zero Inputs" {0 0 0};
    %pushi/vec4 0, 0, 32;
    %store/vec4 v0000023dbabbb140_0, 0, 32;
T_5.2 ;
    %load/vec4 v0000023dbabbb140_0;
    %cmpi/s 256, 0, 32;
    %jmp/0xz T_5.3, 5;
    %pushi/vec4 0, 0, 16;
    %ix/getv/s 4, v0000023dbabbb140_0;
    %store/vec4a v0000023dbabbb3c0, 4, 0;
    %load/vec4 v0000023dbabbb140_0;
    %addi 1, 0, 32;
    %store/vec4 v0000023dbabbb140_0, 0, 32;
    %jmp T_5.2;
T_5.3 ;
    %wait E_0000023dbab5bb40;
    %pushi/vec4 1, 0, 1;
    %store/vec4 v0000023dbabba100_0, 0, 1;
    %wait E_0000023dbab5bb40;
    %pushi/vec4 0, 0, 1;
    %store/vec4 v0000023dbabba100_0, 0, 1;
T_5.4 ;
    %load/vec4 v0000023dbabba9c0_0;
    %pad/u 32;
    %pushi/vec4 1, 0, 32;
    %cmp/e;
    %flag_get/vec4 4;
    %cmpi/ne 1, 0, 1;
    %jmp/0xz T_5.5, 6;
    %wait E_0000023dbab5c4c0;
    %jmp T_5.4;
T_5.5 ;
    %delay 1000, 0;
    %vpi_call/w 3 84 "$display", "Layer 1 Output (first 20 values with zero input):" {0 0 0};
    %pushi/vec4 0, 0, 32;
    %store/vec4 v0000023dbabbb460_0, 0, 32;
T_5.6 ;
    %load/vec4 v0000023dbabbb460_0;
    %cmpi/s 20, 0, 32;
    %jmp/0xz T_5.7, 5;
    %load/vec4 v0000023dbabbb960_0;
    %load/vec4 v0000023dbabbb460_0;
    %addi 1, 0, 32;
    %muli 16, 0, 32;
    %subi 1, 0, 32;
    %pad/s 34;
    %subi 15, 0, 34;
    %part/s 16;
    %store/vec4 v0000023dbab5fae0_0, 0, 16;
    %callf/real TD_layer1_discriminator_tb.q8_8_to_real, S_0000023dbaae6940;
    %load/vec4 v0000023dbabbb960_0;
    %load/vec4 v0000023dbabbb460_0;
    %addi 1, 0, 32;
    %muli 16, 0, 32;
    %subi 1, 0, 32;
    %pad/s 34;
    %subi 15, 0, 34;
    %part/s 16;
    %vpi_call/w 3 86 "$display", "[%2d] = %f (hex: %h)", v0000023dbabbb460_0, W<0,r>, S<0,vec4,u16> {1 1 0};
    %load/vec4 v0000023dbabbb460_0;
    %addi 1, 0, 32;
    %store/vec4 v0000023dbabbb460_0, 0, 32;
    %jmp T_5.6;
T_5.7 ;
    %vpi_call/w 3 93 "$display", "\012Test Case 2: Random Inputs" {0 0 0};
    %pushi/vec4 0, 0, 32;
    %store/vec4 v0000023dbabbb140_0, 0, 32;
T_5.8 ;
    %load/vec4 v0000023dbabbb140_0;
    %cmpi/s 256, 0, 32;
    %jmp/0xz T_5.9, 5;
    %vpi_func 3 95 "$random" 32 {0 0 0};
    %pushi/vec4 256, 0, 32;
    %mod/s;
    %pad/s 16;
    %ix/getv/s 4, v0000023dbabbb140_0;
    %store/vec4a v0000023dbabbb3c0, 4, 0;
    %load/vec4 v0000023dbabbb140_0;
    %addi 1, 0, 32;
    %store/vec4 v0000023dbabbb140_0, 0, 32;
    %jmp T_5.8;
T_5.9 ;
    %wait E_0000023dbab5bb40;
    %pushi/vec4 1, 0, 1;
    %store/vec4 v0000023dbabba100_0, 0, 1;
    %wait E_0000023dbab5bb40;
    %pushi/vec4 0, 0, 1;
    %store/vec4 v0000023dbabba100_0, 0, 1;
T_5.10 ;
    %load/vec4 v0000023dbabba9c0_0;
    %pad/u 32;
    %pushi/vec4 1, 0, 32;
    %cmp/e;
    %flag_get/vec4 4;
    %cmpi/ne 1, 0, 1;
    %jmp/0xz T_5.11, 6;
    %wait E_0000023dbab5c4c0;
    %jmp T_5.10;
T_5.11 ;
    %delay 1000, 0;
    %vpi_call/w 3 106 "$display", "Layer 1 Output (first 20 values with random input):" {0 0 0};
    %pushi/vec4 0, 0, 32;
    %store/vec4 v0000023dbabbb460_0, 0, 32;
T_5.12 ;
    %load/vec4 v0000023dbabbb460_0;
    %cmpi/s 20, 0, 32;
    %jmp/0xz T_5.13, 5;
    %load/vec4 v0000023dbabbb960_0;
    %load/vec4 v0000023dbabbb460_0;
    %addi 1, 0, 32;
    %muli 16, 0, 32;
    %subi 1, 0, 32;
    %pad/s 34;
    %subi 15, 0, 34;
    %part/s 16;
    %store/vec4 v0000023dbab5fae0_0, 0, 16;
    %callf/real TD_layer1_discriminator_tb.q8_8_to_real, S_0000023dbaae6940;
    %load/vec4 v0000023dbabbb960_0;
    %load/vec4 v0000023dbabbb460_0;
    %addi 1, 0, 32;
    %muli 16, 0, 32;
    %subi 1, 0, 32;
    %pad/s 34;
    %subi 15, 0, 34;
    %part/s 16;
    %vpi_call/w 3 108 "$display", "[%2d] = %f (hex: %h)", v0000023dbabbb460_0, W<0,r>, S<0,vec4,u16> {1 1 0};
    %load/vec4 v0000023dbabbb460_0;
    %addi 1, 0, 32;
    %store/vec4 v0000023dbabbb460_0, 0, 32;
    %jmp T_5.12;
T_5.13 ;
    %vpi_call/w 3 114 "$display", "--------------------------------------------------" {0 0 0};
    %vpi_call/w 3 115 "$display", "Layer 1 Test Complete" {0 0 0};
    %vpi_call/w 3 116 "$display", "--------------------------------------------------" {0 0 0};
    %vpi_call/w 3 118 "$finish" {0 0 0};
    %end;
    .thread T_5;
# The file index is used to find the file name in the following table.
:file_names 5;
    "N/A";
    "<interactive>";
    "-";
    "src/layers/layer1_discriminator_tb.v";
    "src/layers/layer1_discriminator.v";
