#! /c/Source/iverilog-install/bin/vvp
:ivl_version "12.0 (devel)" "(s20150603-1539-g2693dd32b)";
:ivl_delay_selection "TYPICAL";
:vpi_time_precision - 12;
:vpi_module "C:\iverilog\lib\ivl\system.vpi";
:vpi_module "C:\iverilog\lib\ivl\vhdl_sys.vpi";
:vpi_module "C:\iverilog\lib\ivl\vhdl_textio.vpi";
:vpi_module "C:\iverilog\lib\ivl\v2005_math.vpi";
:vpi_module "C:\iverilog\lib\ivl\va_math.vpi";
:vpi_module "C:\iverilog\lib\ivl\v2009.vpi";
S_0000012a128bce30 .scope package, "$unit" "$unit" 2 1;
 .timescale 0 0;
S_0000012a128c4a40 .scope module, "layer2_generator_tb" "layer2_generator_tb" 3 3;
 .timescale -9 -12;
v0000012a12971d10_0 .var "clk", 0 0;
v0000012a129702d0_0 .net "done", 0 0, v0000012a12970230_0;  1 drivers
v0000012a12971770_0 .var/s "flat_input_flat", 4095 0;
v0000012a12971db0_0 .net/s "flat_output_flat", 4095 0, v0000012a12970550_0;  1 drivers
v0000012a12970730 .array/s "inputs", 255 0, 15 0;
v0000012a12970e10_0 .var/i "k", 31 0;
v0000012a129707d0 .array/s "outputs", 255 0, 15 0;
v0000012a12971e50_0 .var/i "p", 31 0;
v0000012a129711d0_0 .var "rst", 0 0;
v0000012a129709b0_0 .var "start", 0 0;
E_0000012a12940b60 .event anyedge, v0000012a12970230_0;
E_0000012a12940ba0 .event posedge, v0000012a12970d70_0;
E_0000012a12940be0 .event anyedge, v0000012a12970550_0;
v0000012a12970730_0 .array/port v0000012a12970730, 0;
v0000012a12970730_1 .array/port v0000012a12970730, 1;
v0000012a12970730_2 .array/port v0000012a12970730, 2;
v0000012a12970730_3 .array/port v0000012a12970730, 3;
E_0000012a129414a0/0 .event anyedge, v0000012a12970730_0, v0000012a12970730_1, v0000012a12970730_2, v0000012a12970730_3;
v0000012a12970730_4 .array/port v0000012a12970730, 4;
v0000012a12970730_5 .array/port v0000012a12970730, 5;
v0000012a12970730_6 .array/port v0000012a12970730, 6;
v0000012a12970730_7 .array/port v0000012a12970730, 7;
E_0000012a129414a0/1 .event anyedge, v0000012a12970730_4, v0000012a12970730_5, v0000012a12970730_6, v0000012a12970730_7;
v0000012a12970730_8 .array/port v0000012a12970730, 8;
v0000012a12970730_9 .array/port v0000012a12970730, 9;
v0000012a12970730_10 .array/port v0000012a12970730, 10;
v0000012a12970730_11 .array/port v0000012a12970730, 11;
E_0000012a129414a0/2 .event anyedge, v0000012a12970730_8, v0000012a12970730_9, v0000012a12970730_10, v0000012a12970730_11;
v0000012a12970730_12 .array/port v0000012a12970730, 12;
v0000012a12970730_13 .array/port v0000012a12970730, 13;
v0000012a12970730_14 .array/port v0000012a12970730, 14;
v0000012a12970730_15 .array/port v0000012a12970730, 15;
E_0000012a129414a0/3 .event anyedge, v0000012a12970730_12, v0000012a12970730_13, v0000012a12970730_14, v0000012a12970730_15;
v0000012a12970730_16 .array/port v0000012a12970730, 16;
v0000012a12970730_17 .array/port v0000012a12970730, 17;
v0000012a12970730_18 .array/port v0000012a12970730, 18;
v0000012a12970730_19 .array/port v0000012a12970730, 19;
E_0000012a129414a0/4 .event anyedge, v0000012a12970730_16, v0000012a12970730_17, v0000012a12970730_18, v0000012a12970730_19;
v0000012a12970730_20 .array/port v0000012a12970730, 20;
v0000012a12970730_21 .array/port v0000012a12970730, 21;
v0000012a12970730_22 .array/port v0000012a12970730, 22;
v0000012a12970730_23 .array/port v0000012a12970730, 23;
E_0000012a129414a0/5 .event anyedge, v0000012a12970730_20, v0000012a12970730_21, v0000012a12970730_22, v0000012a12970730_23;
v0000012a12970730_24 .array/port v0000012a12970730, 24;
v0000012a12970730_25 .array/port v0000012a12970730, 25;
v0000012a12970730_26 .array/port v0000012a12970730, 26;
v0000012a12970730_27 .array/port v0000012a12970730, 27;
E_0000012a129414a0/6 .event anyedge, v0000012a12970730_24, v0000012a12970730_25, v0000012a12970730_26, v0000012a12970730_27;
v0000012a12970730_28 .array/port v0000012a12970730, 28;
v0000012a12970730_29 .array/port v0000012a12970730, 29;
v0000012a12970730_30 .array/port v0000012a12970730, 30;
v0000012a12970730_31 .array/port v0000012a12970730, 31;
E_0000012a129414a0/7 .event anyedge, v0000012a12970730_28, v0000012a12970730_29, v0000012a12970730_30, v0000012a12970730_31;
v0000012a12970730_32 .array/port v0000012a12970730, 32;
v0000012a12970730_33 .array/port v0000012a12970730, 33;
v0000012a12970730_34 .array/port v0000012a12970730, 34;
v0000012a12970730_35 .array/port v0000012a12970730, 35;
E_0000012a129414a0/8 .event anyedge, v0000012a12970730_32, v0000012a12970730_33, v0000012a12970730_34, v0000012a12970730_35;
v0000012a12970730_36 .array/port v0000012a12970730, 36;
v0000012a12970730_37 .array/port v0000012a12970730, 37;
v0000012a12970730_38 .array/port v0000012a12970730, 38;
v0000012a12970730_39 .array/port v0000012a12970730, 39;
E_0000012a129414a0/9 .event anyedge, v0000012a12970730_36, v0000012a12970730_37, v0000012a12970730_38, v0000012a12970730_39;
v0000012a12970730_40 .array/port v0000012a12970730, 40;
v0000012a12970730_41 .array/port v0000012a12970730, 41;
v0000012a12970730_42 .array/port v0000012a12970730, 42;
v0000012a12970730_43 .array/port v0000012a12970730, 43;
E_0000012a129414a0/10 .event anyedge, v0000012a12970730_40, v0000012a12970730_41, v0000012a12970730_42, v0000012a12970730_43;
v0000012a12970730_44 .array/port v0000012a12970730, 44;
v0000012a12970730_45 .array/port v0000012a12970730, 45;
v0000012a12970730_46 .array/port v0000012a12970730, 46;
v0000012a12970730_47 .array/port v0000012a12970730, 47;
E_0000012a129414a0/11 .event anyedge, v0000012a12970730_44, v0000012a12970730_45, v0000012a12970730_46, v0000012a12970730_47;
v0000012a12970730_48 .array/port v0000012a12970730, 48;
v0000012a12970730_49 .array/port v0000012a12970730, 49;
v0000012a12970730_50 .array/port v0000012a12970730, 50;
v0000012a12970730_51 .array/port v0000012a12970730, 51;
E_0000012a129414a0/12 .event anyedge, v0000012a12970730_48, v0000012a12970730_49, v0000012a12970730_50, v0000012a12970730_51;
v0000012a12970730_52 .array/port v0000012a12970730, 52;
v0000012a12970730_53 .array/port v0000012a12970730, 53;
v0000012a12970730_54 .array/port v0000012a12970730, 54;
v0000012a12970730_55 .array/port v0000012a12970730, 55;
E_0000012a129414a0/13 .event anyedge, v0000012a12970730_52, v0000012a12970730_53, v0000012a12970730_54, v0000012a12970730_55;
v0000012a12970730_56 .array/port v0000012a12970730, 56;
v0000012a12970730_57 .array/port v0000012a12970730, 57;
v0000012a12970730_58 .array/port v0000012a12970730, 58;
v0000012a12970730_59 .array/port v0000012a12970730, 59;
E_0000012a129414a0/14 .event anyedge, v0000012a12970730_56, v0000012a12970730_57, v0000012a12970730_58, v0000012a12970730_59;
v0000012a12970730_60 .array/port v0000012a12970730, 60;
v0000012a12970730_61 .array/port v0000012a12970730, 61;
v0000012a12970730_62 .array/port v0000012a12970730, 62;
v0000012a12970730_63 .array/port v0000012a12970730, 63;
E_0000012a129414a0/15 .event anyedge, v0000012a12970730_60, v0000012a12970730_61, v0000012a12970730_62, v0000012a12970730_63;
v0000012a12970730_64 .array/port v0000012a12970730, 64;
v0000012a12970730_65 .array/port v0000012a12970730, 65;
v0000012a12970730_66 .array/port v0000012a12970730, 66;
v0000012a12970730_67 .array/port v0000012a12970730, 67;
E_0000012a129414a0/16 .event anyedge, v0000012a12970730_64, v0000012a12970730_65, v0000012a12970730_66, v0000012a12970730_67;
v0000012a12970730_68 .array/port v0000012a12970730, 68;
v0000012a12970730_69 .array/port v0000012a12970730, 69;
v0000012a12970730_70 .array/port v0000012a12970730, 70;
v0000012a12970730_71 .array/port v0000012a12970730, 71;
E_0000012a129414a0/17 .event anyedge, v0000012a12970730_68, v0000012a12970730_69, v0000012a12970730_70, v0000012a12970730_71;
v0000012a12970730_72 .array/port v0000012a12970730, 72;
v0000012a12970730_73 .array/port v0000012a12970730, 73;
v0000012a12970730_74 .array/port v0000012a12970730, 74;
v0000012a12970730_75 .array/port v0000012a12970730, 75;
E_0000012a129414a0/18 .event anyedge, v0000012a12970730_72, v0000012a12970730_73, v0000012a12970730_74, v0000012a12970730_75;
v0000012a12970730_76 .array/port v0000012a12970730, 76;
v0000012a12970730_77 .array/port v0000012a12970730, 77;
v0000012a12970730_78 .array/port v0000012a12970730, 78;
v0000012a12970730_79 .array/port v0000012a12970730, 79;
E_0000012a129414a0/19 .event anyedge, v0000012a12970730_76, v0000012a12970730_77, v0000012a12970730_78, v0000012a12970730_79;
v0000012a12970730_80 .array/port v0000012a12970730, 80;
v0000012a12970730_81 .array/port v0000012a12970730, 81;
v0000012a12970730_82 .array/port v0000012a12970730, 82;
v0000012a12970730_83 .array/port v0000012a12970730, 83;
E_0000012a129414a0/20 .event anyedge, v0000012a12970730_80, v0000012a12970730_81, v0000012a12970730_82, v0000012a12970730_83;
v0000012a12970730_84 .array/port v0000012a12970730, 84;
v0000012a12970730_85 .array/port v0000012a12970730, 85;
v0000012a12970730_86 .array/port v0000012a12970730, 86;
v0000012a12970730_87 .array/port v0000012a12970730, 87;
E_0000012a129414a0/21 .event anyedge, v0000012a12970730_84, v0000012a12970730_85, v0000012a12970730_86, v0000012a12970730_87;
v0000012a12970730_88 .array/port v0000012a12970730, 88;
v0000012a12970730_89 .array/port v0000012a12970730, 89;
v0000012a12970730_90 .array/port v0000012a12970730, 90;
v0000012a12970730_91 .array/port v0000012a12970730, 91;
E_0000012a129414a0/22 .event anyedge, v0000012a12970730_88, v0000012a12970730_89, v0000012a12970730_90, v0000012a12970730_91;
v0000012a12970730_92 .array/port v0000012a12970730, 92;
v0000012a12970730_93 .array/port v0000012a12970730, 93;
v0000012a12970730_94 .array/port v0000012a12970730, 94;
v0000012a12970730_95 .array/port v0000012a12970730, 95;
E_0000012a129414a0/23 .event anyedge, v0000012a12970730_92, v0000012a12970730_93, v0000012a12970730_94, v0000012a12970730_95;
v0000012a12970730_96 .array/port v0000012a12970730, 96;
v0000012a12970730_97 .array/port v0000012a12970730, 97;
v0000012a12970730_98 .array/port v0000012a12970730, 98;
v0000012a12970730_99 .array/port v0000012a12970730, 99;
E_0000012a129414a0/24 .event anyedge, v0000012a12970730_96, v0000012a12970730_97, v0000012a12970730_98, v0000012a12970730_99;
v0000012a12970730_100 .array/port v0000012a12970730, 100;
v0000012a12970730_101 .array/port v0000012a12970730, 101;
v0000012a12970730_102 .array/port v0000012a12970730, 102;
v0000012a12970730_103 .array/port v0000012a12970730, 103;
E_0000012a129414a0/25 .event anyedge, v0000012a12970730_100, v0000012a12970730_101, v0000012a12970730_102, v0000012a12970730_103;
v0000012a12970730_104 .array/port v0000012a12970730, 104;
v0000012a12970730_105 .array/port v0000012a12970730, 105;
v0000012a12970730_106 .array/port v0000012a12970730, 106;
v0000012a12970730_107 .array/port v0000012a12970730, 107;
E_0000012a129414a0/26 .event anyedge, v0000012a12970730_104, v0000012a12970730_105, v0000012a12970730_106, v0000012a12970730_107;
v0000012a12970730_108 .array/port v0000012a12970730, 108;
v0000012a12970730_109 .array/port v0000012a12970730, 109;
v0000012a12970730_110 .array/port v0000012a12970730, 110;
v0000012a12970730_111 .array/port v0000012a12970730, 111;
E_0000012a129414a0/27 .event anyedge, v0000012a12970730_108, v0000012a12970730_109, v0000012a12970730_110, v0000012a12970730_111;
v0000012a12970730_112 .array/port v0000012a12970730, 112;
v0000012a12970730_113 .array/port v0000012a12970730, 113;
v0000012a12970730_114 .array/port v0000012a12970730, 114;
v0000012a12970730_115 .array/port v0000012a12970730, 115;
E_0000012a129414a0/28 .event anyedge, v0000012a12970730_112, v0000012a12970730_113, v0000012a12970730_114, v0000012a12970730_115;
v0000012a12970730_116 .array/port v0000012a12970730, 116;
v0000012a12970730_117 .array/port v0000012a12970730, 117;
v0000012a12970730_118 .array/port v0000012a12970730, 118;
v0000012a12970730_119 .array/port v0000012a12970730, 119;
E_0000012a129414a0/29 .event anyedge, v0000012a12970730_116, v0000012a12970730_117, v0000012a12970730_118, v0000012a12970730_119;
v0000012a12970730_120 .array/port v0000012a12970730, 120;
v0000012a12970730_121 .array/port v0000012a12970730, 121;
v0000012a12970730_122 .array/port v0000012a12970730, 122;
v0000012a12970730_123 .array/port v0000012a12970730, 123;
E_0000012a129414a0/30 .event anyedge, v0000012a12970730_120, v0000012a12970730_121, v0000012a12970730_122, v0000012a12970730_123;
v0000012a12970730_124 .array/port v0000012a12970730, 124;
v0000012a12970730_125 .array/port v0000012a12970730, 125;
v0000012a12970730_126 .array/port v0000012a12970730, 126;
v0000012a12970730_127 .array/port v0000012a12970730, 127;
E_0000012a129414a0/31 .event anyedge, v0000012a12970730_124, v0000012a12970730_125, v0000012a12970730_126, v0000012a12970730_127;
v0000012a12970730_128 .array/port v0000012a12970730, 128;
v0000012a12970730_129 .array/port v0000012a12970730, 129;
v0000012a12970730_130 .array/port v0000012a12970730, 130;
v0000012a12970730_131 .array/port v0000012a12970730, 131;
E_0000012a129414a0/32 .event anyedge, v0000012a12970730_128, v0000012a12970730_129, v0000012a12970730_130, v0000012a12970730_131;
v0000012a12970730_132 .array/port v0000012a12970730, 132;
v0000012a12970730_133 .array/port v0000012a12970730, 133;
v0000012a12970730_134 .array/port v0000012a12970730, 134;
v0000012a12970730_135 .array/port v0000012a12970730, 135;
E_0000012a129414a0/33 .event anyedge, v0000012a12970730_132, v0000012a12970730_133, v0000012a12970730_134, v0000012a12970730_135;
v0000012a12970730_136 .array/port v0000012a12970730, 136;
v0000012a12970730_137 .array/port v0000012a12970730, 137;
v0000012a12970730_138 .array/port v0000012a12970730, 138;
v0000012a12970730_139 .array/port v0000012a12970730, 139;
E_0000012a129414a0/34 .event anyedge, v0000012a12970730_136, v0000012a12970730_137, v0000012a12970730_138, v0000012a12970730_139;
v0000012a12970730_140 .array/port v0000012a12970730, 140;
v0000012a12970730_141 .array/port v0000012a12970730, 141;
v0000012a12970730_142 .array/port v0000012a12970730, 142;
v0000012a12970730_143 .array/port v0000012a12970730, 143;
E_0000012a129414a0/35 .event anyedge, v0000012a12970730_140, v0000012a12970730_141, v0000012a12970730_142, v0000012a12970730_143;
v0000012a12970730_144 .array/port v0000012a12970730, 144;
v0000012a12970730_145 .array/port v0000012a12970730, 145;
v0000012a12970730_146 .array/port v0000012a12970730, 146;
v0000012a12970730_147 .array/port v0000012a12970730, 147;
E_0000012a129414a0/36 .event anyedge, v0000012a12970730_144, v0000012a12970730_145, v0000012a12970730_146, v0000012a12970730_147;
v0000012a12970730_148 .array/port v0000012a12970730, 148;
v0000012a12970730_149 .array/port v0000012a12970730, 149;
v0000012a12970730_150 .array/port v0000012a12970730, 150;
v0000012a12970730_151 .array/port v0000012a12970730, 151;
E_0000012a129414a0/37 .event anyedge, v0000012a12970730_148, v0000012a12970730_149, v0000012a12970730_150, v0000012a12970730_151;
v0000012a12970730_152 .array/port v0000012a12970730, 152;
v0000012a12970730_153 .array/port v0000012a12970730, 153;
v0000012a12970730_154 .array/port v0000012a12970730, 154;
v0000012a12970730_155 .array/port v0000012a12970730, 155;
E_0000012a129414a0/38 .event anyedge, v0000012a12970730_152, v0000012a12970730_153, v0000012a12970730_154, v0000012a12970730_155;
v0000012a12970730_156 .array/port v0000012a12970730, 156;
v0000012a12970730_157 .array/port v0000012a12970730, 157;
v0000012a12970730_158 .array/port v0000012a12970730, 158;
v0000012a12970730_159 .array/port v0000012a12970730, 159;
E_0000012a129414a0/39 .event anyedge, v0000012a12970730_156, v0000012a12970730_157, v0000012a12970730_158, v0000012a12970730_159;
v0000012a12970730_160 .array/port v0000012a12970730, 160;
v0000012a12970730_161 .array/port v0000012a12970730, 161;
v0000012a12970730_162 .array/port v0000012a12970730, 162;
v0000012a12970730_163 .array/port v0000012a12970730, 163;
E_0000012a129414a0/40 .event anyedge, v0000012a12970730_160, v0000012a12970730_161, v0000012a12970730_162, v0000012a12970730_163;
v0000012a12970730_164 .array/port v0000012a12970730, 164;
v0000012a12970730_165 .array/port v0000012a12970730, 165;
v0000012a12970730_166 .array/port v0000012a12970730, 166;
v0000012a12970730_167 .array/port v0000012a12970730, 167;
E_0000012a129414a0/41 .event anyedge, v0000012a12970730_164, v0000012a12970730_165, v0000012a12970730_166, v0000012a12970730_167;
v0000012a12970730_168 .array/port v0000012a12970730, 168;
v0000012a12970730_169 .array/port v0000012a12970730, 169;
v0000012a12970730_170 .array/port v0000012a12970730, 170;
v0000012a12970730_171 .array/port v0000012a12970730, 171;
E_0000012a129414a0/42 .event anyedge, v0000012a12970730_168, v0000012a12970730_169, v0000012a12970730_170, v0000012a12970730_171;
v0000012a12970730_172 .array/port v0000012a12970730, 172;
v0000012a12970730_173 .array/port v0000012a12970730, 173;
v0000012a12970730_174 .array/port v0000012a12970730, 174;
v0000012a12970730_175 .array/port v0000012a12970730, 175;
E_0000012a129414a0/43 .event anyedge, v0000012a12970730_172, v0000012a12970730_173, v0000012a12970730_174, v0000012a12970730_175;
v0000012a12970730_176 .array/port v0000012a12970730, 176;
v0000012a12970730_177 .array/port v0000012a12970730, 177;
v0000012a12970730_178 .array/port v0000012a12970730, 178;
v0000012a12970730_179 .array/port v0000012a12970730, 179;
E_0000012a129414a0/44 .event anyedge, v0000012a12970730_176, v0000012a12970730_177, v0000012a12970730_178, v0000012a12970730_179;
v0000012a12970730_180 .array/port v0000012a12970730, 180;
v0000012a12970730_181 .array/port v0000012a12970730, 181;
v0000012a12970730_182 .array/port v0000012a12970730, 182;
v0000012a12970730_183 .array/port v0000012a12970730, 183;
E_0000012a129414a0/45 .event anyedge, v0000012a12970730_180, v0000012a12970730_181, v0000012a12970730_182, v0000012a12970730_183;
v0000012a12970730_184 .array/port v0000012a12970730, 184;
v0000012a12970730_185 .array/port v0000012a12970730, 185;
v0000012a12970730_186 .array/port v0000012a12970730, 186;
v0000012a12970730_187 .array/port v0000012a12970730, 187;
E_0000012a129414a0/46 .event anyedge, v0000012a12970730_184, v0000012a12970730_185, v0000012a12970730_186, v0000012a12970730_187;
v0000012a12970730_188 .array/port v0000012a12970730, 188;
v0000012a12970730_189 .array/port v0000012a12970730, 189;
v0000012a12970730_190 .array/port v0000012a12970730, 190;
v0000012a12970730_191 .array/port v0000012a12970730, 191;
E_0000012a129414a0/47 .event anyedge, v0000012a12970730_188, v0000012a12970730_189, v0000012a12970730_190, v0000012a12970730_191;
v0000012a12970730_192 .array/port v0000012a12970730, 192;
v0000012a12970730_193 .array/port v0000012a12970730, 193;
v0000012a12970730_194 .array/port v0000012a12970730, 194;
v0000012a12970730_195 .array/port v0000012a12970730, 195;
E_0000012a129414a0/48 .event anyedge, v0000012a12970730_192, v0000012a12970730_193, v0000012a12970730_194, v0000012a12970730_195;
v0000012a12970730_196 .array/port v0000012a12970730, 196;
v0000012a12970730_197 .array/port v0000012a12970730, 197;
v0000012a12970730_198 .array/port v0000012a12970730, 198;
v0000012a12970730_199 .array/port v0000012a12970730, 199;
E_0000012a129414a0/49 .event anyedge, v0000012a12970730_196, v0000012a12970730_197, v0000012a12970730_198, v0000012a12970730_199;
v0000012a12970730_200 .array/port v0000012a12970730, 200;
v0000012a12970730_201 .array/port v0000012a12970730, 201;
v0000012a12970730_202 .array/port v0000012a12970730, 202;
v0000012a12970730_203 .array/port v0000012a12970730, 203;
E_0000012a129414a0/50 .event anyedge, v0000012a12970730_200, v0000012a12970730_201, v0000012a12970730_202, v0000012a12970730_203;
v0000012a12970730_204 .array/port v0000012a12970730, 204;
v0000012a12970730_205 .array/port v0000012a12970730, 205;
v0000012a12970730_206 .array/port v0000012a12970730, 206;
v0000012a12970730_207 .array/port v0000012a12970730, 207;
E_0000012a129414a0/51 .event anyedge, v0000012a12970730_204, v0000012a12970730_205, v0000012a12970730_206, v0000012a12970730_207;
v0000012a12970730_208 .array/port v0000012a12970730, 208;
v0000012a12970730_209 .array/port v0000012a12970730, 209;
v0000012a12970730_210 .array/port v0000012a12970730, 210;
v0000012a12970730_211 .array/port v0000012a12970730, 211;
E_0000012a129414a0/52 .event anyedge, v0000012a12970730_208, v0000012a12970730_209, v0000012a12970730_210, v0000012a12970730_211;
v0000012a12970730_212 .array/port v0000012a12970730, 212;
v0000012a12970730_213 .array/port v0000012a12970730, 213;
v0000012a12970730_214 .array/port v0000012a12970730, 214;
v0000012a12970730_215 .array/port v0000012a12970730, 215;
E_0000012a129414a0/53 .event anyedge, v0000012a12970730_212, v0000012a12970730_213, v0000012a12970730_214, v0000012a12970730_215;
v0000012a12970730_216 .array/port v0000012a12970730, 216;
v0000012a12970730_217 .array/port v0000012a12970730, 217;
v0000012a12970730_218 .array/port v0000012a12970730, 218;
v0000012a12970730_219 .array/port v0000012a12970730, 219;
E_0000012a129414a0/54 .event anyedge, v0000012a12970730_216, v0000012a12970730_217, v0000012a12970730_218, v0000012a12970730_219;
v0000012a12970730_220 .array/port v0000012a12970730, 220;
v0000012a12970730_221 .array/port v0000012a12970730, 221;
v0000012a12970730_222 .array/port v0000012a12970730, 222;
v0000012a12970730_223 .array/port v0000012a12970730, 223;
E_0000012a129414a0/55 .event anyedge, v0000012a12970730_220, v0000012a12970730_221, v0000012a12970730_222, v0000012a12970730_223;
v0000012a12970730_224 .array/port v0000012a12970730, 224;
v0000012a12970730_225 .array/port v0000012a12970730, 225;
v0000012a12970730_226 .array/port v0000012a12970730, 226;
v0000012a12970730_227 .array/port v0000012a12970730, 227;
E_0000012a129414a0/56 .event anyedge, v0000012a12970730_224, v0000012a12970730_225, v0000012a12970730_226, v0000012a12970730_227;
v0000012a12970730_228 .array/port v0000012a12970730, 228;
v0000012a12970730_229 .array/port v0000012a12970730, 229;
v0000012a12970730_230 .array/port v0000012a12970730, 230;
v0000012a12970730_231 .array/port v0000012a12970730, 231;
E_0000012a129414a0/57 .event anyedge, v0000012a12970730_228, v0000012a12970730_229, v0000012a12970730_230, v0000012a12970730_231;
v0000012a12970730_232 .array/port v0000012a12970730, 232;
v0000012a12970730_233 .array/port v0000012a12970730, 233;
v0000012a12970730_234 .array/port v0000012a12970730, 234;
v0000012a12970730_235 .array/port v0000012a12970730, 235;
E_0000012a129414a0/58 .event anyedge, v0000012a12970730_232, v0000012a12970730_233, v0000012a12970730_234, v0000012a12970730_235;
v0000012a12970730_236 .array/port v0000012a12970730, 236;
v0000012a12970730_237 .array/port v0000012a12970730, 237;
v0000012a12970730_238 .array/port v0000012a12970730, 238;
v0000012a12970730_239 .array/port v0000012a12970730, 239;
E_0000012a129414a0/59 .event anyedge, v0000012a12970730_236, v0000012a12970730_237, v0000012a12970730_238, v0000012a12970730_239;
v0000012a12970730_240 .array/port v0000012a12970730, 240;
v0000012a12970730_241 .array/port v0000012a12970730, 241;
v0000012a12970730_242 .array/port v0000012a12970730, 242;
v0000012a12970730_243 .array/port v0000012a12970730, 243;
E_0000012a129414a0/60 .event anyedge, v0000012a12970730_240, v0000012a12970730_241, v0000012a12970730_242, v0000012a12970730_243;
v0000012a12970730_244 .array/port v0000012a12970730, 244;
v0000012a12970730_245 .array/port v0000012a12970730, 245;
v0000012a12970730_246 .array/port v0000012a12970730, 246;
v0000012a12970730_247 .array/port v0000012a12970730, 247;
E_0000012a129414a0/61 .event anyedge, v0000012a12970730_244, v0000012a12970730_245, v0000012a12970730_246, v0000012a12970730_247;
v0000012a12970730_248 .array/port v0000012a12970730, 248;
v0000012a12970730_249 .array/port v0000012a12970730, 249;
v0000012a12970730_250 .array/port v0000012a12970730, 250;
v0000012a12970730_251 .array/port v0000012a12970730, 251;
E_0000012a129414a0/62 .event anyedge, v0000012a12970730_248, v0000012a12970730_249, v0000012a12970730_250, v0000012a12970730_251;
v0000012a12970730_252 .array/port v0000012a12970730, 252;
v0000012a12970730_253 .array/port v0000012a12970730, 253;
v0000012a12970730_254 .array/port v0000012a12970730, 254;
v0000012a12970730_255 .array/port v0000012a12970730, 255;
E_0000012a129414a0/63 .event anyedge, v0000012a12970730_252, v0000012a12970730_253, v0000012a12970730_254, v0000012a12970730_255;
E_0000012a129414a0 .event/or E_0000012a129414a0/0, E_0000012a129414a0/1, E_0000012a129414a0/2, E_0000012a129414a0/3, E_0000012a129414a0/4, E_0000012a129414a0/5, E_0000012a129414a0/6, E_0000012a129414a0/7, E_0000012a129414a0/8, E_0000012a129414a0/9, E_0000012a129414a0/10, E_0000012a129414a0/11, E_0000012a129414a0/12, E_0000012a129414a0/13, E_0000012a129414a0/14, E_0000012a129414a0/15, E_0000012a129414a0/16, E_0000012a129414a0/17, E_0000012a129414a0/18, E_0000012a129414a0/19, E_0000012a129414a0/20, E_0000012a129414a0/21, E_0000012a129414a0/22, E_0000012a129414a0/23, E_0000012a129414a0/24, E_0000012a129414a0/25, E_0000012a129414a0/26, E_0000012a129414a0/27, E_0000012a129414a0/28, E_0000012a129414a0/29, E_0000012a129414a0/30, E_0000012a129414a0/31, E_0000012a129414a0/32, E_0000012a129414a0/33, E_0000012a129414a0/34, E_0000012a129414a0/35, E_0000012a129414a0/36, E_0000012a129414a0/37, E_0000012a129414a0/38, E_0000012a129414a0/39, E_0000012a129414a0/40, E_0000012a129414a0/41, E_0000012a129414a0/42, E_0000012a129414a0/43, E_0000012a129414a0/44, E_0000012a129414a0/45, E_0000012a129414a0/46, E_0000012a129414a0/47, E_0000012a129414a0/48, E_0000012a129414a0/49, E_0000012a129414a0/50, E_0000012a129414a0/51, E_0000012a129414a0/52, E_0000012a129414a0/53, E_0000012a129414a0/54, E_0000012a129414a0/55, E_0000012a129414a0/56, E_0000012a129414a0/57, E_0000012a129414a0/58, E_0000012a129414a0/59, E_0000012a129414a0/60, E_0000012a129414a0/61, E_0000012a129414a0/62, E_0000012a129414a0/63;
S_0000012a128c1d30 .scope function.real, "q8_8_to_real" "q8_8_to_real" 3 55, 3 55 0, S_0000012a128c4a40;
 .timescale -9 -12;
; Variable q8_8_to_real is REAL return value of scope S_0000012a128c1d30
v0000012a129206b0_0 .var/s "val", 15 0;
TD_layer2_generator_tb.q8_8_to_real ;
    %load/vec4 v0000012a129206b0_0;
    %cvt/rv/s;
    %pushi/real 1073741824, 4074; load=256.000
    %div/wr;
    %ret/real 0; Assign to q8_8_to_real
    %end;
S_0000012a129254f0 .scope module, "uut" "layer2_generator" 3 37, 4 5 0, S_0000012a128c4a40;
 .timescale -9 -12;
    .port_info 0 /INPUT 1 "clk";
    .port_info 1 /INPUT 1 "rst";
    .port_info 2 /INPUT 1 "start";
    .port_info 3 /INPUT 4096 "flat_input_flat";
    .port_info 4 /OUTPUT 4096 "flat_output_flat";
    .port_info 5 /OUTPUT 1 "done";
v0000012a12920750_0 .net *"_ivl_0", 31 0, L_0000012a1297bef0;  1 drivers
v0000012a129202f0_0 .net *"_ivl_11", 31 0, L_0000012a1297ba90;  1 drivers
L_0000012a12a10170 .functor BUFT 1, C4<00000000000000000000000000000001>, C4<0>, C4<0>, C4<0>;
v0000012a12920930_0 .net/2u *"_ivl_12", 31 0, L_0000012a12a10170;  1 drivers
v0000012a12920b10_0 .net *"_ivl_14", 31 0, L_0000012a1297c990;  1 drivers
v0000012a129209d0_0 .net *"_ivl_16", 33 0, L_0000012a1297bbd0;  1 drivers
L_0000012a12a101b8 .functor BUFT 1, C4<00>, C4<0>, C4<0>, C4<0>;
v0000012a12920430_0 .net *"_ivl_19", 1 0, L_0000012a12a101b8;  1 drivers
L_0000012a12a10200 .functor BUFT 1, C4<0000000000000000000000000000001111>, C4<0>, C4<0>, C4<0>;
v0000012a12920d90_0 .net/2s *"_ivl_20", 33 0, L_0000012a12a10200;  1 drivers
v0000012a129207f0_0 .net/s *"_ivl_22", 33 0, L_0000012a1297b630;  1 drivers
v0000012a12920390_0 .net/s *"_ivl_26", 31 0, L_0000012a1297b450;  1 drivers
v0000012a12920e30_0 .net *"_ivl_28", 15 0, L_0000012a1297c030;  1 drivers
L_0000012a12a10098 .functor BUFT 1, C4<00000000000000000000000>, C4<0>, C4<0>, C4<0>;
v0000012a12920ed0_0 .net *"_ivl_3", 22 0, L_0000012a12a10098;  1 drivers
v0000012a129201b0_0 .net *"_ivl_30", 31 0, L_0000012a1297c3f0;  1 drivers
L_0000012a12a10248 .functor BUFT 1, C4<00000000000000000000000>, C4<0>, C4<0>, C4<0>;
v0000012a12920f70_0 .net *"_ivl_33", 22 0, L_0000012a12a10248;  1 drivers
L_0000012a12a10290 .functor BUFT 1, C4<00000000000000000000000100000000>, C4<0>, C4<0>, C4<0>;
v0000012a12920250_0 .net/2u *"_ivl_34", 31 0, L_0000012a12a10290;  1 drivers
v0000012a129204d0_0 .net *"_ivl_37", 31 0, L_0000012a1297b270;  1 drivers
v0000012a12920570_0 .net *"_ivl_38", 31 0, L_0000012a1297bd10;  1 drivers
L_0000012a12a100e0 .functor BUFT 1, C4<00000000000000000000000000000001>, C4<0>, C4<0>, C4<0>;
v0000012a12920610_0 .net/2u *"_ivl_4", 31 0, L_0000012a12a100e0;  1 drivers
L_0000012a12a102d8 .functor BUFT 1, C4<00000000000000000000000>, C4<0>, C4<0>, C4<0>;
v0000012a12920890_0 .net *"_ivl_41", 22 0, L_0000012a12a102d8;  1 drivers
v0000012a12971b30_0 .net *"_ivl_42", 31 0, L_0000012a1297b9f0;  1 drivers
v0000012a12970c30_0 .net/s *"_ivl_44", 31 0, L_0000012a1297b3b0;  1 drivers
v0000012a12971bd0_0 .net *"_ivl_6", 31 0, L_0000012a1297b4f0;  1 drivers
L_0000012a12a10128 .functor BUFT 1, C4<00000000000000000000000000010000>, C4<0>, C4<0>, C4<0>;
v0000012a129705f0_0 .net/2u *"_ivl_8", 31 0, L_0000012a12a10128;  1 drivers
v0000012a12971c70_0 .var/s "accumulator", 31 0;
v0000012a12970190_0 .var/s "bias_shifted", 31 0;
v0000012a12970690_0 .var "busy", 0 0;
v0000012a12970d70_0 .net "clk", 0 0, v0000012a12971d10_0;  1 drivers
v0000012a12971090_0 .net/s "current_input", 15 0, L_0000012a1297b950;  1 drivers
v0000012a12970f50_0 .net/s "current_product", 31 0, L_0000012a1297bc70;  1 drivers
v0000012a12970230_0 .var "done", 0 0;
v0000012a129714f0_0 .net/s "flat_input_flat", 4095 0, v0000012a12971770_0;  1 drivers
v0000012a12970550_0 .var/s "flat_output_flat", 4095 0;
v0000012a12970eb0_0 .var "input_idx", 8 0;
v0000012a12971f90 .array/s "layer2_gen_bias", 255 0, 15 0;
v0000012a12971310 .array/s "layer2_gen_weights", 65535 0, 15 0;
v0000012a12970870_0 .var "neuron_idx", 8 0;
v0000012a12970ff0_0 .net/s "next_acc", 31 0, L_0000012a1297be50;  1 drivers
v0000012a12970af0_0 .net "rst", 0 0, v0000012a129711d0_0;  1 drivers
v0000012a12970a50_0 .net "start", 0 0, v0000012a129709b0_0;  1 drivers
E_0000012a129416a0 .event posedge, v0000012a12970af0_0, v0000012a12970d70_0;
L_0000012a1297bef0 .concat [ 9 23 0 0], v0000012a12970eb0_0, L_0000012a12a10098;
L_0000012a1297b4f0 .arith/sum 32, L_0000012a1297bef0, L_0000012a12a100e0;
L_0000012a1297ba90 .arith/mult 32, L_0000012a1297b4f0, L_0000012a12a10128;
L_0000012a1297c990 .arith/sub 32, L_0000012a1297ba90, L_0000012a12a10170;
L_0000012a1297bbd0 .concat [ 32 2 0 0], L_0000012a1297c990, L_0000012a12a101b8;
L_0000012a1297b630 .arith/sub 34, L_0000012a1297bbd0, L_0000012a12a10200;
L_0000012a1297b950 .part/v.s v0000012a12971770_0, L_0000012a1297b630, 16;
L_0000012a1297b450 .extend/s 32, L_0000012a1297b950;
L_0000012a1297c030 .array/port v0000012a12971310, L_0000012a1297b9f0;
L_0000012a1297c3f0 .concat [ 9 23 0 0], v0000012a12970870_0, L_0000012a12a10248;
L_0000012a1297b270 .arith/mult 32, L_0000012a1297c3f0, L_0000012a12a10290;
L_0000012a1297bd10 .concat [ 9 23 0 0], v0000012a12970eb0_0, L_0000012a12a102d8;
L_0000012a1297b9f0 .arith/sum 32, L_0000012a1297b270, L_0000012a1297bd10;
L_0000012a1297b3b0 .extend/s 32, L_0000012a1297c030;
L_0000012a1297bc70 .arith/mult 32, L_0000012a1297b450, L_0000012a1297b3b0;
L_0000012a1297be50 .arith/sum 32, v0000012a12971c70_0, L_0000012a1297bc70;
S_0000012a12926650 .scope module, "pipelined_mac" "pipelined_mac" 5 1;
 .timescale -9 -12;
    .port_info 0 /INPUT 1 "clk";
    .port_info 1 /INPUT 1 "rst";
    .port_info 2 /INPUT 1 "start";
    .port_info 3 /INPUT 512 "a_flat";
    .port_info 4 /INPUT 512 "b_flat";
    .port_info 5 /INPUT 16 "bias";
    .port_info 6 /OUTPUT 16 "result";
    .port_info 7 /OUTPUT 1 "done";
o0000012a129e3928 .functor BUFZ 512, C4<zzzzzzzzzzzzzzzzzzzzzzzzzzzzzzzzzzzzzzzzzzzzzzzzzzzzzzzzzzzzzzzzzzzzzzzzzzzzzzzzzzzzzzzzzzzzzzzzzzzzzzzzzzzzzzzzzzzzzzzzzzzzzzzzzzzzzzzzzzzzzzzzzzzzzzzzzzzzzzzzzzzzzzzzzzzzzzzzzzzzzzzzzzzzzzzzzzzzzzzzzzzzzzzzzzzzzzzzzzzzzzzzzzzzzzzzzzzzzzzzzzzzzzzzzzzzzzzzzzzzzzzzzzzzzzzzzzzzzzzzzzzzzzzzzzzzzzzzzzzzzzzzzzzzzzzzzzzzzzzzzzzzzzzzzzzzzzzzzzzzzzzzzzzzzzzzzzzzzzzzzzzzzzzzzzzzzzzzzzzzzzzzzzzzzzzzzzzzzzzzzzzzzzzzzzzzzzzzzzzzzzzzzzzzzzzzzzzzzzzzzzzzzzzzzzzzzzzzzzzzzzzzzzzzzzzzzzzzzzzzzzzzzzzzzzzzzzzzzzzzzzzzzzzzzzzz>; HiZ drive
v0000012a12970b90_0 .net/s "a_flat", 511 0, o0000012a129e3928;  0 drivers
o0000012a129e3958 .functor BUFZ 512, C4<zzzzzzzzzzzzzzzzzzzzzzzzzzzzzzzzzzzzzzzzzzzzzzzzzzzzzzzzzzzzzzzzzzzzzzzzzzzzzzzzzzzzzzzzzzzzzzzzzzzzzzzzzzzzzzzzzzzzzzzzzzzzzzzzzzzzzzzzzzzzzzzzzzzzzzzzzzzzzzzzzzzzzzzzzzzzzzzzzzzzzzzzzzzzzzzzzzzzzzzzzzzzzzzzzzzzzzzzzzzzzzzzzzzzzzzzzzzzzzzzzzzzzzzzzzzzzzzzzzzzzzzzzzzzzzzzzzzzzzzzzzzzzzzzzzzzzzzzzzzzzzzzzzzzzzzzzzzzzzzzzzzzzzzzzzzzzzzzzzzzzzzzzzzzzzzzzzzzzzzzzzzzzzzzzzzzzzzzzzzzzzzzzzzzzzzzzzzzzzzzzzzzzzzzzzzzzzzzzzzzzzzzzzzzzzzzzzzzzzzzzzzzzzzzzzzzzzzzzzzzzzzzzzzzzzzzzzzzzzzzzzzzzzzzzzzzzzzzzzzzzzzzzzzzzzzz>; HiZ drive
v0000012a129713b0_0 .net/s "b_flat", 511 0, o0000012a129e3958;  0 drivers
o0000012a129e3988 .functor BUFZ 16, C4<zzzzzzzzzzzzzzzz>; HiZ drive
v0000012a129700f0_0 .net/s "bias", 15 0, o0000012a129e3988;  0 drivers
o0000012a129e39b8 .functor BUFZ 1, C4<z>; HiZ drive
v0000012a12971130_0 .net "clk", 0 0, o0000012a129e39b8;  0 drivers
v0000012a12970cd0_0 .var "d0", 0 0;
v0000012a12970910_0 .var "d1", 0 0;
v0000012a12971ef0_0 .var "d2", 0 0;
v0000012a12971a90_0 .var "d3", 0 0;
v0000012a12970370_0 .var "d4", 0 0;
v0000012a129704b0_0 .var "d5", 0 0;
v0000012a12971590_0 .var "d6", 0 0;
v0000012a12970410_0 .var "done", 0 0;
v0000012a12971270 .array/s "p", 31 0, 31 0;
v0000012a12971630 .array/s "ra", 31 0, 15 0;
v0000012a12971450 .array/s "rb", 31 0, 15 0;
v0000012a129716d0_0 .var/s "result", 15 0;
o0000012a129e3b98 .functor BUFZ 1, C4<z>; HiZ drive
v0000012a12971810_0 .net "rst", 0 0, o0000012a129e3b98;  0 drivers
v0000012a129718b0 .array/s "s1", 15 0, 31 0;
v0000012a12971950 .array/s "s2", 7 0, 31 0;
v0000012a129719f0 .array/s "s3", 3 0, 31 0;
v0000012a1297c2b0 .array/s "s4", 1 0, 31 0;
o0000012a129e3bc8 .functor BUFZ 1, C4<z>; HiZ drive
v0000012a1297b8b0_0 .net "start", 0 0, o0000012a129e3bc8;  0 drivers
v0000012a1297c530_0 .var/s "total_sum", 31 0;
E_0000012a12941560 .event posedge, v0000012a12971810_0, v0000012a12971130_0;
    .scope S_0000012a129254f0;
T_1 ;
    %vpi_call/w 4 25 "$readmemh", "src/layers/hex_data/Generator_Layer2_Weights_All.hex", v0000012a12971310 {0 0 0};
    %vpi_call/w 4 26 "$readmemh", "src/layers/hex_data/Generator_Layer2_Biases_All.hex", v0000012a12971f90 {0 0 0};
    %end;
    .thread T_1;
    .scope S_0000012a129254f0;
T_2 ;
    %wait E_0000012a129416a0;
    %load/vec4 v0000012a12970af0_0;
    %flag_set/vec4 8;
    %jmp/0xz  T_2.0, 8;
    %pushi/vec4 0, 0, 9;
    %assign/vec4 v0000012a12970870_0, 0;
    %pushi/vec4 0, 0, 9;
    %assign/vec4 v0000012a12970eb0_0, 0;
    %pushi/vec4 0, 0, 32;
    %assign/vec4 v0000012a12971c70_0, 0;
    %pushi/vec4 0, 0, 32;
    %assign/vec4 v0000012a12970190_0, 0;
    %pushi/vec4 0, 0, 1;
    %assign/vec4 v0000012a12970690_0, 0;
    %pushi/vec4 0, 0, 1;
    %assign/vec4 v0000012a12970230_0, 0;
    %jmp T_2.1;
T_2.0 ;
    %load/vec4 v0000012a12970a50_0;
    %flag_set/vec4 9;
    %flag_get/vec4 9;
    %jmp/0 T_2.4, 9;
    %load/vec4 v0000012a12970690_0;
    %nor/r;
    %and;
T_2.4;
    %flag_set/vec4 8;
    %jmp/0xz  T_2.2, 8;
    %pushi/vec4 0, 0, 9;
    %assign/vec4 v0000012a12970870_0, 0;
    %pushi/vec4 0, 0, 9;
    %assign/vec4 v0000012a12970eb0_0, 0;
    %ix/load 4, 0, 0;
    %flag_set/imm 4, 0;
    %load/vec4a v0000012a12971f90, 4;
    %pad/s 32;
    %ix/load 4, 8, 0;
    %flag_set/imm 4, 0;
    %shiftl 4;
    %assign/vec4 v0000012a12970190_0, 0;
    %ix/load 4, 0, 0;
    %flag_set/imm 4, 0;
    %load/vec4a v0000012a12971f90, 4;
    %pad/s 32;
    %ix/load 4, 8, 0;
    %flag_set/imm 4, 0;
    %shiftl 4;
    %assign/vec4 v0000012a12971c70_0, 0;
    %pushi/vec4 1, 0, 1;
    %assign/vec4 v0000012a12970690_0, 0;
    %pushi/vec4 0, 0, 1;
    %assign/vec4 v0000012a12970230_0, 0;
    %jmp T_2.3;
T_2.2 ;
    %load/vec4 v0000012a12970690_0;
    %flag_set/vec4 8;
    %jmp/0xz  T_2.5, 8;
    %load/vec4 v0000012a12970ff0_0;
    %assign/vec4 v0000012a12971c70_0, 0;
    %load/vec4 v0000012a12970eb0_0;
    %cmpi/e 255, 0, 9;
    %jmp/0xz  T_2.7, 4;
    %load/vec4 v0000012a12970ff0_0;
    %parti/s 16, 8, 5;
    %ix/load 5, 0, 0;
    %load/vec4 v0000012a12970870_0;
    %pad/u 32;
    %addi 1, 0, 32;
    %muli 16, 0, 32;
    %subi 1, 0, 32;
    %pad/u 34;
    %subi 15, 0, 34;
    %ix/vec4/s 4;
    %assign/vec4/off/d v0000012a12970550_0, 4, 5;
    %load/vec4 v0000012a12970870_0;
    %cmpi/e 255, 0, 9;
    %jmp/0xz  T_2.9, 4;
    %pushi/vec4 0, 0, 1;
    %assign/vec4 v0000012a12970690_0, 0;
    %pushi/vec4 1, 0, 1;
    %assign/vec4 v0000012a12970230_0, 0;
    %jmp T_2.10;
T_2.9 ;
    %load/vec4 v0000012a12970870_0;
    %addi 1, 0, 9;
    %assign/vec4 v0000012a12970870_0, 0;
    %load/vec4 v0000012a12970870_0;
    %pad/u 32;
    %addi 1, 0, 32;
    %ix/vec4 4;
    %load/vec4a v0000012a12971f90, 4;
    %pad/s 32;
    %ix/load 4, 8, 0;
    %flag_set/imm 4, 0;
    %shiftl 4;
    %assign/vec4 v0000012a12970190_0, 0;
    %load/vec4 v0000012a12970870_0;
    %pad/u 32;
    %addi 1, 0, 32;
    %ix/vec4 4;
    %load/vec4a v0000012a12971f90, 4;
    %pad/s 32;
    %ix/load 4, 8, 0;
    %flag_set/imm 4, 0;
    %shiftl 4;
    %assign/vec4 v0000012a12971c70_0, 0;
    %pushi/vec4 0, 0, 9;
    %assign/vec4 v0000012a12970eb0_0, 0;
T_2.10 ;
    %jmp T_2.8;
T_2.7 ;
    %load/vec4 v0000012a12970eb0_0;
    %addi 1, 0, 9;
    %assign/vec4 v0000012a12970eb0_0, 0;
T_2.8 ;
    %jmp T_2.6;
T_2.5 ;
    %load/vec4 v0000012a12970230_0;
    %flag_set/vec4 8;
    %jmp/0xz  T_2.11, 8;
    %pushi/vec4 0, 0, 1;
    %assign/vec4 v0000012a12970230_0, 0;
T_2.11 ;
T_2.6 ;
T_2.3 ;
T_2.1 ;
    %jmp T_2;
    .thread T_2;
    .scope S_0000012a128c4a40;
T_3 ;
    %wait E_0000012a129414a0;
    %pushi/vec4 0, 0, 32;
    %store/vec4 v0000012a12971e50_0, 0, 32;
T_3.0 ;
    %load/vec4 v0000012a12971e50_0;
    %cmpi/s 256, 0, 32;
    %jmp/0xz T_3.1, 5;
    %ix/getv/s 4, v0000012a12971e50_0;
    %load/vec4a v0000012a12970730, 4;
    %load/vec4 v0000012a12971e50_0;
    %addi 1, 0, 32;
    %muli 16, 0, 32;
    %subi 1, 0, 32;
    %pad/s 34;
    %subi 15, 0, 34;
    %ix/vec4/s 4;
    %store/vec4 v0000012a12971770_0, 4, 16;
    %load/vec4 v0000012a12971e50_0;
    %addi 1, 0, 32;
    %store/vec4 v0000012a12971e50_0, 0, 32;
    %jmp T_3.0;
T_3.1 ;
    %jmp T_3;
    .thread T_3, $push;
    .scope S_0000012a128c4a40;
T_4 ;
    %wait E_0000012a12940be0;
    %pushi/vec4 0, 0, 32;
    %store/vec4 v0000012a12971e50_0, 0, 32;
T_4.0 ;
    %load/vec4 v0000012a12971e50_0;
    %cmpi/s 256, 0, 32;
    %jmp/0xz T_4.1, 5;
    %load/vec4 v0000012a12971db0_0;
    %load/vec4 v0000012a12971e50_0;
    %addi 1, 0, 32;
    %muli 16, 0, 32;
    %subi 1, 0, 32;
    %pad/s 34;
    %subi 15, 0, 34;
    %part/s 16;
    %ix/getv/s 4, v0000012a12971e50_0;
    %store/vec4a v0000012a129707d0, 4, 0;
    %load/vec4 v0000012a12971e50_0;
    %addi 1, 0, 32;
    %store/vec4 v0000012a12971e50_0, 0, 32;
    %jmp T_4.0;
T_4.1 ;
    %jmp T_4;
    .thread T_4, $push;
    .scope S_0000012a128c4a40;
T_5 ;
    %pushi/vec4 0, 0, 1;
    %store/vec4 v0000012a12971d10_0, 0, 1;
T_5.0 ;
    %delay 5000, 0;
    %load/vec4 v0000012a12971d10_0;
    %inv;
    %store/vec4 v0000012a12971d10_0, 0, 1;
    %jmp T_5.0;
    %end;
    .thread T_5;
    .scope S_0000012a128c4a40;
T_6 ;
    %vpi_call/w 3 63 "$dumpfile", "vcd/layer2_test.vcd" {0 0 0};
    %vpi_call/w 3 64 "$dumpvars", 32'sb00000000000000000000000000000000, S_0000012a128c4a40 {0 0 0};
    %pushi/vec4 1, 0, 1;
    %store/vec4 v0000012a129711d0_0, 0, 1;
    %pushi/vec4 0, 0, 1;
    %store/vec4 v0000012a129709b0_0, 0, 1;
    %delay 20000, 0;
    %pushi/vec4 0, 0, 1;
    %store/vec4 v0000012a129711d0_0, 0, 1;
    %vpi_call/w 3 73 "$display", "Initializing Inputs to 0..." {0 0 0};
    %pushi/vec4 0, 0, 32;
    %store/vec4 v0000012a12970e10_0, 0, 32;
T_6.0 ;
    %load/vec4 v0000012a12970e10_0;
    %cmpi/s 256, 0, 32;
    %jmp/0xz T_6.1, 5;
    %pushi/vec4 0, 0, 16;
    %ix/getv/s 4, v0000012a12970e10_0;
    %store/vec4a v0000012a12970730, 4, 0;
    %load/vec4 v0000012a12970e10_0;
    %addi 1, 0, 32;
    %store/vec4 v0000012a12970e10_0, 0, 32;
    %jmp T_6.0;
T_6.1 ;
    %delay 10000, 0;
    %wait E_0000012a12940ba0;
    %pushi/vec4 1, 0, 1;
    %store/vec4 v0000012a129709b0_0, 0, 1;
    %wait E_0000012a12940ba0;
    %pushi/vec4 0, 0, 1;
    %store/vec4 v0000012a129709b0_0, 0, 1;
T_6.2 ;
    %load/vec4 v0000012a129702d0_0;
    %pad/u 32;
    %pushi/vec4 1, 0, 32;
    %cmp/e;
    %flag_get/vec4 4;
    %cmpi/ne 1, 0, 1;
    %jmp/0xz T_6.3, 6;
    %wait E_0000012a12940b60;
    %jmp T_6.2;
T_6.3 ;
    %delay 5000, 0;
    %vpi_call/w 3 91 "$display", "--------------------------------------------------" {0 0 0};
    %vpi_call/w 3 92 "$display", "LAYER 2 GENERATOR TEST" {0 0 0};
    %vpi_call/w 3 93 "$display", "Test Vector: Zero Vector (Input = 0)" {0 0 0};
    %vpi_call/w 3 94 "$display", "Expecting Output = Bias" {0 0 0};
    %vpi_call/w 3 95 "$display", "--------------------------------------------------" {0 0 0};
    %vpi_call/w 3 98 "$display", "Output Values (20 nilai pertama):" {0 0 0};
    %pushi/vec4 0, 0, 32;
    %store/vec4 v0000012a12970e10_0, 0, 32;
T_6.4 ;
    %load/vec4 v0000012a12970e10_0;
    %cmpi/s 20, 0, 32;
    %jmp/0xz T_6.5, 5;
    %ix/getv/s 4, v0000012a12970e10_0;
    %load/vec4a v0000012a129707d0, 4;
    %store/vec4 v0000012a129206b0_0, 0, 16;
    %callf/real TD_layer2_generator_tb.q8_8_to_real, S_0000012a128c1d30;
    %vpi_call/w 3 100 "$display", "[%2d] = %0.8f (hex: 0x%04x)", v0000012a12970e10_0, W<0,r>, &A<v0000012a129707d0, v0000012a12970e10_0 > {0 1 0};
    %load/vec4 v0000012a12970e10_0;
    %addi 1, 0, 32;
    %store/vec4 v0000012a12970e10_0, 0, 32;
    %jmp T_6.4;
T_6.5 ;
    %vpi_call/w 3 103 "$display", "--------------------------------------------------" {0 0 0};
    %vpi_call/w 3 104 "$display", "Simulation Finished." {0 0 0};
    %vpi_call/w 3 105 "$finish" {0 0 0};
    %end;
    .thread T_6;
    .scope S_0000012a12926650;
T_7 ;
    %wait E_0000012a12941560;
    %load/vec4 v0000012a12971810_0;
    %flag_set/vec4 8;
    %jmp/0xz  T_7.0, 8;
    %pushi/vec4 0, 0, 1;
    %assign/vec4 v0000012a12970cd0_0, 0;
    %pushi/vec4 0, 0, 1;
    %assign/vec4 v0000012a12970910_0, 0;
    %pushi/vec4 0, 0, 1;
    %assign/vec4 v0000012a12971ef0_0, 0;
    %pushi/vec4 0, 0, 1;
    %assign/vec4 v0000012a12971a90_0, 0;
    %pushi/vec4 0, 0, 1;
    %assign/vec4 v0000012a12970370_0, 0;
    %pushi/vec4 0, 0, 1;
    %assign/vec4 v0000012a129704b0_0, 0;
    %pushi/vec4 0, 0, 1;
    %assign/vec4 v0000012a12971590_0, 0;
    %pushi/vec4 0, 0, 1;
    %assign/vec4 v0000012a12970410_0, 0;
    %pushi/vec4 0, 0, 16;
    %assign/vec4 v0000012a129716d0_0, 0;
    %pushi/vec4 0, 0, 32;
    %assign/vec4 v0000012a1297c530_0, 0;
    %jmp T_7.1;
T_7.0 ;
    %load/vec4 v0000012a1297b8b0_0;
    %flag_set/vec4 8;
    %jmp/0xz  T_7.2, 8;
    %load/vec4 v0000012a12970b90_0;
    %parti/s 16, 0, 2;
    %ix/load 3, 0, 0;
    %flag_set/imm 4, 0;
    %ix/load 4, 0, 0; Constant delay
    %assign/vec4/a/d v0000012a12971630, 0, 4;
    %load/vec4 v0000012a129713b0_0;
    %parti/s 16, 0, 2;
    %ix/load 3, 0, 0;
    %flag_set/imm 4, 0;
    %ix/load 4, 0, 0; Constant delay
    %assign/vec4/a/d v0000012a12971450, 0, 4;
    %load/vec4 v0000012a12970b90_0;
    %parti/s 16, 16, 6;
    %ix/load 3, 1, 0;
    %flag_set/imm 4, 0;
    %ix/load 4, 0, 0; Constant delay
    %assign/vec4/a/d v0000012a12971630, 0, 4;
    %load/vec4 v0000012a129713b0_0;
    %parti/s 16, 16, 6;
    %ix/load 3, 1, 0;
    %flag_set/imm 4, 0;
    %ix/load 4, 0, 0; Constant delay
    %assign/vec4/a/d v0000012a12971450, 0, 4;
    %load/vec4 v0000012a12970b90_0;
    %parti/s 16, 32, 7;
    %ix/load 3, 2, 0;
    %flag_set/imm 4, 0;
    %ix/load 4, 0, 0; Constant delay
    %assign/vec4/a/d v0000012a12971630, 0, 4;
    %load/vec4 v0000012a129713b0_0;
    %parti/s 16, 32, 7;
    %ix/load 3, 2, 0;
    %flag_set/imm 4, 0;
    %ix/load 4, 0, 0; Constant delay
    %assign/vec4/a/d v0000012a12971450, 0, 4;
    %load/vec4 v0000012a12970b90_0;
    %parti/s 16, 48, 7;
    %ix/load 3, 3, 0;
    %flag_set/imm 4, 0;
    %ix/load 4, 0, 0; Constant delay
    %assign/vec4/a/d v0000012a12971630, 0, 4;
    %load/vec4 v0000012a129713b0_0;
    %parti/s 16, 48, 7;
    %ix/load 3, 3, 0;
    %flag_set/imm 4, 0;
    %ix/load 4, 0, 0; Constant delay
    %assign/vec4/a/d v0000012a12971450, 0, 4;
    %load/vec4 v0000012a12970b90_0;
    %parti/s 16, 64, 8;
    %ix/load 3, 4, 0;
    %flag_set/imm 4, 0;
    %ix/load 4, 0, 0; Constant delay
    %assign/vec4/a/d v0000012a12971630, 0, 4;
    %load/vec4 v0000012a129713b0_0;
    %parti/s 16, 64, 8;
    %ix/load 3, 4, 0;
    %flag_set/imm 4, 0;
    %ix/load 4, 0, 0; Constant delay
    %assign/vec4/a/d v0000012a12971450, 0, 4;
    %load/vec4 v0000012a12970b90_0;
    %parti/s 16, 80, 8;
    %ix/load 3, 5, 0;
    %flag_set/imm 4, 0;
    %ix/load 4, 0, 0; Constant delay
    %assign/vec4/a/d v0000012a12971630, 0, 4;
    %load/vec4 v0000012a129713b0_0;
    %parti/s 16, 80, 8;
    %ix/load 3, 5, 0;
    %flag_set/imm 4, 0;
    %ix/load 4, 0, 0; Constant delay
    %assign/vec4/a/d v0000012a12971450, 0, 4;
    %load/vec4 v0000012a12970b90_0;
    %parti/s 16, 96, 8;
    %ix/load 3, 6, 0;
    %flag_set/imm 4, 0;
    %ix/load 4, 0, 0; Constant delay
    %assign/vec4/a/d v0000012a12971630, 0, 4;
    %load/vec4 v0000012a129713b0_0;
    %parti/s 16, 96, 8;
    %ix/load 3, 6, 0;
    %flag_set/imm 4, 0;
    %ix/load 4, 0, 0; Constant delay
    %assign/vec4/a/d v0000012a12971450, 0, 4;
    %load/vec4 v0000012a12970b90_0;
    %parti/s 16, 112, 8;
    %ix/load 3, 7, 0;
    %flag_set/imm 4, 0;
    %ix/load 4, 0, 0; Constant delay
    %assign/vec4/a/d v0000012a12971630, 0, 4;
    %load/vec4 v0000012a129713b0_0;
    %parti/s 16, 112, 8;
    %ix/load 3, 7, 0;
    %flag_set/imm 4, 0;
    %ix/load 4, 0, 0; Constant delay
    %assign/vec4/a/d v0000012a12971450, 0, 4;
    %load/vec4 v0000012a12970b90_0;
    %parti/s 16, 128, 9;
    %ix/load 3, 8, 0;
    %flag_set/imm 4, 0;
    %ix/load 4, 0, 0; Constant delay
    %assign/vec4/a/d v0000012a12971630, 0, 4;
    %load/vec4 v0000012a129713b0_0;
    %parti/s 16, 128, 9;
    %ix/load 3, 8, 0;
    %flag_set/imm 4, 0;
    %ix/load 4, 0, 0; Constant delay
    %assign/vec4/a/d v0000012a12971450, 0, 4;
    %load/vec4 v0000012a12970b90_0;
    %parti/s 16, 144, 9;
    %ix/load 3, 9, 0;
    %flag_set/imm 4, 0;
    %ix/load 4, 0, 0; Constant delay
    %assign/vec4/a/d v0000012a12971630, 0, 4;
    %load/vec4 v0000012a129713b0_0;
    %parti/s 16, 144, 9;
    %ix/load 3, 9, 0;
    %flag_set/imm 4, 0;
    %ix/load 4, 0, 0; Constant delay
    %assign/vec4/a/d v0000012a12971450, 0, 4;
    %load/vec4 v0000012a12970b90_0;
    %parti/s 16, 160, 9;
    %ix/load 3, 10, 0;
    %flag_set/imm 4, 0;
    %ix/load 4, 0, 0; Constant delay
    %assign/vec4/a/d v0000012a12971630, 0, 4;
    %load/vec4 v0000012a129713b0_0;
    %parti/s 16, 160, 9;
    %ix/load 3, 10, 0;
    %flag_set/imm 4, 0;
    %ix/load 4, 0, 0; Constant delay
    %assign/vec4/a/d v0000012a12971450, 0, 4;
    %load/vec4 v0000012a12970b90_0;
    %parti/s 16, 176, 9;
    %ix/load 3, 11, 0;
    %flag_set/imm 4, 0;
    %ix/load 4, 0, 0; Constant delay
    %assign/vec4/a/d v0000012a12971630, 0, 4;
    %load/vec4 v0000012a129713b0_0;
    %parti/s 16, 176, 9;
    %ix/load 3, 11, 0;
    %flag_set/imm 4, 0;
    %ix/load 4, 0, 0; Constant delay
    %assign/vec4/a/d v0000012a12971450, 0, 4;
    %load/vec4 v0000012a12970b90_0;
    %parti/s 16, 192, 9;
    %ix/load 3, 12, 0;
    %flag_set/imm 4, 0;
    %ix/load 4, 0, 0; Constant delay
    %assign/vec4/a/d v0000012a12971630, 0, 4;
    %load/vec4 v0000012a129713b0_0;
    %parti/s 16, 192, 9;
    %ix/load 3, 12, 0;
    %flag_set/imm 4, 0;
    %ix/load 4, 0, 0; Constant delay
    %assign/vec4/a/d v0000012a12971450, 0, 4;
    %load/vec4 v0000012a12970b90_0;
    %parti/s 16, 208, 9;
    %ix/load 3, 13, 0;
    %flag_set/imm 4, 0;
    %ix/load 4, 0, 0; Constant delay
    %assign/vec4/a/d v0000012a12971630, 0, 4;
    %load/vec4 v0000012a129713b0_0;
    %parti/s 16, 208, 9;
    %ix/load 3, 13, 0;
    %flag_set/imm 4, 0;
    %ix/load 4, 0, 0; Constant delay
    %assign/vec4/a/d v0000012a12971450, 0, 4;
    %load/vec4 v0000012a12970b90_0;
    %parti/s 16, 224, 9;
    %ix/load 3, 14, 0;
    %flag_set/imm 4, 0;
    %ix/load 4, 0, 0; Constant delay
    %assign/vec4/a/d v0000012a12971630, 0, 4;
    %load/vec4 v0000012a129713b0_0;
    %parti/s 16, 224, 9;
    %ix/load 3, 14, 0;
    %flag_set/imm 4, 0;
    %ix/load 4, 0, 0; Constant delay
    %assign/vec4/a/d v0000012a12971450, 0, 4;
    %load/vec4 v0000012a12970b90_0;
    %parti/s 16, 240, 9;
    %ix/load 3, 15, 0;
    %flag_set/imm 4, 0;
    %ix/load 4, 0, 0; Constant delay
    %assign/vec4/a/d v0000012a12971630, 0, 4;
    %load/vec4 v0000012a129713b0_0;
    %parti/s 16, 240, 9;
    %ix/load 3, 15, 0;
    %flag_set/imm 4, 0;
    %ix/load 4, 0, 0; Constant delay
    %assign/vec4/a/d v0000012a12971450, 0, 4;
    %load/vec4 v0000012a12970b90_0;
    %parti/s 16, 256, 10;
    %ix/load 3, 16, 0;
    %flag_set/imm 4, 0;
    %ix/load 4, 0, 0; Constant delay
    %assign/vec4/a/d v0000012a12971630, 0, 4;
    %load/vec4 v0000012a129713b0_0;
    %parti/s 16, 256, 10;
    %ix/load 3, 16, 0;
    %flag_set/imm 4, 0;
    %ix/load 4, 0, 0; Constant delay
    %assign/vec4/a/d v0000012a12971450, 0, 4;
    %load/vec4 v0000012a12970b90_0;
    %parti/s 16, 272, 10;
    %ix/load 3, 17, 0;
    %flag_set/imm 4, 0;
    %ix/load 4, 0, 0; Constant delay
    %assign/vec4/a/d v0000012a12971630, 0, 4;
    %load/vec4 v0000012a129713b0_0;
    %parti/s 16, 272, 10;
    %ix/load 3, 17, 0;
    %flag_set/imm 4, 0;
    %ix/load 4, 0, 0; Constant delay
    %assign/vec4/a/d v0000012a12971450, 0, 4;
    %load/vec4 v0000012a12970b90_0;
    %parti/s 16, 288, 10;
    %ix/load 3, 18, 0;
    %flag_set/imm 4, 0;
    %ix/load 4, 0, 0; Constant delay
    %assign/vec4/a/d v0000012a12971630, 0, 4;
    %load/vec4 v0000012a129713b0_0;
    %parti/s 16, 288, 10;
    %ix/load 3, 18, 0;
    %flag_set/imm 4, 0;
    %ix/load 4, 0, 0; Constant delay
    %assign/vec4/a/d v0000012a12971450, 0, 4;
    %load/vec4 v0000012a12970b90_0;
    %parti/s 16, 304, 10;
    %ix/load 3, 19, 0;
    %flag_set/imm 4, 0;
    %ix/load 4, 0, 0; Constant delay
    %assign/vec4/a/d v0000012a12971630, 0, 4;
    %load/vec4 v0000012a129713b0_0;
    %parti/s 16, 304, 10;
    %ix/load 3, 19, 0;
    %flag_set/imm 4, 0;
    %ix/load 4, 0, 0; Constant delay
    %assign/vec4/a/d v0000012a12971450, 0, 4;
    %load/vec4 v0000012a12970b90_0;
    %parti/s 16, 320, 10;
    %ix/load 3, 20, 0;
    %flag_set/imm 4, 0;
    %ix/load 4, 0, 0; Constant delay
    %assign/vec4/a/d v0000012a12971630, 0, 4;
    %load/vec4 v0000012a129713b0_0;
    %parti/s 16, 320, 10;
    %ix/load 3, 20, 0;
    %flag_set/imm 4, 0;
    %ix/load 4, 0, 0; Constant delay
    %assign/vec4/a/d v0000012a12971450, 0, 4;
    %load/vec4 v0000012a12970b90_0;
    %parti/s 16, 336, 10;
    %ix/load 3, 21, 0;
    %flag_set/imm 4, 0;
    %ix/load 4, 0, 0; Constant delay
    %assign/vec4/a/d v0000012a12971630, 0, 4;
    %load/vec4 v0000012a129713b0_0;
    %parti/s 16, 336, 10;
    %ix/load 3, 21, 0;
    %flag_set/imm 4, 0;
    %ix/load 4, 0, 0; Constant delay
    %assign/vec4/a/d v0000012a12971450, 0, 4;
    %load/vec4 v0000012a12970b90_0;
    %parti/s 16, 352, 10;
    %ix/load 3, 22, 0;
    %flag_set/imm 4, 0;
    %ix/load 4, 0, 0; Constant delay
    %assign/vec4/a/d v0000012a12971630, 0, 4;
    %load/vec4 v0000012a129713b0_0;
    %parti/s 16, 352, 10;
    %ix/load 3, 22, 0;
    %flag_set/imm 4, 0;
    %ix/load 4, 0, 0; Constant delay
    %assign/vec4/a/d v0000012a12971450, 0, 4;
    %load/vec4 v0000012a12970b90_0;
    %parti/s 16, 368, 10;
    %ix/load 3, 23, 0;
    %flag_set/imm 4, 0;
    %ix/load 4, 0, 0; Constant delay
    %assign/vec4/a/d v0000012a12971630, 0, 4;
    %load/vec4 v0000012a129713b0_0;
    %parti/s 16, 368, 10;
    %ix/load 3, 23, 0;
    %flag_set/imm 4, 0;
    %ix/load 4, 0, 0; Constant delay
    %assign/vec4/a/d v0000012a12971450, 0, 4;
    %load/vec4 v0000012a12970b90_0;
    %parti/s 16, 384, 10;
    %ix/load 3, 24, 0;
    %flag_set/imm 4, 0;
    %ix/load 4, 0, 0; Constant delay
    %assign/vec4/a/d v0000012a12971630, 0, 4;
    %load/vec4 v0000012a129713b0_0;
    %parti/s 16, 384, 10;
    %ix/load 3, 24, 0;
    %flag_set/imm 4, 0;
    %ix/load 4, 0, 0; Constant delay
    %assign/vec4/a/d v0000012a12971450, 0, 4;
    %load/vec4 v0000012a12970b90_0;
    %parti/s 16, 400, 10;
    %ix/load 3, 25, 0;
    %flag_set/imm 4, 0;
    %ix/load 4, 0, 0; Constant delay
    %assign/vec4/a/d v0000012a12971630, 0, 4;
    %load/vec4 v0000012a129713b0_0;
    %parti/s 16, 400, 10;
    %ix/load 3, 25, 0;
    %flag_set/imm 4, 0;
    %ix/load 4, 0, 0; Constant delay
    %assign/vec4/a/d v0000012a12971450, 0, 4;
    %load/vec4 v0000012a12970b90_0;
    %parti/s 16, 416, 10;
    %ix/load 3, 26, 0;
    %flag_set/imm 4, 0;
    %ix/load 4, 0, 0; Constant delay
    %assign/vec4/a/d v0000012a12971630, 0, 4;
    %load/vec4 v0000012a129713b0_0;
    %parti/s 16, 416, 10;
    %ix/load 3, 26, 0;
    %flag_set/imm 4, 0;
    %ix/load 4, 0, 0; Constant delay
    %assign/vec4/a/d v0000012a12971450, 0, 4;
    %load/vec4 v0000012a12970b90_0;
    %parti/s 16, 432, 10;
    %ix/load 3, 27, 0;
    %flag_set/imm 4, 0;
    %ix/load 4, 0, 0; Constant delay
    %assign/vec4/a/d v0000012a12971630, 0, 4;
    %load/vec4 v0000012a129713b0_0;
    %parti/s 16, 432, 10;
    %ix/load 3, 27, 0;
    %flag_set/imm 4, 0;
    %ix/load 4, 0, 0; Constant delay
    %assign/vec4/a/d v0000012a12971450, 0, 4;
    %load/vec4 v0000012a12970b90_0;
    %parti/s 16, 448, 10;
    %ix/load 3, 28, 0;
    %flag_set/imm 4, 0;
    %ix/load 4, 0, 0; Constant delay
    %assign/vec4/a/d v0000012a12971630, 0, 4;
    %load/vec4 v0000012a129713b0_0;
    %parti/s 16, 448, 10;
    %ix/load 3, 28, 0;
    %flag_set/imm 4, 0;
    %ix/load 4, 0, 0; Constant delay
    %assign/vec4/a/d v0000012a12971450, 0, 4;
    %load/vec4 v0000012a12970b90_0;
    %parti/s 16, 464, 10;
    %ix/load 3, 29, 0;
    %flag_set/imm 4, 0;
    %ix/load 4, 0, 0; Constant delay
    %assign/vec4/a/d v0000012a12971630, 0, 4;
    %load/vec4 v0000012a129713b0_0;
    %parti/s 16, 464, 10;
    %ix/load 3, 29, 0;
    %flag_set/imm 4, 0;
    %ix/load 4, 0, 0; Constant delay
    %assign/vec4/a/d v0000012a12971450, 0, 4;
    %load/vec4 v0000012a12970b90_0;
    %parti/s 16, 480, 10;
    %ix/load 3, 30, 0;
    %flag_set/imm 4, 0;
    %ix/load 4, 0, 0; Constant delay
    %assign/vec4/a/d v0000012a12971630, 0, 4;
    %load/vec4 v0000012a129713b0_0;
    %parti/s 16, 480, 10;
    %ix/load 3, 30, 0;
    %flag_set/imm 4, 0;
    %ix/load 4, 0, 0; Constant delay
    %assign/vec4/a/d v0000012a12971450, 0, 4;
    %load/vec4 v0000012a12970b90_0;
    %parti/s 16, 496, 10;
    %ix/load 3, 31, 0;
    %flag_set/imm 4, 0;
    %ix/load 4, 0, 0; Constant delay
    %assign/vec4/a/d v0000012a12971630, 0, 4;
    %load/vec4 v0000012a129713b0_0;
    %parti/s 16, 496, 10;
    %ix/load 3, 31, 0;
    %flag_set/imm 4, 0;
    %ix/load 4, 0, 0; Constant delay
    %assign/vec4/a/d v0000012a12971450, 0, 4;
T_7.2 ;
    %load/vec4 v0000012a1297b8b0_0;
    %assign/vec4 v0000012a12970cd0_0, 0;
    %load/vec4 v0000012a12970cd0_0;
    %flag_set/vec4 8;
    %jmp/0xz  T_7.4, 8;
    %ix/load 4, 0, 0;
    %flag_set/imm 4, 0;
    %load/vec4a v0000012a12971630, 4;
    %pad/s 32;
    %ix/load 4, 0, 0;
    %flag_set/imm 4, 0;
    %load/vec4a v0000012a12971450, 4;
    %pad/s 32;
    %mul;
    %ix/load 3, 0, 0;
    %flag_set/imm 4, 0;
    %ix/load 4, 0, 0; Constant delay
    %assign/vec4/a/d v0000012a12971270, 0, 4;
    %ix/load 4, 1, 0;
    %flag_set/imm 4, 0;
    %load/vec4a v0000012a12971630, 4;
    %pad/s 32;
    %ix/load 4, 1, 0;
    %flag_set/imm 4, 0;
    %load/vec4a v0000012a12971450, 4;
    %pad/s 32;
    %mul;
    %ix/load 3, 1, 0;
    %flag_set/imm 4, 0;
    %ix/load 4, 0, 0; Constant delay
    %assign/vec4/a/d v0000012a12971270, 0, 4;
    %ix/load 4, 2, 0;
    %flag_set/imm 4, 0;
    %load/vec4a v0000012a12971630, 4;
    %pad/s 32;
    %ix/load 4, 2, 0;
    %flag_set/imm 4, 0;
    %load/vec4a v0000012a12971450, 4;
    %pad/s 32;
    %mul;
    %ix/load 3, 2, 0;
    %flag_set/imm 4, 0;
    %ix/load 4, 0, 0; Constant delay
    %assign/vec4/a/d v0000012a12971270, 0, 4;
    %ix/load 4, 3, 0;
    %flag_set/imm 4, 0;
    %load/vec4a v0000012a12971630, 4;
    %pad/s 32;
    %ix/load 4, 3, 0;
    %flag_set/imm 4, 0;
    %load/vec4a v0000012a12971450, 4;
    %pad/s 32;
    %mul;
    %ix/load 3, 3, 0;
    %flag_set/imm 4, 0;
    %ix/load 4, 0, 0; Constant delay
    %assign/vec4/a/d v0000012a12971270, 0, 4;
    %ix/load 4, 4, 0;
    %flag_set/imm 4, 0;
    %load/vec4a v0000012a12971630, 4;
    %pad/s 32;
    %ix/load 4, 4, 0;
    %flag_set/imm 4, 0;
    %load/vec4a v0000012a12971450, 4;
    %pad/s 32;
    %mul;
    %ix/load 3, 4, 0;
    %flag_set/imm 4, 0;
    %ix/load 4, 0, 0; Constant delay
    %assign/vec4/a/d v0000012a12971270, 0, 4;
    %ix/load 4, 5, 0;
    %flag_set/imm 4, 0;
    %load/vec4a v0000012a12971630, 4;
    %pad/s 32;
    %ix/load 4, 5, 0;
    %flag_set/imm 4, 0;
    %load/vec4a v0000012a12971450, 4;
    %pad/s 32;
    %mul;
    %ix/load 3, 5, 0;
    %flag_set/imm 4, 0;
    %ix/load 4, 0, 0; Constant delay
    %assign/vec4/a/d v0000012a12971270, 0, 4;
    %ix/load 4, 6, 0;
    %flag_set/imm 4, 0;
    %load/vec4a v0000012a12971630, 4;
    %pad/s 32;
    %ix/load 4, 6, 0;
    %flag_set/imm 4, 0;
    %load/vec4a v0000012a12971450, 4;
    %pad/s 32;
    %mul;
    %ix/load 3, 6, 0;
    %flag_set/imm 4, 0;
    %ix/load 4, 0, 0; Constant delay
    %assign/vec4/a/d v0000012a12971270, 0, 4;
    %ix/load 4, 7, 0;
    %flag_set/imm 4, 0;
    %load/vec4a v0000012a12971630, 4;
    %pad/s 32;
    %ix/load 4, 7, 0;
    %flag_set/imm 4, 0;
    %load/vec4a v0000012a12971450, 4;
    %pad/s 32;
    %mul;
    %ix/load 3, 7, 0;
    %flag_set/imm 4, 0;
    %ix/load 4, 0, 0; Constant delay
    %assign/vec4/a/d v0000012a12971270, 0, 4;
    %ix/load 4, 8, 0;
    %flag_set/imm 4, 0;
    %load/vec4a v0000012a12971630, 4;
    %pad/s 32;
    %ix/load 4, 8, 0;
    %flag_set/imm 4, 0;
    %load/vec4a v0000012a12971450, 4;
    %pad/s 32;
    %mul;
    %ix/load 3, 8, 0;
    %flag_set/imm 4, 0;
    %ix/load 4, 0, 0; Constant delay
    %assign/vec4/a/d v0000012a12971270, 0, 4;
    %ix/load 4, 9, 0;
    %flag_set/imm 4, 0;
    %load/vec4a v0000012a12971630, 4;
    %pad/s 32;
    %ix/load 4, 9, 0;
    %flag_set/imm 4, 0;
    %load/vec4a v0000012a12971450, 4;
    %pad/s 32;
    %mul;
    %ix/load 3, 9, 0;
    %flag_set/imm 4, 0;
    %ix/load 4, 0, 0; Constant delay
    %assign/vec4/a/d v0000012a12971270, 0, 4;
    %ix/load 4, 10, 0;
    %flag_set/imm 4, 0;
    %load/vec4a v0000012a12971630, 4;
    %pad/s 32;
    %ix/load 4, 10, 0;
    %flag_set/imm 4, 0;
    %load/vec4a v0000012a12971450, 4;
    %pad/s 32;
    %mul;
    %ix/load 3, 10, 0;
    %flag_set/imm 4, 0;
    %ix/load 4, 0, 0; Constant delay
    %assign/vec4/a/d v0000012a12971270, 0, 4;
    %ix/load 4, 11, 0;
    %flag_set/imm 4, 0;
    %load/vec4a v0000012a12971630, 4;
    %pad/s 32;
    %ix/load 4, 11, 0;
    %flag_set/imm 4, 0;
    %load/vec4a v0000012a12971450, 4;
    %pad/s 32;
    %mul;
    %ix/load 3, 11, 0;
    %flag_set/imm 4, 0;
    %ix/load 4, 0, 0; Constant delay
    %assign/vec4/a/d v0000012a12971270, 0, 4;
    %ix/load 4, 12, 0;
    %flag_set/imm 4, 0;
    %load/vec4a v0000012a12971630, 4;
    %pad/s 32;
    %ix/load 4, 12, 0;
    %flag_set/imm 4, 0;
    %load/vec4a v0000012a12971450, 4;
    %pad/s 32;
    %mul;
    %ix/load 3, 12, 0;
    %flag_set/imm 4, 0;
    %ix/load 4, 0, 0; Constant delay
    %assign/vec4/a/d v0000012a12971270, 0, 4;
    %ix/load 4, 13, 0;
    %flag_set/imm 4, 0;
    %load/vec4a v0000012a12971630, 4;
    %pad/s 32;
    %ix/load 4, 13, 0;
    %flag_set/imm 4, 0;
    %load/vec4a v0000012a12971450, 4;
    %pad/s 32;
    %mul;
    %ix/load 3, 13, 0;
    %flag_set/imm 4, 0;
    %ix/load 4, 0, 0; Constant delay
    %assign/vec4/a/d v0000012a12971270, 0, 4;
    %ix/load 4, 14, 0;
    %flag_set/imm 4, 0;
    %load/vec4a v0000012a12971630, 4;
    %pad/s 32;
    %ix/load 4, 14, 0;
    %flag_set/imm 4, 0;
    %load/vec4a v0000012a12971450, 4;
    %pad/s 32;
    %mul;
    %ix/load 3, 14, 0;
    %flag_set/imm 4, 0;
    %ix/load 4, 0, 0; Constant delay
    %assign/vec4/a/d v0000012a12971270, 0, 4;
    %ix/load 4, 15, 0;
    %flag_set/imm 4, 0;
    %load/vec4a v0000012a12971630, 4;
    %pad/s 32;
    %ix/load 4, 15, 0;
    %flag_set/imm 4, 0;
    %load/vec4a v0000012a12971450, 4;
    %pad/s 32;
    %mul;
    %ix/load 3, 15, 0;
    %flag_set/imm 4, 0;
    %ix/load 4, 0, 0; Constant delay
    %assign/vec4/a/d v0000012a12971270, 0, 4;
    %ix/load 4, 16, 0;
    %flag_set/imm 4, 0;
    %load/vec4a v0000012a12971630, 4;
    %pad/s 32;
    %ix/load 4, 16, 0;
    %flag_set/imm 4, 0;
    %load/vec4a v0000012a12971450, 4;
    %pad/s 32;
    %mul;
    %ix/load 3, 16, 0;
    %flag_set/imm 4, 0;
    %ix/load 4, 0, 0; Constant delay
    %assign/vec4/a/d v0000012a12971270, 0, 4;
    %ix/load 4, 17, 0;
    %flag_set/imm 4, 0;
    %load/vec4a v0000012a12971630, 4;
    %pad/s 32;
    %ix/load 4, 17, 0;
    %flag_set/imm 4, 0;
    %load/vec4a v0000012a12971450, 4;
    %pad/s 32;
    %mul;
    %ix/load 3, 17, 0;
    %flag_set/imm 4, 0;
    %ix/load 4, 0, 0; Constant delay
    %assign/vec4/a/d v0000012a12971270, 0, 4;
    %ix/load 4, 18, 0;
    %flag_set/imm 4, 0;
    %load/vec4a v0000012a12971630, 4;
    %pad/s 32;
    %ix/load 4, 18, 0;
    %flag_set/imm 4, 0;
    %load/vec4a v0000012a12971450, 4;
    %pad/s 32;
    %mul;
    %ix/load 3, 18, 0;
    %flag_set/imm 4, 0;
    %ix/load 4, 0, 0; Constant delay
    %assign/vec4/a/d v0000012a12971270, 0, 4;
    %ix/load 4, 19, 0;
    %flag_set/imm 4, 0;
    %load/vec4a v0000012a12971630, 4;
    %pad/s 32;
    %ix/load 4, 19, 0;
    %flag_set/imm 4, 0;
    %load/vec4a v0000012a12971450, 4;
    %pad/s 32;
    %mul;
    %ix/load 3, 19, 0;
    %flag_set/imm 4, 0;
    %ix/load 4, 0, 0; Constant delay
    %assign/vec4/a/d v0000012a12971270, 0, 4;
    %ix/load 4, 20, 0;
    %flag_set/imm 4, 0;
    %load/vec4a v0000012a12971630, 4;
    %pad/s 32;
    %ix/load 4, 20, 0;
    %flag_set/imm 4, 0;
    %load/vec4a v0000012a12971450, 4;
    %pad/s 32;
    %mul;
    %ix/load 3, 20, 0;
    %flag_set/imm 4, 0;
    %ix/load 4, 0, 0; Constant delay
    %assign/vec4/a/d v0000012a12971270, 0, 4;
    %ix/load 4, 21, 0;
    %flag_set/imm 4, 0;
    %load/vec4a v0000012a12971630, 4;
    %pad/s 32;
    %ix/load 4, 21, 0;
    %flag_set/imm 4, 0;
    %load/vec4a v0000012a12971450, 4;
    %pad/s 32;
    %mul;
    %ix/load 3, 21, 0;
    %flag_set/imm 4, 0;
    %ix/load 4, 0, 0; Constant delay
    %assign/vec4/a/d v0000012a12971270, 0, 4;
    %ix/load 4, 22, 0;
    %flag_set/imm 4, 0;
    %load/vec4a v0000012a12971630, 4;
    %pad/s 32;
    %ix/load 4, 22, 0;
    %flag_set/imm 4, 0;
    %load/vec4a v0000012a12971450, 4;
    %pad/s 32;
    %mul;
    %ix/load 3, 22, 0;
    %flag_set/imm 4, 0;
    %ix/load 4, 0, 0; Constant delay
    %assign/vec4/a/d v0000012a12971270, 0, 4;
    %ix/load 4, 23, 0;
    %flag_set/imm 4, 0;
    %load/vec4a v0000012a12971630, 4;
    %pad/s 32;
    %ix/load 4, 23, 0;
    %flag_set/imm 4, 0;
    %load/vec4a v0000012a12971450, 4;
    %pad/s 32;
    %mul;
    %ix/load 3, 23, 0;
    %flag_set/imm 4, 0;
    %ix/load 4, 0, 0; Constant delay
    %assign/vec4/a/d v0000012a12971270, 0, 4;
    %ix/load 4, 24, 0;
    %flag_set/imm 4, 0;
    %load/vec4a v0000012a12971630, 4;
    %pad/s 32;
    %ix/load 4, 24, 0;
    %flag_set/imm 4, 0;
    %load/vec4a v0000012a12971450, 4;
    %pad/s 32;
    %mul;
    %ix/load 3, 24, 0;
    %flag_set/imm 4, 0;
    %ix/load 4, 0, 0; Constant delay
    %assign/vec4/a/d v0000012a12971270, 0, 4;
    %ix/load 4, 25, 0;
    %flag_set/imm 4, 0;
    %load/vec4a v0000012a12971630, 4;
    %pad/s 32;
    %ix/load 4, 25, 0;
    %flag_set/imm 4, 0;
    %load/vec4a v0000012a12971450, 4;
    %pad/s 32;
    %mul;
    %ix/load 3, 25, 0;
    %flag_set/imm 4, 0;
    %ix/load 4, 0, 0; Constant delay
    %assign/vec4/a/d v0000012a12971270, 0, 4;
    %ix/load 4, 26, 0;
    %flag_set/imm 4, 0;
    %load/vec4a v0000012a12971630, 4;
    %pad/s 32;
    %ix/load 4, 26, 0;
    %flag_set/imm 4, 0;
    %load/vec4a v0000012a12971450, 4;
    %pad/s 32;
    %mul;
    %ix/load 3, 26, 0;
    %flag_set/imm 4, 0;
    %ix/load 4, 0, 0; Constant delay
    %assign/vec4/a/d v0000012a12971270, 0, 4;
    %ix/load 4, 27, 0;
    %flag_set/imm 4, 0;
    %load/vec4a v0000012a12971630, 4;
    %pad/s 32;
    %ix/load 4, 27, 0;
    %flag_set/imm 4, 0;
    %load/vec4a v0000012a12971450, 4;
    %pad/s 32;
    %mul;
    %ix/load 3, 27, 0;
    %flag_set/imm 4, 0;
    %ix/load 4, 0, 0; Constant delay
    %assign/vec4/a/d v0000012a12971270, 0, 4;
    %ix/load 4, 28, 0;
    %flag_set/imm 4, 0;
    %load/vec4a v0000012a12971630, 4;
    %pad/s 32;
    %ix/load 4, 28, 0;
    %flag_set/imm 4, 0;
    %load/vec4a v0000012a12971450, 4;
    %pad/s 32;
    %mul;
    %ix/load 3, 28, 0;
    %flag_set/imm 4, 0;
    %ix/load 4, 0, 0; Constant delay
    %assign/vec4/a/d v0000012a12971270, 0, 4;
    %ix/load 4, 29, 0;
    %flag_set/imm 4, 0;
    %load/vec4a v0000012a12971630, 4;
    %pad/s 32;
    %ix/load 4, 29, 0;
    %flag_set/imm 4, 0;
    %load/vec4a v0000012a12971450, 4;
    %pad/s 32;
    %mul;
    %ix/load 3, 29, 0;
    %flag_set/imm 4, 0;
    %ix/load 4, 0, 0; Constant delay
    %assign/vec4/a/d v0000012a12971270, 0, 4;
    %ix/load 4, 30, 0;
    %flag_set/imm 4, 0;
    %load/vec4a v0000012a12971630, 4;
    %pad/s 32;
    %ix/load 4, 30, 0;
    %flag_set/imm 4, 0;
    %load/vec4a v0000012a12971450, 4;
    %pad/s 32;
    %mul;
    %ix/load 3, 30, 0;
    %flag_set/imm 4, 0;
    %ix/load 4, 0, 0; Constant delay
    %assign/vec4/a/d v0000012a12971270, 0, 4;
    %ix/load 4, 31, 0;
    %flag_set/imm 4, 0;
    %load/vec4a v0000012a12971630, 4;
    %pad/s 32;
    %ix/load 4, 31, 0;
    %flag_set/imm 4, 0;
    %load/vec4a v0000012a12971450, 4;
    %pad/s 32;
    %mul;
    %ix/load 3, 31, 0;
    %flag_set/imm 4, 0;
    %ix/load 4, 0, 0; Constant delay
    %assign/vec4/a/d v0000012a12971270, 0, 4;
T_7.4 ;
    %load/vec4 v0000012a12970cd0_0;
    %assign/vec4 v0000012a12970910_0, 0;
    %load/vec4 v0000012a12970910_0;
    %flag_set/vec4 8;
    %jmp/0xz  T_7.6, 8;
    %ix/load 4, 0, 0;
    %flag_set/imm 4, 0;
    %load/vec4a v0000012a12971270, 4;
    %ix/load 4, 1, 0;
    %flag_set/imm 4, 0;
    %load/vec4a v0000012a12971270, 4;
    %add;
    %ix/load 3, 0, 0;
    %flag_set/imm 4, 0;
    %ix/load 4, 0, 0; Constant delay
    %assign/vec4/a/d v0000012a129718b0, 0, 4;
    %ix/load 4, 2, 0;
    %flag_set/imm 4, 0;
    %load/vec4a v0000012a12971270, 4;
    %ix/load 4, 3, 0;
    %flag_set/imm 4, 0;
    %load/vec4a v0000012a12971270, 4;
    %add;
    %ix/load 3, 1, 0;
    %flag_set/imm 4, 0;
    %ix/load 4, 0, 0; Constant delay
    %assign/vec4/a/d v0000012a129718b0, 0, 4;
    %ix/load 4, 4, 0;
    %flag_set/imm 4, 0;
    %load/vec4a v0000012a12971270, 4;
    %ix/load 4, 5, 0;
    %flag_set/imm 4, 0;
    %load/vec4a v0000012a12971270, 4;
    %add;
    %ix/load 3, 2, 0;
    %flag_set/imm 4, 0;
    %ix/load 4, 0, 0; Constant delay
    %assign/vec4/a/d v0000012a129718b0, 0, 4;
    %ix/load 4, 6, 0;
    %flag_set/imm 4, 0;
    %load/vec4a v0000012a12971270, 4;
    %ix/load 4, 7, 0;
    %flag_set/imm 4, 0;
    %load/vec4a v0000012a12971270, 4;
    %add;
    %ix/load 3, 3, 0;
    %flag_set/imm 4, 0;
    %ix/load 4, 0, 0; Constant delay
    %assign/vec4/a/d v0000012a129718b0, 0, 4;
    %ix/load 4, 8, 0;
    %flag_set/imm 4, 0;
    %load/vec4a v0000012a12971270, 4;
    %ix/load 4, 9, 0;
    %flag_set/imm 4, 0;
    %load/vec4a v0000012a12971270, 4;
    %add;
    %ix/load 3, 4, 0;
    %flag_set/imm 4, 0;
    %ix/load 4, 0, 0; Constant delay
    %assign/vec4/a/d v0000012a129718b0, 0, 4;
    %ix/load 4, 10, 0;
    %flag_set/imm 4, 0;
    %load/vec4a v0000012a12971270, 4;
    %ix/load 4, 11, 0;
    %flag_set/imm 4, 0;
    %load/vec4a v0000012a12971270, 4;
    %add;
    %ix/load 3, 5, 0;
    %flag_set/imm 4, 0;
    %ix/load 4, 0, 0; Constant delay
    %assign/vec4/a/d v0000012a129718b0, 0, 4;
    %ix/load 4, 12, 0;
    %flag_set/imm 4, 0;
    %load/vec4a v0000012a12971270, 4;
    %ix/load 4, 13, 0;
    %flag_set/imm 4, 0;
    %load/vec4a v0000012a12971270, 4;
    %add;
    %ix/load 3, 6, 0;
    %flag_set/imm 4, 0;
    %ix/load 4, 0, 0; Constant delay
    %assign/vec4/a/d v0000012a129718b0, 0, 4;
    %ix/load 4, 14, 0;
    %flag_set/imm 4, 0;
    %load/vec4a v0000012a12971270, 4;
    %ix/load 4, 15, 0;
    %flag_set/imm 4, 0;
    %load/vec4a v0000012a12971270, 4;
    %add;
    %ix/load 3, 7, 0;
    %flag_set/imm 4, 0;
    %ix/load 4, 0, 0; Constant delay
    %assign/vec4/a/d v0000012a129718b0, 0, 4;
    %ix/load 4, 16, 0;
    %flag_set/imm 4, 0;
    %load/vec4a v0000012a12971270, 4;
    %ix/load 4, 17, 0;
    %flag_set/imm 4, 0;
    %load/vec4a v0000012a12971270, 4;
    %add;
    %ix/load 3, 8, 0;
    %flag_set/imm 4, 0;
    %ix/load 4, 0, 0; Constant delay
    %assign/vec4/a/d v0000012a129718b0, 0, 4;
    %ix/load 4, 18, 0;
    %flag_set/imm 4, 0;
    %load/vec4a v0000012a12971270, 4;
    %ix/load 4, 19, 0;
    %flag_set/imm 4, 0;
    %load/vec4a v0000012a12971270, 4;
    %add;
    %ix/load 3, 9, 0;
    %flag_set/imm 4, 0;
    %ix/load 4, 0, 0; Constant delay
    %assign/vec4/a/d v0000012a129718b0, 0, 4;
    %ix/load 4, 20, 0;
    %flag_set/imm 4, 0;
    %load/vec4a v0000012a12971270, 4;
    %ix/load 4, 21, 0;
    %flag_set/imm 4, 0;
    %load/vec4a v0000012a12971270, 4;
    %add;
    %ix/load 3, 10, 0;
    %flag_set/imm 4, 0;
    %ix/load 4, 0, 0; Constant delay
    %assign/vec4/a/d v0000012a129718b0, 0, 4;
    %ix/load 4, 22, 0;
    %flag_set/imm 4, 0;
    %load/vec4a v0000012a12971270, 4;
    %ix/load 4, 23, 0;
    %flag_set/imm 4, 0;
    %load/vec4a v0000012a12971270, 4;
    %add;
    %ix/load 3, 11, 0;
    %flag_set/imm 4, 0;
    %ix/load 4, 0, 0; Constant delay
    %assign/vec4/a/d v0000012a129718b0, 0, 4;
    %ix/load 4, 24, 0;
    %flag_set/imm 4, 0;
    %load/vec4a v0000012a12971270, 4;
    %ix/load 4, 25, 0;
    %flag_set/imm 4, 0;
    %load/vec4a v0000012a12971270, 4;
    %add;
    %ix/load 3, 12, 0;
    %flag_set/imm 4, 0;
    %ix/load 4, 0, 0; Constant delay
    %assign/vec4/a/d v0000012a129718b0, 0, 4;
    %ix/load 4, 26, 0;
    %flag_set/imm 4, 0;
    %load/vec4a v0000012a12971270, 4;
    %ix/load 4, 27, 0;
    %flag_set/imm 4, 0;
    %load/vec4a v0000012a12971270, 4;
    %add;
    %ix/load 3, 13, 0;
    %flag_set/imm 4, 0;
    %ix/load 4, 0, 0; Constant delay
    %assign/vec4/a/d v0000012a129718b0, 0, 4;
    %ix/load 4, 28, 0;
    %flag_set/imm 4, 0;
    %load/vec4a v0000012a12971270, 4;
    %ix/load 4, 29, 0;
    %flag_set/imm 4, 0;
    %load/vec4a v0000012a12971270, 4;
    %add;
    %ix/load 3, 14, 0;
    %flag_set/imm 4, 0;
    %ix/load 4, 0, 0; Constant delay
    %assign/vec4/a/d v0000012a129718b0, 0, 4;
    %ix/load 4, 30, 0;
    %flag_set/imm 4, 0;
    %load/vec4a v0000012a12971270, 4;
    %ix/load 4, 31, 0;
    %flag_set/imm 4, 0;
    %load/vec4a v0000012a12971270, 4;
    %add;
    %ix/load 3, 15, 0;
    %flag_set/imm 4, 0;
    %ix/load 4, 0, 0; Constant delay
    %assign/vec4/a/d v0000012a129718b0, 0, 4;
T_7.6 ;
    %load/vec4 v0000012a12970910_0;
    %assign/vec4 v0000012a12971ef0_0, 0;
    %load/vec4 v0000012a12971ef0_0;
    %flag_set/vec4 8;
    %jmp/0xz  T_7.8, 8;
    %ix/load 4, 0, 0;
    %flag_set/imm 4, 0;
    %load/vec4a v0000012a129718b0, 4;
    %ix/load 4, 1, 0;
    %flag_set/imm 4, 0;
    %load/vec4a v0000012a129718b0, 4;
    %add;
    %ix/load 3, 0, 0;
    %flag_set/imm 4, 0;
    %ix/load 4, 0, 0; Constant delay
    %assign/vec4/a/d v0000012a12971950, 0, 4;
    %ix/load 4, 2, 0;
    %flag_set/imm 4, 0;
    %load/vec4a v0000012a129718b0, 4;
    %ix/load 4, 3, 0;
    %flag_set/imm 4, 0;
    %load/vec4a v0000012a129718b0, 4;
    %add;
    %ix/load 3, 1, 0;
    %flag_set/imm 4, 0;
    %ix/load 4, 0, 0; Constant delay
    %assign/vec4/a/d v0000012a12971950, 0, 4;
    %ix/load 4, 4, 0;
    %flag_set/imm 4, 0;
    %load/vec4a v0000012a129718b0, 4;
    %ix/load 4, 5, 0;
    %flag_set/imm 4, 0;
    %load/vec4a v0000012a129718b0, 4;
    %add;
    %ix/load 3, 2, 0;
    %flag_set/imm 4, 0;
    %ix/load 4, 0, 0; Constant delay
    %assign/vec4/a/d v0000012a12971950, 0, 4;
    %ix/load 4, 6, 0;
    %flag_set/imm 4, 0;
    %load/vec4a v0000012a129718b0, 4;
    %ix/load 4, 7, 0;
    %flag_set/imm 4, 0;
    %load/vec4a v0000012a129718b0, 4;
    %add;
    %ix/load 3, 3, 0;
    %flag_set/imm 4, 0;
    %ix/load 4, 0, 0; Constant delay
    %assign/vec4/a/d v0000012a12971950, 0, 4;
    %ix/load 4, 8, 0;
    %flag_set/imm 4, 0;
    %load/vec4a v0000012a129718b0, 4;
    %ix/load 4, 9, 0;
    %flag_set/imm 4, 0;
    %load/vec4a v0000012a129718b0, 4;
    %add;
    %ix/load 3, 4, 0;
    %flag_set/imm 4, 0;
    %ix/load 4, 0, 0; Constant delay
    %assign/vec4/a/d v0000012a12971950, 0, 4;
    %ix/load 4, 10, 0;
    %flag_set/imm 4, 0;
    %load/vec4a v0000012a129718b0, 4;
    %ix/load 4, 11, 0;
    %flag_set/imm 4, 0;
    %load/vec4a v0000012a129718b0, 4;
    %add;
    %ix/load 3, 5, 0;
    %flag_set/imm 4, 0;
    %ix/load 4, 0, 0; Constant delay
    %assign/vec4/a/d v0000012a12971950, 0, 4;
    %ix/load 4, 12, 0;
    %flag_set/imm 4, 0;
    %load/vec4a v0000012a129718b0, 4;
    %ix/load 4, 13, 0;
    %flag_set/imm 4, 0;
    %load/vec4a v0000012a129718b0, 4;
    %add;
    %ix/load 3, 6, 0;
    %flag_set/imm 4, 0;
    %ix/load 4, 0, 0; Constant delay
    %assign/vec4/a/d v0000012a12971950, 0, 4;
    %ix/load 4, 14, 0;
    %flag_set/imm 4, 0;
    %load/vec4a v0000012a129718b0, 4;
    %ix/load 4, 15, 0;
    %flag_set/imm 4, 0;
    %load/vec4a v0000012a129718b0, 4;
    %add;
    %ix/load 3, 7, 0;
    %flag_set/imm 4, 0;
    %ix/load 4, 0, 0; Constant delay
    %assign/vec4/a/d v0000012a12971950, 0, 4;
T_7.8 ;
    %load/vec4 v0000012a12971ef0_0;
    %assign/vec4 v0000012a12971a90_0, 0;
    %load/vec4 v0000012a12971a90_0;
    %flag_set/vec4 8;
    %jmp/0xz  T_7.10, 8;
    %ix/load 4, 0, 0;
    %flag_set/imm 4, 0;
    %load/vec4a v0000012a12971950, 4;
    %ix/load 4, 1, 0;
    %flag_set/imm 4, 0;
    %load/vec4a v0000012a12971950, 4;
    %add;
    %ix/load 3, 0, 0;
    %flag_set/imm 4, 0;
    %ix/load 4, 0, 0; Constant delay
    %assign/vec4/a/d v0000012a129719f0, 0, 4;
    %ix/load 4, 2, 0;
    %flag_set/imm 4, 0;
    %load/vec4a v0000012a12971950, 4;
    %ix/load 4, 3, 0;
    %flag_set/imm 4, 0;
    %load/vec4a v0000012a12971950, 4;
    %add;
    %ix/load 3, 1, 0;
    %flag_set/imm 4, 0;
    %ix/load 4, 0, 0; Constant delay
    %assign/vec4/a/d v0000012a129719f0, 0, 4;
    %ix/load 4, 4, 0;
    %flag_set/imm 4, 0;
    %load/vec4a v0000012a12971950, 4;
    %ix/load 4, 5, 0;
    %flag_set/imm 4, 0;
    %load/vec4a v0000012a12971950, 4;
    %add;
    %ix/load 3, 2, 0;
    %flag_set/imm 4, 0;
    %ix/load 4, 0, 0; Constant delay
    %assign/vec4/a/d v0000012a129719f0, 0, 4;
    %ix/load 4, 6, 0;
    %flag_set/imm 4, 0;
    %load/vec4a v0000012a12971950, 4;
    %ix/load 4, 7, 0;
    %flag_set/imm 4, 0;
    %load/vec4a v0000012a12971950, 4;
    %add;
    %ix/load 3, 3, 0;
    %flag_set/imm 4, 0;
    %ix/load 4, 0, 0; Constant delay
    %assign/vec4/a/d v0000012a129719f0, 0, 4;
T_7.10 ;
    %load/vec4 v0000012a12971a90_0;
    %assign/vec4 v0000012a12970370_0, 0;
    %load/vec4 v0000012a12970370_0;
    %flag_set/vec4 8;
    %jmp/0xz  T_7.12, 8;
    %ix/load 4, 0, 0;
    %flag_set/imm 4, 0;
    %load/vec4a v0000012a129719f0, 4;
    %ix/load 4, 1, 0;
    %flag_set/imm 4, 0;
    %load/vec4a v0000012a129719f0, 4;
    %add;
    %ix/load 3, 0, 0;
    %flag_set/imm 4, 0;
    %ix/load 4, 0, 0; Constant delay
    %assign/vec4/a/d v0000012a1297c2b0, 0, 4;
    %ix/load 4, 2, 0;
    %flag_set/imm 4, 0;
    %load/vec4a v0000012a129719f0, 4;
    %ix/load 4, 3, 0;
    %flag_set/imm 4, 0;
    %load/vec4a v0000012a129719f0, 4;
    %add;
    %ix/load 3, 1, 0;
    %flag_set/imm 4, 0;
    %ix/load 4, 0, 0; Constant delay
    %assign/vec4/a/d v0000012a1297c2b0, 0, 4;
T_7.12 ;
    %load/vec4 v0000012a12970370_0;
    %assign/vec4 v0000012a129704b0_0, 0;
    %load/vec4 v0000012a129704b0_0;
    %flag_set/vec4 8;
    %jmp/0xz  T_7.14, 8;
    %ix/load 4, 0, 0;
    %flag_set/imm 4, 0;
    %load/vec4a v0000012a1297c2b0, 4;
    %ix/load 4, 1, 0;
    %flag_set/imm 4, 0;
    %load/vec4a v0000012a1297c2b0, 4;
    %add;
    %load/vec4 v0000012a129700f0_0;
    %pad/s 32;
    %ix/load 4, 8, 0;
    %flag_set/imm 4, 0;
    %shiftl 4;
    %add;
    %assign/vec4 v0000012a1297c530_0, 0;
T_7.14 ;
    %load/vec4 v0000012a129704b0_0;
    %assign/vec4 v0000012a12971590_0, 0;
    %load/vec4 v0000012a12971590_0;
    %flag_set/vec4 8;
    %jmp/0xz  T_7.16, 8;
    %load/vec4 v0000012a1297c530_0;
    %parti/s 16, 8, 5;
    %assign/vec4 v0000012a129716d0_0, 0;
    %pushi/vec4 1, 0, 1;
    %assign/vec4 v0000012a12970410_0, 0;
    %jmp T_7.17;
T_7.16 ;
    %pushi/vec4 0, 0, 1;
    %assign/vec4 v0000012a12970410_0, 0;
T_7.17 ;
T_7.1 ;
    %jmp T_7;
    .thread T_7;
# The file index is used to find the file name in the following table.
:file_names 6;
    "N/A";
    "<interactive>";
    "-";
    "src/layers/layer2_generator_tb.v";
    "src/layers/layer2_generator.v";
    "src/layers/pipelined_mac.v";
