#! /c/Source/iverilog-install/bin/vvp
:ivl_version "12.0 (devel)" "(s20150603-1539-g2693dd32b)";
:ivl_delay_selection "TYPICAL";
:vpi_time_precision - 12;
:vpi_module "C:\iverilog\lib\ivl\system.vpi";
:vpi_module "C:\iverilog\lib\ivl\vhdl_sys.vpi";
:vpi_module "C:\iverilog\lib\ivl\vhdl_textio.vpi";
:vpi_module "C:\iverilog\lib\ivl\v2005_math.vpi";
:vpi_module "C:\iverilog\lib\ivl\va_math.vpi";
:vpi_module "C:\iverilog\lib\ivl\v2009.vpi";
S_00000250bcc4ce30 .scope package, "$unit" "$unit" 2 1;
 .timescale 0 0;
S_00000250bcc54a40 .scope module, "layer3_generator_tb" "layer3_generator_tb" 3 3;
 .timescale -9 -12;
v00000250bcd01950_0 .var "clk", 0 0;
v00000250bcd00f50_0 .net "done", 0 0, v00000250bcd00e10_0;  1 drivers
v00000250bcd00af0_0 .var/s "flat_input_flat", 4095 0;
v00000250bcd00550_0 .net/s "flat_output_flat", 2047 0, v00000250bcd009b0_0;  1 drivers
v00000250bcd00a50 .array/s "inputs", 255 0, 15 0;
v00000250bcd016d0_0 .var/i "k", 31 0;
v00000250bcd00690 .array/s "outputs", 127 0, 15 0;
v00000250bcd01090_0 .var/i "p", 31 0;
v00000250bcd00910_0 .var "rst", 0 0;
v00000250bcd00870_0 .var "start", 0 0;
E_00000250bccd4220 .event anyedge, v00000250bcd00e10_0;
E_00000250bccd3ba0 .event posedge, v00000250bcd00eb0_0;
E_00000250bccd4120 .event anyedge, v00000250bcd009b0_0;
v00000250bcd00a50_0 .array/port v00000250bcd00a50, 0;
v00000250bcd00a50_1 .array/port v00000250bcd00a50, 1;
v00000250bcd00a50_2 .array/port v00000250bcd00a50, 2;
v00000250bcd00a50_3 .array/port v00000250bcd00a50, 3;
E_00000250bccd45a0/0 .event anyedge, v00000250bcd00a50_0, v00000250bcd00a50_1, v00000250bcd00a50_2, v00000250bcd00a50_3;
v00000250bcd00a50_4 .array/port v00000250bcd00a50, 4;
v00000250bcd00a50_5 .array/port v00000250bcd00a50, 5;
v00000250bcd00a50_6 .array/port v00000250bcd00a50, 6;
v00000250bcd00a50_7 .array/port v00000250bcd00a50, 7;
E_00000250bccd45a0/1 .event anyedge, v00000250bcd00a50_4, v00000250bcd00a50_5, v00000250bcd00a50_6, v00000250bcd00a50_7;
v00000250bcd00a50_8 .array/port v00000250bcd00a50, 8;
v00000250bcd00a50_9 .array/port v00000250bcd00a50, 9;
v00000250bcd00a50_10 .array/port v00000250bcd00a50, 10;
v00000250bcd00a50_11 .array/port v00000250bcd00a50, 11;
E_00000250bccd45a0/2 .event anyedge, v00000250bcd00a50_8, v00000250bcd00a50_9, v00000250bcd00a50_10, v00000250bcd00a50_11;
v00000250bcd00a50_12 .array/port v00000250bcd00a50, 12;
v00000250bcd00a50_13 .array/port v00000250bcd00a50, 13;
v00000250bcd00a50_14 .array/port v00000250bcd00a50, 14;
v00000250bcd00a50_15 .array/port v00000250bcd00a50, 15;
E_00000250bccd45a0/3 .event anyedge, v00000250bcd00a50_12, v00000250bcd00a50_13, v00000250bcd00a50_14, v00000250bcd00a50_15;
v00000250bcd00a50_16 .array/port v00000250bcd00a50, 16;
v00000250bcd00a50_17 .array/port v00000250bcd00a50, 17;
v00000250bcd00a50_18 .array/port v00000250bcd00a50, 18;
v00000250bcd00a50_19 .array/port v00000250bcd00a50, 19;
E_00000250bccd45a0/4 .event anyedge, v00000250bcd00a50_16, v00000250bcd00a50_17, v00000250bcd00a50_18, v00000250bcd00a50_19;
v00000250bcd00a50_20 .array/port v00000250bcd00a50, 20;
v00000250bcd00a50_21 .array/port v00000250bcd00a50, 21;
v00000250bcd00a50_22 .array/port v00000250bcd00a50, 22;
v00000250bcd00a50_23 .array/port v00000250bcd00a50, 23;
E_00000250bccd45a0/5 .event anyedge, v00000250bcd00a50_20, v00000250bcd00a50_21, v00000250bcd00a50_22, v00000250bcd00a50_23;
v00000250bcd00a50_24 .array/port v00000250bcd00a50, 24;
v00000250bcd00a50_25 .array/port v00000250bcd00a50, 25;
v00000250bcd00a50_26 .array/port v00000250bcd00a50, 26;
v00000250bcd00a50_27 .array/port v00000250bcd00a50, 27;
E_00000250bccd45a0/6 .event anyedge, v00000250bcd00a50_24, v00000250bcd00a50_25, v00000250bcd00a50_26, v00000250bcd00a50_27;
v00000250bcd00a50_28 .array/port v00000250bcd00a50, 28;
v00000250bcd00a50_29 .array/port v00000250bcd00a50, 29;
v00000250bcd00a50_30 .array/port v00000250bcd00a50, 30;
v00000250bcd00a50_31 .array/port v00000250bcd00a50, 31;
E_00000250bccd45a0/7 .event anyedge, v00000250bcd00a50_28, v00000250bcd00a50_29, v00000250bcd00a50_30, v00000250bcd00a50_31;
v00000250bcd00a50_32 .array/port v00000250bcd00a50, 32;
v00000250bcd00a50_33 .array/port v00000250bcd00a50, 33;
v00000250bcd00a50_34 .array/port v00000250bcd00a50, 34;
v00000250bcd00a50_35 .array/port v00000250bcd00a50, 35;
E_00000250bccd45a0/8 .event anyedge, v00000250bcd00a50_32, v00000250bcd00a50_33, v00000250bcd00a50_34, v00000250bcd00a50_35;
v00000250bcd00a50_36 .array/port v00000250bcd00a50, 36;
v00000250bcd00a50_37 .array/port v00000250bcd00a50, 37;
v00000250bcd00a50_38 .array/port v00000250bcd00a50, 38;
v00000250bcd00a50_39 .array/port v00000250bcd00a50, 39;
E_00000250bccd45a0/9 .event anyedge, v00000250bcd00a50_36, v00000250bcd00a50_37, v00000250bcd00a50_38, v00000250bcd00a50_39;
v00000250bcd00a50_40 .array/port v00000250bcd00a50, 40;
v00000250bcd00a50_41 .array/port v00000250bcd00a50, 41;
v00000250bcd00a50_42 .array/port v00000250bcd00a50, 42;
v00000250bcd00a50_43 .array/port v00000250bcd00a50, 43;
E_00000250bccd45a0/10 .event anyedge, v00000250bcd00a50_40, v00000250bcd00a50_41, v00000250bcd00a50_42, v00000250bcd00a50_43;
v00000250bcd00a50_44 .array/port v00000250bcd00a50, 44;
v00000250bcd00a50_45 .array/port v00000250bcd00a50, 45;
v00000250bcd00a50_46 .array/port v00000250bcd00a50, 46;
v00000250bcd00a50_47 .array/port v00000250bcd00a50, 47;
E_00000250bccd45a0/11 .event anyedge, v00000250bcd00a50_44, v00000250bcd00a50_45, v00000250bcd00a50_46, v00000250bcd00a50_47;
v00000250bcd00a50_48 .array/port v00000250bcd00a50, 48;
v00000250bcd00a50_49 .array/port v00000250bcd00a50, 49;
v00000250bcd00a50_50 .array/port v00000250bcd00a50, 50;
v00000250bcd00a50_51 .array/port v00000250bcd00a50, 51;
E_00000250bccd45a0/12 .event anyedge, v00000250bcd00a50_48, v00000250bcd00a50_49, v00000250bcd00a50_50, v00000250bcd00a50_51;
v00000250bcd00a50_52 .array/port v00000250bcd00a50, 52;
v00000250bcd00a50_53 .array/port v00000250bcd00a50, 53;
v00000250bcd00a50_54 .array/port v00000250bcd00a50, 54;
v00000250bcd00a50_55 .array/port v00000250bcd00a50, 55;
E_00000250bccd45a0/13 .event anyedge, v00000250bcd00a50_52, v00000250bcd00a50_53, v00000250bcd00a50_54, v00000250bcd00a50_55;
v00000250bcd00a50_56 .array/port v00000250bcd00a50, 56;
v00000250bcd00a50_57 .array/port v00000250bcd00a50, 57;
v00000250bcd00a50_58 .array/port v00000250bcd00a50, 58;
v00000250bcd00a50_59 .array/port v00000250bcd00a50, 59;
E_00000250bccd45a0/14 .event anyedge, v00000250bcd00a50_56, v00000250bcd00a50_57, v00000250bcd00a50_58, v00000250bcd00a50_59;
v00000250bcd00a50_60 .array/port v00000250bcd00a50, 60;
v00000250bcd00a50_61 .array/port v00000250bcd00a50, 61;
v00000250bcd00a50_62 .array/port v00000250bcd00a50, 62;
v00000250bcd00a50_63 .array/port v00000250bcd00a50, 63;
E_00000250bccd45a0/15 .event anyedge, v00000250bcd00a50_60, v00000250bcd00a50_61, v00000250bcd00a50_62, v00000250bcd00a50_63;
v00000250bcd00a50_64 .array/port v00000250bcd00a50, 64;
v00000250bcd00a50_65 .array/port v00000250bcd00a50, 65;
v00000250bcd00a50_66 .array/port v00000250bcd00a50, 66;
v00000250bcd00a50_67 .array/port v00000250bcd00a50, 67;
E_00000250bccd45a0/16 .event anyedge, v00000250bcd00a50_64, v00000250bcd00a50_65, v00000250bcd00a50_66, v00000250bcd00a50_67;
v00000250bcd00a50_68 .array/port v00000250bcd00a50, 68;
v00000250bcd00a50_69 .array/port v00000250bcd00a50, 69;
v00000250bcd00a50_70 .array/port v00000250bcd00a50, 70;
v00000250bcd00a50_71 .array/port v00000250bcd00a50, 71;
E_00000250bccd45a0/17 .event anyedge, v00000250bcd00a50_68, v00000250bcd00a50_69, v00000250bcd00a50_70, v00000250bcd00a50_71;
v00000250bcd00a50_72 .array/port v00000250bcd00a50, 72;
v00000250bcd00a50_73 .array/port v00000250bcd00a50, 73;
v00000250bcd00a50_74 .array/port v00000250bcd00a50, 74;
v00000250bcd00a50_75 .array/port v00000250bcd00a50, 75;
E_00000250bccd45a0/18 .event anyedge, v00000250bcd00a50_72, v00000250bcd00a50_73, v00000250bcd00a50_74, v00000250bcd00a50_75;
v00000250bcd00a50_76 .array/port v00000250bcd00a50, 76;
v00000250bcd00a50_77 .array/port v00000250bcd00a50, 77;
v00000250bcd00a50_78 .array/port v00000250bcd00a50, 78;
v00000250bcd00a50_79 .array/port v00000250bcd00a50, 79;
E_00000250bccd45a0/19 .event anyedge, v00000250bcd00a50_76, v00000250bcd00a50_77, v00000250bcd00a50_78, v00000250bcd00a50_79;
v00000250bcd00a50_80 .array/port v00000250bcd00a50, 80;
v00000250bcd00a50_81 .array/port v00000250bcd00a50, 81;
v00000250bcd00a50_82 .array/port v00000250bcd00a50, 82;
v00000250bcd00a50_83 .array/port v00000250bcd00a50, 83;
E_00000250bccd45a0/20 .event anyedge, v00000250bcd00a50_80, v00000250bcd00a50_81, v00000250bcd00a50_82, v00000250bcd00a50_83;
v00000250bcd00a50_84 .array/port v00000250bcd00a50, 84;
v00000250bcd00a50_85 .array/port v00000250bcd00a50, 85;
v00000250bcd00a50_86 .array/port v00000250bcd00a50, 86;
v00000250bcd00a50_87 .array/port v00000250bcd00a50, 87;
E_00000250bccd45a0/21 .event anyedge, v00000250bcd00a50_84, v00000250bcd00a50_85, v00000250bcd00a50_86, v00000250bcd00a50_87;
v00000250bcd00a50_88 .array/port v00000250bcd00a50, 88;
v00000250bcd00a50_89 .array/port v00000250bcd00a50, 89;
v00000250bcd00a50_90 .array/port v00000250bcd00a50, 90;
v00000250bcd00a50_91 .array/port v00000250bcd00a50, 91;
E_00000250bccd45a0/22 .event anyedge, v00000250bcd00a50_88, v00000250bcd00a50_89, v00000250bcd00a50_90, v00000250bcd00a50_91;
v00000250bcd00a50_92 .array/port v00000250bcd00a50, 92;
v00000250bcd00a50_93 .array/port v00000250bcd00a50, 93;
v00000250bcd00a50_94 .array/port v00000250bcd00a50, 94;
v00000250bcd00a50_95 .array/port v00000250bcd00a50, 95;
E_00000250bccd45a0/23 .event anyedge, v00000250bcd00a50_92, v00000250bcd00a50_93, v00000250bcd00a50_94, v00000250bcd00a50_95;
v00000250bcd00a50_96 .array/port v00000250bcd00a50, 96;
v00000250bcd00a50_97 .array/port v00000250bcd00a50, 97;
v00000250bcd00a50_98 .array/port v00000250bcd00a50, 98;
v00000250bcd00a50_99 .array/port v00000250bcd00a50, 99;
E_00000250bccd45a0/24 .event anyedge, v00000250bcd00a50_96, v00000250bcd00a50_97, v00000250bcd00a50_98, v00000250bcd00a50_99;
v00000250bcd00a50_100 .array/port v00000250bcd00a50, 100;
v00000250bcd00a50_101 .array/port v00000250bcd00a50, 101;
v00000250bcd00a50_102 .array/port v00000250bcd00a50, 102;
v00000250bcd00a50_103 .array/port v00000250bcd00a50, 103;
E_00000250bccd45a0/25 .event anyedge, v00000250bcd00a50_100, v00000250bcd00a50_101, v00000250bcd00a50_102, v00000250bcd00a50_103;
v00000250bcd00a50_104 .array/port v00000250bcd00a50, 104;
v00000250bcd00a50_105 .array/port v00000250bcd00a50, 105;
v00000250bcd00a50_106 .array/port v00000250bcd00a50, 106;
v00000250bcd00a50_107 .array/port v00000250bcd00a50, 107;
E_00000250bccd45a0/26 .event anyedge, v00000250bcd00a50_104, v00000250bcd00a50_105, v00000250bcd00a50_106, v00000250bcd00a50_107;
v00000250bcd00a50_108 .array/port v00000250bcd00a50, 108;
v00000250bcd00a50_109 .array/port v00000250bcd00a50, 109;
v00000250bcd00a50_110 .array/port v00000250bcd00a50, 110;
v00000250bcd00a50_111 .array/port v00000250bcd00a50, 111;
E_00000250bccd45a0/27 .event anyedge, v00000250bcd00a50_108, v00000250bcd00a50_109, v00000250bcd00a50_110, v00000250bcd00a50_111;
v00000250bcd00a50_112 .array/port v00000250bcd00a50, 112;
v00000250bcd00a50_113 .array/port v00000250bcd00a50, 113;
v00000250bcd00a50_114 .array/port v00000250bcd00a50, 114;
v00000250bcd00a50_115 .array/port v00000250bcd00a50, 115;
E_00000250bccd45a0/28 .event anyedge, v00000250bcd00a50_112, v00000250bcd00a50_113, v00000250bcd00a50_114, v00000250bcd00a50_115;
v00000250bcd00a50_116 .array/port v00000250bcd00a50, 116;
v00000250bcd00a50_117 .array/port v00000250bcd00a50, 117;
v00000250bcd00a50_118 .array/port v00000250bcd00a50, 118;
v00000250bcd00a50_119 .array/port v00000250bcd00a50, 119;
E_00000250bccd45a0/29 .event anyedge, v00000250bcd00a50_116, v00000250bcd00a50_117, v00000250bcd00a50_118, v00000250bcd00a50_119;
v00000250bcd00a50_120 .array/port v00000250bcd00a50, 120;
v00000250bcd00a50_121 .array/port v00000250bcd00a50, 121;
v00000250bcd00a50_122 .array/port v00000250bcd00a50, 122;
v00000250bcd00a50_123 .array/port v00000250bcd00a50, 123;
E_00000250bccd45a0/30 .event anyedge, v00000250bcd00a50_120, v00000250bcd00a50_121, v00000250bcd00a50_122, v00000250bcd00a50_123;
v00000250bcd00a50_124 .array/port v00000250bcd00a50, 124;
v00000250bcd00a50_125 .array/port v00000250bcd00a50, 125;
v00000250bcd00a50_126 .array/port v00000250bcd00a50, 126;
v00000250bcd00a50_127 .array/port v00000250bcd00a50, 127;
E_00000250bccd45a0/31 .event anyedge, v00000250bcd00a50_124, v00000250bcd00a50_125, v00000250bcd00a50_126, v00000250bcd00a50_127;
v00000250bcd00a50_128 .array/port v00000250bcd00a50, 128;
v00000250bcd00a50_129 .array/port v00000250bcd00a50, 129;
v00000250bcd00a50_130 .array/port v00000250bcd00a50, 130;
v00000250bcd00a50_131 .array/port v00000250bcd00a50, 131;
E_00000250bccd45a0/32 .event anyedge, v00000250bcd00a50_128, v00000250bcd00a50_129, v00000250bcd00a50_130, v00000250bcd00a50_131;
v00000250bcd00a50_132 .array/port v00000250bcd00a50, 132;
v00000250bcd00a50_133 .array/port v00000250bcd00a50, 133;
v00000250bcd00a50_134 .array/port v00000250bcd00a50, 134;
v00000250bcd00a50_135 .array/port v00000250bcd00a50, 135;
E_00000250bccd45a0/33 .event anyedge, v00000250bcd00a50_132, v00000250bcd00a50_133, v00000250bcd00a50_134, v00000250bcd00a50_135;
v00000250bcd00a50_136 .array/port v00000250bcd00a50, 136;
v00000250bcd00a50_137 .array/port v00000250bcd00a50, 137;
v00000250bcd00a50_138 .array/port v00000250bcd00a50, 138;
v00000250bcd00a50_139 .array/port v00000250bcd00a50, 139;
E_00000250bccd45a0/34 .event anyedge, v00000250bcd00a50_136, v00000250bcd00a50_137, v00000250bcd00a50_138, v00000250bcd00a50_139;
v00000250bcd00a50_140 .array/port v00000250bcd00a50, 140;
v00000250bcd00a50_141 .array/port v00000250bcd00a50, 141;
v00000250bcd00a50_142 .array/port v00000250bcd00a50, 142;
v00000250bcd00a50_143 .array/port v00000250bcd00a50, 143;
E_00000250bccd45a0/35 .event anyedge, v00000250bcd00a50_140, v00000250bcd00a50_141, v00000250bcd00a50_142, v00000250bcd00a50_143;
v00000250bcd00a50_144 .array/port v00000250bcd00a50, 144;
v00000250bcd00a50_145 .array/port v00000250bcd00a50, 145;
v00000250bcd00a50_146 .array/port v00000250bcd00a50, 146;
v00000250bcd00a50_147 .array/port v00000250bcd00a50, 147;
E_00000250bccd45a0/36 .event anyedge, v00000250bcd00a50_144, v00000250bcd00a50_145, v00000250bcd00a50_146, v00000250bcd00a50_147;
v00000250bcd00a50_148 .array/port v00000250bcd00a50, 148;
v00000250bcd00a50_149 .array/port v00000250bcd00a50, 149;
v00000250bcd00a50_150 .array/port v00000250bcd00a50, 150;
v00000250bcd00a50_151 .array/port v00000250bcd00a50, 151;
E_00000250bccd45a0/37 .event anyedge, v00000250bcd00a50_148, v00000250bcd00a50_149, v00000250bcd00a50_150, v00000250bcd00a50_151;
v00000250bcd00a50_152 .array/port v00000250bcd00a50, 152;
v00000250bcd00a50_153 .array/port v00000250bcd00a50, 153;
v00000250bcd00a50_154 .array/port v00000250bcd00a50, 154;
v00000250bcd00a50_155 .array/port v00000250bcd00a50, 155;
E_00000250bccd45a0/38 .event anyedge, v00000250bcd00a50_152, v00000250bcd00a50_153, v00000250bcd00a50_154, v00000250bcd00a50_155;
v00000250bcd00a50_156 .array/port v00000250bcd00a50, 156;
v00000250bcd00a50_157 .array/port v00000250bcd00a50, 157;
v00000250bcd00a50_158 .array/port v00000250bcd00a50, 158;
v00000250bcd00a50_159 .array/port v00000250bcd00a50, 159;
E_00000250bccd45a0/39 .event anyedge, v00000250bcd00a50_156, v00000250bcd00a50_157, v00000250bcd00a50_158, v00000250bcd00a50_159;
v00000250bcd00a50_160 .array/port v00000250bcd00a50, 160;
v00000250bcd00a50_161 .array/port v00000250bcd00a50, 161;
v00000250bcd00a50_162 .array/port v00000250bcd00a50, 162;
v00000250bcd00a50_163 .array/port v00000250bcd00a50, 163;
E_00000250bccd45a0/40 .event anyedge, v00000250bcd00a50_160, v00000250bcd00a50_161, v00000250bcd00a50_162, v00000250bcd00a50_163;
v00000250bcd00a50_164 .array/port v00000250bcd00a50, 164;
v00000250bcd00a50_165 .array/port v00000250bcd00a50, 165;
v00000250bcd00a50_166 .array/port v00000250bcd00a50, 166;
v00000250bcd00a50_167 .array/port v00000250bcd00a50, 167;
E_00000250bccd45a0/41 .event anyedge, v00000250bcd00a50_164, v00000250bcd00a50_165, v00000250bcd00a50_166, v00000250bcd00a50_167;
v00000250bcd00a50_168 .array/port v00000250bcd00a50, 168;
v00000250bcd00a50_169 .array/port v00000250bcd00a50, 169;
v00000250bcd00a50_170 .array/port v00000250bcd00a50, 170;
v00000250bcd00a50_171 .array/port v00000250bcd00a50, 171;
E_00000250bccd45a0/42 .event anyedge, v00000250bcd00a50_168, v00000250bcd00a50_169, v00000250bcd00a50_170, v00000250bcd00a50_171;
v00000250bcd00a50_172 .array/port v00000250bcd00a50, 172;
v00000250bcd00a50_173 .array/port v00000250bcd00a50, 173;
v00000250bcd00a50_174 .array/port v00000250bcd00a50, 174;
v00000250bcd00a50_175 .array/port v00000250bcd00a50, 175;
E_00000250bccd45a0/43 .event anyedge, v00000250bcd00a50_172, v00000250bcd00a50_173, v00000250bcd00a50_174, v00000250bcd00a50_175;
v00000250bcd00a50_176 .array/port v00000250bcd00a50, 176;
v00000250bcd00a50_177 .array/port v00000250bcd00a50, 177;
v00000250bcd00a50_178 .array/port v00000250bcd00a50, 178;
v00000250bcd00a50_179 .array/port v00000250bcd00a50, 179;
E_00000250bccd45a0/44 .event anyedge, v00000250bcd00a50_176, v00000250bcd00a50_177, v00000250bcd00a50_178, v00000250bcd00a50_179;
v00000250bcd00a50_180 .array/port v00000250bcd00a50, 180;
v00000250bcd00a50_181 .array/port v00000250bcd00a50, 181;
v00000250bcd00a50_182 .array/port v00000250bcd00a50, 182;
v00000250bcd00a50_183 .array/port v00000250bcd00a50, 183;
E_00000250bccd45a0/45 .event anyedge, v00000250bcd00a50_180, v00000250bcd00a50_181, v00000250bcd00a50_182, v00000250bcd00a50_183;
v00000250bcd00a50_184 .array/port v00000250bcd00a50, 184;
v00000250bcd00a50_185 .array/port v00000250bcd00a50, 185;
v00000250bcd00a50_186 .array/port v00000250bcd00a50, 186;
v00000250bcd00a50_187 .array/port v00000250bcd00a50, 187;
E_00000250bccd45a0/46 .event anyedge, v00000250bcd00a50_184, v00000250bcd00a50_185, v00000250bcd00a50_186, v00000250bcd00a50_187;
v00000250bcd00a50_188 .array/port v00000250bcd00a50, 188;
v00000250bcd00a50_189 .array/port v00000250bcd00a50, 189;
v00000250bcd00a50_190 .array/port v00000250bcd00a50, 190;
v00000250bcd00a50_191 .array/port v00000250bcd00a50, 191;
E_00000250bccd45a0/47 .event anyedge, v00000250bcd00a50_188, v00000250bcd00a50_189, v00000250bcd00a50_190, v00000250bcd00a50_191;
v00000250bcd00a50_192 .array/port v00000250bcd00a50, 192;
v00000250bcd00a50_193 .array/port v00000250bcd00a50, 193;
v00000250bcd00a50_194 .array/port v00000250bcd00a50, 194;
v00000250bcd00a50_195 .array/port v00000250bcd00a50, 195;
E_00000250bccd45a0/48 .event anyedge, v00000250bcd00a50_192, v00000250bcd00a50_193, v00000250bcd00a50_194, v00000250bcd00a50_195;
v00000250bcd00a50_196 .array/port v00000250bcd00a50, 196;
v00000250bcd00a50_197 .array/port v00000250bcd00a50, 197;
v00000250bcd00a50_198 .array/port v00000250bcd00a50, 198;
v00000250bcd00a50_199 .array/port v00000250bcd00a50, 199;
E_00000250bccd45a0/49 .event anyedge, v00000250bcd00a50_196, v00000250bcd00a50_197, v00000250bcd00a50_198, v00000250bcd00a50_199;
v00000250bcd00a50_200 .array/port v00000250bcd00a50, 200;
v00000250bcd00a50_201 .array/port v00000250bcd00a50, 201;
v00000250bcd00a50_202 .array/port v00000250bcd00a50, 202;
v00000250bcd00a50_203 .array/port v00000250bcd00a50, 203;
E_00000250bccd45a0/50 .event anyedge, v00000250bcd00a50_200, v00000250bcd00a50_201, v00000250bcd00a50_202, v00000250bcd00a50_203;
v00000250bcd00a50_204 .array/port v00000250bcd00a50, 204;
v00000250bcd00a50_205 .array/port v00000250bcd00a50, 205;
v00000250bcd00a50_206 .array/port v00000250bcd00a50, 206;
v00000250bcd00a50_207 .array/port v00000250bcd00a50, 207;
E_00000250bccd45a0/51 .event anyedge, v00000250bcd00a50_204, v00000250bcd00a50_205, v00000250bcd00a50_206, v00000250bcd00a50_207;
v00000250bcd00a50_208 .array/port v00000250bcd00a50, 208;
v00000250bcd00a50_209 .array/port v00000250bcd00a50, 209;
v00000250bcd00a50_210 .array/port v00000250bcd00a50, 210;
v00000250bcd00a50_211 .array/port v00000250bcd00a50, 211;
E_00000250bccd45a0/52 .event anyedge, v00000250bcd00a50_208, v00000250bcd00a50_209, v00000250bcd00a50_210, v00000250bcd00a50_211;
v00000250bcd00a50_212 .array/port v00000250bcd00a50, 212;
v00000250bcd00a50_213 .array/port v00000250bcd00a50, 213;
v00000250bcd00a50_214 .array/port v00000250bcd00a50, 214;
v00000250bcd00a50_215 .array/port v00000250bcd00a50, 215;
E_00000250bccd45a0/53 .event anyedge, v00000250bcd00a50_212, v00000250bcd00a50_213, v00000250bcd00a50_214, v00000250bcd00a50_215;
v00000250bcd00a50_216 .array/port v00000250bcd00a50, 216;
v00000250bcd00a50_217 .array/port v00000250bcd00a50, 217;
v00000250bcd00a50_218 .array/port v00000250bcd00a50, 218;
v00000250bcd00a50_219 .array/port v00000250bcd00a50, 219;
E_00000250bccd45a0/54 .event anyedge, v00000250bcd00a50_216, v00000250bcd00a50_217, v00000250bcd00a50_218, v00000250bcd00a50_219;
v00000250bcd00a50_220 .array/port v00000250bcd00a50, 220;
v00000250bcd00a50_221 .array/port v00000250bcd00a50, 221;
v00000250bcd00a50_222 .array/port v00000250bcd00a50, 222;
v00000250bcd00a50_223 .array/port v00000250bcd00a50, 223;
E_00000250bccd45a0/55 .event anyedge, v00000250bcd00a50_220, v00000250bcd00a50_221, v00000250bcd00a50_222, v00000250bcd00a50_223;
v00000250bcd00a50_224 .array/port v00000250bcd00a50, 224;
v00000250bcd00a50_225 .array/port v00000250bcd00a50, 225;
v00000250bcd00a50_226 .array/port v00000250bcd00a50, 226;
v00000250bcd00a50_227 .array/port v00000250bcd00a50, 227;
E_00000250bccd45a0/56 .event anyedge, v00000250bcd00a50_224, v00000250bcd00a50_225, v00000250bcd00a50_226, v00000250bcd00a50_227;
v00000250bcd00a50_228 .array/port v00000250bcd00a50, 228;
v00000250bcd00a50_229 .array/port v00000250bcd00a50, 229;
v00000250bcd00a50_230 .array/port v00000250bcd00a50, 230;
v00000250bcd00a50_231 .array/port v00000250bcd00a50, 231;
E_00000250bccd45a0/57 .event anyedge, v00000250bcd00a50_228, v00000250bcd00a50_229, v00000250bcd00a50_230, v00000250bcd00a50_231;
v00000250bcd00a50_232 .array/port v00000250bcd00a50, 232;
v00000250bcd00a50_233 .array/port v00000250bcd00a50, 233;
v00000250bcd00a50_234 .array/port v00000250bcd00a50, 234;
v00000250bcd00a50_235 .array/port v00000250bcd00a50, 235;
E_00000250bccd45a0/58 .event anyedge, v00000250bcd00a50_232, v00000250bcd00a50_233, v00000250bcd00a50_234, v00000250bcd00a50_235;
v00000250bcd00a50_236 .array/port v00000250bcd00a50, 236;
v00000250bcd00a50_237 .array/port v00000250bcd00a50, 237;
v00000250bcd00a50_238 .array/port v00000250bcd00a50, 238;
v00000250bcd00a50_239 .array/port v00000250bcd00a50, 239;
E_00000250bccd45a0/59 .event anyedge, v00000250bcd00a50_236, v00000250bcd00a50_237, v00000250bcd00a50_238, v00000250bcd00a50_239;
v00000250bcd00a50_240 .array/port v00000250bcd00a50, 240;
v00000250bcd00a50_241 .array/port v00000250bcd00a50, 241;
v00000250bcd00a50_242 .array/port v00000250bcd00a50, 242;
v00000250bcd00a50_243 .array/port v00000250bcd00a50, 243;
E_00000250bccd45a0/60 .event anyedge, v00000250bcd00a50_240, v00000250bcd00a50_241, v00000250bcd00a50_242, v00000250bcd00a50_243;
v00000250bcd00a50_244 .array/port v00000250bcd00a50, 244;
v00000250bcd00a50_245 .array/port v00000250bcd00a50, 245;
v00000250bcd00a50_246 .array/port v00000250bcd00a50, 246;
v00000250bcd00a50_247 .array/port v00000250bcd00a50, 247;
E_00000250bccd45a0/61 .event anyedge, v00000250bcd00a50_244, v00000250bcd00a50_245, v00000250bcd00a50_246, v00000250bcd00a50_247;
v00000250bcd00a50_248 .array/port v00000250bcd00a50, 248;
v00000250bcd00a50_249 .array/port v00000250bcd00a50, 249;
v00000250bcd00a50_250 .array/port v00000250bcd00a50, 250;
v00000250bcd00a50_251 .array/port v00000250bcd00a50, 251;
E_00000250bccd45a0/62 .event anyedge, v00000250bcd00a50_248, v00000250bcd00a50_249, v00000250bcd00a50_250, v00000250bcd00a50_251;
v00000250bcd00a50_252 .array/port v00000250bcd00a50, 252;
v00000250bcd00a50_253 .array/port v00000250bcd00a50, 253;
v00000250bcd00a50_254 .array/port v00000250bcd00a50, 254;
v00000250bcd00a50_255 .array/port v00000250bcd00a50, 255;
E_00000250bccd45a0/63 .event anyedge, v00000250bcd00a50_252, v00000250bcd00a50_253, v00000250bcd00a50_254, v00000250bcd00a50_255;
E_00000250bccd45a0 .event/or E_00000250bccd45a0/0, E_00000250bccd45a0/1, E_00000250bccd45a0/2, E_00000250bccd45a0/3, E_00000250bccd45a0/4, E_00000250bccd45a0/5, E_00000250bccd45a0/6, E_00000250bccd45a0/7, E_00000250bccd45a0/8, E_00000250bccd45a0/9, E_00000250bccd45a0/10, E_00000250bccd45a0/11, E_00000250bccd45a0/12, E_00000250bccd45a0/13, E_00000250bccd45a0/14, E_00000250bccd45a0/15, E_00000250bccd45a0/16, E_00000250bccd45a0/17, E_00000250bccd45a0/18, E_00000250bccd45a0/19, E_00000250bccd45a0/20, E_00000250bccd45a0/21, E_00000250bccd45a0/22, E_00000250bccd45a0/23, E_00000250bccd45a0/24, E_00000250bccd45a0/25, E_00000250bccd45a0/26, E_00000250bccd45a0/27, E_00000250bccd45a0/28, E_00000250bccd45a0/29, E_00000250bccd45a0/30, E_00000250bccd45a0/31, E_00000250bccd45a0/32, E_00000250bccd45a0/33, E_00000250bccd45a0/34, E_00000250bccd45a0/35, E_00000250bccd45a0/36, E_00000250bccd45a0/37, E_00000250bccd45a0/38, E_00000250bccd45a0/39, E_00000250bccd45a0/40, E_00000250bccd45a0/41, E_00000250bccd45a0/42, E_00000250bccd45a0/43, E_00000250bccd45a0/44, E_00000250bccd45a0/45, E_00000250bccd45a0/46, E_00000250bccd45a0/47, E_00000250bccd45a0/48, E_00000250bccd45a0/49, E_00000250bccd45a0/50, E_00000250bccd45a0/51, E_00000250bccd45a0/52, E_00000250bccd45a0/53, E_00000250bccd45a0/54, E_00000250bccd45a0/55, E_00000250bccd45a0/56, E_00000250bccd45a0/57, E_00000250bccd45a0/58, E_00000250bccd45a0/59, E_00000250bccd45a0/60, E_00000250bccd45a0/61, E_00000250bccd45a0/62, E_00000250bccd45a0/63;
S_00000250bcc51d30 .scope function.real, "q8_8_to_real" "q8_8_to_real" 3 55, 3 55 0, S_00000250bcc54a40;
 .timescale -9 -12;
; Variable q8_8_to_real is REAL return value of scope S_00000250bcc51d30
v00000250bccb0890_0 .var/s "val", 15 0;
TD_layer3_generator_tb.q8_8_to_real ;
    %load/vec4 v00000250bccb0890_0;
    %cvt/rv/s;
    %pushi/real 1073741824, 4074; load=256.000
    %div/wr;
    %ret/real 0; Assign to q8_8_to_real
    %end;
S_00000250bccb54f0 .scope module, "uut" "layer3_generator" 3 37, 4 5 0, S_00000250bcc54a40;
 .timescale -9 -12;
    .port_info 0 /INPUT 1 "clk";
    .port_info 1 /INPUT 1 "rst";
    .port_info 2 /INPUT 1 "start";
    .port_info 3 /INPUT 4096 "flat_input_flat";
    .port_info 4 /OUTPUT 2048 "flat_output_flat";
    .port_info 5 /OUTPUT 1 "done";
v00000250bccb0250_0 .net *"_ivl_0", 31 0, L_00000250bcd0c710;  1 drivers
v00000250bccb0a70_0 .net *"_ivl_11", 31 0, L_00000250bcd0b8b0;  1 drivers
L_00000250bcd40170 .functor BUFT 1, C4<00000000000000000000000000000001>, C4<0>, C4<0>, C4<0>;
v00000250bccb0070_0 .net/2u *"_ivl_12", 31 0, L_00000250bcd40170;  1 drivers
v00000250bccb0d90_0 .net *"_ivl_14", 31 0, L_00000250bcd0b450;  1 drivers
v00000250bccb02f0_0 .net *"_ivl_16", 33 0, L_00000250bcd0ccb0;  1 drivers
L_00000250bcd401b8 .functor BUFT 1, C4<00>, C4<0>, C4<0>, C4<0>;
v00000250bccb0e30_0 .net *"_ivl_19", 1 0, L_00000250bcd401b8;  1 drivers
L_00000250bcd40200 .functor BUFT 1, C4<0000000000000000000000000000001111>, C4<0>, C4<0>, C4<0>;
v00000250bccb0610_0 .net/2s *"_ivl_20", 33 0, L_00000250bcd40200;  1 drivers
v00000250bccb0ed0_0 .net/s *"_ivl_22", 33 0, L_00000250bcd0cd50;  1 drivers
v00000250bccb01b0_0 .net/s *"_ivl_26", 31 0, L_00000250bcd0bd10;  1 drivers
v00000250bccb09d0_0 .net *"_ivl_28", 15 0, L_00000250bcd0b630;  1 drivers
L_00000250bcd40098 .functor BUFT 1, C4<00000000000000000000000>, C4<0>, C4<0>, C4<0>;
v00000250bccb06b0_0 .net *"_ivl_3", 22 0, L_00000250bcd40098;  1 drivers
v00000250bccb0390_0 .net *"_ivl_30", 31 0, L_00000250bcd0b9f0;  1 drivers
L_00000250bcd40248 .functor BUFT 1, C4<000000000000000000000000>, C4<0>, C4<0>, C4<0>;
v00000250bccb0430_0 .net *"_ivl_33", 23 0, L_00000250bcd40248;  1 drivers
L_00000250bcd40290 .functor BUFT 1, C4<00000000000000000000000100000000>, C4<0>, C4<0>, C4<0>;
v00000250bccb0930_0 .net/2u *"_ivl_34", 31 0, L_00000250bcd40290;  1 drivers
v00000250bccb0b10_0 .net *"_ivl_37", 31 0, L_00000250bcd0cdf0;  1 drivers
v00000250bccb0bb0_0 .net *"_ivl_38", 31 0, L_00000250bcd0c7b0;  1 drivers
L_00000250bcd400e0 .functor BUFT 1, C4<00000000000000000000000000000001>, C4<0>, C4<0>, C4<0>;
v00000250bccb0c50_0 .net/2u *"_ivl_4", 31 0, L_00000250bcd400e0;  1 drivers
L_00000250bcd402d8 .functor BUFT 1, C4<00000000000000000000000>, C4<0>, C4<0>, C4<0>;
v00000250bccb0cf0_0 .net *"_ivl_41", 22 0, L_00000250bcd402d8;  1 drivers
v00000250bcd00d70_0 .net *"_ivl_42", 31 0, L_00000250bcd0c5d0;  1 drivers
v00000250bcd01450_0 .net/s *"_ivl_44", 31 0, L_00000250bcd0bc70;  1 drivers
v00000250bcd01c70_0 .net *"_ivl_6", 31 0, L_00000250bcd0cc10;  1 drivers
L_00000250bcd40128 .functor BUFT 1, C4<00000000000000000000000000010000>, C4<0>, C4<0>, C4<0>;
v00000250bcd00cd0_0 .net/2u *"_ivl_8", 31 0, L_00000250bcd40128;  1 drivers
v00000250bcd01310_0 .var/s "accumulator", 31 0;
v00000250bcd00ff0_0 .var/s "bias_shifted", 31 0;
v00000250bcd013b0_0 .var "busy", 0 0;
v00000250bcd00eb0_0 .net "clk", 0 0, v00000250bcd01950_0;  1 drivers
v00000250bcd014f0_0 .net/s "current_input", 15 0, L_00000250bcd0be50;  1 drivers
v00000250bcd00230_0 .net/s "current_product", 31 0, L_00000250bcd0c210;  1 drivers
v00000250bcd00e10_0 .var "done", 0 0;
v00000250bcd01770_0 .net/s "flat_input_flat", 4095 0, v00000250bcd00af0_0;  1 drivers
v00000250bcd009b0_0 .var/s "flat_output_flat", 2047 0;
v00000250bcd01270_0 .var "input_idx", 8 0;
v00000250bcd01590 .array/s "layer3_gen_bias", 127 0, 15 0;
v00000250bcd004b0 .array/s "layer3_gen_weights", 32767 0, 15 0;
v00000250bcd01630_0 .var "neuron_idx", 7 0;
v00000250bcd00190_0 .net/s "next_acc", 31 0, L_00000250bcd0b310;  1 drivers
v00000250bcd018b0_0 .net "rst", 0 0, v00000250bcd00910_0;  1 drivers
v00000250bcd00b90_0 .net "start", 0 0, v00000250bcd00870_0;  1 drivers
E_00000250bccd4360 .event posedge, v00000250bcd018b0_0, v00000250bcd00eb0_0;
L_00000250bcd0c710 .concat [ 9 23 0 0], v00000250bcd01270_0, L_00000250bcd40098;
L_00000250bcd0cc10 .arith/sum 32, L_00000250bcd0c710, L_00000250bcd400e0;
L_00000250bcd0b8b0 .arith/mult 32, L_00000250bcd0cc10, L_00000250bcd40128;
L_00000250bcd0b450 .arith/sub 32, L_00000250bcd0b8b0, L_00000250bcd40170;
L_00000250bcd0ccb0 .concat [ 32 2 0 0], L_00000250bcd0b450, L_00000250bcd401b8;
L_00000250bcd0cd50 .arith/sub 34, L_00000250bcd0ccb0, L_00000250bcd40200;
L_00000250bcd0be50 .part/v.s v00000250bcd00af0_0, L_00000250bcd0cd50, 16;
L_00000250bcd0bd10 .extend/s 32, L_00000250bcd0be50;
L_00000250bcd0b630 .array/port v00000250bcd004b0, L_00000250bcd0c5d0;
L_00000250bcd0b9f0 .concat [ 8 24 0 0], v00000250bcd01630_0, L_00000250bcd40248;
L_00000250bcd0cdf0 .arith/mult 32, L_00000250bcd0b9f0, L_00000250bcd40290;
L_00000250bcd0c7b0 .concat [ 9 23 0 0], v00000250bcd01270_0, L_00000250bcd402d8;
L_00000250bcd0c5d0 .arith/sum 32, L_00000250bcd0cdf0, L_00000250bcd0c7b0;
L_00000250bcd0bc70 .extend/s 32, L_00000250bcd0b630;
L_00000250bcd0c210 .arith/mult 32, L_00000250bcd0bd10, L_00000250bcd0bc70;
L_00000250bcd0b310 .arith/sum 32, v00000250bcd01310_0, L_00000250bcd0c210;
S_00000250bccb6650 .scope module, "pipelined_mac" "pipelined_mac" 5 1;
 .timescale -9 -12;
    .port_info 0 /INPUT 1 "clk";
    .port_info 1 /INPUT 1 "rst";
    .port_info 2 /INPUT 1 "start";
    .port_info 3 /INPUT 512 "a_flat";
    .port_info 4 /INPUT 512 "b_flat";
    .port_info 5 /INPUT 16 "bias";
    .port_info 6 /OUTPUT 16 "result";
    .port_info 7 /OUTPUT 1 "done";
o00000250bcd13928 .functor BUFZ 512, C4<zzzzzzzzzzzzzzzzzzzzzzzzzzzzzzzzzzzzzzzzzzzzzzzzzzzzzzzzzzzzzzzzzzzzzzzzzzzzzzzzzzzzzzzzzzzzzzzzzzzzzzzzzzzzzzzzzzzzzzzzzzzzzzzzzzzzzzzzzzzzzzzzzzzzzzzzzzzzzzzzzzzzzzzzzzzzzzzzzzzzzzzzzzzzzzzzzzzzzzzzzzzzzzzzzzzzzzzzzzzzzzzzzzzzzzzzzzzzzzzzzzzzzzzzzzzzzzzzzzzzzzzzzzzzzzzzzzzzzzzzzzzzzzzzzzzzzzzzzzzzzzzzzzzzzzzzzzzzzzzzzzzzzzzzzzzzzzzzzzzzzzzzzzzzzzzzzzzzzzzzzzzzzzzzzzzzzzzzzzzzzzzzzzzzzzzzzzzzzzzzzzzzzzzzzzzzzzzzzzzzzzzzzzzzzzzzzzzzzzzzzzzzzzzzzzzzzzzzzzzzzzzzzzzzzzzzzzzzzzzzzzzzzzzzzzzzzzzzzzzzzzzzzzzzzzzz>; HiZ drive
v00000250bcd01810_0 .net/s "a_flat", 511 0, o00000250bcd13928;  0 drivers
o00000250bcd13958 .functor BUFZ 512, C4<zzzzzzzzzzzzzzzzzzzzzzzzzzzzzzzzzzzzzzzzzzzzzzzzzzzzzzzzzzzzzzzzzzzzzzzzzzzzzzzzzzzzzzzzzzzzzzzzzzzzzzzzzzzzzzzzzzzzzzzzzzzzzzzzzzzzzzzzzzzzzzzzzzzzzzzzzzzzzzzzzzzzzzzzzzzzzzzzzzzzzzzzzzzzzzzzzzzzzzzzzzzzzzzzzzzzzzzzzzzzzzzzzzzzzzzzzzzzzzzzzzzzzzzzzzzzzzzzzzzzzzzzzzzzzzzzzzzzzzzzzzzzzzzzzzzzzzzzzzzzzzzzzzzzzzzzzzzzzzzzzzzzzzzzzzzzzzzzzzzzzzzzzzzzzzzzzzzzzzzzzzzzzzzzzzzzzzzzzzzzzzzzzzzzzzzzzzzzzzzzzzzzzzzzzzzzzzzzzzzzzzzzzzzzzzzzzzzzzzzzzzzzzzzzzzzzzzzzzzzzzzzzzzzzzzzzzzzzzzzzzzzzzzzzzzzzzzzzzzzzzzzzzzzzzzzz>; HiZ drive
v00000250bcd019f0_0 .net/s "b_flat", 511 0, o00000250bcd13958;  0 drivers
o00000250bcd13988 .functor BUFZ 16, C4<zzzzzzzzzzzzzzzz>; HiZ drive
v00000250bcd01ef0_0 .net/s "bias", 15 0, o00000250bcd13988;  0 drivers
o00000250bcd139b8 .functor BUFZ 1, C4<z>; HiZ drive
v00000250bcd00c30_0 .net "clk", 0 0, o00000250bcd139b8;  0 drivers
v00000250bcd01a90_0 .var "d0", 0 0;
v00000250bcd01f90_0 .var "d1", 0 0;
v00000250bcd01130_0 .var "d2", 0 0;
v00000250bcd01b30_0 .var "d3", 0 0;
v00000250bcd01bd0_0 .var "d4", 0 0;
v00000250bcd01d10_0 .var "d5", 0 0;
v00000250bcd011d0_0 .var "d6", 0 0;
v00000250bcd01db0_0 .var "done", 0 0;
v00000250bcd01e50 .array/s "p", 31 0, 31 0;
v00000250bcd000f0 .array/s "ra", 31 0, 15 0;
v00000250bcd00370 .array/s "rb", 31 0, 15 0;
v00000250bcd002d0_0 .var/s "result", 15 0;
o00000250bcd13b98 .functor BUFZ 1, C4<z>; HiZ drive
v00000250bcd00410_0 .net "rst", 0 0, o00000250bcd13b98;  0 drivers
v00000250bcd005f0 .array/s "s1", 15 0, 31 0;
v00000250bcd00730 .array/s "s2", 7 0, 31 0;
v00000250bcd007d0 .array/s "s3", 3 0, 31 0;
v00000250bcd0c170 .array/s "s4", 1 0, 31 0;
o00000250bcd13bc8 .functor BUFZ 1, C4<z>; HiZ drive
v00000250bcd0bbd0_0 .net "start", 0 0, o00000250bcd13bc8;  0 drivers
v00000250bcd0b590_0 .var/s "total_sum", 31 0;
E_00000250bccd4260 .event posedge, v00000250bcd00410_0, v00000250bcd00c30_0;
    .scope S_00000250bccb54f0;
T_1 ;
    %vpi_call/w 4 25 "$readmemh", "src/layers/hex_data/Generator_Layer3_Weights_All.hex", v00000250bcd004b0 {0 0 0};
    %vpi_call/w 4 26 "$readmemh", "src/layers/hex_data/Generator_Layer3_Biases_All.hex", v00000250bcd01590 {0 0 0};
    %end;
    .thread T_1;
    .scope S_00000250bccb54f0;
T_2 ;
    %wait E_00000250bccd4360;
    %load/vec4 v00000250bcd018b0_0;
    %flag_set/vec4 8;
    %jmp/0xz  T_2.0, 8;
    %pushi/vec4 0, 0, 8;
    %assign/vec4 v00000250bcd01630_0, 0;
    %pushi/vec4 0, 0, 9;
    %assign/vec4 v00000250bcd01270_0, 0;
    %pushi/vec4 0, 0, 32;
    %assign/vec4 v00000250bcd01310_0, 0;
    %pushi/vec4 0, 0, 32;
    %assign/vec4 v00000250bcd00ff0_0, 0;
    %pushi/vec4 0, 0, 1;
    %assign/vec4 v00000250bcd013b0_0, 0;
    %pushi/vec4 0, 0, 1;
    %assign/vec4 v00000250bcd00e10_0, 0;
    %jmp T_2.1;
T_2.0 ;
    %load/vec4 v00000250bcd00b90_0;
    %flag_set/vec4 9;
    %flag_get/vec4 9;
    %jmp/0 T_2.4, 9;
    %load/vec4 v00000250bcd013b0_0;
    %nor/r;
    %and;
T_2.4;
    %flag_set/vec4 8;
    %jmp/0xz  T_2.2, 8;
    %pushi/vec4 0, 0, 8;
    %assign/vec4 v00000250bcd01630_0, 0;
    %pushi/vec4 0, 0, 9;
    %assign/vec4 v00000250bcd01270_0, 0;
    %ix/load 4, 0, 0;
    %flag_set/imm 4, 0;
    %load/vec4a v00000250bcd01590, 4;
    %pad/s 32;
    %ix/load 4, 8, 0;
    %flag_set/imm 4, 0;
    %shiftl 4;
    %assign/vec4 v00000250bcd00ff0_0, 0;
    %ix/load 4, 0, 0;
    %flag_set/imm 4, 0;
    %load/vec4a v00000250bcd01590, 4;
    %pad/s 32;
    %ix/load 4, 8, 0;
    %flag_set/imm 4, 0;
    %shiftl 4;
    %assign/vec4 v00000250bcd01310_0, 0;
    %pushi/vec4 1, 0, 1;
    %assign/vec4 v00000250bcd013b0_0, 0;
    %pushi/vec4 0, 0, 1;
    %assign/vec4 v00000250bcd00e10_0, 0;
    %jmp T_2.3;
T_2.2 ;
    %load/vec4 v00000250bcd013b0_0;
    %flag_set/vec4 8;
    %jmp/0xz  T_2.5, 8;
    %load/vec4 v00000250bcd00190_0;
    %assign/vec4 v00000250bcd01310_0, 0;
    %load/vec4 v00000250bcd01270_0;
    %cmpi/e 255, 0, 9;
    %jmp/0xz  T_2.7, 4;
    %load/vec4 v00000250bcd00190_0;
    %parti/s 16, 8, 5;
    %ix/load 5, 0, 0;
    %load/vec4 v00000250bcd01630_0;
    %pad/u 32;
    %addi 1, 0, 32;
    %muli 16, 0, 32;
    %subi 1, 0, 32;
    %pad/u 34;
    %subi 15, 0, 34;
    %ix/vec4/s 4;
    %assign/vec4/off/d v00000250bcd009b0_0, 4, 5;
    %load/vec4 v00000250bcd01630_0;
    %cmpi/e 127, 0, 8;
    %jmp/0xz  T_2.9, 4;
    %pushi/vec4 0, 0, 1;
    %assign/vec4 v00000250bcd013b0_0, 0;
    %pushi/vec4 1, 0, 1;
    %assign/vec4 v00000250bcd00e10_0, 0;
    %jmp T_2.10;
T_2.9 ;
    %load/vec4 v00000250bcd01630_0;
    %addi 1, 0, 8;
    %assign/vec4 v00000250bcd01630_0, 0;
    %load/vec4 v00000250bcd01630_0;
    %pad/u 32;
    %addi 1, 0, 32;
    %ix/vec4 4;
    %load/vec4a v00000250bcd01590, 4;
    %pad/s 32;
    %ix/load 4, 8, 0;
    %flag_set/imm 4, 0;
    %shiftl 4;
    %assign/vec4 v00000250bcd00ff0_0, 0;
    %load/vec4 v00000250bcd01630_0;
    %pad/u 32;
    %addi 1, 0, 32;
    %ix/vec4 4;
    %load/vec4a v00000250bcd01590, 4;
    %pad/s 32;
    %ix/load 4, 8, 0;
    %flag_set/imm 4, 0;
    %shiftl 4;
    %assign/vec4 v00000250bcd01310_0, 0;
    %pushi/vec4 0, 0, 9;
    %assign/vec4 v00000250bcd01270_0, 0;
T_2.10 ;
    %jmp T_2.8;
T_2.7 ;
    %load/vec4 v00000250bcd01270_0;
    %addi 1, 0, 9;
    %assign/vec4 v00000250bcd01270_0, 0;
T_2.8 ;
    %jmp T_2.6;
T_2.5 ;
    %load/vec4 v00000250bcd00e10_0;
    %flag_set/vec4 8;
    %jmp/0xz  T_2.11, 8;
    %pushi/vec4 0, 0, 1;
    %assign/vec4 v00000250bcd00e10_0, 0;
T_2.11 ;
T_2.6 ;
T_2.3 ;
T_2.1 ;
    %jmp T_2;
    .thread T_2;
    .scope S_00000250bcc54a40;
T_3 ;
    %wait E_00000250bccd45a0;
    %pushi/vec4 0, 0, 32;
    %store/vec4 v00000250bcd01090_0, 0, 32;
T_3.0 ;
    %load/vec4 v00000250bcd01090_0;
    %cmpi/s 256, 0, 32;
    %jmp/0xz T_3.1, 5;
    %ix/getv/s 4, v00000250bcd01090_0;
    %load/vec4a v00000250bcd00a50, 4;
    %load/vec4 v00000250bcd01090_0;
    %addi 1, 0, 32;
    %muli 16, 0, 32;
    %subi 1, 0, 32;
    %pad/s 34;
    %subi 15, 0, 34;
    %ix/vec4/s 4;
    %store/vec4 v00000250bcd00af0_0, 4, 16;
    %load/vec4 v00000250bcd01090_0;
    %addi 1, 0, 32;
    %store/vec4 v00000250bcd01090_0, 0, 32;
    %jmp T_3.0;
T_3.1 ;
    %jmp T_3;
    .thread T_3, $push;
    .scope S_00000250bcc54a40;
T_4 ;
    %wait E_00000250bccd4120;
    %pushi/vec4 0, 0, 32;
    %store/vec4 v00000250bcd01090_0, 0, 32;
T_4.0 ;
    %load/vec4 v00000250bcd01090_0;
    %cmpi/s 128, 0, 32;
    %jmp/0xz T_4.1, 5;
    %load/vec4 v00000250bcd00550_0;
    %load/vec4 v00000250bcd01090_0;
    %addi 1, 0, 32;
    %muli 16, 0, 32;
    %subi 1, 0, 32;
    %pad/s 34;
    %subi 15, 0, 34;
    %part/s 16;
    %ix/getv/s 4, v00000250bcd01090_0;
    %store/vec4a v00000250bcd00690, 4, 0;
    %load/vec4 v00000250bcd01090_0;
    %addi 1, 0, 32;
    %store/vec4 v00000250bcd01090_0, 0, 32;
    %jmp T_4.0;
T_4.1 ;
    %jmp T_4;
    .thread T_4, $push;
    .scope S_00000250bcc54a40;
T_5 ;
    %pushi/vec4 0, 0, 1;
    %store/vec4 v00000250bcd01950_0, 0, 1;
T_5.0 ;
    %delay 5000, 0;
    %load/vec4 v00000250bcd01950_0;
    %inv;
    %store/vec4 v00000250bcd01950_0, 0, 1;
    %jmp T_5.0;
    %end;
    .thread T_5;
    .scope S_00000250bcc54a40;
T_6 ;
    %vpi_call/w 3 63 "$dumpfile", "vcd/layer3_test.vcd" {0 0 0};
    %vpi_call/w 3 64 "$dumpvars", 32'sb00000000000000000000000000000000, S_00000250bcc54a40 {0 0 0};
    %pushi/vec4 1, 0, 1;
    %store/vec4 v00000250bcd00910_0, 0, 1;
    %pushi/vec4 0, 0, 1;
    %store/vec4 v00000250bcd00870_0, 0, 1;
    %delay 20000, 0;
    %pushi/vec4 0, 0, 1;
    %store/vec4 v00000250bcd00910_0, 0, 1;
    %vpi_call/w 3 73 "$display", "Initializing Inputs to 0..." {0 0 0};
    %pushi/vec4 0, 0, 32;
    %store/vec4 v00000250bcd016d0_0, 0, 32;
T_6.0 ;
    %load/vec4 v00000250bcd016d0_0;
    %cmpi/s 256, 0, 32;
    %jmp/0xz T_6.1, 5;
    %pushi/vec4 0, 0, 16;
    %ix/getv/s 4, v00000250bcd016d0_0;
    %store/vec4a v00000250bcd00a50, 4, 0;
    %load/vec4 v00000250bcd016d0_0;
    %addi 1, 0, 32;
    %store/vec4 v00000250bcd016d0_0, 0, 32;
    %jmp T_6.0;
T_6.1 ;
    %delay 10000, 0;
    %wait E_00000250bccd3ba0;
    %pushi/vec4 1, 0, 1;
    %store/vec4 v00000250bcd00870_0, 0, 1;
    %wait E_00000250bccd3ba0;
    %pushi/vec4 0, 0, 1;
    %store/vec4 v00000250bcd00870_0, 0, 1;
T_6.2 ;
    %load/vec4 v00000250bcd00f50_0;
    %pad/u 32;
    %pushi/vec4 1, 0, 32;
    %cmp/e;
    %flag_get/vec4 4;
    %cmpi/ne 1, 0, 1;
    %jmp/0xz T_6.3, 6;
    %wait E_00000250bccd4220;
    %jmp T_6.2;
T_6.3 ;
    %delay 5000, 0;
    %vpi_call/w 3 91 "$display", "--------------------------------------------------" {0 0 0};
    %vpi_call/w 3 92 "$display", "LAYER 3 GENERATOR TEST" {0 0 0};
    %vpi_call/w 3 93 "$display", "Test Vector: Zero Vector (Input = 0)" {0 0 0};
    %vpi_call/w 3 94 "$display", "Expecting Output = Bias" {0 0 0};
    %vpi_call/w 3 95 "$display", "--------------------------------------------------" {0 0 0};
    %vpi_call/w 3 98 "$display", "Output Values (20 nilai pertama):" {0 0 0};
    %pushi/vec4 0, 0, 32;
    %store/vec4 v00000250bcd016d0_0, 0, 32;
T_6.4 ;
    %load/vec4 v00000250bcd016d0_0;
    %cmpi/s 20, 0, 32;
    %jmp/0xz T_6.5, 5;
    %ix/getv/s 4, v00000250bcd016d0_0;
    %load/vec4a v00000250bcd00690, 4;
    %store/vec4 v00000250bccb0890_0, 0, 16;
    %callf/real TD_layer3_generator_tb.q8_8_to_real, S_00000250bcc51d30;
    %vpi_call/w 3 100 "$display", "[%2d] = %0.8f (hex: 0x%04x)", v00000250bcd016d0_0, W<0,r>, &A<v00000250bcd00690, v00000250bcd016d0_0 > {0 1 0};
    %load/vec4 v00000250bcd016d0_0;
    %addi 1, 0, 32;
    %store/vec4 v00000250bcd016d0_0, 0, 32;
    %jmp T_6.4;
T_6.5 ;
    %vpi_call/w 3 103 "$display", "--------------------------------------------------" {0 0 0};
    %vpi_call/w 3 104 "$display", "Simulation Finished." {0 0 0};
    %vpi_call/w 3 105 "$finish" {0 0 0};
    %end;
    .thread T_6;
    .scope S_00000250bccb6650;
T_7 ;
    %wait E_00000250bccd4260;
    %load/vec4 v00000250bcd00410_0;
    %flag_set/vec4 8;
    %jmp/0xz  T_7.0, 8;
    %pushi/vec4 0, 0, 1;
    %assign/vec4 v00000250bcd01a90_0, 0;
    %pushi/vec4 0, 0, 1;
    %assign/vec4 v00000250bcd01f90_0, 0;
    %pushi/vec4 0, 0, 1;
    %assign/vec4 v00000250bcd01130_0, 0;
    %pushi/vec4 0, 0, 1;
    %assign/vec4 v00000250bcd01b30_0, 0;
    %pushi/vec4 0, 0, 1;
    %assign/vec4 v00000250bcd01bd0_0, 0;
    %pushi/vec4 0, 0, 1;
    %assign/vec4 v00000250bcd01d10_0, 0;
    %pushi/vec4 0, 0, 1;
    %assign/vec4 v00000250bcd011d0_0, 0;
    %pushi/vec4 0, 0, 1;
    %assign/vec4 v00000250bcd01db0_0, 0;
    %pushi/vec4 0, 0, 16;
    %assign/vec4 v00000250bcd002d0_0, 0;
    %pushi/vec4 0, 0, 32;
    %assign/vec4 v00000250bcd0b590_0, 0;
    %jmp T_7.1;
T_7.0 ;
    %load/vec4 v00000250bcd0bbd0_0;
    %flag_set/vec4 8;
    %jmp/0xz  T_7.2, 8;
    %load/vec4 v00000250bcd01810_0;
    %parti/s 16, 0, 2;
    %ix/load 3, 0, 0;
    %flag_set/imm 4, 0;
    %ix/load 4, 0, 0; Constant delay
    %assign/vec4/a/d v00000250bcd000f0, 0, 4;
    %load/vec4 v00000250bcd019f0_0;
    %parti/s 16, 0, 2;
    %ix/load 3, 0, 0;
    %flag_set/imm 4, 0;
    %ix/load 4, 0, 0; Constant delay
    %assign/vec4/a/d v00000250bcd00370, 0, 4;
    %load/vec4 v00000250bcd01810_0;
    %parti/s 16, 16, 6;
    %ix/load 3, 1, 0;
    %flag_set/imm 4, 0;
    %ix/load 4, 0, 0; Constant delay
    %assign/vec4/a/d v00000250bcd000f0, 0, 4;
    %load/vec4 v00000250bcd019f0_0;
    %parti/s 16, 16, 6;
    %ix/load 3, 1, 0;
    %flag_set/imm 4, 0;
    %ix/load 4, 0, 0; Constant delay
    %assign/vec4/a/d v00000250bcd00370, 0, 4;
    %load/vec4 v00000250bcd01810_0;
    %parti/s 16, 32, 7;
    %ix/load 3, 2, 0;
    %flag_set/imm 4, 0;
    %ix/load 4, 0, 0; Constant delay
    %assign/vec4/a/d v00000250bcd000f0, 0, 4;
    %load/vec4 v00000250bcd019f0_0;
    %parti/s 16, 32, 7;
    %ix/load 3, 2, 0;
    %flag_set/imm 4, 0;
    %ix/load 4, 0, 0; Constant delay
    %assign/vec4/a/d v00000250bcd00370, 0, 4;
    %load/vec4 v00000250bcd01810_0;
    %parti/s 16, 48, 7;
    %ix/load 3, 3, 0;
    %flag_set/imm 4, 0;
    %ix/load 4, 0, 0; Constant delay
    %assign/vec4/a/d v00000250bcd000f0, 0, 4;
    %load/vec4 v00000250bcd019f0_0;
    %parti/s 16, 48, 7;
    %ix/load 3, 3, 0;
    %flag_set/imm 4, 0;
    %ix/load 4, 0, 0; Constant delay
    %assign/vec4/a/d v00000250bcd00370, 0, 4;
    %load/vec4 v00000250bcd01810_0;
    %parti/s 16, 64, 8;
    %ix/load 3, 4, 0;
    %flag_set/imm 4, 0;
    %ix/load 4, 0, 0; Constant delay
    %assign/vec4/a/d v00000250bcd000f0, 0, 4;
    %load/vec4 v00000250bcd019f0_0;
    %parti/s 16, 64, 8;
    %ix/load 3, 4, 0;
    %flag_set/imm 4, 0;
    %ix/load 4, 0, 0; Constant delay
    %assign/vec4/a/d v00000250bcd00370, 0, 4;
    %load/vec4 v00000250bcd01810_0;
    %parti/s 16, 80, 8;
    %ix/load 3, 5, 0;
    %flag_set/imm 4, 0;
    %ix/load 4, 0, 0; Constant delay
    %assign/vec4/a/d v00000250bcd000f0, 0, 4;
    %load/vec4 v00000250bcd019f0_0;
    %parti/s 16, 80, 8;
    %ix/load 3, 5, 0;
    %flag_set/imm 4, 0;
    %ix/load 4, 0, 0; Constant delay
    %assign/vec4/a/d v00000250bcd00370, 0, 4;
    %load/vec4 v00000250bcd01810_0;
    %parti/s 16, 96, 8;
    %ix/load 3, 6, 0;
    %flag_set/imm 4, 0;
    %ix/load 4, 0, 0; Constant delay
    %assign/vec4/a/d v00000250bcd000f0, 0, 4;
    %load/vec4 v00000250bcd019f0_0;
    %parti/s 16, 96, 8;
    %ix/load 3, 6, 0;
    %flag_set/imm 4, 0;
    %ix/load 4, 0, 0; Constant delay
    %assign/vec4/a/d v00000250bcd00370, 0, 4;
    %load/vec4 v00000250bcd01810_0;
    %parti/s 16, 112, 8;
    %ix/load 3, 7, 0;
    %flag_set/imm 4, 0;
    %ix/load 4, 0, 0; Constant delay
    %assign/vec4/a/d v00000250bcd000f0, 0, 4;
    %load/vec4 v00000250bcd019f0_0;
    %parti/s 16, 112, 8;
    %ix/load 3, 7, 0;
    %flag_set/imm 4, 0;
    %ix/load 4, 0, 0; Constant delay
    %assign/vec4/a/d v00000250bcd00370, 0, 4;
    %load/vec4 v00000250bcd01810_0;
    %parti/s 16, 128, 9;
    %ix/load 3, 8, 0;
    %flag_set/imm 4, 0;
    %ix/load 4, 0, 0; Constant delay
    %assign/vec4/a/d v00000250bcd000f0, 0, 4;
    %load/vec4 v00000250bcd019f0_0;
    %parti/s 16, 128, 9;
    %ix/load 3, 8, 0;
    %flag_set/imm 4, 0;
    %ix/load 4, 0, 0; Constant delay
    %assign/vec4/a/d v00000250bcd00370, 0, 4;
    %load/vec4 v00000250bcd01810_0;
    %parti/s 16, 144, 9;
    %ix/load 3, 9, 0;
    %flag_set/imm 4, 0;
    %ix/load 4, 0, 0; Constant delay
    %assign/vec4/a/d v00000250bcd000f0, 0, 4;
    %load/vec4 v00000250bcd019f0_0;
    %parti/s 16, 144, 9;
    %ix/load 3, 9, 0;
    %flag_set/imm 4, 0;
    %ix/load 4, 0, 0; Constant delay
    %assign/vec4/a/d v00000250bcd00370, 0, 4;
    %load/vec4 v00000250bcd01810_0;
    %parti/s 16, 160, 9;
    %ix/load 3, 10, 0;
    %flag_set/imm 4, 0;
    %ix/load 4, 0, 0; Constant delay
    %assign/vec4/a/d v00000250bcd000f0, 0, 4;
    %load/vec4 v00000250bcd019f0_0;
    %parti/s 16, 160, 9;
    %ix/load 3, 10, 0;
    %flag_set/imm 4, 0;
    %ix/load 4, 0, 0; Constant delay
    %assign/vec4/a/d v00000250bcd00370, 0, 4;
    %load/vec4 v00000250bcd01810_0;
    %parti/s 16, 176, 9;
    %ix/load 3, 11, 0;
    %flag_set/imm 4, 0;
    %ix/load 4, 0, 0; Constant delay
    %assign/vec4/a/d v00000250bcd000f0, 0, 4;
    %load/vec4 v00000250bcd019f0_0;
    %parti/s 16, 176, 9;
    %ix/load 3, 11, 0;
    %flag_set/imm 4, 0;
    %ix/load 4, 0, 0; Constant delay
    %assign/vec4/a/d v00000250bcd00370, 0, 4;
    %load/vec4 v00000250bcd01810_0;
    %parti/s 16, 192, 9;
    %ix/load 3, 12, 0;
    %flag_set/imm 4, 0;
    %ix/load 4, 0, 0; Constant delay
    %assign/vec4/a/d v00000250bcd000f0, 0, 4;
    %load/vec4 v00000250bcd019f0_0;
    %parti/s 16, 192, 9;
    %ix/load 3, 12, 0;
    %flag_set/imm 4, 0;
    %ix/load 4, 0, 0; Constant delay
    %assign/vec4/a/d v00000250bcd00370, 0, 4;
    %load/vec4 v00000250bcd01810_0;
    %parti/s 16, 208, 9;
    %ix/load 3, 13, 0;
    %flag_set/imm 4, 0;
    %ix/load 4, 0, 0; Constant delay
    %assign/vec4/a/d v00000250bcd000f0, 0, 4;
    %load/vec4 v00000250bcd019f0_0;
    %parti/s 16, 208, 9;
    %ix/load 3, 13, 0;
    %flag_set/imm 4, 0;
    %ix/load 4, 0, 0; Constant delay
    %assign/vec4/a/d v00000250bcd00370, 0, 4;
    %load/vec4 v00000250bcd01810_0;
    %parti/s 16, 224, 9;
    %ix/load 3, 14, 0;
    %flag_set/imm 4, 0;
    %ix/load 4, 0, 0; Constant delay
    %assign/vec4/a/d v00000250bcd000f0, 0, 4;
    %load/vec4 v00000250bcd019f0_0;
    %parti/s 16, 224, 9;
    %ix/load 3, 14, 0;
    %flag_set/imm 4, 0;
    %ix/load 4, 0, 0; Constant delay
    %assign/vec4/a/d v00000250bcd00370, 0, 4;
    %load/vec4 v00000250bcd01810_0;
    %parti/s 16, 240, 9;
    %ix/load 3, 15, 0;
    %flag_set/imm 4, 0;
    %ix/load 4, 0, 0; Constant delay
    %assign/vec4/a/d v00000250bcd000f0, 0, 4;
    %load/vec4 v00000250bcd019f0_0;
    %parti/s 16, 240, 9;
    %ix/load 3, 15, 0;
    %flag_set/imm 4, 0;
    %ix/load 4, 0, 0; Constant delay
    %assign/vec4/a/d v00000250bcd00370, 0, 4;
    %load/vec4 v00000250bcd01810_0;
    %parti/s 16, 256, 10;
    %ix/load 3, 16, 0;
    %flag_set/imm 4, 0;
    %ix/load 4, 0, 0; Constant delay
    %assign/vec4/a/d v00000250bcd000f0, 0, 4;
    %load/vec4 v00000250bcd019f0_0;
    %parti/s 16, 256, 10;
    %ix/load 3, 16, 0;
    %flag_set/imm 4, 0;
    %ix/load 4, 0, 0; Constant delay
    %assign/vec4/a/d v00000250bcd00370, 0, 4;
    %load/vec4 v00000250bcd01810_0;
    %parti/s 16, 272, 10;
    %ix/load 3, 17, 0;
    %flag_set/imm 4, 0;
    %ix/load 4, 0, 0; Constant delay
    %assign/vec4/a/d v00000250bcd000f0, 0, 4;
    %load/vec4 v00000250bcd019f0_0;
    %parti/s 16, 272, 10;
    %ix/load 3, 17, 0;
    %flag_set/imm 4, 0;
    %ix/load 4, 0, 0; Constant delay
    %assign/vec4/a/d v00000250bcd00370, 0, 4;
    %load/vec4 v00000250bcd01810_0;
    %parti/s 16, 288, 10;
    %ix/load 3, 18, 0;
    %flag_set/imm 4, 0;
    %ix/load 4, 0, 0; Constant delay
    %assign/vec4/a/d v00000250bcd000f0, 0, 4;
    %load/vec4 v00000250bcd019f0_0;
    %parti/s 16, 288, 10;
    %ix/load 3, 18, 0;
    %flag_set/imm 4, 0;
    %ix/load 4, 0, 0; Constant delay
    %assign/vec4/a/d v00000250bcd00370, 0, 4;
    %load/vec4 v00000250bcd01810_0;
    %parti/s 16, 304, 10;
    %ix/load 3, 19, 0;
    %flag_set/imm 4, 0;
    %ix/load 4, 0, 0; Constant delay
    %assign/vec4/a/d v00000250bcd000f0, 0, 4;
    %load/vec4 v00000250bcd019f0_0;
    %parti/s 16, 304, 10;
    %ix/load 3, 19, 0;
    %flag_set/imm 4, 0;
    %ix/load 4, 0, 0; Constant delay
    %assign/vec4/a/d v00000250bcd00370, 0, 4;
    %load/vec4 v00000250bcd01810_0;
    %parti/s 16, 320, 10;
    %ix/load 3, 20, 0;
    %flag_set/imm 4, 0;
    %ix/load 4, 0, 0; Constant delay
    %assign/vec4/a/d v00000250bcd000f0, 0, 4;
    %load/vec4 v00000250bcd019f0_0;
    %parti/s 16, 320, 10;
    %ix/load 3, 20, 0;
    %flag_set/imm 4, 0;
    %ix/load 4, 0, 0; Constant delay
    %assign/vec4/a/d v00000250bcd00370, 0, 4;
    %load/vec4 v00000250bcd01810_0;
    %parti/s 16, 336, 10;
    %ix/load 3, 21, 0;
    %flag_set/imm 4, 0;
    %ix/load 4, 0, 0; Constant delay
    %assign/vec4/a/d v00000250bcd000f0, 0, 4;
    %load/vec4 v00000250bcd019f0_0;
    %parti/s 16, 336, 10;
    %ix/load 3, 21, 0;
    %flag_set/imm 4, 0;
    %ix/load 4, 0, 0; Constant delay
    %assign/vec4/a/d v00000250bcd00370, 0, 4;
    %load/vec4 v00000250bcd01810_0;
    %parti/s 16, 352, 10;
    %ix/load 3, 22, 0;
    %flag_set/imm 4, 0;
    %ix/load 4, 0, 0; Constant delay
    %assign/vec4/a/d v00000250bcd000f0, 0, 4;
    %load/vec4 v00000250bcd019f0_0;
    %parti/s 16, 352, 10;
    %ix/load 3, 22, 0;
    %flag_set/imm 4, 0;
    %ix/load 4, 0, 0; Constant delay
    %assign/vec4/a/d v00000250bcd00370, 0, 4;
    %load/vec4 v00000250bcd01810_0;
    %parti/s 16, 368, 10;
    %ix/load 3, 23, 0;
    %flag_set/imm 4, 0;
    %ix/load 4, 0, 0; Constant delay
    %assign/vec4/a/d v00000250bcd000f0, 0, 4;
    %load/vec4 v00000250bcd019f0_0;
    %parti/s 16, 368, 10;
    %ix/load 3, 23, 0;
    %flag_set/imm 4, 0;
    %ix/load 4, 0, 0; Constant delay
    %assign/vec4/a/d v00000250bcd00370, 0, 4;
    %load/vec4 v00000250bcd01810_0;
    %parti/s 16, 384, 10;
    %ix/load 3, 24, 0;
    %flag_set/imm 4, 0;
    %ix/load 4, 0, 0; Constant delay
    %assign/vec4/a/d v00000250bcd000f0, 0, 4;
    %load/vec4 v00000250bcd019f0_0;
    %parti/s 16, 384, 10;
    %ix/load 3, 24, 0;
    %flag_set/imm 4, 0;
    %ix/load 4, 0, 0; Constant delay
    %assign/vec4/a/d v00000250bcd00370, 0, 4;
    %load/vec4 v00000250bcd01810_0;
    %parti/s 16, 400, 10;
    %ix/load 3, 25, 0;
    %flag_set/imm 4, 0;
    %ix/load 4, 0, 0; Constant delay
    %assign/vec4/a/d v00000250bcd000f0, 0, 4;
    %load/vec4 v00000250bcd019f0_0;
    %parti/s 16, 400, 10;
    %ix/load 3, 25, 0;
    %flag_set/imm 4, 0;
    %ix/load 4, 0, 0; Constant delay
    %assign/vec4/a/d v00000250bcd00370, 0, 4;
    %load/vec4 v00000250bcd01810_0;
    %parti/s 16, 416, 10;
    %ix/load 3, 26, 0;
    %flag_set/imm 4, 0;
    %ix/load 4, 0, 0; Constant delay
    %assign/vec4/a/d v00000250bcd000f0, 0, 4;
    %load/vec4 v00000250bcd019f0_0;
    %parti/s 16, 416, 10;
    %ix/load 3, 26, 0;
    %flag_set/imm 4, 0;
    %ix/load 4, 0, 0; Constant delay
    %assign/vec4/a/d v00000250bcd00370, 0, 4;
    %load/vec4 v00000250bcd01810_0;
    %parti/s 16, 432, 10;
    %ix/load 3, 27, 0;
    %flag_set/imm 4, 0;
    %ix/load 4, 0, 0; Constant delay
    %assign/vec4/a/d v00000250bcd000f0, 0, 4;
    %load/vec4 v00000250bcd019f0_0;
    %parti/s 16, 432, 10;
    %ix/load 3, 27, 0;
    %flag_set/imm 4, 0;
    %ix/load 4, 0, 0; Constant delay
    %assign/vec4/a/d v00000250bcd00370, 0, 4;
    %load/vec4 v00000250bcd01810_0;
    %parti/s 16, 448, 10;
    %ix/load 3, 28, 0;
    %flag_set/imm 4, 0;
    %ix/load 4, 0, 0; Constant delay
    %assign/vec4/a/d v00000250bcd000f0, 0, 4;
    %load/vec4 v00000250bcd019f0_0;
    %parti/s 16, 448, 10;
    %ix/load 3, 28, 0;
    %flag_set/imm 4, 0;
    %ix/load 4, 0, 0; Constant delay
    %assign/vec4/a/d v00000250bcd00370, 0, 4;
    %load/vec4 v00000250bcd01810_0;
    %parti/s 16, 464, 10;
    %ix/load 3, 29, 0;
    %flag_set/imm 4, 0;
    %ix/load 4, 0, 0; Constant delay
    %assign/vec4/a/d v00000250bcd000f0, 0, 4;
    %load/vec4 v00000250bcd019f0_0;
    %parti/s 16, 464, 10;
    %ix/load 3, 29, 0;
    %flag_set/imm 4, 0;
    %ix/load 4, 0, 0; Constant delay
    %assign/vec4/a/d v00000250bcd00370, 0, 4;
    %load/vec4 v00000250bcd01810_0;
    %parti/s 16, 480, 10;
    %ix/load 3, 30, 0;
    %flag_set/imm 4, 0;
    %ix/load 4, 0, 0; Constant delay
    %assign/vec4/a/d v00000250bcd000f0, 0, 4;
    %load/vec4 v00000250bcd019f0_0;
    %parti/s 16, 480, 10;
    %ix/load 3, 30, 0;
    %flag_set/imm 4, 0;
    %ix/load 4, 0, 0; Constant delay
    %assign/vec4/a/d v00000250bcd00370, 0, 4;
    %load/vec4 v00000250bcd01810_0;
    %parti/s 16, 496, 10;
    %ix/load 3, 31, 0;
    %flag_set/imm 4, 0;
    %ix/load 4, 0, 0; Constant delay
    %assign/vec4/a/d v00000250bcd000f0, 0, 4;
    %load/vec4 v00000250bcd019f0_0;
    %parti/s 16, 496, 10;
    %ix/load 3, 31, 0;
    %flag_set/imm 4, 0;
    %ix/load 4, 0, 0; Constant delay
    %assign/vec4/a/d v00000250bcd00370, 0, 4;
T_7.2 ;
    %load/vec4 v00000250bcd0bbd0_0;
    %assign/vec4 v00000250bcd01a90_0, 0;
    %load/vec4 v00000250bcd01a90_0;
    %flag_set/vec4 8;
    %jmp/0xz  T_7.4, 8;
    %ix/load 4, 0, 0;
    %flag_set/imm 4, 0;
    %load/vec4a v00000250bcd000f0, 4;
    %pad/s 32;
    %ix/load 4, 0, 0;
    %flag_set/imm 4, 0;
    %load/vec4a v00000250bcd00370, 4;
    %pad/s 32;
    %mul;
    %ix/load 3, 0, 0;
    %flag_set/imm 4, 0;
    %ix/load 4, 0, 0; Constant delay
    %assign/vec4/a/d v00000250bcd01e50, 0, 4;
    %ix/load 4, 1, 0;
    %flag_set/imm 4, 0;
    %load/vec4a v00000250bcd000f0, 4;
    %pad/s 32;
    %ix/load 4, 1, 0;
    %flag_set/imm 4, 0;
    %load/vec4a v00000250bcd00370, 4;
    %pad/s 32;
    %mul;
    %ix/load 3, 1, 0;
    %flag_set/imm 4, 0;
    %ix/load 4, 0, 0; Constant delay
    %assign/vec4/a/d v00000250bcd01e50, 0, 4;
    %ix/load 4, 2, 0;
    %flag_set/imm 4, 0;
    %load/vec4a v00000250bcd000f0, 4;
    %pad/s 32;
    %ix/load 4, 2, 0;
    %flag_set/imm 4, 0;
    %load/vec4a v00000250bcd00370, 4;
    %pad/s 32;
    %mul;
    %ix/load 3, 2, 0;
    %flag_set/imm 4, 0;
    %ix/load 4, 0, 0; Constant delay
    %assign/vec4/a/d v00000250bcd01e50, 0, 4;
    %ix/load 4, 3, 0;
    %flag_set/imm 4, 0;
    %load/vec4a v00000250bcd000f0, 4;
    %pad/s 32;
    %ix/load 4, 3, 0;
    %flag_set/imm 4, 0;
    %load/vec4a v00000250bcd00370, 4;
    %pad/s 32;
    %mul;
    %ix/load 3, 3, 0;
    %flag_set/imm 4, 0;
    %ix/load 4, 0, 0; Constant delay
    %assign/vec4/a/d v00000250bcd01e50, 0, 4;
    %ix/load 4, 4, 0;
    %flag_set/imm 4, 0;
    %load/vec4a v00000250bcd000f0, 4;
    %pad/s 32;
    %ix/load 4, 4, 0;
    %flag_set/imm 4, 0;
    %load/vec4a v00000250bcd00370, 4;
    %pad/s 32;
    %mul;
    %ix/load 3, 4, 0;
    %flag_set/imm 4, 0;
    %ix/load 4, 0, 0; Constant delay
    %assign/vec4/a/d v00000250bcd01e50, 0, 4;
    %ix/load 4, 5, 0;
    %flag_set/imm 4, 0;
    %load/vec4a v00000250bcd000f0, 4;
    %pad/s 32;
    %ix/load 4, 5, 0;
    %flag_set/imm 4, 0;
    %load/vec4a v00000250bcd00370, 4;
    %pad/s 32;
    %mul;
    %ix/load 3, 5, 0;
    %flag_set/imm 4, 0;
    %ix/load 4, 0, 0; Constant delay
    %assign/vec4/a/d v00000250bcd01e50, 0, 4;
    %ix/load 4, 6, 0;
    %flag_set/imm 4, 0;
    %load/vec4a v00000250bcd000f0, 4;
    %pad/s 32;
    %ix/load 4, 6, 0;
    %flag_set/imm 4, 0;
    %load/vec4a v00000250bcd00370, 4;
    %pad/s 32;
    %mul;
    %ix/load 3, 6, 0;
    %flag_set/imm 4, 0;
    %ix/load 4, 0, 0; Constant delay
    %assign/vec4/a/d v00000250bcd01e50, 0, 4;
    %ix/load 4, 7, 0;
    %flag_set/imm 4, 0;
    %load/vec4a v00000250bcd000f0, 4;
    %pad/s 32;
    %ix/load 4, 7, 0;
    %flag_set/imm 4, 0;
    %load/vec4a v00000250bcd00370, 4;
    %pad/s 32;
    %mul;
    %ix/load 3, 7, 0;
    %flag_set/imm 4, 0;
    %ix/load 4, 0, 0; Constant delay
    %assign/vec4/a/d v00000250bcd01e50, 0, 4;
    %ix/load 4, 8, 0;
    %flag_set/imm 4, 0;
    %load/vec4a v00000250bcd000f0, 4;
    %pad/s 32;
    %ix/load 4, 8, 0;
    %flag_set/imm 4, 0;
    %load/vec4a v00000250bcd00370, 4;
    %pad/s 32;
    %mul;
    %ix/load 3, 8, 0;
    %flag_set/imm 4, 0;
    %ix/load 4, 0, 0; Constant delay
    %assign/vec4/a/d v00000250bcd01e50, 0, 4;
    %ix/load 4, 9, 0;
    %flag_set/imm 4, 0;
    %load/vec4a v00000250bcd000f0, 4;
    %pad/s 32;
    %ix/load 4, 9, 0;
    %flag_set/imm 4, 0;
    %load/vec4a v00000250bcd00370, 4;
    %pad/s 32;
    %mul;
    %ix/load 3, 9, 0;
    %flag_set/imm 4, 0;
    %ix/load 4, 0, 0; Constant delay
    %assign/vec4/a/d v00000250bcd01e50, 0, 4;
    %ix/load 4, 10, 0;
    %flag_set/imm 4, 0;
    %load/vec4a v00000250bcd000f0, 4;
    %pad/s 32;
    %ix/load 4, 10, 0;
    %flag_set/imm 4, 0;
    %load/vec4a v00000250bcd00370, 4;
    %pad/s 32;
    %mul;
    %ix/load 3, 10, 0;
    %flag_set/imm 4, 0;
    %ix/load 4, 0, 0; Constant delay
    %assign/vec4/a/d v00000250bcd01e50, 0, 4;
    %ix/load 4, 11, 0;
    %flag_set/imm 4, 0;
    %load/vec4a v00000250bcd000f0, 4;
    %pad/s 32;
    %ix/load 4, 11, 0;
    %flag_set/imm 4, 0;
    %load/vec4a v00000250bcd00370, 4;
    %pad/s 32;
    %mul;
    %ix/load 3, 11, 0;
    %flag_set/imm 4, 0;
    %ix/load 4, 0, 0; Constant delay
    %assign/vec4/a/d v00000250bcd01e50, 0, 4;
    %ix/load 4, 12, 0;
    %flag_set/imm 4, 0;
    %load/vec4a v00000250bcd000f0, 4;
    %pad/s 32;
    %ix/load 4, 12, 0;
    %flag_set/imm 4, 0;
    %load/vec4a v00000250bcd00370, 4;
    %pad/s 32;
    %mul;
    %ix/load 3, 12, 0;
    %flag_set/imm 4, 0;
    %ix/load 4, 0, 0; Constant delay
    %assign/vec4/a/d v00000250bcd01e50, 0, 4;
    %ix/load 4, 13, 0;
    %flag_set/imm 4, 0;
    %load/vec4a v00000250bcd000f0, 4;
    %pad/s 32;
    %ix/load 4, 13, 0;
    %flag_set/imm 4, 0;
    %load/vec4a v00000250bcd00370, 4;
    %pad/s 32;
    %mul;
    %ix/load 3, 13, 0;
    %flag_set/imm 4, 0;
    %ix/load 4, 0, 0; Constant delay
    %assign/vec4/a/d v00000250bcd01e50, 0, 4;
    %ix/load 4, 14, 0;
    %flag_set/imm 4, 0;
    %load/vec4a v00000250bcd000f0, 4;
    %pad/s 32;
    %ix/load 4, 14, 0;
    %flag_set/imm 4, 0;
    %load/vec4a v00000250bcd00370, 4;
    %pad/s 32;
    %mul;
    %ix/load 3, 14, 0;
    %flag_set/imm 4, 0;
    %ix/load 4, 0, 0; Constant delay
    %assign/vec4/a/d v00000250bcd01e50, 0, 4;
    %ix/load 4, 15, 0;
    %flag_set/imm 4, 0;
    %load/vec4a v00000250bcd000f0, 4;
    %pad/s 32;
    %ix/load 4, 15, 0;
    %flag_set/imm 4, 0;
    %load/vec4a v00000250bcd00370, 4;
    %pad/s 32;
    %mul;
    %ix/load 3, 15, 0;
    %flag_set/imm 4, 0;
    %ix/load 4, 0, 0; Constant delay
    %assign/vec4/a/d v00000250bcd01e50, 0, 4;
    %ix/load 4, 16, 0;
    %flag_set/imm 4, 0;
    %load/vec4a v00000250bcd000f0, 4;
    %pad/s 32;
    %ix/load 4, 16, 0;
    %flag_set/imm 4, 0;
    %load/vec4a v00000250bcd00370, 4;
    %pad/s 32;
    %mul;
    %ix/load 3, 16, 0;
    %flag_set/imm 4, 0;
    %ix/load 4, 0, 0; Constant delay
    %assign/vec4/a/d v00000250bcd01e50, 0, 4;
    %ix/load 4, 17, 0;
    %flag_set/imm 4, 0;
    %load/vec4a v00000250bcd000f0, 4;
    %pad/s 32;
    %ix/load 4, 17, 0;
    %flag_set/imm 4, 0;
    %load/vec4a v00000250bcd00370, 4;
    %pad/s 32;
    %mul;
    %ix/load 3, 17, 0;
    %flag_set/imm 4, 0;
    %ix/load 4, 0, 0; Constant delay
    %assign/vec4/a/d v00000250bcd01e50, 0, 4;
    %ix/load 4, 18, 0;
    %flag_set/imm 4, 0;
    %load/vec4a v00000250bcd000f0, 4;
    %pad/s 32;
    %ix/load 4, 18, 0;
    %flag_set/imm 4, 0;
    %load/vec4a v00000250bcd00370, 4;
    %pad/s 32;
    %mul;
    %ix/load 3, 18, 0;
    %flag_set/imm 4, 0;
    %ix/load 4, 0, 0; Constant delay
    %assign/vec4/a/d v00000250bcd01e50, 0, 4;
    %ix/load 4, 19, 0;
    %flag_set/imm 4, 0;
    %load/vec4a v00000250bcd000f0, 4;
    %pad/s 32;
    %ix/load 4, 19, 0;
    %flag_set/imm 4, 0;
    %load/vec4a v00000250bcd00370, 4;
    %pad/s 32;
    %mul;
    %ix/load 3, 19, 0;
    %flag_set/imm 4, 0;
    %ix/load 4, 0, 0; Constant delay
    %assign/vec4/a/d v00000250bcd01e50, 0, 4;
    %ix/load 4, 20, 0;
    %flag_set/imm 4, 0;
    %load/vec4a v00000250bcd000f0, 4;
    %pad/s 32;
    %ix/load 4, 20, 0;
    %flag_set/imm 4, 0;
    %load/vec4a v00000250bcd00370, 4;
    %pad/s 32;
    %mul;
    %ix/load 3, 20, 0;
    %flag_set/imm 4, 0;
    %ix/load 4, 0, 0; Constant delay
    %assign/vec4/a/d v00000250bcd01e50, 0, 4;
    %ix/load 4, 21, 0;
    %flag_set/imm 4, 0;
    %load/vec4a v00000250bcd000f0, 4;
    %pad/s 32;
    %ix/load 4, 21, 0;
    %flag_set/imm 4, 0;
    %load/vec4a v00000250bcd00370, 4;
    %pad/s 32;
    %mul;
    %ix/load 3, 21, 0;
    %flag_set/imm 4, 0;
    %ix/load 4, 0, 0; Constant delay
    %assign/vec4/a/d v00000250bcd01e50, 0, 4;
    %ix/load 4, 22, 0;
    %flag_set/imm 4, 0;
    %load/vec4a v00000250bcd000f0, 4;
    %pad/s 32;
    %ix/load 4, 22, 0;
    %flag_set/imm 4, 0;
    %load/vec4a v00000250bcd00370, 4;
    %pad/s 32;
    %mul;
    %ix/load 3, 22, 0;
    %flag_set/imm 4, 0;
    %ix/load 4, 0, 0; Constant delay
    %assign/vec4/a/d v00000250bcd01e50, 0, 4;
    %ix/load 4, 23, 0;
    %flag_set/imm 4, 0;
    %load/vec4a v00000250bcd000f0, 4;
    %pad/s 32;
    %ix/load 4, 23, 0;
    %flag_set/imm 4, 0;
    %load/vec4a v00000250bcd00370, 4;
    %pad/s 32;
    %mul;
    %ix/load 3, 23, 0;
    %flag_set/imm 4, 0;
    %ix/load 4, 0, 0; Constant delay
    %assign/vec4/a/d v00000250bcd01e50, 0, 4;
    %ix/load 4, 24, 0;
    %flag_set/imm 4, 0;
    %load/vec4a v00000250bcd000f0, 4;
    %pad/s 32;
    %ix/load 4, 24, 0;
    %flag_set/imm 4, 0;
    %load/vec4a v00000250bcd00370, 4;
    %pad/s 32;
    %mul;
    %ix/load 3, 24, 0;
    %flag_set/imm 4, 0;
    %ix/load 4, 0, 0; Constant delay
    %assign/vec4/a/d v00000250bcd01e50, 0, 4;
    %ix/load 4, 25, 0;
    %flag_set/imm 4, 0;
    %load/vec4a v00000250bcd000f0, 4;
    %pad/s 32;
    %ix/load 4, 25, 0;
    %flag_set/imm 4, 0;
    %load/vec4a v00000250bcd00370, 4;
    %pad/s 32;
    %mul;
    %ix/load 3, 25, 0;
    %flag_set/imm 4, 0;
    %ix/load 4, 0, 0; Constant delay
    %assign/vec4/a/d v00000250bcd01e50, 0, 4;
    %ix/load 4, 26, 0;
    %flag_set/imm 4, 0;
    %load/vec4a v00000250bcd000f0, 4;
    %pad/s 32;
    %ix/load 4, 26, 0;
    %flag_set/imm 4, 0;
    %load/vec4a v00000250bcd00370, 4;
    %pad/s 32;
    %mul;
    %ix/load 3, 26, 0;
    %flag_set/imm 4, 0;
    %ix/load 4, 0, 0; Constant delay
    %assign/vec4/a/d v00000250bcd01e50, 0, 4;
    %ix/load 4, 27, 0;
    %flag_set/imm 4, 0;
    %load/vec4a v00000250bcd000f0, 4;
    %pad/s 32;
    %ix/load 4, 27, 0;
    %flag_set/imm 4, 0;
    %load/vec4a v00000250bcd00370, 4;
    %pad/s 32;
    %mul;
    %ix/load 3, 27, 0;
    %flag_set/imm 4, 0;
    %ix/load 4, 0, 0; Constant delay
    %assign/vec4/a/d v00000250bcd01e50, 0, 4;
    %ix/load 4, 28, 0;
    %flag_set/imm 4, 0;
    %load/vec4a v00000250bcd000f0, 4;
    %pad/s 32;
    %ix/load 4, 28, 0;
    %flag_set/imm 4, 0;
    %load/vec4a v00000250bcd00370, 4;
    %pad/s 32;
    %mul;
    %ix/load 3, 28, 0;
    %flag_set/imm 4, 0;
    %ix/load 4, 0, 0; Constant delay
    %assign/vec4/a/d v00000250bcd01e50, 0, 4;
    %ix/load 4, 29, 0;
    %flag_set/imm 4, 0;
    %load/vec4a v00000250bcd000f0, 4;
    %pad/s 32;
    %ix/load 4, 29, 0;
    %flag_set/imm 4, 0;
    %load/vec4a v00000250bcd00370, 4;
    %pad/s 32;
    %mul;
    %ix/load 3, 29, 0;
    %flag_set/imm 4, 0;
    %ix/load 4, 0, 0; Constant delay
    %assign/vec4/a/d v00000250bcd01e50, 0, 4;
    %ix/load 4, 30, 0;
    %flag_set/imm 4, 0;
    %load/vec4a v00000250bcd000f0, 4;
    %pad/s 32;
    %ix/load 4, 30, 0;
    %flag_set/imm 4, 0;
    %load/vec4a v00000250bcd00370, 4;
    %pad/s 32;
    %mul;
    %ix/load 3, 30, 0;
    %flag_set/imm 4, 0;
    %ix/load 4, 0, 0; Constant delay
    %assign/vec4/a/d v00000250bcd01e50, 0, 4;
    %ix/load 4, 31, 0;
    %flag_set/imm 4, 0;
    %load/vec4a v00000250bcd000f0, 4;
    %pad/s 32;
    %ix/load 4, 31, 0;
    %flag_set/imm 4, 0;
    %load/vec4a v00000250bcd00370, 4;
    %pad/s 32;
    %mul;
    %ix/load 3, 31, 0;
    %flag_set/imm 4, 0;
    %ix/load 4, 0, 0; Constant delay
    %assign/vec4/a/d v00000250bcd01e50, 0, 4;
T_7.4 ;
    %load/vec4 v00000250bcd01a90_0;
    %assign/vec4 v00000250bcd01f90_0, 0;
    %load/vec4 v00000250bcd01f90_0;
    %flag_set/vec4 8;
    %jmp/0xz  T_7.6, 8;
    %ix/load 4, 0, 0;
    %flag_set/imm 4, 0;
    %load/vec4a v00000250bcd01e50, 4;
    %ix/load 4, 1, 0;
    %flag_set/imm 4, 0;
    %load/vec4a v00000250bcd01e50, 4;
    %add;
    %ix/load 3, 0, 0;
    %flag_set/imm 4, 0;
    %ix/load 4, 0, 0; Constant delay
    %assign/vec4/a/d v00000250bcd005f0, 0, 4;
    %ix/load 4, 2, 0;
    %flag_set/imm 4, 0;
    %load/vec4a v00000250bcd01e50, 4;
    %ix/load 4, 3, 0;
    %flag_set/imm 4, 0;
    %load/vec4a v00000250bcd01e50, 4;
    %add;
    %ix/load 3, 1, 0;
    %flag_set/imm 4, 0;
    %ix/load 4, 0, 0; Constant delay
    %assign/vec4/a/d v00000250bcd005f0, 0, 4;
    %ix/load 4, 4, 0;
    %flag_set/imm 4, 0;
    %load/vec4a v00000250bcd01e50, 4;
    %ix/load 4, 5, 0;
    %flag_set/imm 4, 0;
    %load/vec4a v00000250bcd01e50, 4;
    %add;
    %ix/load 3, 2, 0;
    %flag_set/imm 4, 0;
    %ix/load 4, 0, 0; Constant delay
    %assign/vec4/a/d v00000250bcd005f0, 0, 4;
    %ix/load 4, 6, 0;
    %flag_set/imm 4, 0;
    %load/vec4a v00000250bcd01e50, 4;
    %ix/load 4, 7, 0;
    %flag_set/imm 4, 0;
    %load/vec4a v00000250bcd01e50, 4;
    %add;
    %ix/load 3, 3, 0;
    %flag_set/imm 4, 0;
    %ix/load 4, 0, 0; Constant delay
    %assign/vec4/a/d v00000250bcd005f0, 0, 4;
    %ix/load 4, 8, 0;
    %flag_set/imm 4, 0;
    %load/vec4a v00000250bcd01e50, 4;
    %ix/load 4, 9, 0;
    %flag_set/imm 4, 0;
    %load/vec4a v00000250bcd01e50, 4;
    %add;
    %ix/load 3, 4, 0;
    %flag_set/imm 4, 0;
    %ix/load 4, 0, 0; Constant delay
    %assign/vec4/a/d v00000250bcd005f0, 0, 4;
    %ix/load 4, 10, 0;
    %flag_set/imm 4, 0;
    %load/vec4a v00000250bcd01e50, 4;
    %ix/load 4, 11, 0;
    %flag_set/imm 4, 0;
    %load/vec4a v00000250bcd01e50, 4;
    %add;
    %ix/load 3, 5, 0;
    %flag_set/imm 4, 0;
    %ix/load 4, 0, 0; Constant delay
    %assign/vec4/a/d v00000250bcd005f0, 0, 4;
    %ix/load 4, 12, 0;
    %flag_set/imm 4, 0;
    %load/vec4a v00000250bcd01e50, 4;
    %ix/load 4, 13, 0;
    %flag_set/imm 4, 0;
    %load/vec4a v00000250bcd01e50, 4;
    %add;
    %ix/load 3, 6, 0;
    %flag_set/imm 4, 0;
    %ix/load 4, 0, 0; Constant delay
    %assign/vec4/a/d v00000250bcd005f0, 0, 4;
    %ix/load 4, 14, 0;
    %flag_set/imm 4, 0;
    %load/vec4a v00000250bcd01e50, 4;
    %ix/load 4, 15, 0;
    %flag_set/imm 4, 0;
    %load/vec4a v00000250bcd01e50, 4;
    %add;
    %ix/load 3, 7, 0;
    %flag_set/imm 4, 0;
    %ix/load 4, 0, 0; Constant delay
    %assign/vec4/a/d v00000250bcd005f0, 0, 4;
    %ix/load 4, 16, 0;
    %flag_set/imm 4, 0;
    %load/vec4a v00000250bcd01e50, 4;
    %ix/load 4, 17, 0;
    %flag_set/imm 4, 0;
    %load/vec4a v00000250bcd01e50, 4;
    %add;
    %ix/load 3, 8, 0;
    %flag_set/imm 4, 0;
    %ix/load 4, 0, 0; Constant delay
    %assign/vec4/a/d v00000250bcd005f0, 0, 4;
    %ix/load 4, 18, 0;
    %flag_set/imm 4, 0;
    %load/vec4a v00000250bcd01e50, 4;
    %ix/load 4, 19, 0;
    %flag_set/imm 4, 0;
    %load/vec4a v00000250bcd01e50, 4;
    %add;
    %ix/load 3, 9, 0;
    %flag_set/imm 4, 0;
    %ix/load 4, 0, 0; Constant delay
    %assign/vec4/a/d v00000250bcd005f0, 0, 4;
    %ix/load 4, 20, 0;
    %flag_set/imm 4, 0;
    %load/vec4a v00000250bcd01e50, 4;
    %ix/load 4, 21, 0;
    %flag_set/imm 4, 0;
    %load/vec4a v00000250bcd01e50, 4;
    %add;
    %ix/load 3, 10, 0;
    %flag_set/imm 4, 0;
    %ix/load 4, 0, 0; Constant delay
    %assign/vec4/a/d v00000250bcd005f0, 0, 4;
    %ix/load 4, 22, 0;
    %flag_set/imm 4, 0;
    %load/vec4a v00000250bcd01e50, 4;
    %ix/load 4, 23, 0;
    %flag_set/imm 4, 0;
    %load/vec4a v00000250bcd01e50, 4;
    %add;
    %ix/load 3, 11, 0;
    %flag_set/imm 4, 0;
    %ix/load 4, 0, 0; Constant delay
    %assign/vec4/a/d v00000250bcd005f0, 0, 4;
    %ix/load 4, 24, 0;
    %flag_set/imm 4, 0;
    %load/vec4a v00000250bcd01e50, 4;
    %ix/load 4, 25, 0;
    %flag_set/imm 4, 0;
    %load/vec4a v00000250bcd01e50, 4;
    %add;
    %ix/load 3, 12, 0;
    %flag_set/imm 4, 0;
    %ix/load 4, 0, 0; Constant delay
    %assign/vec4/a/d v00000250bcd005f0, 0, 4;
    %ix/load 4, 26, 0;
    %flag_set/imm 4, 0;
    %load/vec4a v00000250bcd01e50, 4;
    %ix/load 4, 27, 0;
    %flag_set/imm 4, 0;
    %load/vec4a v00000250bcd01e50, 4;
    %add;
    %ix/load 3, 13, 0;
    %flag_set/imm 4, 0;
    %ix/load 4, 0, 0; Constant delay
    %assign/vec4/a/d v00000250bcd005f0, 0, 4;
    %ix/load 4, 28, 0;
    %flag_set/imm 4, 0;
    %load/vec4a v00000250bcd01e50, 4;
    %ix/load 4, 29, 0;
    %flag_set/imm 4, 0;
    %load/vec4a v00000250bcd01e50, 4;
    %add;
    %ix/load 3, 14, 0;
    %flag_set/imm 4, 0;
    %ix/load 4, 0, 0; Constant delay
    %assign/vec4/a/d v00000250bcd005f0, 0, 4;
    %ix/load 4, 30, 0;
    %flag_set/imm 4, 0;
    %load/vec4a v00000250bcd01e50, 4;
    %ix/load 4, 31, 0;
    %flag_set/imm 4, 0;
    %load/vec4a v00000250bcd01e50, 4;
    %add;
    %ix/load 3, 15, 0;
    %flag_set/imm 4, 0;
    %ix/load 4, 0, 0; Constant delay
    %assign/vec4/a/d v00000250bcd005f0, 0, 4;
T_7.6 ;
    %load/vec4 v00000250bcd01f90_0;
    %assign/vec4 v00000250bcd01130_0, 0;
    %load/vec4 v00000250bcd01130_0;
    %flag_set/vec4 8;
    %jmp/0xz  T_7.8, 8;
    %ix/load 4, 0, 0;
    %flag_set/imm 4, 0;
    %load/vec4a v00000250bcd005f0, 4;
    %ix/load 4, 1, 0;
    %flag_set/imm 4, 0;
    %load/vec4a v00000250bcd005f0, 4;
    %add;
    %ix/load 3, 0, 0;
    %flag_set/imm 4, 0;
    %ix/load 4, 0, 0; Constant delay
    %assign/vec4/a/d v00000250bcd00730, 0, 4;
    %ix/load 4, 2, 0;
    %flag_set/imm 4, 0;
    %load/vec4a v00000250bcd005f0, 4;
    %ix/load 4, 3, 0;
    %flag_set/imm 4, 0;
    %load/vec4a v00000250bcd005f0, 4;
    %add;
    %ix/load 3, 1, 0;
    %flag_set/imm 4, 0;
    %ix/load 4, 0, 0; Constant delay
    %assign/vec4/a/d v00000250bcd00730, 0, 4;
    %ix/load 4, 4, 0;
    %flag_set/imm 4, 0;
    %load/vec4a v00000250bcd005f0, 4;
    %ix/load 4, 5, 0;
    %flag_set/imm 4, 0;
    %load/vec4a v00000250bcd005f0, 4;
    %add;
    %ix/load 3, 2, 0;
    %flag_set/imm 4, 0;
    %ix/load 4, 0, 0; Constant delay
    %assign/vec4/a/d v00000250bcd00730, 0, 4;
    %ix/load 4, 6, 0;
    %flag_set/imm 4, 0;
    %load/vec4a v00000250bcd005f0, 4;
    %ix/load 4, 7, 0;
    %flag_set/imm 4, 0;
    %load/vec4a v00000250bcd005f0, 4;
    %add;
    %ix/load 3, 3, 0;
    %flag_set/imm 4, 0;
    %ix/load 4, 0, 0; Constant delay
    %assign/vec4/a/d v00000250bcd00730, 0, 4;
    %ix/load 4, 8, 0;
    %flag_set/imm 4, 0;
    %load/vec4a v00000250bcd005f0, 4;
    %ix/load 4, 9, 0;
    %flag_set/imm 4, 0;
    %load/vec4a v00000250bcd005f0, 4;
    %add;
    %ix/load 3, 4, 0;
    %flag_set/imm 4, 0;
    %ix/load 4, 0, 0; Constant delay
    %assign/vec4/a/d v00000250bcd00730, 0, 4;
    %ix/load 4, 10, 0;
    %flag_set/imm 4, 0;
    %load/vec4a v00000250bcd005f0, 4;
    %ix/load 4, 11, 0;
    %flag_set/imm 4, 0;
    %load/vec4a v00000250bcd005f0, 4;
    %add;
    %ix/load 3, 5, 0;
    %flag_set/imm 4, 0;
    %ix/load 4, 0, 0; Constant delay
    %assign/vec4/a/d v00000250bcd00730, 0, 4;
    %ix/load 4, 12, 0;
    %flag_set/imm 4, 0;
    %load/vec4a v00000250bcd005f0, 4;
    %ix/load 4, 13, 0;
    %flag_set/imm 4, 0;
    %load/vec4a v00000250bcd005f0, 4;
    %add;
    %ix/load 3, 6, 0;
    %flag_set/imm 4, 0;
    %ix/load 4, 0, 0; Constant delay
    %assign/vec4/a/d v00000250bcd00730, 0, 4;
    %ix/load 4, 14, 0;
    %flag_set/imm 4, 0;
    %load/vec4a v00000250bcd005f0, 4;
    %ix/load 4, 15, 0;
    %flag_set/imm 4, 0;
    %load/vec4a v00000250bcd005f0, 4;
    %add;
    %ix/load 3, 7, 0;
    %flag_set/imm 4, 0;
    %ix/load 4, 0, 0; Constant delay
    %assign/vec4/a/d v00000250bcd00730, 0, 4;
T_7.8 ;
    %load/vec4 v00000250bcd01130_0;
    %assign/vec4 v00000250bcd01b30_0, 0;
    %load/vec4 v00000250bcd01b30_0;
    %flag_set/vec4 8;
    %jmp/0xz  T_7.10, 8;
    %ix/load 4, 0, 0;
    %flag_set/imm 4, 0;
    %load/vec4a v00000250bcd00730, 4;
    %ix/load 4, 1, 0;
    %flag_set/imm 4, 0;
    %load/vec4a v00000250bcd00730, 4;
    %add;
    %ix/load 3, 0, 0;
    %flag_set/imm 4, 0;
    %ix/load 4, 0, 0; Constant delay
    %assign/vec4/a/d v00000250bcd007d0, 0, 4;
    %ix/load 4, 2, 0;
    %flag_set/imm 4, 0;
    %load/vec4a v00000250bcd00730, 4;
    %ix/load 4, 3, 0;
    %flag_set/imm 4, 0;
    %load/vec4a v00000250bcd00730, 4;
    %add;
    %ix/load 3, 1, 0;
    %flag_set/imm 4, 0;
    %ix/load 4, 0, 0; Constant delay
    %assign/vec4/a/d v00000250bcd007d0, 0, 4;
    %ix/load 4, 4, 0;
    %flag_set/imm 4, 0;
    %load/vec4a v00000250bcd00730, 4;
    %ix/load 4, 5, 0;
    %flag_set/imm 4, 0;
    %load/vec4a v00000250bcd00730, 4;
    %add;
    %ix/load 3, 2, 0;
    %flag_set/imm 4, 0;
    %ix/load 4, 0, 0; Constant delay
    %assign/vec4/a/d v00000250bcd007d0, 0, 4;
    %ix/load 4, 6, 0;
    %flag_set/imm 4, 0;
    %load/vec4a v00000250bcd00730, 4;
    %ix/load 4, 7, 0;
    %flag_set/imm 4, 0;
    %load/vec4a v00000250bcd00730, 4;
    %add;
    %ix/load 3, 3, 0;
    %flag_set/imm 4, 0;
    %ix/load 4, 0, 0; Constant delay
    %assign/vec4/a/d v00000250bcd007d0, 0, 4;
T_7.10 ;
    %load/vec4 v00000250bcd01b30_0;
    %assign/vec4 v00000250bcd01bd0_0, 0;
    %load/vec4 v00000250bcd01bd0_0;
    %flag_set/vec4 8;
    %jmp/0xz  T_7.12, 8;
    %ix/load 4, 0, 0;
    %flag_set/imm 4, 0;
    %load/vec4a v00000250bcd007d0, 4;
    %ix/load 4, 1, 0;
    %flag_set/imm 4, 0;
    %load/vec4a v00000250bcd007d0, 4;
    %add;
    %ix/load 3, 0, 0;
    %flag_set/imm 4, 0;
    %ix/load 4, 0, 0; Constant delay
    %assign/vec4/a/d v00000250bcd0c170, 0, 4;
    %ix/load 4, 2, 0;
    %flag_set/imm 4, 0;
    %load/vec4a v00000250bcd007d0, 4;
    %ix/load 4, 3, 0;
    %flag_set/imm 4, 0;
    %load/vec4a v00000250bcd007d0, 4;
    %add;
    %ix/load 3, 1, 0;
    %flag_set/imm 4, 0;
    %ix/load 4, 0, 0; Constant delay
    %assign/vec4/a/d v00000250bcd0c170, 0, 4;
T_7.12 ;
    %load/vec4 v00000250bcd01bd0_0;
    %assign/vec4 v00000250bcd01d10_0, 0;
    %load/vec4 v00000250bcd01d10_0;
    %flag_set/vec4 8;
    %jmp/0xz  T_7.14, 8;
    %ix/load 4, 0, 0;
    %flag_set/imm 4, 0;
    %load/vec4a v00000250bcd0c170, 4;
    %ix/load 4, 1, 0;
    %flag_set/imm 4, 0;
    %load/vec4a v00000250bcd0c170, 4;
    %add;
    %load/vec4 v00000250bcd01ef0_0;
    %pad/s 32;
    %ix/load 4, 8, 0;
    %flag_set/imm 4, 0;
    %shiftl 4;
    %add;
    %assign/vec4 v00000250bcd0b590_0, 0;
T_7.14 ;
    %load/vec4 v00000250bcd01d10_0;
    %assign/vec4 v00000250bcd011d0_0, 0;
    %load/vec4 v00000250bcd011d0_0;
    %flag_set/vec4 8;
    %jmp/0xz  T_7.16, 8;
    %load/vec4 v00000250bcd0b590_0;
    %parti/s 16, 8, 5;
    %assign/vec4 v00000250bcd002d0_0, 0;
    %pushi/vec4 1, 0, 1;
    %assign/vec4 v00000250bcd01db0_0, 0;
    %jmp T_7.17;
T_7.16 ;
    %pushi/vec4 0, 0, 1;
    %assign/vec4 v00000250bcd01db0_0, 0;
T_7.17 ;
T_7.1 ;
    %jmp T_7;
    .thread T_7;
# The file index is used to find the file name in the following table.
:file_names 6;
    "N/A";
    "<interactive>";
    "-";
    "src/layers/layer3_generator_tb.v";
    "src/layers/layer3_generator.v";
    "src/layers/pipelined_mac.v";
