#! /c/Source/iverilog-install/bin/vvp
:ivl_version "12.0 (devel)" "(s20150603-1539-g2693dd32b)";
:ivl_delay_selection "TYPICAL";
:vpi_time_precision - 12;
:vpi_module "C:\iverilog\lib\ivl\system.vpi";
:vpi_module "C:\iverilog\lib\ivl\vhdl_sys.vpi";
:vpi_module "C:\iverilog\lib\ivl\vhdl_textio.vpi";
:vpi_module "C:\iverilog\lib\ivl\v2005_math.vpi";
:vpi_module "C:\iverilog\lib\ivl\va_math.vpi";
:vpi_module "C:\iverilog\lib\ivl\v2009.vpi";
S_000001f6830b8890 .scope package, "$unit" "$unit" 2 1;
 .timescale 0 0;
S_000001f6830b4f50 .scope module, "layer3_discriminator_tb" "layer3_discriminator_tb" 3 3;
 .timescale -9 -12;
v000001f6830e27a0_0 .var "clk", 0 0;
v000001f6830e2480_0 .net "decision_real", 0 0, v000001f6830e17c0_0;  1 drivers
v000001f6830e2fc0_0 .net "done", 0 0, v000001f6830e1860_0;  1 drivers
v000001f6830e3b00_0 .var/s "flat_input", 511 0;
v000001f6830e2840_0 .var/i "i_pack", 31 0;
v000001f6830e3380 .array/s "inputs", 31 0, 15 0;
v000001f6830e3920_0 .var/i "k", 31 0;
v000001f6830e2700_0 .var "rst", 0 0;
v000001f6830e34c0_0 .net/s "score_out", 15 0, v000001f6830e3420_0;  1 drivers
v000001f6830e3100_0 .var "start", 0 0;
E_000001f6830a12b0 .event posedge, v000001f68304ee50_0;
v000001f6830e3380_0 .array/port v000001f6830e3380, 0;
v000001f6830e3380_1 .array/port v000001f6830e3380, 1;
v000001f6830e3380_2 .array/port v000001f6830e3380, 2;
v000001f6830e3380_3 .array/port v000001f6830e3380, 3;
E_000001f6830a2530/0 .event anyedge, v000001f6830e3380_0, v000001f6830e3380_1, v000001f6830e3380_2, v000001f6830e3380_3;
v000001f6830e3380_4 .array/port v000001f6830e3380, 4;
v000001f6830e3380_5 .array/port v000001f6830e3380, 5;
v000001f6830e3380_6 .array/port v000001f6830e3380, 6;
v000001f6830e3380_7 .array/port v000001f6830e3380, 7;
E_000001f6830a2530/1 .event anyedge, v000001f6830e3380_4, v000001f6830e3380_5, v000001f6830e3380_6, v000001f6830e3380_7;
v000001f6830e3380_8 .array/port v000001f6830e3380, 8;
v000001f6830e3380_9 .array/port v000001f6830e3380, 9;
v000001f6830e3380_10 .array/port v000001f6830e3380, 10;
v000001f6830e3380_11 .array/port v000001f6830e3380, 11;
E_000001f6830a2530/2 .event anyedge, v000001f6830e3380_8, v000001f6830e3380_9, v000001f6830e3380_10, v000001f6830e3380_11;
v000001f6830e3380_12 .array/port v000001f6830e3380, 12;
v000001f6830e3380_13 .array/port v000001f6830e3380, 13;
v000001f6830e3380_14 .array/port v000001f6830e3380, 14;
v000001f6830e3380_15 .array/port v000001f6830e3380, 15;
E_000001f6830a2530/3 .event anyedge, v000001f6830e3380_12, v000001f6830e3380_13, v000001f6830e3380_14, v000001f6830e3380_15;
v000001f6830e3380_16 .array/port v000001f6830e3380, 16;
v000001f6830e3380_17 .array/port v000001f6830e3380, 17;
v000001f6830e3380_18 .array/port v000001f6830e3380, 18;
v000001f6830e3380_19 .array/port v000001f6830e3380, 19;
E_000001f6830a2530/4 .event anyedge, v000001f6830e3380_16, v000001f6830e3380_17, v000001f6830e3380_18, v000001f6830e3380_19;
v000001f6830e3380_20 .array/port v000001f6830e3380, 20;
v000001f6830e3380_21 .array/port v000001f6830e3380, 21;
v000001f6830e3380_22 .array/port v000001f6830e3380, 22;
v000001f6830e3380_23 .array/port v000001f6830e3380, 23;
E_000001f6830a2530/5 .event anyedge, v000001f6830e3380_20, v000001f6830e3380_21, v000001f6830e3380_22, v000001f6830e3380_23;
v000001f6830e3380_24 .array/port v000001f6830e3380, 24;
v000001f6830e3380_25 .array/port v000001f6830e3380, 25;
v000001f6830e3380_26 .array/port v000001f6830e3380, 26;
v000001f6830e3380_27 .array/port v000001f6830e3380, 27;
E_000001f6830a2530/6 .event anyedge, v000001f6830e3380_24, v000001f6830e3380_25, v000001f6830e3380_26, v000001f6830e3380_27;
v000001f6830e3380_28 .array/port v000001f6830e3380, 28;
v000001f6830e3380_29 .array/port v000001f6830e3380, 29;
v000001f6830e3380_30 .array/port v000001f6830e3380, 30;
v000001f6830e3380_31 .array/port v000001f6830e3380, 31;
E_000001f6830a2530/7 .event anyedge, v000001f6830e3380_28, v000001f6830e3380_29, v000001f6830e3380_30, v000001f6830e3380_31;
E_000001f6830a2530 .event/or E_000001f6830a2530/0, E_000001f6830a2530/1, E_000001f6830a2530/2, E_000001f6830a2530/3, E_000001f6830a2530/4, E_000001f6830a2530/5, E_000001f6830a2530/6, E_000001f6830a2530/7;
S_000001f6830b5a70 .scope function.real, "q8_8_to_real" "q8_8_to_real" 3 37, 3 37 0, S_000001f6830b4f50;
 .timescale -9 -12;
; Variable q8_8_to_real is REAL return value of scope S_000001f6830b5a70
v000001f6830bc3b0_0 .var/s "val", 15 0;
TD_layer3_discriminator_tb.q8_8_to_real ;
    %load/vec4 v000001f6830bc3b0_0;
    %cvt/rv/s;
    %pushi/real 1073741824, 4074; load=256.000
    %div/wr;
    %ret/real 0; Assign to q8_8_to_real
    %end;
S_000001f6830b8ec0 .scope function.vec4.u16, "real_to_q8_8" "real_to_q8_8" 3 55, 3 55 0, S_000001f6830b4f50;
 .timescale -9 -12;
; Variable real_to_q8_8 is vec4 return value of scope S_000001f6830b8ec0
v000001f6830b6f70_0 .var/real "val", 0 0;
TD_layer3_discriminator_tb.real_to_q8_8 ;
    %load/real v000001f6830b6f70_0;
    %pushi/real 1073741824, 4074; load=256.000
    %mul/wr;
    %vpi_func 3 58 "$rtoi" 32, W<0,r> {0 1 0};
    %pad/s 16;
    %ret/vec4 0, 0, 16;  Assign to real_to_q8_8 (store_vec4_to_lval)
    %end;
S_000001f6830b4390 .scope function.real, "sigmoid" "sigmoid" 3 45, 3 45 0, S_000001f6830b4f50;
 .timescale -9 -12;
v000001f6830b4520_0 .var/real "exp_neg_x", 0 0;
; Variable sigmoid is REAL return value of scope S_000001f6830b4390
v000001f6830bcdd0_0 .var/real "x", 0 0;
TD_layer3_discriminator_tb.sigmoid ;
    %pushi/real 1459366444, 4067; load=2.71828
    %pushi/real 299419, 4045; load=2.71828
    %add/wr;
    %pushi/real 0, 0; load 0.0
    %load/real v000001f6830bcdd0_0;
    %sub/wr;
    %pow/wr;
    %store/real v000001f6830b4520_0;
    %pushi/real 1073741824, 4066; load=1.00000
    %pushi/real 1073741824, 4066; load=1.00000
    %load/real v000001f6830b4520_0;
    %add/wr;
    %div/wr;
    %ret/real 0; Assign to sigmoid
    %end;
S_000001f6830bce70 .scope module, "uut" "layer3_discriminator" 3 18, 4 5 0, S_000001f6830b4f50;
 .timescale -9 -12;
    .port_info 0 /INPUT 1 "clk";
    .port_info 1 /INPUT 1 "rst";
    .port_info 2 /INPUT 1 "start";
    .port_info 3 /INPUT 512 "flat_input_flat";
    .port_info 4 /OUTPUT 16 "score_out";
    .port_info 5 /OUTPUT 1 "decision_real";
    .port_info 6 /OUTPUT 1 "done";
v000001f6830e1c20 .array/s "b", 0 0, 15 0;
v000001f6830e1720_0 .net "clk", 0 0, v000001f6830e27a0_0;  1 drivers
v000001f6830e17c0_0 .var "decision_real", 0 0;
v000001f6830e1860_0 .var "done", 0 0;
v000001f6830e19a0_0 .net/s "flat_input_flat", 511 0, v000001f6830e3b00_0;  1 drivers
v000001f6830e1d60_0 .net "mac_done", 0 0, v000001f6830e1180_0;  1 drivers
v000001f6830e1ae0_0 .net/s "mac_result", 15 0, v000001f6830e1220_0;  1 drivers
v000001f6830e1b80_0 .net "rst", 0 0, v000001f6830e2700_0;  1 drivers
v000001f6830e3420_0 .var/s "score_out", 15 0;
v000001f6830e20c0_0 .net "start", 0 0, v000001f6830e3100_0;  1 drivers
v000001f6830e2ac0 .array/s "w", 31 0, 15 0;
v000001f6830e3e20_0 .net/s "weights_flat", 511 0, L_000001f6830e2a20;  1 drivers
v000001f6830e2ac0_0 .array/port v000001f6830e2ac0, 0;
v000001f6830e2ac0_1 .array/port v000001f6830e2ac0, 1;
v000001f6830e2ac0_2 .array/port v000001f6830e2ac0, 2;
v000001f6830e2ac0_3 .array/port v000001f6830e2ac0, 3;
LS_000001f6830e2a20_0_0 .concat [ 16 16 16 16], v000001f6830e2ac0_0, v000001f6830e2ac0_1, v000001f6830e2ac0_2, v000001f6830e2ac0_3;
v000001f6830e2ac0_4 .array/port v000001f6830e2ac0, 4;
v000001f6830e2ac0_5 .array/port v000001f6830e2ac0, 5;
v000001f6830e2ac0_6 .array/port v000001f6830e2ac0, 6;
v000001f6830e2ac0_7 .array/port v000001f6830e2ac0, 7;
LS_000001f6830e2a20_0_4 .concat [ 16 16 16 16], v000001f6830e2ac0_4, v000001f6830e2ac0_5, v000001f6830e2ac0_6, v000001f6830e2ac0_7;
v000001f6830e2ac0_8 .array/port v000001f6830e2ac0, 8;
v000001f6830e2ac0_9 .array/port v000001f6830e2ac0, 9;
v000001f6830e2ac0_10 .array/port v000001f6830e2ac0, 10;
v000001f6830e2ac0_11 .array/port v000001f6830e2ac0, 11;
LS_000001f6830e2a20_0_8 .concat [ 16 16 16 16], v000001f6830e2ac0_8, v000001f6830e2ac0_9, v000001f6830e2ac0_10, v000001f6830e2ac0_11;
v000001f6830e2ac0_12 .array/port v000001f6830e2ac0, 12;
v000001f6830e2ac0_13 .array/port v000001f6830e2ac0, 13;
v000001f6830e2ac0_14 .array/port v000001f6830e2ac0, 14;
v000001f6830e2ac0_15 .array/port v000001f6830e2ac0, 15;
LS_000001f6830e2a20_0_12 .concat [ 16 16 16 16], v000001f6830e2ac0_12, v000001f6830e2ac0_13, v000001f6830e2ac0_14, v000001f6830e2ac0_15;
v000001f6830e2ac0_16 .array/port v000001f6830e2ac0, 16;
v000001f6830e2ac0_17 .array/port v000001f6830e2ac0, 17;
v000001f6830e2ac0_18 .array/port v000001f6830e2ac0, 18;
v000001f6830e2ac0_19 .array/port v000001f6830e2ac0, 19;
LS_000001f6830e2a20_0_16 .concat [ 16 16 16 16], v000001f6830e2ac0_16, v000001f6830e2ac0_17, v000001f6830e2ac0_18, v000001f6830e2ac0_19;
v000001f6830e2ac0_20 .array/port v000001f6830e2ac0, 20;
v000001f6830e2ac0_21 .array/port v000001f6830e2ac0, 21;
v000001f6830e2ac0_22 .array/port v000001f6830e2ac0, 22;
v000001f6830e2ac0_23 .array/port v000001f6830e2ac0, 23;
LS_000001f6830e2a20_0_20 .concat [ 16 16 16 16], v000001f6830e2ac0_20, v000001f6830e2ac0_21, v000001f6830e2ac0_22, v000001f6830e2ac0_23;
v000001f6830e2ac0_24 .array/port v000001f6830e2ac0, 24;
v000001f6830e2ac0_25 .array/port v000001f6830e2ac0, 25;
v000001f6830e2ac0_26 .array/port v000001f6830e2ac0, 26;
v000001f6830e2ac0_27 .array/port v000001f6830e2ac0, 27;
LS_000001f6830e2a20_0_24 .concat [ 16 16 16 16], v000001f6830e2ac0_24, v000001f6830e2ac0_25, v000001f6830e2ac0_26, v000001f6830e2ac0_27;
v000001f6830e2ac0_28 .array/port v000001f6830e2ac0, 28;
v000001f6830e2ac0_29 .array/port v000001f6830e2ac0, 29;
v000001f6830e2ac0_30 .array/port v000001f6830e2ac0, 30;
v000001f6830e2ac0_31 .array/port v000001f6830e2ac0, 31;
LS_000001f6830e2a20_0_28 .concat [ 16 16 16 16], v000001f6830e2ac0_28, v000001f6830e2ac0_29, v000001f6830e2ac0_30, v000001f6830e2ac0_31;
LS_000001f6830e2a20_1_0 .concat [ 64 64 64 64], LS_000001f6830e2a20_0_0, LS_000001f6830e2a20_0_4, LS_000001f6830e2a20_0_8, LS_000001f6830e2a20_0_12;
LS_000001f6830e2a20_1_4 .concat [ 64 64 64 64], LS_000001f6830e2a20_0_16, LS_000001f6830e2a20_0_20, LS_000001f6830e2a20_0_24, LS_000001f6830e2a20_0_28;
L_000001f6830e2a20 .concat [ 256 256 0 0], LS_000001f6830e2a20_1_0, LS_000001f6830e2a20_1_4;
S_000001f683034970 .scope module, "mac_unit" "pipelined_mac" 4 53, 5 1 0, S_000001f6830bce70;
 .timescale -9 -12;
    .port_info 0 /INPUT 1 "clk";
    .port_info 1 /INPUT 1 "rst";
    .port_info 2 /INPUT 1 "start";
    .port_info 3 /INPUT 512 "a_flat";
    .port_info 4 /INPUT 512 "b_flat";
    .port_info 5 /INPUT 16 "bias";
    .port_info 6 /OUTPUT 16 "result";
    .port_info 7 /OUTPUT 1 "done";
v000001f683034b00_0 .net/s "a_flat", 511 0, v000001f6830e3b00_0;  alias, 1 drivers
v000001f683034ba0_0 .net/s "b_flat", 511 0, L_000001f6830e2a20;  alias, 1 drivers
v000001f6830e1c20_0 .array/port v000001f6830e1c20, 0;
v000001f68304edb0_0 .net/s "bias", 15 0, v000001f6830e1c20_0;  1 drivers
v000001f68304ee50_0 .net "clk", 0 0, v000001f6830e27a0_0;  alias, 1 drivers
v000001f68304eef0_0 .var "d0", 0 0;
v000001f68304ef90_0 .var "d1", 0 0;
v000001f6830e1cc0_0 .var "d2", 0 0;
v000001f6830e10e0_0 .var "d3", 0 0;
v000001f6830e1900_0 .var "d4", 0 0;
v000001f6830e1360_0 .var "d5", 0 0;
v000001f6830e1400_0 .var "d6", 0 0;
v000001f6830e1180_0 .var "done", 0 0;
v000001f6830e0e60 .array/s "p", 31 0, 31 0;
v000001f6830e15e0 .array/s "ra", 31 0, 15 0;
v000001f6830e14a0 .array/s "rb", 31 0, 15 0;
v000001f6830e1220_0 .var/s "result", 15 0;
v000001f6830e12c0_0 .net "rst", 0 0, v000001f6830e2700_0;  alias, 1 drivers
v000001f6830e1540 .array/s "s1", 15 0, 31 0;
v000001f6830e0fa0 .array/s "s2", 7 0, 31 0;
v000001f6830e1040 .array/s "s3", 3 0, 31 0;
v000001f6830e1680 .array/s "s4", 1 0, 31 0;
v000001f6830e0f00_0 .net "start", 0 0, v000001f6830e3100_0;  alias, 1 drivers
v000001f6830e1a40_0 .var/s "total_sum", 31 0;
E_000001f6830a3af0 .event posedge, v000001f6830e12c0_0, v000001f68304ee50_0;
    .scope S_000001f683034970;
T_3 ;
    %wait E_000001f6830a3af0;
    %load/vec4 v000001f6830e12c0_0;
    %flag_set/vec4 8;
    %jmp/0xz  T_3.0, 8;
    %pushi/vec4 0, 0, 1;
    %assign/vec4 v000001f68304eef0_0, 0;
    %pushi/vec4 0, 0, 1;
    %assign/vec4 v000001f68304ef90_0, 0;
    %pushi/vec4 0, 0, 1;
    %assign/vec4 v000001f6830e1cc0_0, 0;
    %pushi/vec4 0, 0, 1;
    %assign/vec4 v000001f6830e10e0_0, 0;
    %pushi/vec4 0, 0, 1;
    %assign/vec4 v000001f6830e1900_0, 0;
    %pushi/vec4 0, 0, 1;
    %assign/vec4 v000001f6830e1360_0, 0;
    %pushi/vec4 0, 0, 1;
    %assign/vec4 v000001f6830e1400_0, 0;
    %pushi/vec4 0, 0, 1;
    %assign/vec4 v000001f6830e1180_0, 0;
    %pushi/vec4 0, 0, 16;
    %assign/vec4 v000001f6830e1220_0, 0;
    %pushi/vec4 0, 0, 32;
    %assign/vec4 v000001f6830e1a40_0, 0;
    %jmp T_3.1;
T_3.0 ;
    %load/vec4 v000001f6830e0f00_0;
    %flag_set/vec4 8;
    %jmp/0xz  T_3.2, 8;
    %load/vec4 v000001f683034b00_0;
    %parti/s 16, 0, 2;
    %ix/load 3, 0, 0;
    %flag_set/imm 4, 0;
    %ix/load 4, 0, 0; Constant delay
    %assign/vec4/a/d v000001f6830e15e0, 0, 4;
    %load/vec4 v000001f683034ba0_0;
    %parti/s 16, 0, 2;
    %ix/load 3, 0, 0;
    %flag_set/imm 4, 0;
    %ix/load 4, 0, 0; Constant delay
    %assign/vec4/a/d v000001f6830e14a0, 0, 4;
    %load/vec4 v000001f683034b00_0;
    %parti/s 16, 16, 6;
    %ix/load 3, 1, 0;
    %flag_set/imm 4, 0;
    %ix/load 4, 0, 0; Constant delay
    %assign/vec4/a/d v000001f6830e15e0, 0, 4;
    %load/vec4 v000001f683034ba0_0;
    %parti/s 16, 16, 6;
    %ix/load 3, 1, 0;
    %flag_set/imm 4, 0;
    %ix/load 4, 0, 0; Constant delay
    %assign/vec4/a/d v000001f6830e14a0, 0, 4;
    %load/vec4 v000001f683034b00_0;
    %parti/s 16, 32, 7;
    %ix/load 3, 2, 0;
    %flag_set/imm 4, 0;
    %ix/load 4, 0, 0; Constant delay
    %assign/vec4/a/d v000001f6830e15e0, 0, 4;
    %load/vec4 v000001f683034ba0_0;
    %parti/s 16, 32, 7;
    %ix/load 3, 2, 0;
    %flag_set/imm 4, 0;
    %ix/load 4, 0, 0; Constant delay
    %assign/vec4/a/d v000001f6830e14a0, 0, 4;
    %load/vec4 v000001f683034b00_0;
    %parti/s 16, 48, 7;
    %ix/load 3, 3, 0;
    %flag_set/imm 4, 0;
    %ix/load 4, 0, 0; Constant delay
    %assign/vec4/a/d v000001f6830e15e0, 0, 4;
    %load/vec4 v000001f683034ba0_0;
    %parti/s 16, 48, 7;
    %ix/load 3, 3, 0;
    %flag_set/imm 4, 0;
    %ix/load 4, 0, 0; Constant delay
    %assign/vec4/a/d v000001f6830e14a0, 0, 4;
    %load/vec4 v000001f683034b00_0;
    %parti/s 16, 64, 8;
    %ix/load 3, 4, 0;
    %flag_set/imm 4, 0;
    %ix/load 4, 0, 0; Constant delay
    %assign/vec4/a/d v000001f6830e15e0, 0, 4;
    %load/vec4 v000001f683034ba0_0;
    %parti/s 16, 64, 8;
    %ix/load 3, 4, 0;
    %flag_set/imm 4, 0;
    %ix/load 4, 0, 0; Constant delay
    %assign/vec4/a/d v000001f6830e14a0, 0, 4;
    %load/vec4 v000001f683034b00_0;
    %parti/s 16, 80, 8;
    %ix/load 3, 5, 0;
    %flag_set/imm 4, 0;
    %ix/load 4, 0, 0; Constant delay
    %assign/vec4/a/d v000001f6830e15e0, 0, 4;
    %load/vec4 v000001f683034ba0_0;
    %parti/s 16, 80, 8;
    %ix/load 3, 5, 0;
    %flag_set/imm 4, 0;
    %ix/load 4, 0, 0; Constant delay
    %assign/vec4/a/d v000001f6830e14a0, 0, 4;
    %load/vec4 v000001f683034b00_0;
    %parti/s 16, 96, 8;
    %ix/load 3, 6, 0;
    %flag_set/imm 4, 0;
    %ix/load 4, 0, 0; Constant delay
    %assign/vec4/a/d v000001f6830e15e0, 0, 4;
    %load/vec4 v000001f683034ba0_0;
    %parti/s 16, 96, 8;
    %ix/load 3, 6, 0;
    %flag_set/imm 4, 0;
    %ix/load 4, 0, 0; Constant delay
    %assign/vec4/a/d v000001f6830e14a0, 0, 4;
    %load/vec4 v000001f683034b00_0;
    %parti/s 16, 112, 8;
    %ix/load 3, 7, 0;
    %flag_set/imm 4, 0;
    %ix/load 4, 0, 0; Constant delay
    %assign/vec4/a/d v000001f6830e15e0, 0, 4;
    %load/vec4 v000001f683034ba0_0;
    %parti/s 16, 112, 8;
    %ix/load 3, 7, 0;
    %flag_set/imm 4, 0;
    %ix/load 4, 0, 0; Constant delay
    %assign/vec4/a/d v000001f6830e14a0, 0, 4;
    %load/vec4 v000001f683034b00_0;
    %parti/s 16, 128, 9;
    %ix/load 3, 8, 0;
    %flag_set/imm 4, 0;
    %ix/load 4, 0, 0; Constant delay
    %assign/vec4/a/d v000001f6830e15e0, 0, 4;
    %load/vec4 v000001f683034ba0_0;
    %parti/s 16, 128, 9;
    %ix/load 3, 8, 0;
    %flag_set/imm 4, 0;
    %ix/load 4, 0, 0; Constant delay
    %assign/vec4/a/d v000001f6830e14a0, 0, 4;
    %load/vec4 v000001f683034b00_0;
    %parti/s 16, 144, 9;
    %ix/load 3, 9, 0;
    %flag_set/imm 4, 0;
    %ix/load 4, 0, 0; Constant delay
    %assign/vec4/a/d v000001f6830e15e0, 0, 4;
    %load/vec4 v000001f683034ba0_0;
    %parti/s 16, 144, 9;
    %ix/load 3, 9, 0;
    %flag_set/imm 4, 0;
    %ix/load 4, 0, 0; Constant delay
    %assign/vec4/a/d v000001f6830e14a0, 0, 4;
    %load/vec4 v000001f683034b00_0;
    %parti/s 16, 160, 9;
    %ix/load 3, 10, 0;
    %flag_set/imm 4, 0;
    %ix/load 4, 0, 0; Constant delay
    %assign/vec4/a/d v000001f6830e15e0, 0, 4;
    %load/vec4 v000001f683034ba0_0;
    %parti/s 16, 160, 9;
    %ix/load 3, 10, 0;
    %flag_set/imm 4, 0;
    %ix/load 4, 0, 0; Constant delay
    %assign/vec4/a/d v000001f6830e14a0, 0, 4;
    %load/vec4 v000001f683034b00_0;
    %parti/s 16, 176, 9;
    %ix/load 3, 11, 0;
    %flag_set/imm 4, 0;
    %ix/load 4, 0, 0; Constant delay
    %assign/vec4/a/d v000001f6830e15e0, 0, 4;
    %load/vec4 v000001f683034ba0_0;
    %parti/s 16, 176, 9;
    %ix/load 3, 11, 0;
    %flag_set/imm 4, 0;
    %ix/load 4, 0, 0; Constant delay
    %assign/vec4/a/d v000001f6830e14a0, 0, 4;
    %load/vec4 v000001f683034b00_0;
    %parti/s 16, 192, 9;
    %ix/load 3, 12, 0;
    %flag_set/imm 4, 0;
    %ix/load 4, 0, 0; Constant delay
    %assign/vec4/a/d v000001f6830e15e0, 0, 4;
    %load/vec4 v000001f683034ba0_0;
    %parti/s 16, 192, 9;
    %ix/load 3, 12, 0;
    %flag_set/imm 4, 0;
    %ix/load 4, 0, 0; Constant delay
    %assign/vec4/a/d v000001f6830e14a0, 0, 4;
    %load/vec4 v000001f683034b00_0;
    %parti/s 16, 208, 9;
    %ix/load 3, 13, 0;
    %flag_set/imm 4, 0;
    %ix/load 4, 0, 0; Constant delay
    %assign/vec4/a/d v000001f6830e15e0, 0, 4;
    %load/vec4 v000001f683034ba0_0;
    %parti/s 16, 208, 9;
    %ix/load 3, 13, 0;
    %flag_set/imm 4, 0;
    %ix/load 4, 0, 0; Constant delay
    %assign/vec4/a/d v000001f6830e14a0, 0, 4;
    %load/vec4 v000001f683034b00_0;
    %parti/s 16, 224, 9;
    %ix/load 3, 14, 0;
    %flag_set/imm 4, 0;
    %ix/load 4, 0, 0; Constant delay
    %assign/vec4/a/d v000001f6830e15e0, 0, 4;
    %load/vec4 v000001f683034ba0_0;
    %parti/s 16, 224, 9;
    %ix/load 3, 14, 0;
    %flag_set/imm 4, 0;
    %ix/load 4, 0, 0; Constant delay
    %assign/vec4/a/d v000001f6830e14a0, 0, 4;
    %load/vec4 v000001f683034b00_0;
    %parti/s 16, 240, 9;
    %ix/load 3, 15, 0;
    %flag_set/imm 4, 0;
    %ix/load 4, 0, 0; Constant delay
    %assign/vec4/a/d v000001f6830e15e0, 0, 4;
    %load/vec4 v000001f683034ba0_0;
    %parti/s 16, 240, 9;
    %ix/load 3, 15, 0;
    %flag_set/imm 4, 0;
    %ix/load 4, 0, 0; Constant delay
    %assign/vec4/a/d v000001f6830e14a0, 0, 4;
    %load/vec4 v000001f683034b00_0;
    %parti/s 16, 256, 10;
    %ix/load 3, 16, 0;
    %flag_set/imm 4, 0;
    %ix/load 4, 0, 0; Constant delay
    %assign/vec4/a/d v000001f6830e15e0, 0, 4;
    %load/vec4 v000001f683034ba0_0;
    %parti/s 16, 256, 10;
    %ix/load 3, 16, 0;
    %flag_set/imm 4, 0;
    %ix/load 4, 0, 0; Constant delay
    %assign/vec4/a/d v000001f6830e14a0, 0, 4;
    %load/vec4 v000001f683034b00_0;
    %parti/s 16, 272, 10;
    %ix/load 3, 17, 0;
    %flag_set/imm 4, 0;
    %ix/load 4, 0, 0; Constant delay
    %assign/vec4/a/d v000001f6830e15e0, 0, 4;
    %load/vec4 v000001f683034ba0_0;
    %parti/s 16, 272, 10;
    %ix/load 3, 17, 0;
    %flag_set/imm 4, 0;
    %ix/load 4, 0, 0; Constant delay
    %assign/vec4/a/d v000001f6830e14a0, 0, 4;
    %load/vec4 v000001f683034b00_0;
    %parti/s 16, 288, 10;
    %ix/load 3, 18, 0;
    %flag_set/imm 4, 0;
    %ix/load 4, 0, 0; Constant delay
    %assign/vec4/a/d v000001f6830e15e0, 0, 4;
    %load/vec4 v000001f683034ba0_0;
    %parti/s 16, 288, 10;
    %ix/load 3, 18, 0;
    %flag_set/imm 4, 0;
    %ix/load 4, 0, 0; Constant delay
    %assign/vec4/a/d v000001f6830e14a0, 0, 4;
    %load/vec4 v000001f683034b00_0;
    %parti/s 16, 304, 10;
    %ix/load 3, 19, 0;
    %flag_set/imm 4, 0;
    %ix/load 4, 0, 0; Constant delay
    %assign/vec4/a/d v000001f6830e15e0, 0, 4;
    %load/vec4 v000001f683034ba0_0;
    %parti/s 16, 304, 10;
    %ix/load 3, 19, 0;
    %flag_set/imm 4, 0;
    %ix/load 4, 0, 0; Constant delay
    %assign/vec4/a/d v000001f6830e14a0, 0, 4;
    %load/vec4 v000001f683034b00_0;
    %parti/s 16, 320, 10;
    %ix/load 3, 20, 0;
    %flag_set/imm 4, 0;
    %ix/load 4, 0, 0; Constant delay
    %assign/vec4/a/d v000001f6830e15e0, 0, 4;
    %load/vec4 v000001f683034ba0_0;
    %parti/s 16, 320, 10;
    %ix/load 3, 20, 0;
    %flag_set/imm 4, 0;
    %ix/load 4, 0, 0; Constant delay
    %assign/vec4/a/d v000001f6830e14a0, 0, 4;
    %load/vec4 v000001f683034b00_0;
    %parti/s 16, 336, 10;
    %ix/load 3, 21, 0;
    %flag_set/imm 4, 0;
    %ix/load 4, 0, 0; Constant delay
    %assign/vec4/a/d v000001f6830e15e0, 0, 4;
    %load/vec4 v000001f683034ba0_0;
    %parti/s 16, 336, 10;
    %ix/load 3, 21, 0;
    %flag_set/imm 4, 0;
    %ix/load 4, 0, 0; Constant delay
    %assign/vec4/a/d v000001f6830e14a0, 0, 4;
    %load/vec4 v000001f683034b00_0;
    %parti/s 16, 352, 10;
    %ix/load 3, 22, 0;
    %flag_set/imm 4, 0;
    %ix/load 4, 0, 0; Constant delay
    %assign/vec4/a/d v000001f6830e15e0, 0, 4;
    %load/vec4 v000001f683034ba0_0;
    %parti/s 16, 352, 10;
    %ix/load 3, 22, 0;
    %flag_set/imm 4, 0;
    %ix/load 4, 0, 0; Constant delay
    %assign/vec4/a/d v000001f6830e14a0, 0, 4;
    %load/vec4 v000001f683034b00_0;
    %parti/s 16, 368, 10;
    %ix/load 3, 23, 0;
    %flag_set/imm 4, 0;
    %ix/load 4, 0, 0; Constant delay
    %assign/vec4/a/d v000001f6830e15e0, 0, 4;
    %load/vec4 v000001f683034ba0_0;
    %parti/s 16, 368, 10;
    %ix/load 3, 23, 0;
    %flag_set/imm 4, 0;
    %ix/load 4, 0, 0; Constant delay
    %assign/vec4/a/d v000001f6830e14a0, 0, 4;
    %load/vec4 v000001f683034b00_0;
    %parti/s 16, 384, 10;
    %ix/load 3, 24, 0;
    %flag_set/imm 4, 0;
    %ix/load 4, 0, 0; Constant delay
    %assign/vec4/a/d v000001f6830e15e0, 0, 4;
    %load/vec4 v000001f683034ba0_0;
    %parti/s 16, 384, 10;
    %ix/load 3, 24, 0;
    %flag_set/imm 4, 0;
    %ix/load 4, 0, 0; Constant delay
    %assign/vec4/a/d v000001f6830e14a0, 0, 4;
    %load/vec4 v000001f683034b00_0;
    %parti/s 16, 400, 10;
    %ix/load 3, 25, 0;
    %flag_set/imm 4, 0;
    %ix/load 4, 0, 0; Constant delay
    %assign/vec4/a/d v000001f6830e15e0, 0, 4;
    %load/vec4 v000001f683034ba0_0;
    %parti/s 16, 400, 10;
    %ix/load 3, 25, 0;
    %flag_set/imm 4, 0;
    %ix/load 4, 0, 0; Constant delay
    %assign/vec4/a/d v000001f6830e14a0, 0, 4;
    %load/vec4 v000001f683034b00_0;
    %parti/s 16, 416, 10;
    %ix/load 3, 26, 0;
    %flag_set/imm 4, 0;
    %ix/load 4, 0, 0; Constant delay
    %assign/vec4/a/d v000001f6830e15e0, 0, 4;
    %load/vec4 v000001f683034ba0_0;
    %parti/s 16, 416, 10;
    %ix/load 3, 26, 0;
    %flag_set/imm 4, 0;
    %ix/load 4, 0, 0; Constant delay
    %assign/vec4/a/d v000001f6830e14a0, 0, 4;
    %load/vec4 v000001f683034b00_0;
    %parti/s 16, 432, 10;
    %ix/load 3, 27, 0;
    %flag_set/imm 4, 0;
    %ix/load 4, 0, 0; Constant delay
    %assign/vec4/a/d v000001f6830e15e0, 0, 4;
    %load/vec4 v000001f683034ba0_0;
    %parti/s 16, 432, 10;
    %ix/load 3, 27, 0;
    %flag_set/imm 4, 0;
    %ix/load 4, 0, 0; Constant delay
    %assign/vec4/a/d v000001f6830e14a0, 0, 4;
    %load/vec4 v000001f683034b00_0;
    %parti/s 16, 448, 10;
    %ix/load 3, 28, 0;
    %flag_set/imm 4, 0;
    %ix/load 4, 0, 0; Constant delay
    %assign/vec4/a/d v000001f6830e15e0, 0, 4;
    %load/vec4 v000001f683034ba0_0;
    %parti/s 16, 448, 10;
    %ix/load 3, 28, 0;
    %flag_set/imm 4, 0;
    %ix/load 4, 0, 0; Constant delay
    %assign/vec4/a/d v000001f6830e14a0, 0, 4;
    %load/vec4 v000001f683034b00_0;
    %parti/s 16, 464, 10;
    %ix/load 3, 29, 0;
    %flag_set/imm 4, 0;
    %ix/load 4, 0, 0; Constant delay
    %assign/vec4/a/d v000001f6830e15e0, 0, 4;
    %load/vec4 v000001f683034ba0_0;
    %parti/s 16, 464, 10;
    %ix/load 3, 29, 0;
    %flag_set/imm 4, 0;
    %ix/load 4, 0, 0; Constant delay
    %assign/vec4/a/d v000001f6830e14a0, 0, 4;
    %load/vec4 v000001f683034b00_0;
    %parti/s 16, 480, 10;
    %ix/load 3, 30, 0;
    %flag_set/imm 4, 0;
    %ix/load 4, 0, 0; Constant delay
    %assign/vec4/a/d v000001f6830e15e0, 0, 4;
    %load/vec4 v000001f683034ba0_0;
    %parti/s 16, 480, 10;
    %ix/load 3, 30, 0;
    %flag_set/imm 4, 0;
    %ix/load 4, 0, 0; Constant delay
    %assign/vec4/a/d v000001f6830e14a0, 0, 4;
    %load/vec4 v000001f683034b00_0;
    %parti/s 16, 496, 10;
    %ix/load 3, 31, 0;
    %flag_set/imm 4, 0;
    %ix/load 4, 0, 0; Constant delay
    %assign/vec4/a/d v000001f6830e15e0, 0, 4;
    %load/vec4 v000001f683034ba0_0;
    %parti/s 16, 496, 10;
    %ix/load 3, 31, 0;
    %flag_set/imm 4, 0;
    %ix/load 4, 0, 0; Constant delay
    %assign/vec4/a/d v000001f6830e14a0, 0, 4;
T_3.2 ;
    %load/vec4 v000001f6830e0f00_0;
    %assign/vec4 v000001f68304eef0_0, 0;
    %load/vec4 v000001f68304eef0_0;
    %flag_set/vec4 8;
    %jmp/0xz  T_3.4, 8;
    %ix/load 4, 0, 0;
    %flag_set/imm 4, 0;
    %load/vec4a v000001f6830e15e0, 4;
    %pad/s 32;
    %ix/load 4, 0, 0;
    %flag_set/imm 4, 0;
    %load/vec4a v000001f6830e14a0, 4;
    %pad/s 32;
    %mul;
    %ix/load 3, 0, 0;
    %flag_set/imm 4, 0;
    %ix/load 4, 0, 0; Constant delay
    %assign/vec4/a/d v000001f6830e0e60, 0, 4;
    %ix/load 4, 1, 0;
    %flag_set/imm 4, 0;
    %load/vec4a v000001f6830e15e0, 4;
    %pad/s 32;
    %ix/load 4, 1, 0;
    %flag_set/imm 4, 0;
    %load/vec4a v000001f6830e14a0, 4;
    %pad/s 32;
    %mul;
    %ix/load 3, 1, 0;
    %flag_set/imm 4, 0;
    %ix/load 4, 0, 0; Constant delay
    %assign/vec4/a/d v000001f6830e0e60, 0, 4;
    %ix/load 4, 2, 0;
    %flag_set/imm 4, 0;
    %load/vec4a v000001f6830e15e0, 4;
    %pad/s 32;
    %ix/load 4, 2, 0;
    %flag_set/imm 4, 0;
    %load/vec4a v000001f6830e14a0, 4;
    %pad/s 32;
    %mul;
    %ix/load 3, 2, 0;
    %flag_set/imm 4, 0;
    %ix/load 4, 0, 0; Constant delay
    %assign/vec4/a/d v000001f6830e0e60, 0, 4;
    %ix/load 4, 3, 0;
    %flag_set/imm 4, 0;
    %load/vec4a v000001f6830e15e0, 4;
    %pad/s 32;
    %ix/load 4, 3, 0;
    %flag_set/imm 4, 0;
    %load/vec4a v000001f6830e14a0, 4;
    %pad/s 32;
    %mul;
    %ix/load 3, 3, 0;
    %flag_set/imm 4, 0;
    %ix/load 4, 0, 0; Constant delay
    %assign/vec4/a/d v000001f6830e0e60, 0, 4;
    %ix/load 4, 4, 0;
    %flag_set/imm 4, 0;
    %load/vec4a v000001f6830e15e0, 4;
    %pad/s 32;
    %ix/load 4, 4, 0;
    %flag_set/imm 4, 0;
    %load/vec4a v000001f6830e14a0, 4;
    %pad/s 32;
    %mul;
    %ix/load 3, 4, 0;
    %flag_set/imm 4, 0;
    %ix/load 4, 0, 0; Constant delay
    %assign/vec4/a/d v000001f6830e0e60, 0, 4;
    %ix/load 4, 5, 0;
    %flag_set/imm 4, 0;
    %load/vec4a v000001f6830e15e0, 4;
    %pad/s 32;
    %ix/load 4, 5, 0;
    %flag_set/imm 4, 0;
    %load/vec4a v000001f6830e14a0, 4;
    %pad/s 32;
    %mul;
    %ix/load 3, 5, 0;
    %flag_set/imm 4, 0;
    %ix/load 4, 0, 0; Constant delay
    %assign/vec4/a/d v000001f6830e0e60, 0, 4;
    %ix/load 4, 6, 0;
    %flag_set/imm 4, 0;
    %load/vec4a v000001f6830e15e0, 4;
    %pad/s 32;
    %ix/load 4, 6, 0;
    %flag_set/imm 4, 0;
    %load/vec4a v000001f6830e14a0, 4;
    %pad/s 32;
    %mul;
    %ix/load 3, 6, 0;
    %flag_set/imm 4, 0;
    %ix/load 4, 0, 0; Constant delay
    %assign/vec4/a/d v000001f6830e0e60, 0, 4;
    %ix/load 4, 7, 0;
    %flag_set/imm 4, 0;
    %load/vec4a v000001f6830e15e0, 4;
    %pad/s 32;
    %ix/load 4, 7, 0;
    %flag_set/imm 4, 0;
    %load/vec4a v000001f6830e14a0, 4;
    %pad/s 32;
    %mul;
    %ix/load 3, 7, 0;
    %flag_set/imm 4, 0;
    %ix/load 4, 0, 0; Constant delay
    %assign/vec4/a/d v000001f6830e0e60, 0, 4;
    %ix/load 4, 8, 0;
    %flag_set/imm 4, 0;
    %load/vec4a v000001f6830e15e0, 4;
    %pad/s 32;
    %ix/load 4, 8, 0;
    %flag_set/imm 4, 0;
    %load/vec4a v000001f6830e14a0, 4;
    %pad/s 32;
    %mul;
    %ix/load 3, 8, 0;
    %flag_set/imm 4, 0;
    %ix/load 4, 0, 0; Constant delay
    %assign/vec4/a/d v000001f6830e0e60, 0, 4;
    %ix/load 4, 9, 0;
    %flag_set/imm 4, 0;
    %load/vec4a v000001f6830e15e0, 4;
    %pad/s 32;
    %ix/load 4, 9, 0;
    %flag_set/imm 4, 0;
    %load/vec4a v000001f6830e14a0, 4;
    %pad/s 32;
    %mul;
    %ix/load 3, 9, 0;
    %flag_set/imm 4, 0;
    %ix/load 4, 0, 0; Constant delay
    %assign/vec4/a/d v000001f6830e0e60, 0, 4;
    %ix/load 4, 10, 0;
    %flag_set/imm 4, 0;
    %load/vec4a v000001f6830e15e0, 4;
    %pad/s 32;
    %ix/load 4, 10, 0;
    %flag_set/imm 4, 0;
    %load/vec4a v000001f6830e14a0, 4;
    %pad/s 32;
    %mul;
    %ix/load 3, 10, 0;
    %flag_set/imm 4, 0;
    %ix/load 4, 0, 0; Constant delay
    %assign/vec4/a/d v000001f6830e0e60, 0, 4;
    %ix/load 4, 11, 0;
    %flag_set/imm 4, 0;
    %load/vec4a v000001f6830e15e0, 4;
    %pad/s 32;
    %ix/load 4, 11, 0;
    %flag_set/imm 4, 0;
    %load/vec4a v000001f6830e14a0, 4;
    %pad/s 32;
    %mul;
    %ix/load 3, 11, 0;
    %flag_set/imm 4, 0;
    %ix/load 4, 0, 0; Constant delay
    %assign/vec4/a/d v000001f6830e0e60, 0, 4;
    %ix/load 4, 12, 0;
    %flag_set/imm 4, 0;
    %load/vec4a v000001f6830e15e0, 4;
    %pad/s 32;
    %ix/load 4, 12, 0;
    %flag_set/imm 4, 0;
    %load/vec4a v000001f6830e14a0, 4;
    %pad/s 32;
    %mul;
    %ix/load 3, 12, 0;
    %flag_set/imm 4, 0;
    %ix/load 4, 0, 0; Constant delay
    %assign/vec4/a/d v000001f6830e0e60, 0, 4;
    %ix/load 4, 13, 0;
    %flag_set/imm 4, 0;
    %load/vec4a v000001f6830e15e0, 4;
    %pad/s 32;
    %ix/load 4, 13, 0;
    %flag_set/imm 4, 0;
    %load/vec4a v000001f6830e14a0, 4;
    %pad/s 32;
    %mul;
    %ix/load 3, 13, 0;
    %flag_set/imm 4, 0;
    %ix/load 4, 0, 0; Constant delay
    %assign/vec4/a/d v000001f6830e0e60, 0, 4;
    %ix/load 4, 14, 0;
    %flag_set/imm 4, 0;
    %load/vec4a v000001f6830e15e0, 4;
    %pad/s 32;
    %ix/load 4, 14, 0;
    %flag_set/imm 4, 0;
    %load/vec4a v000001f6830e14a0, 4;
    %pad/s 32;
    %mul;
    %ix/load 3, 14, 0;
    %flag_set/imm 4, 0;
    %ix/load 4, 0, 0; Constant delay
    %assign/vec4/a/d v000001f6830e0e60, 0, 4;
    %ix/load 4, 15, 0;
    %flag_set/imm 4, 0;
    %load/vec4a v000001f6830e15e0, 4;
    %pad/s 32;
    %ix/load 4, 15, 0;
    %flag_set/imm 4, 0;
    %load/vec4a v000001f6830e14a0, 4;
    %pad/s 32;
    %mul;
    %ix/load 3, 15, 0;
    %flag_set/imm 4, 0;
    %ix/load 4, 0, 0; Constant delay
    %assign/vec4/a/d v000001f6830e0e60, 0, 4;
    %ix/load 4, 16, 0;
    %flag_set/imm 4, 0;
    %load/vec4a v000001f6830e15e0, 4;
    %pad/s 32;
    %ix/load 4, 16, 0;
    %flag_set/imm 4, 0;
    %load/vec4a v000001f6830e14a0, 4;
    %pad/s 32;
    %mul;
    %ix/load 3, 16, 0;
    %flag_set/imm 4, 0;
    %ix/load 4, 0, 0; Constant delay
    %assign/vec4/a/d v000001f6830e0e60, 0, 4;
    %ix/load 4, 17, 0;
    %flag_set/imm 4, 0;
    %load/vec4a v000001f6830e15e0, 4;
    %pad/s 32;
    %ix/load 4, 17, 0;
    %flag_set/imm 4, 0;
    %load/vec4a v000001f6830e14a0, 4;
    %pad/s 32;
    %mul;
    %ix/load 3, 17, 0;
    %flag_set/imm 4, 0;
    %ix/load 4, 0, 0; Constant delay
    %assign/vec4/a/d v000001f6830e0e60, 0, 4;
    %ix/load 4, 18, 0;
    %flag_set/imm 4, 0;
    %load/vec4a v000001f6830e15e0, 4;
    %pad/s 32;
    %ix/load 4, 18, 0;
    %flag_set/imm 4, 0;
    %load/vec4a v000001f6830e14a0, 4;
    %pad/s 32;
    %mul;
    %ix/load 3, 18, 0;
    %flag_set/imm 4, 0;
    %ix/load 4, 0, 0; Constant delay
    %assign/vec4/a/d v000001f6830e0e60, 0, 4;
    %ix/load 4, 19, 0;
    %flag_set/imm 4, 0;
    %load/vec4a v000001f6830e15e0, 4;
    %pad/s 32;
    %ix/load 4, 19, 0;
    %flag_set/imm 4, 0;
    %load/vec4a v000001f6830e14a0, 4;
    %pad/s 32;
    %mul;
    %ix/load 3, 19, 0;
    %flag_set/imm 4, 0;
    %ix/load 4, 0, 0; Constant delay
    %assign/vec4/a/d v000001f6830e0e60, 0, 4;
    %ix/load 4, 20, 0;
    %flag_set/imm 4, 0;
    %load/vec4a v000001f6830e15e0, 4;
    %pad/s 32;
    %ix/load 4, 20, 0;
    %flag_set/imm 4, 0;
    %load/vec4a v000001f6830e14a0, 4;
    %pad/s 32;
    %mul;
    %ix/load 3, 20, 0;
    %flag_set/imm 4, 0;
    %ix/load 4, 0, 0; Constant delay
    %assign/vec4/a/d v000001f6830e0e60, 0, 4;
    %ix/load 4, 21, 0;
    %flag_set/imm 4, 0;
    %load/vec4a v000001f6830e15e0, 4;
    %pad/s 32;
    %ix/load 4, 21, 0;
    %flag_set/imm 4, 0;
    %load/vec4a v000001f6830e14a0, 4;
    %pad/s 32;
    %mul;
    %ix/load 3, 21, 0;
    %flag_set/imm 4, 0;
    %ix/load 4, 0, 0; Constant delay
    %assign/vec4/a/d v000001f6830e0e60, 0, 4;
    %ix/load 4, 22, 0;
    %flag_set/imm 4, 0;
    %load/vec4a v000001f6830e15e0, 4;
    %pad/s 32;
    %ix/load 4, 22, 0;
    %flag_set/imm 4, 0;
    %load/vec4a v000001f6830e14a0, 4;
    %pad/s 32;
    %mul;
    %ix/load 3, 22, 0;
    %flag_set/imm 4, 0;
    %ix/load 4, 0, 0; Constant delay
    %assign/vec4/a/d v000001f6830e0e60, 0, 4;
    %ix/load 4, 23, 0;
    %flag_set/imm 4, 0;
    %load/vec4a v000001f6830e15e0, 4;
    %pad/s 32;
    %ix/load 4, 23, 0;
    %flag_set/imm 4, 0;
    %load/vec4a v000001f6830e14a0, 4;
    %pad/s 32;
    %mul;
    %ix/load 3, 23, 0;
    %flag_set/imm 4, 0;
    %ix/load 4, 0, 0; Constant delay
    %assign/vec4/a/d v000001f6830e0e60, 0, 4;
    %ix/load 4, 24, 0;
    %flag_set/imm 4, 0;
    %load/vec4a v000001f6830e15e0, 4;
    %pad/s 32;
    %ix/load 4, 24, 0;
    %flag_set/imm 4, 0;
    %load/vec4a v000001f6830e14a0, 4;
    %pad/s 32;
    %mul;
    %ix/load 3, 24, 0;
    %flag_set/imm 4, 0;
    %ix/load 4, 0, 0; Constant delay
    %assign/vec4/a/d v000001f6830e0e60, 0, 4;
    %ix/load 4, 25, 0;
    %flag_set/imm 4, 0;
    %load/vec4a v000001f6830e15e0, 4;
    %pad/s 32;
    %ix/load 4, 25, 0;
    %flag_set/imm 4, 0;
    %load/vec4a v000001f6830e14a0, 4;
    %pad/s 32;
    %mul;
    %ix/load 3, 25, 0;
    %flag_set/imm 4, 0;
    %ix/load 4, 0, 0; Constant delay
    %assign/vec4/a/d v000001f6830e0e60, 0, 4;
    %ix/load 4, 26, 0;
    %flag_set/imm 4, 0;
    %load/vec4a v000001f6830e15e0, 4;
    %pad/s 32;
    %ix/load 4, 26, 0;
    %flag_set/imm 4, 0;
    %load/vec4a v000001f6830e14a0, 4;
    %pad/s 32;
    %mul;
    %ix/load 3, 26, 0;
    %flag_set/imm 4, 0;
    %ix/load 4, 0, 0; Constant delay
    %assign/vec4/a/d v000001f6830e0e60, 0, 4;
    %ix/load 4, 27, 0;
    %flag_set/imm 4, 0;
    %load/vec4a v000001f6830e15e0, 4;
    %pad/s 32;
    %ix/load 4, 27, 0;
    %flag_set/imm 4, 0;
    %load/vec4a v000001f6830e14a0, 4;
    %pad/s 32;
    %mul;
    %ix/load 3, 27, 0;
    %flag_set/imm 4, 0;
    %ix/load 4, 0, 0; Constant delay
    %assign/vec4/a/d v000001f6830e0e60, 0, 4;
    %ix/load 4, 28, 0;
    %flag_set/imm 4, 0;
    %load/vec4a v000001f6830e15e0, 4;
    %pad/s 32;
    %ix/load 4, 28, 0;
    %flag_set/imm 4, 0;
    %load/vec4a v000001f6830e14a0, 4;
    %pad/s 32;
    %mul;
    %ix/load 3, 28, 0;
    %flag_set/imm 4, 0;
    %ix/load 4, 0, 0; Constant delay
    %assign/vec4/a/d v000001f6830e0e60, 0, 4;
    %ix/load 4, 29, 0;
    %flag_set/imm 4, 0;
    %load/vec4a v000001f6830e15e0, 4;
    %pad/s 32;
    %ix/load 4, 29, 0;
    %flag_set/imm 4, 0;
    %load/vec4a v000001f6830e14a0, 4;
    %pad/s 32;
    %mul;
    %ix/load 3, 29, 0;
    %flag_set/imm 4, 0;
    %ix/load 4, 0, 0; Constant delay
    %assign/vec4/a/d v000001f6830e0e60, 0, 4;
    %ix/load 4, 30, 0;
    %flag_set/imm 4, 0;
    %load/vec4a v000001f6830e15e0, 4;
    %pad/s 32;
    %ix/load 4, 30, 0;
    %flag_set/imm 4, 0;
    %load/vec4a v000001f6830e14a0, 4;
    %pad/s 32;
    %mul;
    %ix/load 3, 30, 0;
    %flag_set/imm 4, 0;
    %ix/load 4, 0, 0; Constant delay
    %assign/vec4/a/d v000001f6830e0e60, 0, 4;
    %ix/load 4, 31, 0;
    %flag_set/imm 4, 0;
    %load/vec4a v000001f6830e15e0, 4;
    %pad/s 32;
    %ix/load 4, 31, 0;
    %flag_set/imm 4, 0;
    %load/vec4a v000001f6830e14a0, 4;
    %pad/s 32;
    %mul;
    %ix/load 3, 31, 0;
    %flag_set/imm 4, 0;
    %ix/load 4, 0, 0; Constant delay
    %assign/vec4/a/d v000001f6830e0e60, 0, 4;
T_3.4 ;
    %load/vec4 v000001f68304eef0_0;
    %assign/vec4 v000001f68304ef90_0, 0;
    %load/vec4 v000001f68304ef90_0;
    %flag_set/vec4 8;
    %jmp/0xz  T_3.6, 8;
    %ix/load 4, 0, 0;
    %flag_set/imm 4, 0;
    %load/vec4a v000001f6830e0e60, 4;
    %ix/load 4, 1, 0;
    %flag_set/imm 4, 0;
    %load/vec4a v000001f6830e0e60, 4;
    %add;
    %ix/load 3, 0, 0;
    %flag_set/imm 4, 0;
    %ix/load 4, 0, 0; Constant delay
    %assign/vec4/a/d v000001f6830e1540, 0, 4;
    %ix/load 4, 2, 0;
    %flag_set/imm 4, 0;
    %load/vec4a v000001f6830e0e60, 4;
    %ix/load 4, 3, 0;
    %flag_set/imm 4, 0;
    %load/vec4a v000001f6830e0e60, 4;
    %add;
    %ix/load 3, 1, 0;
    %flag_set/imm 4, 0;
    %ix/load 4, 0, 0; Constant delay
    %assign/vec4/a/d v000001f6830e1540, 0, 4;
    %ix/load 4, 4, 0;
    %flag_set/imm 4, 0;
    %load/vec4a v000001f6830e0e60, 4;
    %ix/load 4, 5, 0;
    %flag_set/imm 4, 0;
    %load/vec4a v000001f6830e0e60, 4;
    %add;
    %ix/load 3, 2, 0;
    %flag_set/imm 4, 0;
    %ix/load 4, 0, 0; Constant delay
    %assign/vec4/a/d v000001f6830e1540, 0, 4;
    %ix/load 4, 6, 0;
    %flag_set/imm 4, 0;
    %load/vec4a v000001f6830e0e60, 4;
    %ix/load 4, 7, 0;
    %flag_set/imm 4, 0;
    %load/vec4a v000001f6830e0e60, 4;
    %add;
    %ix/load 3, 3, 0;
    %flag_set/imm 4, 0;
    %ix/load 4, 0, 0; Constant delay
    %assign/vec4/a/d v000001f6830e1540, 0, 4;
    %ix/load 4, 8, 0;
    %flag_set/imm 4, 0;
    %load/vec4a v000001f6830e0e60, 4;
    %ix/load 4, 9, 0;
    %flag_set/imm 4, 0;
    %load/vec4a v000001f6830e0e60, 4;
    %add;
    %ix/load 3, 4, 0;
    %flag_set/imm 4, 0;
    %ix/load 4, 0, 0; Constant delay
    %assign/vec4/a/d v000001f6830e1540, 0, 4;
    %ix/load 4, 10, 0;
    %flag_set/imm 4, 0;
    %load/vec4a v000001f6830e0e60, 4;
    %ix/load 4, 11, 0;
    %flag_set/imm 4, 0;
    %load/vec4a v000001f6830e0e60, 4;
    %add;
    %ix/load 3, 5, 0;
    %flag_set/imm 4, 0;
    %ix/load 4, 0, 0; Constant delay
    %assign/vec4/a/d v000001f6830e1540, 0, 4;
    %ix/load 4, 12, 0;
    %flag_set/imm 4, 0;
    %load/vec4a v000001f6830e0e60, 4;
    %ix/load 4, 13, 0;
    %flag_set/imm 4, 0;
    %load/vec4a v000001f6830e0e60, 4;
    %add;
    %ix/load 3, 6, 0;
    %flag_set/imm 4, 0;
    %ix/load 4, 0, 0; Constant delay
    %assign/vec4/a/d v000001f6830e1540, 0, 4;
    %ix/load 4, 14, 0;
    %flag_set/imm 4, 0;
    %load/vec4a v000001f6830e0e60, 4;
    %ix/load 4, 15, 0;
    %flag_set/imm 4, 0;
    %load/vec4a v000001f6830e0e60, 4;
    %add;
    %ix/load 3, 7, 0;
    %flag_set/imm 4, 0;
    %ix/load 4, 0, 0; Constant delay
    %assign/vec4/a/d v000001f6830e1540, 0, 4;
    %ix/load 4, 16, 0;
    %flag_set/imm 4, 0;
    %load/vec4a v000001f6830e0e60, 4;
    %ix/load 4, 17, 0;
    %flag_set/imm 4, 0;
    %load/vec4a v000001f6830e0e60, 4;
    %add;
    %ix/load 3, 8, 0;
    %flag_set/imm 4, 0;
    %ix/load 4, 0, 0; Constant delay
    %assign/vec4/a/d v000001f6830e1540, 0, 4;
    %ix/load 4, 18, 0;
    %flag_set/imm 4, 0;
    %load/vec4a v000001f6830e0e60, 4;
    %ix/load 4, 19, 0;
    %flag_set/imm 4, 0;
    %load/vec4a v000001f6830e0e60, 4;
    %add;
    %ix/load 3, 9, 0;
    %flag_set/imm 4, 0;
    %ix/load 4, 0, 0; Constant delay
    %assign/vec4/a/d v000001f6830e1540, 0, 4;
    %ix/load 4, 20, 0;
    %flag_set/imm 4, 0;
    %load/vec4a v000001f6830e0e60, 4;
    %ix/load 4, 21, 0;
    %flag_set/imm 4, 0;
    %load/vec4a v000001f6830e0e60, 4;
    %add;
    %ix/load 3, 10, 0;
    %flag_set/imm 4, 0;
    %ix/load 4, 0, 0; Constant delay
    %assign/vec4/a/d v000001f6830e1540, 0, 4;
    %ix/load 4, 22, 0;
    %flag_set/imm 4, 0;
    %load/vec4a v000001f6830e0e60, 4;
    %ix/load 4, 23, 0;
    %flag_set/imm 4, 0;
    %load/vec4a v000001f6830e0e60, 4;
    %add;
    %ix/load 3, 11, 0;
    %flag_set/imm 4, 0;
    %ix/load 4, 0, 0; Constant delay
    %assign/vec4/a/d v000001f6830e1540, 0, 4;
    %ix/load 4, 24, 0;
    %flag_set/imm 4, 0;
    %load/vec4a v000001f6830e0e60, 4;
    %ix/load 4, 25, 0;
    %flag_set/imm 4, 0;
    %load/vec4a v000001f6830e0e60, 4;
    %add;
    %ix/load 3, 12, 0;
    %flag_set/imm 4, 0;
    %ix/load 4, 0, 0; Constant delay
    %assign/vec4/a/d v000001f6830e1540, 0, 4;
    %ix/load 4, 26, 0;
    %flag_set/imm 4, 0;
    %load/vec4a v000001f6830e0e60, 4;
    %ix/load 4, 27, 0;
    %flag_set/imm 4, 0;
    %load/vec4a v000001f6830e0e60, 4;
    %add;
    %ix/load 3, 13, 0;
    %flag_set/imm 4, 0;
    %ix/load 4, 0, 0; Constant delay
    %assign/vec4/a/d v000001f6830e1540, 0, 4;
    %ix/load 4, 28, 0;
    %flag_set/imm 4, 0;
    %load/vec4a v000001f6830e0e60, 4;
    %ix/load 4, 29, 0;
    %flag_set/imm 4, 0;
    %load/vec4a v000001f6830e0e60, 4;
    %add;
    %ix/load 3, 14, 0;
    %flag_set/imm 4, 0;
    %ix/load 4, 0, 0; Constant delay
    %assign/vec4/a/d v000001f6830e1540, 0, 4;
    %ix/load 4, 30, 0;
    %flag_set/imm 4, 0;
    %load/vec4a v000001f6830e0e60, 4;
    %ix/load 4, 31, 0;
    %flag_set/imm 4, 0;
    %load/vec4a v000001f6830e0e60, 4;
    %add;
    %ix/load 3, 15, 0;
    %flag_set/imm 4, 0;
    %ix/load 4, 0, 0; Constant delay
    %assign/vec4/a/d v000001f6830e1540, 0, 4;
T_3.6 ;
    %load/vec4 v000001f68304ef90_0;
    %assign/vec4 v000001f6830e1cc0_0, 0;
    %load/vec4 v000001f6830e1cc0_0;
    %flag_set/vec4 8;
    %jmp/0xz  T_3.8, 8;
    %ix/load 4, 0, 0;
    %flag_set/imm 4, 0;
    %load/vec4a v000001f6830e1540, 4;
    %ix/load 4, 1, 0;
    %flag_set/imm 4, 0;
    %load/vec4a v000001f6830e1540, 4;
    %add;
    %ix/load 3, 0, 0;
    %flag_set/imm 4, 0;
    %ix/load 4, 0, 0; Constant delay
    %assign/vec4/a/d v000001f6830e0fa0, 0, 4;
    %ix/load 4, 2, 0;
    %flag_set/imm 4, 0;
    %load/vec4a v000001f6830e1540, 4;
    %ix/load 4, 3, 0;
    %flag_set/imm 4, 0;
    %load/vec4a v000001f6830e1540, 4;
    %add;
    %ix/load 3, 1, 0;
    %flag_set/imm 4, 0;
    %ix/load 4, 0, 0; Constant delay
    %assign/vec4/a/d v000001f6830e0fa0, 0, 4;
    %ix/load 4, 4, 0;
    %flag_set/imm 4, 0;
    %load/vec4a v000001f6830e1540, 4;
    %ix/load 4, 5, 0;
    %flag_set/imm 4, 0;
    %load/vec4a v000001f6830e1540, 4;
    %add;
    %ix/load 3, 2, 0;
    %flag_set/imm 4, 0;
    %ix/load 4, 0, 0; Constant delay
    %assign/vec4/a/d v000001f6830e0fa0, 0, 4;
    %ix/load 4, 6, 0;
    %flag_set/imm 4, 0;
    %load/vec4a v000001f6830e1540, 4;
    %ix/load 4, 7, 0;
    %flag_set/imm 4, 0;
    %load/vec4a v000001f6830e1540, 4;
    %add;
    %ix/load 3, 3, 0;
    %flag_set/imm 4, 0;
    %ix/load 4, 0, 0; Constant delay
    %assign/vec4/a/d v000001f6830e0fa0, 0, 4;
    %ix/load 4, 8, 0;
    %flag_set/imm 4, 0;
    %load/vec4a v000001f6830e1540, 4;
    %ix/load 4, 9, 0;
    %flag_set/imm 4, 0;
    %load/vec4a v000001f6830e1540, 4;
    %add;
    %ix/load 3, 4, 0;
    %flag_set/imm 4, 0;
    %ix/load 4, 0, 0; Constant delay
    %assign/vec4/a/d v000001f6830e0fa0, 0, 4;
    %ix/load 4, 10, 0;
    %flag_set/imm 4, 0;
    %load/vec4a v000001f6830e1540, 4;
    %ix/load 4, 11, 0;
    %flag_set/imm 4, 0;
    %load/vec4a v000001f6830e1540, 4;
    %add;
    %ix/load 3, 5, 0;
    %flag_set/imm 4, 0;
    %ix/load 4, 0, 0; Constant delay
    %assign/vec4/a/d v000001f6830e0fa0, 0, 4;
    %ix/load 4, 12, 0;
    %flag_set/imm 4, 0;
    %load/vec4a v000001f6830e1540, 4;
    %ix/load 4, 13, 0;
    %flag_set/imm 4, 0;
    %load/vec4a v000001f6830e1540, 4;
    %add;
    %ix/load 3, 6, 0;
    %flag_set/imm 4, 0;
    %ix/load 4, 0, 0; Constant delay
    %assign/vec4/a/d v000001f6830e0fa0, 0, 4;
    %ix/load 4, 14, 0;
    %flag_set/imm 4, 0;
    %load/vec4a v000001f6830e1540, 4;
    %ix/load 4, 15, 0;
    %flag_set/imm 4, 0;
    %load/vec4a v000001f6830e1540, 4;
    %add;
    %ix/load 3, 7, 0;
    %flag_set/imm 4, 0;
    %ix/load 4, 0, 0; Constant delay
    %assign/vec4/a/d v000001f6830e0fa0, 0, 4;
T_3.8 ;
    %load/vec4 v000001f6830e1cc0_0;
    %assign/vec4 v000001f6830e10e0_0, 0;
    %load/vec4 v000001f6830e10e0_0;
    %flag_set/vec4 8;
    %jmp/0xz  T_3.10, 8;
    %ix/load 4, 0, 0;
    %flag_set/imm 4, 0;
    %load/vec4a v000001f6830e0fa0, 4;
    %ix/load 4, 1, 0;
    %flag_set/imm 4, 0;
    %load/vec4a v000001f6830e0fa0, 4;
    %add;
    %ix/load 3, 0, 0;
    %flag_set/imm 4, 0;
    %ix/load 4, 0, 0; Constant delay
    %assign/vec4/a/d v000001f6830e1040, 0, 4;
    %ix/load 4, 2, 0;
    %flag_set/imm 4, 0;
    %load/vec4a v000001f6830e0fa0, 4;
    %ix/load 4, 3, 0;
    %flag_set/imm 4, 0;
    %load/vec4a v000001f6830e0fa0, 4;
    %add;
    %ix/load 3, 1, 0;
    %flag_set/imm 4, 0;
    %ix/load 4, 0, 0; Constant delay
    %assign/vec4/a/d v000001f6830e1040, 0, 4;
    %ix/load 4, 4, 0;
    %flag_set/imm 4, 0;
    %load/vec4a v000001f6830e0fa0, 4;
    %ix/load 4, 5, 0;
    %flag_set/imm 4, 0;
    %load/vec4a v000001f6830e0fa0, 4;
    %add;
    %ix/load 3, 2, 0;
    %flag_set/imm 4, 0;
    %ix/load 4, 0, 0; Constant delay
    %assign/vec4/a/d v000001f6830e1040, 0, 4;
    %ix/load 4, 6, 0;
    %flag_set/imm 4, 0;
    %load/vec4a v000001f6830e0fa0, 4;
    %ix/load 4, 7, 0;
    %flag_set/imm 4, 0;
    %load/vec4a v000001f6830e0fa0, 4;
    %add;
    %ix/load 3, 3, 0;
    %flag_set/imm 4, 0;
    %ix/load 4, 0, 0; Constant delay
    %assign/vec4/a/d v000001f6830e1040, 0, 4;
T_3.10 ;
    %load/vec4 v000001f6830e10e0_0;
    %assign/vec4 v000001f6830e1900_0, 0;
    %load/vec4 v000001f6830e1900_0;
    %flag_set/vec4 8;
    %jmp/0xz  T_3.12, 8;
    %ix/load 4, 0, 0;
    %flag_set/imm 4, 0;
    %load/vec4a v000001f6830e1040, 4;
    %ix/load 4, 1, 0;
    %flag_set/imm 4, 0;
    %load/vec4a v000001f6830e1040, 4;
    %add;
    %ix/load 3, 0, 0;
    %flag_set/imm 4, 0;
    %ix/load 4, 0, 0; Constant delay
    %assign/vec4/a/d v000001f6830e1680, 0, 4;
    %ix/load 4, 2, 0;
    %flag_set/imm 4, 0;
    %load/vec4a v000001f6830e1040, 4;
    %ix/load 4, 3, 0;
    %flag_set/imm 4, 0;
    %load/vec4a v000001f6830e1040, 4;
    %add;
    %ix/load 3, 1, 0;
    %flag_set/imm 4, 0;
    %ix/load 4, 0, 0; Constant delay
    %assign/vec4/a/d v000001f6830e1680, 0, 4;
T_3.12 ;
    %load/vec4 v000001f6830e1900_0;
    %assign/vec4 v000001f6830e1360_0, 0;
    %load/vec4 v000001f6830e1360_0;
    %flag_set/vec4 8;
    %jmp/0xz  T_3.14, 8;
    %ix/load 4, 0, 0;
    %flag_set/imm 4, 0;
    %load/vec4a v000001f6830e1680, 4;
    %ix/load 4, 1, 0;
    %flag_set/imm 4, 0;
    %load/vec4a v000001f6830e1680, 4;
    %add;
    %load/vec4 v000001f68304edb0_0;
    %pad/s 32;
    %ix/load 4, 8, 0;
    %flag_set/imm 4, 0;
    %shiftl 4;
    %add;
    %assign/vec4 v000001f6830e1a40_0, 0;
T_3.14 ;
    %load/vec4 v000001f6830e1360_0;
    %assign/vec4 v000001f6830e1400_0, 0;
    %load/vec4 v000001f6830e1400_0;
    %flag_set/vec4 8;
    %jmp/0xz  T_3.16, 8;
    %load/vec4 v000001f6830e1a40_0;
    %parti/s 16, 8, 5;
    %assign/vec4 v000001f6830e1220_0, 0;
    %pushi/vec4 1, 0, 1;
    %assign/vec4 v000001f6830e1180_0, 0;
    %jmp T_3.17;
T_3.16 ;
    %pushi/vec4 0, 0, 1;
    %assign/vec4 v000001f6830e1180_0, 0;
T_3.17 ;
T_3.1 ;
    %jmp T_3;
    .thread T_3;
    .scope S_000001f6830bce70;
T_4 ;
    %vpi_call/w 4 26 "$readmemh", "src/layers/hex_data/Discriminator_Layer3_Weights_All.hex", v000001f6830e2ac0 {0 0 0};
    %vpi_call/w 4 27 "$readmemh", "src/layers/hex_data/Discriminator_Layer3_Biases_All.hex", v000001f6830e1c20 {0 0 0};
    %end;
    .thread T_4;
    .scope S_000001f6830bce70;
T_5 ;
    %wait E_000001f6830a3af0;
    %load/vec4 v000001f6830e1b80_0;
    %flag_set/vec4 8;
    %jmp/0xz  T_5.0, 8;
    %pushi/vec4 0, 0, 16;
    %assign/vec4 v000001f6830e3420_0, 0;
    %pushi/vec4 0, 0, 1;
    %assign/vec4 v000001f6830e17c0_0, 0;
    %pushi/vec4 0, 0, 1;
    %assign/vec4 v000001f6830e1860_0, 0;
    %jmp T_5.1;
T_5.0 ;
    %load/vec4 v000001f6830e1d60_0;
    %assign/vec4 v000001f6830e1860_0, 0;
    %load/vec4 v000001f6830e1d60_0;
    %flag_set/vec4 8;
    %jmp/0xz  T_5.2, 8;
    %load/vec4 v000001f6830e1ae0_0;
    %assign/vec4 v000001f6830e3420_0, 0;
    %load/vec4 v000001f6830e1ae0_0;
    %cmpi/s 0, 0, 16;
    %flag_or 5, 4; GT is !LE
    %flag_inv 5;
    %jmp/0xz  T_5.4, 5;
    %pushi/vec4 1, 0, 1;
    %assign/vec4 v000001f6830e17c0_0, 0;
    %jmp T_5.5;
T_5.4 ;
    %pushi/vec4 0, 0, 1;
    %assign/vec4 v000001f6830e17c0_0, 0;
T_5.5 ;
T_5.2 ;
T_5.1 ;
    %jmp T_5;
    .thread T_5;
    .scope S_000001f6830b4f50;
T_6 ;
    %wait E_000001f6830a2530;
    %pushi/vec4 0, 0, 32;
    %store/vec4 v000001f6830e2840_0, 0, 32;
T_6.0 ;
    %load/vec4 v000001f6830e2840_0;
    %cmpi/s 32, 0, 32;
    %jmp/0xz T_6.1, 5;
    %ix/getv/s 4, v000001f6830e2840_0;
    %load/vec4a v000001f6830e3380, 4;
    %load/vec4 v000001f6830e2840_0;
    %addi 1, 0, 32;
    %muli 16, 0, 32;
    %subi 1, 0, 32;
    %pad/s 34;
    %subi 15, 0, 34;
    %ix/vec4/s 4;
    %store/vec4 v000001f6830e3b00_0, 4, 16;
    %load/vec4 v000001f6830e2840_0;
    %addi 1, 0, 32;
    %store/vec4 v000001f6830e2840_0, 0, 32;
    %jmp T_6.0;
T_6.1 ;
    %jmp T_6;
    .thread T_6, $push;
    .scope S_000001f6830b4f50;
T_7 ;
    %pushi/vec4 0, 0, 1;
    %store/vec4 v000001f6830e27a0_0, 0, 1;
T_7.0 ;
    %delay 5000, 0;
    %load/vec4 v000001f6830e27a0_0;
    %inv;
    %store/vec4 v000001f6830e27a0_0, 0, 1;
    %jmp T_7.0;
    %end;
    .thread T_7;
    .scope S_000001f6830b4f50;
T_8 ;
    %vpi_call/w 3 71 "$dumpfile", "vcd/discriminator_layer3_test.vcd" {0 0 0};
    %vpi_call/w 3 72 "$dumpvars", 32'sb00000000000000000000000000000000, S_000001f6830b4f50 {0 0 0};
    %pushi/vec4 1, 0, 1;
    %store/vec4 v000001f6830e2700_0, 0, 1;
    %pushi/vec4 0, 0, 1;
    %store/vec4 v000001f6830e3100_0, 0, 1;
    %delay 20000, 0;
    %pushi/vec4 0, 0, 1;
    %store/vec4 v000001f6830e2700_0, 0, 1;
    %pushi/vec4 0, 0, 32;
    %store/vec4 v000001f6830e3920_0, 0, 32;
T_8.0 ;
    %load/vec4 v000001f6830e3920_0;
    %cmpi/s 32, 0, 32;
    %jmp/0xz T_8.1, 5;
    %pushi/vec4 0, 0, 16;
    %ix/getv/s 4, v000001f6830e3920_0;
    %store/vec4a v000001f6830e3380, 4, 0;
    %load/vec4 v000001f6830e3920_0;
    %addi 1, 0, 32;
    %store/vec4 v000001f6830e3920_0, 0, 32;
    %jmp T_8.0;
T_8.1 ;
    %vpi_call/w 3 85 "$display", "--------------------------------------------------" {0 0 0};
    %vpi_call/w 3 86 "$display", "   TESTING DISCRIMINATOR LAYER 3" {0 0 0};
    %vpi_call/w 3 87 "$display", "   Input: 256 values -> Output: 1 neuron" {0 0 0};
    %vpi_call/w 3 88 "$display", "--------------------------------------------------" {0 0 0};
    %vpi_call/w 3 91 "$display", "\012Test Case 1: Zero Inputs" {0 0 0};
    %pushi/vec4 0, 0, 32;
    %store/vec4 v000001f6830e3920_0, 0, 32;
T_8.2 ;
    %load/vec4 v000001f6830e3920_0;
    %cmpi/s 32, 0, 32;
    %jmp/0xz T_8.3, 5;
    %pushi/vec4 0, 0, 16;
    %ix/getv/s 4, v000001f6830e3920_0;
    %store/vec4a v000001f6830e3380, 4, 0;
    %load/vec4 v000001f6830e3920_0;
    %addi 1, 0, 32;
    %store/vec4 v000001f6830e3920_0, 0, 32;
    %jmp T_8.2;
T_8.3 ;
    %wait E_000001f6830a12b0;
    %pushi/vec4 1, 0, 1;
    %store/vec4 v000001f6830e3100_0, 0, 1;
    %wait E_000001f6830a12b0;
    %pushi/vec4 0, 0, 1;
    %store/vec4 v000001f6830e3100_0, 0, 1;
    %pushi/vec4 8, 0, 32;
T_8.4 %dup/vec4;
    %pushi/vec4 0, 0, 32;
    %cmp/s;
    %jmp/1xz T_8.5, 5;
    %jmp/1 T_8.5, 4;
    %pushi/vec4 1, 0, 32;
    %sub;
    %wait E_000001f6830a12b0;
    %jmp T_8.4;
T_8.5 ;
    %pop/vec4 1;
    %delay 1000, 0;
    %vpi_call/w 3 105 "$display", "Layer 3 Output (with zero input):" {0 0 0};
    %load/vec4 v000001f6830e34c0_0;
    %store/vec4 v000001f6830bc3b0_0, 0, 16;
    %callf/real TD_layer3_discriminator_tb.q8_8_to_real, S_000001f6830b5a70;
    %store/real v000001f6830bcdd0_0;
    %callf/real TD_layer3_discriminator_tb.sigmoid, S_000001f6830b4390;
    %load/vec4 v000001f6830e34c0_0;
    %store/vec4 v000001f6830bc3b0_0, 0, 16;
    %callf/real TD_layer3_discriminator_tb.q8_8_to_real, S_000001f6830b5a70;
    %store/real v000001f6830bcdd0_0;
    %callf/real TD_layer3_discriminator_tb.sigmoid, S_000001f6830b4390;
    %store/real v000001f6830b6f70_0;
    %callf/vec4 TD_layer3_discriminator_tb.real_to_q8_8, S_000001f6830b8ec0;
    %vpi_call/w 3 106 "$display", "[ 0] = %10.6f (hex: 0x%h)", W<0,r>, S<0,vec4,s16> {1 1 0};
    %pushi/real 1507859938, 4063; load=0.175538
    %pushi/real 1721745, 4041; load=0.175538
    %add/wr;
    %load/vec4 v000001f6830e34c0_0;
    %store/vec4 v000001f6830bc3b0_0, 0, 16;
    %callf/real TD_layer3_discriminator_tb.q8_8_to_real, S_000001f6830b5a70;
    %store/real v000001f6830bcdd0_0;
    %callf/real TD_layer3_discriminator_tb.sigmoid, S_000001f6830b4390;
    %sub/wr;
    %vpi_func/r 3 110 "$abs", W<0,r> {0 1 0};
    %vpi_call/w 3 110 "$display", "\012Discriminator Layer 3 MAE (Zero Input): %f", W<0,r> {0 1 0};
    %vpi_call/w 3 111 "$display", "KESIMPULAN: Fixed-point simulation for Discriminator Layer 3 (zero input) is consistent." {0 0 0};
    %vpi_call/w 3 114 "$display", "\012Test Case 2: Random Inputs" {0 0 0};
    %pushi/vec4 0, 0, 32;
    %store/vec4 v000001f6830e3920_0, 0, 32;
T_8.6 ;
    %load/vec4 v000001f6830e3920_0;
    %cmpi/s 32, 0, 32;
    %jmp/0xz T_8.7, 5;
    %pushi/vec4 50, 0, 16;
    %ix/getv/s 4, v000001f6830e3920_0;
    %store/vec4a v000001f6830e3380, 4, 0;
    %load/vec4 v000001f6830e3920_0;
    %addi 1, 0, 32;
    %store/vec4 v000001f6830e3920_0, 0, 32;
    %jmp T_8.6;
T_8.7 ;
    %wait E_000001f6830a12b0;
    %pushi/vec4 1, 0, 1;
    %store/vec4 v000001f6830e3100_0, 0, 1;
    %wait E_000001f6830a12b0;
    %pushi/vec4 0, 0, 1;
    %store/vec4 v000001f6830e3100_0, 0, 1;
    %pushi/vec4 8, 0, 32;
T_8.8 %dup/vec4;
    %pushi/vec4 0, 0, 32;
    %cmp/s;
    %jmp/1xz T_8.9, 5;
    %jmp/1 T_8.9, 4;
    %pushi/vec4 1, 0, 32;
    %sub;
    %wait E_000001f6830a12b0;
    %jmp T_8.8;
T_8.9 ;
    %pop/vec4 1;
    %delay 1000, 0;
    %vpi_call/w 3 128 "$display", "Layer 3 Output (with random input):" {0 0 0};
    %load/vec4 v000001f6830e34c0_0;
    %store/vec4 v000001f6830bc3b0_0, 0, 16;
    %callf/real TD_layer3_discriminator_tb.q8_8_to_real, S_000001f6830b5a70;
    %store/real v000001f6830bcdd0_0;
    %callf/real TD_layer3_discriminator_tb.sigmoid, S_000001f6830b4390;
    %load/vec4 v000001f6830e34c0_0;
    %store/vec4 v000001f6830bc3b0_0, 0, 16;
    %callf/real TD_layer3_discriminator_tb.q8_8_to_real, S_000001f6830b5a70;
    %store/real v000001f6830bcdd0_0;
    %callf/real TD_layer3_discriminator_tb.sigmoid, S_000001f6830b4390;
    %store/real v000001f6830b6f70_0;
    %callf/vec4 TD_layer3_discriminator_tb.real_to_q8_8, S_000001f6830b8ec0;
    %vpi_call/w 3 129 "$display", "[ 0] = %10.6f (hex: 0x%h)", W<0,r>, S<0,vec4,s16> {1 1 0};
    %pushi/real 1503399614, 4065; load=0.700075
    %pushi/real 3664144, 4043; load=0.700075
    %add/wr;
    %load/vec4 v000001f6830e34c0_0;
    %store/vec4 v000001f6830bc3b0_0, 0, 16;
    %callf/real TD_layer3_discriminator_tb.q8_8_to_real, S_000001f6830b5a70;
    %store/real v000001f6830bcdd0_0;
    %callf/real TD_layer3_discriminator_tb.sigmoid, S_000001f6830b4390;
    %sub/wr;
    %vpi_func/r 3 133 "$abs", W<0,r> {0 1 0};
    %vpi_call/w 3 133 "$display", "\012Discriminator Layer 3 MAE (Random Input): %f", W<0,r> {0 1 0};
    %vpi_call/w 3 134 "$display", "KESIMPULAN: Fixed-point simulation for Discriminator Layer 3 (random input) is consistent." {0 0 0};
    %vpi_call/w 3 137 "$display", "\012Test Case 3: Large Positive Inputs" {0 0 0};
    %pushi/vec4 0, 0, 32;
    %store/vec4 v000001f6830e3920_0, 0, 32;
T_8.10 ;
    %load/vec4 v000001f6830e3920_0;
    %cmpi/s 32, 0, 32;
    %jmp/0xz T_8.11, 5;
    %pushi/vec4 25600, 0, 16;
    %ix/getv/s 4, v000001f6830e3920_0;
    %store/vec4a v000001f6830e3380, 4, 0;
    %load/vec4 v000001f6830e3920_0;
    %addi 1, 0, 32;
    %store/vec4 v000001f6830e3920_0, 0, 32;
    %jmp T_8.10;
T_8.11 ;
    %wait E_000001f6830a12b0;
    %pushi/vec4 1, 0, 1;
    %store/vec4 v000001f6830e3100_0, 0, 1;
    %wait E_000001f6830a12b0;
    %pushi/vec4 0, 0, 1;
    %store/vec4 v000001f6830e3100_0, 0, 1;
    %pushi/vec4 8, 0, 32;
T_8.12 %dup/vec4;
    %pushi/vec4 0, 0, 32;
    %cmp/s;
    %jmp/1xz T_8.13, 5;
    %jmp/1 T_8.13, 4;
    %pushi/vec4 1, 0, 32;
    %sub;
    %wait E_000001f6830a12b0;
    %jmp T_8.12;
T_8.13 ;
    %pop/vec4 1;
    %delay 1000, 0;
    %vpi_call/w 3 151 "$display", "Layer 3 Output (with large positive input):" {0 0 0};
    %load/vec4 v000001f6830e34c0_0;
    %store/vec4 v000001f6830bc3b0_0, 0, 16;
    %callf/real TD_layer3_discriminator_tb.q8_8_to_real, S_000001f6830b5a70;
    %store/real v000001f6830bcdd0_0;
    %callf/real TD_layer3_discriminator_tb.sigmoid, S_000001f6830b4390;
    %load/vec4 v000001f6830e34c0_0;
    %store/vec4 v000001f6830bc3b0_0, 0, 16;
    %callf/real TD_layer3_discriminator_tb.q8_8_to_real, S_000001f6830b5a70;
    %store/real v000001f6830bcdd0_0;
    %callf/real TD_layer3_discriminator_tb.sigmoid, S_000001f6830b4390;
    %store/real v000001f6830b6f70_0;
    %callf/vec4 TD_layer3_discriminator_tb.real_to_q8_8, S_000001f6830b8ec0;
    %vpi_call/w 3 152 "$display", "[ 0] = %10.6f (hex: 0x%h)", W<0,r>, S<0,vec4,s16> {1 1 0};
    %pushi/real 1073741824, 4066; load=1.00000
    %load/vec4 v000001f6830e34c0_0;
    %store/vec4 v000001f6830bc3b0_0, 0, 16;
    %callf/real TD_layer3_discriminator_tb.q8_8_to_real, S_000001f6830b5a70;
    %store/real v000001f6830bcdd0_0;
    %callf/real TD_layer3_discriminator_tb.sigmoid, S_000001f6830b4390;
    %sub/wr;
    %vpi_func/r 3 156 "$abs", W<0,r> {0 1 0};
    %vpi_call/w 3 156 "$display", "\012Discriminator Layer 3 MAE (Large Positive Input): %f", W<0,r> {0 1 0};
    %vpi_call/w 3 157 "$display", "KESIMPULAN: Fixed-point simulation for Discriminator Layer 3 (large positive input) is consistent." {0 0 0};
    %vpi_call/w 3 159 "$display", "--------------------------------------------------" {0 0 0};
    %vpi_call/w 3 160 "$display", "Layer 3 Test Complete" {0 0 0};
    %vpi_call/w 3 161 "$display", "--------------------------------------------------" {0 0 0};
    %vpi_call/w 3 163 "$finish" {0 0 0};
    %end;
    .thread T_8;
# The file index is used to find the file name in the following table.
:file_names 6;
    "N/A";
    "<interactive>";
    "-";
    "src/layers/layer3_discriminator_tb.v";
    "src/layers/layer3_discriminator.v";
    "src/layers/pipelined_mac.v";
