#! /c/Source/iverilog-install/bin/vvp
:ivl_version "12.0 (devel)" "(s20150603-1539-g2693dd32b)";
:ivl_delay_selection "TYPICAL";
:vpi_time_precision - 12;
:vpi_module "C:\iverilog\lib\ivl\system.vpi";
:vpi_module "C:\iverilog\lib\ivl\vhdl_sys.vpi";
:vpi_module "C:\iverilog\lib\ivl\vhdl_textio.vpi";
:vpi_module "C:\iverilog\lib\ivl\v2005_math.vpi";
:vpi_module "C:\iverilog\lib\ivl\va_math.vpi";
:vpi_module "C:\iverilog\lib\ivl\v2009.vpi";
S_0000027799f98cc0 .scope package, "$unit" "$unit" 2 1;
 .timescale 0 0;
S_0000027799f9c980 .scope module, "layer1_discriminator_tb" "layer1_discriminator_tb" 3 3;
 .timescale -9 -12;
v0000027799fe8e20_0 .var "clk", 0 0;
v0000027799fe9960_0 .net "done", 0 0, v0000027799fe9e60_0;  1 drivers
v0000027799fe8c40_0 .var/s "flat_input", 4095 0;
v0000027799fe9500_0 .net/s "flat_output", 2047 0, v0000027799fea5e0_0;  1 drivers
v0000027799fe8f60_0 .var/i "i_pack", 31 0;
v0000027799fe8ba0 .array/s "inputs", 255 0, 15 0;
v0000027799fea680_0 .var/i "k", 31 0;
v0000027799fe9280_0 .var/i "m", 31 0;
v0000027799fe8b00_0 .var "rst", 0 0;
v0000027799fe9460_0 .var "start", 0 0;
E_0000027799fb7530 .event anyedge, v0000027799fe9e60_0;
E_0000027799fb73f0 .event posedge, v0000027799fe8ce0_0;
v0000027799fe8ba0_0 .array/port v0000027799fe8ba0, 0;
v0000027799fe8ba0_1 .array/port v0000027799fe8ba0, 1;
v0000027799fe8ba0_2 .array/port v0000027799fe8ba0, 2;
v0000027799fe8ba0_3 .array/port v0000027799fe8ba0, 3;
E_0000027799fb6df0/0 .event anyedge, v0000027799fe8ba0_0, v0000027799fe8ba0_1, v0000027799fe8ba0_2, v0000027799fe8ba0_3;
v0000027799fe8ba0_4 .array/port v0000027799fe8ba0, 4;
v0000027799fe8ba0_5 .array/port v0000027799fe8ba0, 5;
v0000027799fe8ba0_6 .array/port v0000027799fe8ba0, 6;
v0000027799fe8ba0_7 .array/port v0000027799fe8ba0, 7;
E_0000027799fb6df0/1 .event anyedge, v0000027799fe8ba0_4, v0000027799fe8ba0_5, v0000027799fe8ba0_6, v0000027799fe8ba0_7;
v0000027799fe8ba0_8 .array/port v0000027799fe8ba0, 8;
v0000027799fe8ba0_9 .array/port v0000027799fe8ba0, 9;
v0000027799fe8ba0_10 .array/port v0000027799fe8ba0, 10;
v0000027799fe8ba0_11 .array/port v0000027799fe8ba0, 11;
E_0000027799fb6df0/2 .event anyedge, v0000027799fe8ba0_8, v0000027799fe8ba0_9, v0000027799fe8ba0_10, v0000027799fe8ba0_11;
v0000027799fe8ba0_12 .array/port v0000027799fe8ba0, 12;
v0000027799fe8ba0_13 .array/port v0000027799fe8ba0, 13;
v0000027799fe8ba0_14 .array/port v0000027799fe8ba0, 14;
v0000027799fe8ba0_15 .array/port v0000027799fe8ba0, 15;
E_0000027799fb6df0/3 .event anyedge, v0000027799fe8ba0_12, v0000027799fe8ba0_13, v0000027799fe8ba0_14, v0000027799fe8ba0_15;
v0000027799fe8ba0_16 .array/port v0000027799fe8ba0, 16;
v0000027799fe8ba0_17 .array/port v0000027799fe8ba0, 17;
v0000027799fe8ba0_18 .array/port v0000027799fe8ba0, 18;
v0000027799fe8ba0_19 .array/port v0000027799fe8ba0, 19;
E_0000027799fb6df0/4 .event anyedge, v0000027799fe8ba0_16, v0000027799fe8ba0_17, v0000027799fe8ba0_18, v0000027799fe8ba0_19;
v0000027799fe8ba0_20 .array/port v0000027799fe8ba0, 20;
v0000027799fe8ba0_21 .array/port v0000027799fe8ba0, 21;
v0000027799fe8ba0_22 .array/port v0000027799fe8ba0, 22;
v0000027799fe8ba0_23 .array/port v0000027799fe8ba0, 23;
E_0000027799fb6df0/5 .event anyedge, v0000027799fe8ba0_20, v0000027799fe8ba0_21, v0000027799fe8ba0_22, v0000027799fe8ba0_23;
v0000027799fe8ba0_24 .array/port v0000027799fe8ba0, 24;
v0000027799fe8ba0_25 .array/port v0000027799fe8ba0, 25;
v0000027799fe8ba0_26 .array/port v0000027799fe8ba0, 26;
v0000027799fe8ba0_27 .array/port v0000027799fe8ba0, 27;
E_0000027799fb6df0/6 .event anyedge, v0000027799fe8ba0_24, v0000027799fe8ba0_25, v0000027799fe8ba0_26, v0000027799fe8ba0_27;
v0000027799fe8ba0_28 .array/port v0000027799fe8ba0, 28;
v0000027799fe8ba0_29 .array/port v0000027799fe8ba0, 29;
v0000027799fe8ba0_30 .array/port v0000027799fe8ba0, 30;
v0000027799fe8ba0_31 .array/port v0000027799fe8ba0, 31;
E_0000027799fb6df0/7 .event anyedge, v0000027799fe8ba0_28, v0000027799fe8ba0_29, v0000027799fe8ba0_30, v0000027799fe8ba0_31;
v0000027799fe8ba0_32 .array/port v0000027799fe8ba0, 32;
v0000027799fe8ba0_33 .array/port v0000027799fe8ba0, 33;
v0000027799fe8ba0_34 .array/port v0000027799fe8ba0, 34;
v0000027799fe8ba0_35 .array/port v0000027799fe8ba0, 35;
E_0000027799fb6df0/8 .event anyedge, v0000027799fe8ba0_32, v0000027799fe8ba0_33, v0000027799fe8ba0_34, v0000027799fe8ba0_35;
v0000027799fe8ba0_36 .array/port v0000027799fe8ba0, 36;
v0000027799fe8ba0_37 .array/port v0000027799fe8ba0, 37;
v0000027799fe8ba0_38 .array/port v0000027799fe8ba0, 38;
v0000027799fe8ba0_39 .array/port v0000027799fe8ba0, 39;
E_0000027799fb6df0/9 .event anyedge, v0000027799fe8ba0_36, v0000027799fe8ba0_37, v0000027799fe8ba0_38, v0000027799fe8ba0_39;
v0000027799fe8ba0_40 .array/port v0000027799fe8ba0, 40;
v0000027799fe8ba0_41 .array/port v0000027799fe8ba0, 41;
v0000027799fe8ba0_42 .array/port v0000027799fe8ba0, 42;
v0000027799fe8ba0_43 .array/port v0000027799fe8ba0, 43;
E_0000027799fb6df0/10 .event anyedge, v0000027799fe8ba0_40, v0000027799fe8ba0_41, v0000027799fe8ba0_42, v0000027799fe8ba0_43;
v0000027799fe8ba0_44 .array/port v0000027799fe8ba0, 44;
v0000027799fe8ba0_45 .array/port v0000027799fe8ba0, 45;
v0000027799fe8ba0_46 .array/port v0000027799fe8ba0, 46;
v0000027799fe8ba0_47 .array/port v0000027799fe8ba0, 47;
E_0000027799fb6df0/11 .event anyedge, v0000027799fe8ba0_44, v0000027799fe8ba0_45, v0000027799fe8ba0_46, v0000027799fe8ba0_47;
v0000027799fe8ba0_48 .array/port v0000027799fe8ba0, 48;
v0000027799fe8ba0_49 .array/port v0000027799fe8ba0, 49;
v0000027799fe8ba0_50 .array/port v0000027799fe8ba0, 50;
v0000027799fe8ba0_51 .array/port v0000027799fe8ba0, 51;
E_0000027799fb6df0/12 .event anyedge, v0000027799fe8ba0_48, v0000027799fe8ba0_49, v0000027799fe8ba0_50, v0000027799fe8ba0_51;
v0000027799fe8ba0_52 .array/port v0000027799fe8ba0, 52;
v0000027799fe8ba0_53 .array/port v0000027799fe8ba0, 53;
v0000027799fe8ba0_54 .array/port v0000027799fe8ba0, 54;
v0000027799fe8ba0_55 .array/port v0000027799fe8ba0, 55;
E_0000027799fb6df0/13 .event anyedge, v0000027799fe8ba0_52, v0000027799fe8ba0_53, v0000027799fe8ba0_54, v0000027799fe8ba0_55;
v0000027799fe8ba0_56 .array/port v0000027799fe8ba0, 56;
v0000027799fe8ba0_57 .array/port v0000027799fe8ba0, 57;
v0000027799fe8ba0_58 .array/port v0000027799fe8ba0, 58;
v0000027799fe8ba0_59 .array/port v0000027799fe8ba0, 59;
E_0000027799fb6df0/14 .event anyedge, v0000027799fe8ba0_56, v0000027799fe8ba0_57, v0000027799fe8ba0_58, v0000027799fe8ba0_59;
v0000027799fe8ba0_60 .array/port v0000027799fe8ba0, 60;
v0000027799fe8ba0_61 .array/port v0000027799fe8ba0, 61;
v0000027799fe8ba0_62 .array/port v0000027799fe8ba0, 62;
v0000027799fe8ba0_63 .array/port v0000027799fe8ba0, 63;
E_0000027799fb6df0/15 .event anyedge, v0000027799fe8ba0_60, v0000027799fe8ba0_61, v0000027799fe8ba0_62, v0000027799fe8ba0_63;
v0000027799fe8ba0_64 .array/port v0000027799fe8ba0, 64;
v0000027799fe8ba0_65 .array/port v0000027799fe8ba0, 65;
v0000027799fe8ba0_66 .array/port v0000027799fe8ba0, 66;
v0000027799fe8ba0_67 .array/port v0000027799fe8ba0, 67;
E_0000027799fb6df0/16 .event anyedge, v0000027799fe8ba0_64, v0000027799fe8ba0_65, v0000027799fe8ba0_66, v0000027799fe8ba0_67;
v0000027799fe8ba0_68 .array/port v0000027799fe8ba0, 68;
v0000027799fe8ba0_69 .array/port v0000027799fe8ba0, 69;
v0000027799fe8ba0_70 .array/port v0000027799fe8ba0, 70;
v0000027799fe8ba0_71 .array/port v0000027799fe8ba0, 71;
E_0000027799fb6df0/17 .event anyedge, v0000027799fe8ba0_68, v0000027799fe8ba0_69, v0000027799fe8ba0_70, v0000027799fe8ba0_71;
v0000027799fe8ba0_72 .array/port v0000027799fe8ba0, 72;
v0000027799fe8ba0_73 .array/port v0000027799fe8ba0, 73;
v0000027799fe8ba0_74 .array/port v0000027799fe8ba0, 74;
v0000027799fe8ba0_75 .array/port v0000027799fe8ba0, 75;
E_0000027799fb6df0/18 .event anyedge, v0000027799fe8ba0_72, v0000027799fe8ba0_73, v0000027799fe8ba0_74, v0000027799fe8ba0_75;
v0000027799fe8ba0_76 .array/port v0000027799fe8ba0, 76;
v0000027799fe8ba0_77 .array/port v0000027799fe8ba0, 77;
v0000027799fe8ba0_78 .array/port v0000027799fe8ba0, 78;
v0000027799fe8ba0_79 .array/port v0000027799fe8ba0, 79;
E_0000027799fb6df0/19 .event anyedge, v0000027799fe8ba0_76, v0000027799fe8ba0_77, v0000027799fe8ba0_78, v0000027799fe8ba0_79;
v0000027799fe8ba0_80 .array/port v0000027799fe8ba0, 80;
v0000027799fe8ba0_81 .array/port v0000027799fe8ba0, 81;
v0000027799fe8ba0_82 .array/port v0000027799fe8ba0, 82;
v0000027799fe8ba0_83 .array/port v0000027799fe8ba0, 83;
E_0000027799fb6df0/20 .event anyedge, v0000027799fe8ba0_80, v0000027799fe8ba0_81, v0000027799fe8ba0_82, v0000027799fe8ba0_83;
v0000027799fe8ba0_84 .array/port v0000027799fe8ba0, 84;
v0000027799fe8ba0_85 .array/port v0000027799fe8ba0, 85;
v0000027799fe8ba0_86 .array/port v0000027799fe8ba0, 86;
v0000027799fe8ba0_87 .array/port v0000027799fe8ba0, 87;
E_0000027799fb6df0/21 .event anyedge, v0000027799fe8ba0_84, v0000027799fe8ba0_85, v0000027799fe8ba0_86, v0000027799fe8ba0_87;
v0000027799fe8ba0_88 .array/port v0000027799fe8ba0, 88;
v0000027799fe8ba0_89 .array/port v0000027799fe8ba0, 89;
v0000027799fe8ba0_90 .array/port v0000027799fe8ba0, 90;
v0000027799fe8ba0_91 .array/port v0000027799fe8ba0, 91;
E_0000027799fb6df0/22 .event anyedge, v0000027799fe8ba0_88, v0000027799fe8ba0_89, v0000027799fe8ba0_90, v0000027799fe8ba0_91;
v0000027799fe8ba0_92 .array/port v0000027799fe8ba0, 92;
v0000027799fe8ba0_93 .array/port v0000027799fe8ba0, 93;
v0000027799fe8ba0_94 .array/port v0000027799fe8ba0, 94;
v0000027799fe8ba0_95 .array/port v0000027799fe8ba0, 95;
E_0000027799fb6df0/23 .event anyedge, v0000027799fe8ba0_92, v0000027799fe8ba0_93, v0000027799fe8ba0_94, v0000027799fe8ba0_95;
v0000027799fe8ba0_96 .array/port v0000027799fe8ba0, 96;
v0000027799fe8ba0_97 .array/port v0000027799fe8ba0, 97;
v0000027799fe8ba0_98 .array/port v0000027799fe8ba0, 98;
v0000027799fe8ba0_99 .array/port v0000027799fe8ba0, 99;
E_0000027799fb6df0/24 .event anyedge, v0000027799fe8ba0_96, v0000027799fe8ba0_97, v0000027799fe8ba0_98, v0000027799fe8ba0_99;
v0000027799fe8ba0_100 .array/port v0000027799fe8ba0, 100;
v0000027799fe8ba0_101 .array/port v0000027799fe8ba0, 101;
v0000027799fe8ba0_102 .array/port v0000027799fe8ba0, 102;
v0000027799fe8ba0_103 .array/port v0000027799fe8ba0, 103;
E_0000027799fb6df0/25 .event anyedge, v0000027799fe8ba0_100, v0000027799fe8ba0_101, v0000027799fe8ba0_102, v0000027799fe8ba0_103;
v0000027799fe8ba0_104 .array/port v0000027799fe8ba0, 104;
v0000027799fe8ba0_105 .array/port v0000027799fe8ba0, 105;
v0000027799fe8ba0_106 .array/port v0000027799fe8ba0, 106;
v0000027799fe8ba0_107 .array/port v0000027799fe8ba0, 107;
E_0000027799fb6df0/26 .event anyedge, v0000027799fe8ba0_104, v0000027799fe8ba0_105, v0000027799fe8ba0_106, v0000027799fe8ba0_107;
v0000027799fe8ba0_108 .array/port v0000027799fe8ba0, 108;
v0000027799fe8ba0_109 .array/port v0000027799fe8ba0, 109;
v0000027799fe8ba0_110 .array/port v0000027799fe8ba0, 110;
v0000027799fe8ba0_111 .array/port v0000027799fe8ba0, 111;
E_0000027799fb6df0/27 .event anyedge, v0000027799fe8ba0_108, v0000027799fe8ba0_109, v0000027799fe8ba0_110, v0000027799fe8ba0_111;
v0000027799fe8ba0_112 .array/port v0000027799fe8ba0, 112;
v0000027799fe8ba0_113 .array/port v0000027799fe8ba0, 113;
v0000027799fe8ba0_114 .array/port v0000027799fe8ba0, 114;
v0000027799fe8ba0_115 .array/port v0000027799fe8ba0, 115;
E_0000027799fb6df0/28 .event anyedge, v0000027799fe8ba0_112, v0000027799fe8ba0_113, v0000027799fe8ba0_114, v0000027799fe8ba0_115;
v0000027799fe8ba0_116 .array/port v0000027799fe8ba0, 116;
v0000027799fe8ba0_117 .array/port v0000027799fe8ba0, 117;
v0000027799fe8ba0_118 .array/port v0000027799fe8ba0, 118;
v0000027799fe8ba0_119 .array/port v0000027799fe8ba0, 119;
E_0000027799fb6df0/29 .event anyedge, v0000027799fe8ba0_116, v0000027799fe8ba0_117, v0000027799fe8ba0_118, v0000027799fe8ba0_119;
v0000027799fe8ba0_120 .array/port v0000027799fe8ba0, 120;
v0000027799fe8ba0_121 .array/port v0000027799fe8ba0, 121;
v0000027799fe8ba0_122 .array/port v0000027799fe8ba0, 122;
v0000027799fe8ba0_123 .array/port v0000027799fe8ba0, 123;
E_0000027799fb6df0/30 .event anyedge, v0000027799fe8ba0_120, v0000027799fe8ba0_121, v0000027799fe8ba0_122, v0000027799fe8ba0_123;
v0000027799fe8ba0_124 .array/port v0000027799fe8ba0, 124;
v0000027799fe8ba0_125 .array/port v0000027799fe8ba0, 125;
v0000027799fe8ba0_126 .array/port v0000027799fe8ba0, 126;
v0000027799fe8ba0_127 .array/port v0000027799fe8ba0, 127;
E_0000027799fb6df0/31 .event anyedge, v0000027799fe8ba0_124, v0000027799fe8ba0_125, v0000027799fe8ba0_126, v0000027799fe8ba0_127;
v0000027799fe8ba0_128 .array/port v0000027799fe8ba0, 128;
v0000027799fe8ba0_129 .array/port v0000027799fe8ba0, 129;
v0000027799fe8ba0_130 .array/port v0000027799fe8ba0, 130;
v0000027799fe8ba0_131 .array/port v0000027799fe8ba0, 131;
E_0000027799fb6df0/32 .event anyedge, v0000027799fe8ba0_128, v0000027799fe8ba0_129, v0000027799fe8ba0_130, v0000027799fe8ba0_131;
v0000027799fe8ba0_132 .array/port v0000027799fe8ba0, 132;
v0000027799fe8ba0_133 .array/port v0000027799fe8ba0, 133;
v0000027799fe8ba0_134 .array/port v0000027799fe8ba0, 134;
v0000027799fe8ba0_135 .array/port v0000027799fe8ba0, 135;
E_0000027799fb6df0/33 .event anyedge, v0000027799fe8ba0_132, v0000027799fe8ba0_133, v0000027799fe8ba0_134, v0000027799fe8ba0_135;
v0000027799fe8ba0_136 .array/port v0000027799fe8ba0, 136;
v0000027799fe8ba0_137 .array/port v0000027799fe8ba0, 137;
v0000027799fe8ba0_138 .array/port v0000027799fe8ba0, 138;
v0000027799fe8ba0_139 .array/port v0000027799fe8ba0, 139;
E_0000027799fb6df0/34 .event anyedge, v0000027799fe8ba0_136, v0000027799fe8ba0_137, v0000027799fe8ba0_138, v0000027799fe8ba0_139;
v0000027799fe8ba0_140 .array/port v0000027799fe8ba0, 140;
v0000027799fe8ba0_141 .array/port v0000027799fe8ba0, 141;
v0000027799fe8ba0_142 .array/port v0000027799fe8ba0, 142;
v0000027799fe8ba0_143 .array/port v0000027799fe8ba0, 143;
E_0000027799fb6df0/35 .event anyedge, v0000027799fe8ba0_140, v0000027799fe8ba0_141, v0000027799fe8ba0_142, v0000027799fe8ba0_143;
v0000027799fe8ba0_144 .array/port v0000027799fe8ba0, 144;
v0000027799fe8ba0_145 .array/port v0000027799fe8ba0, 145;
v0000027799fe8ba0_146 .array/port v0000027799fe8ba0, 146;
v0000027799fe8ba0_147 .array/port v0000027799fe8ba0, 147;
E_0000027799fb6df0/36 .event anyedge, v0000027799fe8ba0_144, v0000027799fe8ba0_145, v0000027799fe8ba0_146, v0000027799fe8ba0_147;
v0000027799fe8ba0_148 .array/port v0000027799fe8ba0, 148;
v0000027799fe8ba0_149 .array/port v0000027799fe8ba0, 149;
v0000027799fe8ba0_150 .array/port v0000027799fe8ba0, 150;
v0000027799fe8ba0_151 .array/port v0000027799fe8ba0, 151;
E_0000027799fb6df0/37 .event anyedge, v0000027799fe8ba0_148, v0000027799fe8ba0_149, v0000027799fe8ba0_150, v0000027799fe8ba0_151;
v0000027799fe8ba0_152 .array/port v0000027799fe8ba0, 152;
v0000027799fe8ba0_153 .array/port v0000027799fe8ba0, 153;
v0000027799fe8ba0_154 .array/port v0000027799fe8ba0, 154;
v0000027799fe8ba0_155 .array/port v0000027799fe8ba0, 155;
E_0000027799fb6df0/38 .event anyedge, v0000027799fe8ba0_152, v0000027799fe8ba0_153, v0000027799fe8ba0_154, v0000027799fe8ba0_155;
v0000027799fe8ba0_156 .array/port v0000027799fe8ba0, 156;
v0000027799fe8ba0_157 .array/port v0000027799fe8ba0, 157;
v0000027799fe8ba0_158 .array/port v0000027799fe8ba0, 158;
v0000027799fe8ba0_159 .array/port v0000027799fe8ba0, 159;
E_0000027799fb6df0/39 .event anyedge, v0000027799fe8ba0_156, v0000027799fe8ba0_157, v0000027799fe8ba0_158, v0000027799fe8ba0_159;
v0000027799fe8ba0_160 .array/port v0000027799fe8ba0, 160;
v0000027799fe8ba0_161 .array/port v0000027799fe8ba0, 161;
v0000027799fe8ba0_162 .array/port v0000027799fe8ba0, 162;
v0000027799fe8ba0_163 .array/port v0000027799fe8ba0, 163;
E_0000027799fb6df0/40 .event anyedge, v0000027799fe8ba0_160, v0000027799fe8ba0_161, v0000027799fe8ba0_162, v0000027799fe8ba0_163;
v0000027799fe8ba0_164 .array/port v0000027799fe8ba0, 164;
v0000027799fe8ba0_165 .array/port v0000027799fe8ba0, 165;
v0000027799fe8ba0_166 .array/port v0000027799fe8ba0, 166;
v0000027799fe8ba0_167 .array/port v0000027799fe8ba0, 167;
E_0000027799fb6df0/41 .event anyedge, v0000027799fe8ba0_164, v0000027799fe8ba0_165, v0000027799fe8ba0_166, v0000027799fe8ba0_167;
v0000027799fe8ba0_168 .array/port v0000027799fe8ba0, 168;
v0000027799fe8ba0_169 .array/port v0000027799fe8ba0, 169;
v0000027799fe8ba0_170 .array/port v0000027799fe8ba0, 170;
v0000027799fe8ba0_171 .array/port v0000027799fe8ba0, 171;
E_0000027799fb6df0/42 .event anyedge, v0000027799fe8ba0_168, v0000027799fe8ba0_169, v0000027799fe8ba0_170, v0000027799fe8ba0_171;
v0000027799fe8ba0_172 .array/port v0000027799fe8ba0, 172;
v0000027799fe8ba0_173 .array/port v0000027799fe8ba0, 173;
v0000027799fe8ba0_174 .array/port v0000027799fe8ba0, 174;
v0000027799fe8ba0_175 .array/port v0000027799fe8ba0, 175;
E_0000027799fb6df0/43 .event anyedge, v0000027799fe8ba0_172, v0000027799fe8ba0_173, v0000027799fe8ba0_174, v0000027799fe8ba0_175;
v0000027799fe8ba0_176 .array/port v0000027799fe8ba0, 176;
v0000027799fe8ba0_177 .array/port v0000027799fe8ba0, 177;
v0000027799fe8ba0_178 .array/port v0000027799fe8ba0, 178;
v0000027799fe8ba0_179 .array/port v0000027799fe8ba0, 179;
E_0000027799fb6df0/44 .event anyedge, v0000027799fe8ba0_176, v0000027799fe8ba0_177, v0000027799fe8ba0_178, v0000027799fe8ba0_179;
v0000027799fe8ba0_180 .array/port v0000027799fe8ba0, 180;
v0000027799fe8ba0_181 .array/port v0000027799fe8ba0, 181;
v0000027799fe8ba0_182 .array/port v0000027799fe8ba0, 182;
v0000027799fe8ba0_183 .array/port v0000027799fe8ba0, 183;
E_0000027799fb6df0/45 .event anyedge, v0000027799fe8ba0_180, v0000027799fe8ba0_181, v0000027799fe8ba0_182, v0000027799fe8ba0_183;
v0000027799fe8ba0_184 .array/port v0000027799fe8ba0, 184;
v0000027799fe8ba0_185 .array/port v0000027799fe8ba0, 185;
v0000027799fe8ba0_186 .array/port v0000027799fe8ba0, 186;
v0000027799fe8ba0_187 .array/port v0000027799fe8ba0, 187;
E_0000027799fb6df0/46 .event anyedge, v0000027799fe8ba0_184, v0000027799fe8ba0_185, v0000027799fe8ba0_186, v0000027799fe8ba0_187;
v0000027799fe8ba0_188 .array/port v0000027799fe8ba0, 188;
v0000027799fe8ba0_189 .array/port v0000027799fe8ba0, 189;
v0000027799fe8ba0_190 .array/port v0000027799fe8ba0, 190;
v0000027799fe8ba0_191 .array/port v0000027799fe8ba0, 191;
E_0000027799fb6df0/47 .event anyedge, v0000027799fe8ba0_188, v0000027799fe8ba0_189, v0000027799fe8ba0_190, v0000027799fe8ba0_191;
v0000027799fe8ba0_192 .array/port v0000027799fe8ba0, 192;
v0000027799fe8ba0_193 .array/port v0000027799fe8ba0, 193;
v0000027799fe8ba0_194 .array/port v0000027799fe8ba0, 194;
v0000027799fe8ba0_195 .array/port v0000027799fe8ba0, 195;
E_0000027799fb6df0/48 .event anyedge, v0000027799fe8ba0_192, v0000027799fe8ba0_193, v0000027799fe8ba0_194, v0000027799fe8ba0_195;
v0000027799fe8ba0_196 .array/port v0000027799fe8ba0, 196;
v0000027799fe8ba0_197 .array/port v0000027799fe8ba0, 197;
v0000027799fe8ba0_198 .array/port v0000027799fe8ba0, 198;
v0000027799fe8ba0_199 .array/port v0000027799fe8ba0, 199;
E_0000027799fb6df0/49 .event anyedge, v0000027799fe8ba0_196, v0000027799fe8ba0_197, v0000027799fe8ba0_198, v0000027799fe8ba0_199;
v0000027799fe8ba0_200 .array/port v0000027799fe8ba0, 200;
v0000027799fe8ba0_201 .array/port v0000027799fe8ba0, 201;
v0000027799fe8ba0_202 .array/port v0000027799fe8ba0, 202;
v0000027799fe8ba0_203 .array/port v0000027799fe8ba0, 203;
E_0000027799fb6df0/50 .event anyedge, v0000027799fe8ba0_200, v0000027799fe8ba0_201, v0000027799fe8ba0_202, v0000027799fe8ba0_203;
v0000027799fe8ba0_204 .array/port v0000027799fe8ba0, 204;
v0000027799fe8ba0_205 .array/port v0000027799fe8ba0, 205;
v0000027799fe8ba0_206 .array/port v0000027799fe8ba0, 206;
v0000027799fe8ba0_207 .array/port v0000027799fe8ba0, 207;
E_0000027799fb6df0/51 .event anyedge, v0000027799fe8ba0_204, v0000027799fe8ba0_205, v0000027799fe8ba0_206, v0000027799fe8ba0_207;
v0000027799fe8ba0_208 .array/port v0000027799fe8ba0, 208;
v0000027799fe8ba0_209 .array/port v0000027799fe8ba0, 209;
v0000027799fe8ba0_210 .array/port v0000027799fe8ba0, 210;
v0000027799fe8ba0_211 .array/port v0000027799fe8ba0, 211;
E_0000027799fb6df0/52 .event anyedge, v0000027799fe8ba0_208, v0000027799fe8ba0_209, v0000027799fe8ba0_210, v0000027799fe8ba0_211;
v0000027799fe8ba0_212 .array/port v0000027799fe8ba0, 212;
v0000027799fe8ba0_213 .array/port v0000027799fe8ba0, 213;
v0000027799fe8ba0_214 .array/port v0000027799fe8ba0, 214;
v0000027799fe8ba0_215 .array/port v0000027799fe8ba0, 215;
E_0000027799fb6df0/53 .event anyedge, v0000027799fe8ba0_212, v0000027799fe8ba0_213, v0000027799fe8ba0_214, v0000027799fe8ba0_215;
v0000027799fe8ba0_216 .array/port v0000027799fe8ba0, 216;
v0000027799fe8ba0_217 .array/port v0000027799fe8ba0, 217;
v0000027799fe8ba0_218 .array/port v0000027799fe8ba0, 218;
v0000027799fe8ba0_219 .array/port v0000027799fe8ba0, 219;
E_0000027799fb6df0/54 .event anyedge, v0000027799fe8ba0_216, v0000027799fe8ba0_217, v0000027799fe8ba0_218, v0000027799fe8ba0_219;
v0000027799fe8ba0_220 .array/port v0000027799fe8ba0, 220;
v0000027799fe8ba0_221 .array/port v0000027799fe8ba0, 221;
v0000027799fe8ba0_222 .array/port v0000027799fe8ba0, 222;
v0000027799fe8ba0_223 .array/port v0000027799fe8ba0, 223;
E_0000027799fb6df0/55 .event anyedge, v0000027799fe8ba0_220, v0000027799fe8ba0_221, v0000027799fe8ba0_222, v0000027799fe8ba0_223;
v0000027799fe8ba0_224 .array/port v0000027799fe8ba0, 224;
v0000027799fe8ba0_225 .array/port v0000027799fe8ba0, 225;
v0000027799fe8ba0_226 .array/port v0000027799fe8ba0, 226;
v0000027799fe8ba0_227 .array/port v0000027799fe8ba0, 227;
E_0000027799fb6df0/56 .event anyedge, v0000027799fe8ba0_224, v0000027799fe8ba0_225, v0000027799fe8ba0_226, v0000027799fe8ba0_227;
v0000027799fe8ba0_228 .array/port v0000027799fe8ba0, 228;
v0000027799fe8ba0_229 .array/port v0000027799fe8ba0, 229;
v0000027799fe8ba0_230 .array/port v0000027799fe8ba0, 230;
v0000027799fe8ba0_231 .array/port v0000027799fe8ba0, 231;
E_0000027799fb6df0/57 .event anyedge, v0000027799fe8ba0_228, v0000027799fe8ba0_229, v0000027799fe8ba0_230, v0000027799fe8ba0_231;
v0000027799fe8ba0_232 .array/port v0000027799fe8ba0, 232;
v0000027799fe8ba0_233 .array/port v0000027799fe8ba0, 233;
v0000027799fe8ba0_234 .array/port v0000027799fe8ba0, 234;
v0000027799fe8ba0_235 .array/port v0000027799fe8ba0, 235;
E_0000027799fb6df0/58 .event anyedge, v0000027799fe8ba0_232, v0000027799fe8ba0_233, v0000027799fe8ba0_234, v0000027799fe8ba0_235;
v0000027799fe8ba0_236 .array/port v0000027799fe8ba0, 236;
v0000027799fe8ba0_237 .array/port v0000027799fe8ba0, 237;
v0000027799fe8ba0_238 .array/port v0000027799fe8ba0, 238;
v0000027799fe8ba0_239 .array/port v0000027799fe8ba0, 239;
E_0000027799fb6df0/59 .event anyedge, v0000027799fe8ba0_236, v0000027799fe8ba0_237, v0000027799fe8ba0_238, v0000027799fe8ba0_239;
v0000027799fe8ba0_240 .array/port v0000027799fe8ba0, 240;
v0000027799fe8ba0_241 .array/port v0000027799fe8ba0, 241;
v0000027799fe8ba0_242 .array/port v0000027799fe8ba0, 242;
v0000027799fe8ba0_243 .array/port v0000027799fe8ba0, 243;
E_0000027799fb6df0/60 .event anyedge, v0000027799fe8ba0_240, v0000027799fe8ba0_241, v0000027799fe8ba0_242, v0000027799fe8ba0_243;
v0000027799fe8ba0_244 .array/port v0000027799fe8ba0, 244;
v0000027799fe8ba0_245 .array/port v0000027799fe8ba0, 245;
v0000027799fe8ba0_246 .array/port v0000027799fe8ba0, 246;
v0000027799fe8ba0_247 .array/port v0000027799fe8ba0, 247;
E_0000027799fb6df0/61 .event anyedge, v0000027799fe8ba0_244, v0000027799fe8ba0_245, v0000027799fe8ba0_246, v0000027799fe8ba0_247;
v0000027799fe8ba0_248 .array/port v0000027799fe8ba0, 248;
v0000027799fe8ba0_249 .array/port v0000027799fe8ba0, 249;
v0000027799fe8ba0_250 .array/port v0000027799fe8ba0, 250;
v0000027799fe8ba0_251 .array/port v0000027799fe8ba0, 251;
E_0000027799fb6df0/62 .event anyedge, v0000027799fe8ba0_248, v0000027799fe8ba0_249, v0000027799fe8ba0_250, v0000027799fe8ba0_251;
v0000027799fe8ba0_252 .array/port v0000027799fe8ba0, 252;
v0000027799fe8ba0_253 .array/port v0000027799fe8ba0, 253;
v0000027799fe8ba0_254 .array/port v0000027799fe8ba0, 254;
v0000027799fe8ba0_255 .array/port v0000027799fe8ba0, 255;
E_0000027799fb6df0/63 .event anyedge, v0000027799fe8ba0_252, v0000027799fe8ba0_253, v0000027799fe8ba0_254, v0000027799fe8ba0_255;
E_0000027799fb6df0 .event/or E_0000027799fb6df0/0, E_0000027799fb6df0/1, E_0000027799fb6df0/2, E_0000027799fb6df0/3, E_0000027799fb6df0/4, E_0000027799fb6df0/5, E_0000027799fb6df0/6, E_0000027799fb6df0/7, E_0000027799fb6df0/8, E_0000027799fb6df0/9, E_0000027799fb6df0/10, E_0000027799fb6df0/11, E_0000027799fb6df0/12, E_0000027799fb6df0/13, E_0000027799fb6df0/14, E_0000027799fb6df0/15, E_0000027799fb6df0/16, E_0000027799fb6df0/17, E_0000027799fb6df0/18, E_0000027799fb6df0/19, E_0000027799fb6df0/20, E_0000027799fb6df0/21, E_0000027799fb6df0/22, E_0000027799fb6df0/23, E_0000027799fb6df0/24, E_0000027799fb6df0/25, E_0000027799fb6df0/26, E_0000027799fb6df0/27, E_0000027799fb6df0/28, E_0000027799fb6df0/29, E_0000027799fb6df0/30, E_0000027799fb6df0/31, E_0000027799fb6df0/32, E_0000027799fb6df0/33, E_0000027799fb6df0/34, E_0000027799fb6df0/35, E_0000027799fb6df0/36, E_0000027799fb6df0/37, E_0000027799fb6df0/38, E_0000027799fb6df0/39, E_0000027799fb6df0/40, E_0000027799fb6df0/41, E_0000027799fb6df0/42, E_0000027799fb6df0/43, E_0000027799fb6df0/44, E_0000027799fb6df0/45, E_0000027799fb6df0/46, E_0000027799fb6df0/47, E_0000027799fb6df0/48, E_0000027799fb6df0/49, E_0000027799fb6df0/50, E_0000027799fb6df0/51, E_0000027799fb6df0/52, E_0000027799fb6df0/53, E_0000027799fb6df0/54, E_0000027799fb6df0/55, E_0000027799fb6df0/56, E_0000027799fb6df0/57, E_0000027799fb6df0/58, E_0000027799fb6df0/59, E_0000027799fb6df0/60, E_0000027799fb6df0/61, E_0000027799fb6df0/62, E_0000027799fb6df0/63;
S_0000027799f349b0 .scope function.real, "q8_8_to_real" "q8_8_to_real" 3 35, 3 35 0, S_0000027799f9c980;
 .timescale -9 -12;
; Variable q8_8_to_real is REAL return value of scope S_0000027799f349b0
v0000027799f974c0_0 .var/s "val", 15 0;
TD_layer1_discriminator_tb.q8_8_to_real ;
    %load/vec4 v0000027799f974c0_0;
    %cvt/rv/s;
    %pushi/real 1073741824, 4074; load=256.000
    %div/wr;
    %ret/real 0; Assign to q8_8_to_real
    %end;
S_0000027799f4f5b0 .scope module, "uut" "layer1_discriminator" 3 17, 4 5 0, S_0000027799f9c980;
 .timescale -9 -12;
    .port_info 0 /INPUT 1 "clk";
    .port_info 1 /INPUT 1 "rst";
    .port_info 2 /INPUT 1 "start";
    .port_info 3 /INPUT 4096 "flat_input_flat";
    .port_info 4 /OUTPUT 2048 "flat_output_flat";
    .port_info 5 /OUTPUT 1 "done";
v0000027799f97420_0 .net *"_ivl_0", 31 0, L_000002779a029f80;  1 drivers
v0000027799f96f20_0 .net *"_ivl_11", 31 0, L_000002779a0299e0;  1 drivers
L_000002779a02a9a0 .functor BUFT 1, C4<00000000000000000000000000000001>, C4<0>, C4<0>, C4<0>;
v0000027799f97100_0 .net/2u *"_ivl_12", 31 0, L_000002779a02a9a0;  1 drivers
v0000027799f97380_0 .net *"_ivl_14", 31 0, L_000002779a02a520;  1 drivers
v0000027799f971a0_0 .net *"_ivl_16", 33 0, L_000002779a0289a0;  1 drivers
L_000002779a02a9e8 .functor BUFT 1, C4<00>, C4<0>, C4<0>, C4<0>;
v0000027799f97060_0 .net *"_ivl_19", 1 0, L_000002779a02a9e8;  1 drivers
L_000002779a02aa30 .functor BUFT 1, C4<0000000000000000000000000000001111>, C4<0>, C4<0>, C4<0>;
v0000027799f968e0_0 .net/2s *"_ivl_20", 33 0, L_000002779a02aa30;  1 drivers
v0000027799f96c00_0 .net/s *"_ivl_22", 33 0, L_000002779a028d60;  1 drivers
v0000027799f96980_0 .net/s *"_ivl_26", 31 0, L_000002779a028900;  1 drivers
v0000027799f96de0_0 .net *"_ivl_28", 15 0, L_000002779a029da0;  1 drivers
L_000002779a02a8c8 .functor BUFT 1, C4<00000000000000000000000>, C4<0>, C4<0>, C4<0>;
v0000027799f96fc0_0 .net *"_ivl_3", 22 0, L_000002779a02a8c8;  1 drivers
v0000027799f97240_0 .net *"_ivl_30", 31 0, L_000002779a029c60;  1 drivers
L_000002779a02aa78 .functor BUFT 1, C4<000000000000000000000000>, C4<0>, C4<0>, C4<0>;
v0000027799f97560_0 .net *"_ivl_33", 23 0, L_000002779a02aa78;  1 drivers
L_000002779a02aac0 .functor BUFT 1, C4<00000000000000000000000100000000>, C4<0>, C4<0>, C4<0>;
v0000027799f96a20_0 .net/2u *"_ivl_34", 31 0, L_000002779a02aac0;  1 drivers
v0000027799f96d40_0 .net *"_ivl_37", 31 0, L_000002779a028cc0;  1 drivers
v0000027799f976a0_0 .net *"_ivl_38", 31 0, L_000002779a028a40;  1 drivers
L_000002779a02a910 .functor BUFT 1, C4<00000000000000000000000000000001>, C4<0>, C4<0>, C4<0>;
v0000027799f97740_0 .net/2u *"_ivl_4", 31 0, L_000002779a02a910;  1 drivers
L_000002779a02ab08 .functor BUFT 1, C4<00000000000000000000000>, C4<0>, C4<0>, C4<0>;
v0000027799f96ac0_0 .net *"_ivl_41", 22 0, L_000002779a02ab08;  1 drivers
v0000027799f96b60_0 .net *"_ivl_42", 31 0, L_000002779a029580;  1 drivers
v0000027799fea540_0 .net/s *"_ivl_44", 31 0, L_000002779a02a020;  1 drivers
v0000027799fea7c0_0 .net *"_ivl_6", 31 0, L_000002779a028ae0;  1 drivers
L_000002779a02a958 .functor BUFT 1, C4<00000000000000000000000000010000>, C4<0>, C4<0>, C4<0>;
v0000027799fe9780_0 .net/2u *"_ivl_8", 31 0, L_000002779a02a958;  1 drivers
v0000027799fea040_0 .var/s "accumulator", 31 0;
v0000027799fea900_0 .var/s "bias_shifted", 31 0;
v0000027799fe8a60_0 .var "busy", 0 0;
v0000027799fe8ce0_0 .net "clk", 0 0, v0000027799fe8e20_0;  1 drivers
v0000027799fe9b40_0 .net/s "current_input", 15 0, L_000002779a0298a0;  1 drivers
v0000027799fe8d80_0 .net/s "current_product", 31 0, L_000002779a029260;  1 drivers
v0000027799fe9e60_0 .var "done", 0 0;
v0000027799fe9aa0_0 .net/s "flat_input_flat", 4095 0, v0000027799fe8c40_0;  1 drivers
v0000027799fea5e0_0 .var/s "flat_output_flat", 2047 0;
v0000027799fe9820_0 .var "input_idx", 8 0;
v0000027799fe9be0 .array/s "layer1_disc_bias", 127 0, 15 0;
v0000027799fe9320 .array/s "layer1_disc_weights", 32767 0, 15 0;
v0000027799fe9c80_0 .var "neuron_idx", 7 0;
v0000027799fea860_0 .net/s "next_acc", 31 0, L_000002779a029ee0;  1 drivers
v0000027799fea720_0 .net "rst", 0 0, v0000027799fe8b00_0;  1 drivers
v0000027799fe8ec0_0 .net "start", 0 0, v0000027799fe9460_0;  1 drivers
E_0000027799fb7830 .event posedge, v0000027799fea720_0, v0000027799fe8ce0_0;
L_000002779a029f80 .concat [ 9 23 0 0], v0000027799fe9820_0, L_000002779a02a8c8;
L_000002779a028ae0 .arith/sum 32, L_000002779a029f80, L_000002779a02a910;
L_000002779a0299e0 .arith/mult 32, L_000002779a028ae0, L_000002779a02a958;
L_000002779a02a520 .arith/sub 32, L_000002779a0299e0, L_000002779a02a9a0;
L_000002779a0289a0 .concat [ 32 2 0 0], L_000002779a02a520, L_000002779a02a9e8;
L_000002779a028d60 .arith/sub 34, L_000002779a0289a0, L_000002779a02aa30;
L_000002779a0298a0 .part/v.s v0000027799fe8c40_0, L_000002779a028d60, 16;
L_000002779a028900 .extend/s 32, L_000002779a0298a0;
L_000002779a029da0 .array/port v0000027799fe9320, L_000002779a029580;
L_000002779a029c60 .concat [ 8 24 0 0], v0000027799fe9c80_0, L_000002779a02aa78;
L_000002779a028cc0 .arith/mult 32, L_000002779a029c60, L_000002779a02aac0;
L_000002779a028a40 .concat [ 9 23 0 0], v0000027799fe9820_0, L_000002779a02ab08;
L_000002779a029580 .arith/sum 32, L_000002779a028cc0, L_000002779a028a40;
L_000002779a02a020 .extend/s 32, L_000002779a029da0;
L_000002779a029260 .arith/mult 32, L_000002779a028900, L_000002779a02a020;
L_000002779a029ee0 .arith/sum 32, v0000027799fea040_0, L_000002779a029260;
S_0000027799f93fe0 .scope module, "pipelined_mac" "pipelined_mac" 5 1;
 .timescale -9 -12;
    .port_info 0 /INPUT 1 "clk";
    .port_info 1 /INPUT 1 "rst";
    .port_info 2 /INPUT 1 "start";
    .port_info 3 /INPUT 512 "a_flat";
    .port_info 4 /INPUT 512 "b_flat";
    .port_info 5 /INPUT 16 "bias";
    .port_info 6 /OUTPUT 16 "result";
    .port_info 7 /OUTPUT 1 "done";
o0000027799ff3958 .functor BUFZ 512, C4<zzzzzzzzzzzzzzzzzzzzzzzzzzzzzzzzzzzzzzzzzzzzzzzzzzzzzzzzzzzzzzzzzzzzzzzzzzzzzzzzzzzzzzzzzzzzzzzzzzzzzzzzzzzzzzzzzzzzzzzzzzzzzzzzzzzzzzzzzzzzzzzzzzzzzzzzzzzzzzzzzzzzzzzzzzzzzzzzzzzzzzzzzzzzzzzzzzzzzzzzzzzzzzzzzzzzzzzzzzzzzzzzzzzzzzzzzzzzzzzzzzzzzzzzzzzzzzzzzzzzzzzzzzzzzzzzzzzzzzzzzzzzzzzzzzzzzzzzzzzzzzzzzzzzzzzzzzzzzzzzzzzzzzzzzzzzzzzzzzzzzzzzzzzzzzzzzzzzzzzzzzzzzzzzzzzzzzzzzzzzzzzzzzzzzzzzzzzzzzzzzzzzzzzzzzzzzzzzzzzzzzzzzzzzzzzzzzzzzzzzzzzzzzzzzzzzzzzzzzzzzzzzzzzzzzzzzzzzzzzzzzzzzzzzzzzzzzzzzzzzzzzzzzzzzzzz>; HiZ drive
v0000027799fea0e0_0 .net/s "a_flat", 511 0, o0000027799ff3958;  0 drivers
o0000027799ff3988 .functor BUFZ 512, C4<zzzzzzzzzzzzzzzzzzzzzzzzzzzzzzzzzzzzzzzzzzzzzzzzzzzzzzzzzzzzzzzzzzzzzzzzzzzzzzzzzzzzzzzzzzzzzzzzzzzzzzzzzzzzzzzzzzzzzzzzzzzzzzzzzzzzzzzzzzzzzzzzzzzzzzzzzzzzzzzzzzzzzzzzzzzzzzzzzzzzzzzzzzzzzzzzzzzzzzzzzzzzzzzzzzzzzzzzzzzzzzzzzzzzzzzzzzzzzzzzzzzzzzzzzzzzzzzzzzzzzzzzzzzzzzzzzzzzzzzzzzzzzzzzzzzzzzzzzzzzzzzzzzzzzzzzzzzzzzzzzzzzzzzzzzzzzzzzzzzzzzzzzzzzzzzzzzzzzzzzzzzzzzzzzzzzzzzzzzzzzzzzzzzzzzzzzzzzzzzzzzzzzzzzzzzzzzzzzzzzzzzzzzzzzzzzzzzzzzzzzzzzzzzzzzzzzzzzzzzzzzzzzzzzzzzzzzzzzzzzzzzzzzzzzzzzzzzzzzzzzzzzzzzzzzzz>; HiZ drive
v0000027799fe9000_0 .net/s "b_flat", 511 0, o0000027799ff3988;  0 drivers
o0000027799ff39b8 .functor BUFZ 16, C4<zzzzzzzzzzzzzzzz>; HiZ drive
v0000027799fe90a0_0 .net/s "bias", 15 0, o0000027799ff39b8;  0 drivers
o0000027799ff39e8 .functor BUFZ 1, C4<z>; HiZ drive
v0000027799fe9140_0 .net "clk", 0 0, o0000027799ff39e8;  0 drivers
v0000027799fe9a00_0 .var "d0", 0 0;
v0000027799fe9d20_0 .var "d1", 0 0;
v0000027799fe9dc0_0 .var "d2", 0 0;
v0000027799fe93c0_0 .var "d3", 0 0;
v0000027799fe91e0_0 .var "d4", 0 0;
v0000027799fe9f00_0 .var "d5", 0 0;
v0000027799fe9fa0_0 .var "d6", 0 0;
v0000027799fe98c0_0 .var "done", 0 0;
v0000027799fe95a0 .array/s "p", 31 0, 31 0;
v0000027799fea180 .array/s "ra", 31 0, 15 0;
v0000027799fe9640 .array/s "rb", 31 0, 15 0;
v0000027799fea220_0 .var/s "result", 15 0;
o0000027799ff3bc8 .functor BUFZ 1, C4<z>; HiZ drive
v0000027799fe96e0_0 .net "rst", 0 0, o0000027799ff3bc8;  0 drivers
v0000027799fea2c0 .array/s "s1", 15 0, 31 0;
v0000027799fea360 .array/s "s2", 7 0, 31 0;
v0000027799fea400 .array/s "s3", 3 0, 31 0;
v0000027799fea4a0 .array/s "s4", 1 0, 31 0;
o0000027799ff3bf8 .functor BUFZ 1, C4<z>; HiZ drive
v000002779a029940_0 .net "start", 0 0, o0000027799ff3bf8;  0 drivers
v000002779a02a700_0 .var/s "total_sum", 31 0;
E_0000027799fb75b0 .event posedge, v0000027799fe96e0_0, v0000027799fe9140_0;
    .scope S_0000027799f4f5b0;
T_1 ;
    %vpi_call/w 4 25 "$readmemh", "src/layers/hex_data/Discriminator_Layer1_Weights_All.hex", v0000027799fe9320 {0 0 0};
    %vpi_call/w 4 26 "$readmemh", "src/layers/hex_data/Discriminator_Layer1_Biases_All.hex", v0000027799fe9be0 {0 0 0};
    %end;
    .thread T_1;
    .scope S_0000027799f4f5b0;
T_2 ;
    %wait E_0000027799fb7830;
    %load/vec4 v0000027799fea720_0;
    %flag_set/vec4 8;
    %jmp/0xz  T_2.0, 8;
    %pushi/vec4 0, 0, 8;
    %assign/vec4 v0000027799fe9c80_0, 0;
    %pushi/vec4 0, 0, 9;
    %assign/vec4 v0000027799fe9820_0, 0;
    %pushi/vec4 0, 0, 32;
    %assign/vec4 v0000027799fea040_0, 0;
    %pushi/vec4 0, 0, 32;
    %assign/vec4 v0000027799fea900_0, 0;
    %pushi/vec4 0, 0, 1;
    %assign/vec4 v0000027799fe8a60_0, 0;
    %pushi/vec4 0, 0, 1;
    %assign/vec4 v0000027799fe9e60_0, 0;
    %jmp T_2.1;
T_2.0 ;
    %load/vec4 v0000027799fe8ec0_0;
    %flag_set/vec4 9;
    %flag_get/vec4 9;
    %jmp/0 T_2.4, 9;
    %load/vec4 v0000027799fe8a60_0;
    %nor/r;
    %and;
T_2.4;
    %flag_set/vec4 8;
    %jmp/0xz  T_2.2, 8;
    %pushi/vec4 0, 0, 8;
    %assign/vec4 v0000027799fe9c80_0, 0;
    %pushi/vec4 0, 0, 9;
    %assign/vec4 v0000027799fe9820_0, 0;
    %ix/load 4, 0, 0;
    %flag_set/imm 4, 0;
    %load/vec4a v0000027799fe9be0, 4;
    %pad/s 32;
    %ix/load 4, 8, 0;
    %flag_set/imm 4, 0;
    %shiftl 4;
    %assign/vec4 v0000027799fea900_0, 0;
    %ix/load 4, 0, 0;
    %flag_set/imm 4, 0;
    %load/vec4a v0000027799fe9be0, 4;
    %pad/s 32;
    %ix/load 4, 8, 0;
    %flag_set/imm 4, 0;
    %shiftl 4;
    %assign/vec4 v0000027799fea040_0, 0;
    %pushi/vec4 1, 0, 1;
    %assign/vec4 v0000027799fe8a60_0, 0;
    %pushi/vec4 0, 0, 1;
    %assign/vec4 v0000027799fe9e60_0, 0;
    %jmp T_2.3;
T_2.2 ;
    %load/vec4 v0000027799fe8a60_0;
    %flag_set/vec4 8;
    %jmp/0xz  T_2.5, 8;
    %load/vec4 v0000027799fea860_0;
    %assign/vec4 v0000027799fea040_0, 0;
    %load/vec4 v0000027799fe9820_0;
    %cmpi/e 255, 0, 9;
    %jmp/0xz  T_2.7, 4;
    %load/vec4 v0000027799fea860_0;
    %parti/s 16, 8, 5;
    %ix/load 5, 0, 0;
    %load/vec4 v0000027799fe9c80_0;
    %pad/u 32;
    %addi 1, 0, 32;
    %muli 16, 0, 32;
    %subi 1, 0, 32;
    %pad/u 34;
    %subi 15, 0, 34;
    %ix/vec4/s 4;
    %assign/vec4/off/d v0000027799fea5e0_0, 4, 5;
    %load/vec4 v0000027799fe9c80_0;
    %cmpi/e 127, 0, 8;
    %jmp/0xz  T_2.9, 4;
    %pushi/vec4 0, 0, 1;
    %assign/vec4 v0000027799fe8a60_0, 0;
    %pushi/vec4 1, 0, 1;
    %assign/vec4 v0000027799fe9e60_0, 0;
    %jmp T_2.10;
T_2.9 ;
    %load/vec4 v0000027799fe9c80_0;
    %addi 1, 0, 8;
    %assign/vec4 v0000027799fe9c80_0, 0;
    %load/vec4 v0000027799fe9c80_0;
    %pad/u 32;
    %addi 1, 0, 32;
    %ix/vec4 4;
    %load/vec4a v0000027799fe9be0, 4;
    %pad/s 32;
    %ix/load 4, 8, 0;
    %flag_set/imm 4, 0;
    %shiftl 4;
    %assign/vec4 v0000027799fea900_0, 0;
    %load/vec4 v0000027799fe9c80_0;
    %pad/u 32;
    %addi 1, 0, 32;
    %ix/vec4 4;
    %load/vec4a v0000027799fe9be0, 4;
    %pad/s 32;
    %ix/load 4, 8, 0;
    %flag_set/imm 4, 0;
    %shiftl 4;
    %assign/vec4 v0000027799fea040_0, 0;
    %pushi/vec4 0, 0, 9;
    %assign/vec4 v0000027799fe9820_0, 0;
T_2.10 ;
    %jmp T_2.8;
T_2.7 ;
    %load/vec4 v0000027799fe9820_0;
    %addi 1, 0, 9;
    %assign/vec4 v0000027799fe9820_0, 0;
T_2.8 ;
    %jmp T_2.6;
T_2.5 ;
    %load/vec4 v0000027799fe9e60_0;
    %flag_set/vec4 8;
    %jmp/0xz  T_2.11, 8;
    %pushi/vec4 0, 0, 1;
    %assign/vec4 v0000027799fe9e60_0, 0;
T_2.11 ;
T_2.6 ;
T_2.3 ;
T_2.1 ;
    %jmp T_2;
    .thread T_2;
    .scope S_0000027799f9c980;
T_3 ;
    %wait E_0000027799fb6df0;
    %pushi/vec4 0, 0, 32;
    %store/vec4 v0000027799fe8f60_0, 0, 32;
T_3.0 ;
    %load/vec4 v0000027799fe8f60_0;
    %cmpi/s 256, 0, 32;
    %jmp/0xz T_3.1, 5;
    %ix/getv/s 4, v0000027799fe8f60_0;
    %load/vec4a v0000027799fe8ba0, 4;
    %load/vec4 v0000027799fe8f60_0;
    %addi 1, 0, 32;
    %muli 16, 0, 32;
    %subi 1, 0, 32;
    %pad/s 34;
    %subi 15, 0, 34;
    %ix/vec4/s 4;
    %store/vec4 v0000027799fe8c40_0, 4, 16;
    %load/vec4 v0000027799fe8f60_0;
    %addi 1, 0, 32;
    %store/vec4 v0000027799fe8f60_0, 0, 32;
    %jmp T_3.0;
T_3.1 ;
    %jmp T_3;
    .thread T_3, $push;
    .scope S_0000027799f9c980;
T_4 ;
    %pushi/vec4 0, 0, 1;
    %store/vec4 v0000027799fe8e20_0, 0, 1;
T_4.0 ;
    %delay 5000, 0;
    %load/vec4 v0000027799fe8e20_0;
    %inv;
    %store/vec4 v0000027799fe8e20_0, 0, 1;
    %jmp T_4.0;
    %end;
    .thread T_4;
    .scope S_0000027799f9c980;
T_5 ;
    %vpi_call/w 3 51 "$dumpfile", "vcd/discriminator_layer1_test.vcd" {0 0 0};
    %vpi_call/w 3 52 "$dumpvars", 32'sb00000000000000000000000000000000, S_0000027799f9c980 {0 0 0};
    %pushi/vec4 1, 0, 1;
    %store/vec4 v0000027799fe8b00_0, 0, 1;
    %pushi/vec4 0, 0, 1;
    %store/vec4 v0000027799fe9460_0, 0, 1;
    %delay 20000, 0;
    %pushi/vec4 0, 0, 1;
    %store/vec4 v0000027799fe8b00_0, 0, 1;
    %pushi/vec4 0, 0, 32;
    %store/vec4 v0000027799fea680_0, 0, 32;
T_5.0 ;
    %load/vec4 v0000027799fea680_0;
    %cmpi/s 256, 0, 32;
    %jmp/0xz T_5.1, 5;
    %pushi/vec4 0, 0, 16;
    %ix/getv/s 4, v0000027799fea680_0;
    %store/vec4a v0000027799fe8ba0, 4, 0;
    %load/vec4 v0000027799fea680_0;
    %addi 1, 0, 32;
    %store/vec4 v0000027799fea680_0, 0, 32;
    %jmp T_5.0;
T_5.1 ;
    %vpi_call/w 3 65 "$display", "--------------------------------------------------" {0 0 0};
    %vpi_call/w 3 66 "$display", "   TESTING DISCRIMINATOR LAYER 1" {0 0 0};
    %vpi_call/w 3 67 "$display", "   256 inputs -> 128 neurons" {0 0 0};
    %vpi_call/w 3 68 "$display", "--------------------------------------------------" {0 0 0};
    %vpi_call/w 3 71 "$display", "\012Test Case 1: Zero Inputs" {0 0 0};
    %pushi/vec4 0, 0, 32;
    %store/vec4 v0000027799fea680_0, 0, 32;
T_5.2 ;
    %load/vec4 v0000027799fea680_0;
    %cmpi/s 256, 0, 32;
    %jmp/0xz T_5.3, 5;
    %pushi/vec4 0, 0, 16;
    %ix/getv/s 4, v0000027799fea680_0;
    %store/vec4a v0000027799fe8ba0, 4, 0;
    %load/vec4 v0000027799fea680_0;
    %addi 1, 0, 32;
    %store/vec4 v0000027799fea680_0, 0, 32;
    %jmp T_5.2;
T_5.3 ;
    %wait E_0000027799fb73f0;
    %pushi/vec4 1, 0, 1;
    %store/vec4 v0000027799fe9460_0, 0, 1;
    %wait E_0000027799fb73f0;
    %pushi/vec4 0, 0, 1;
    %store/vec4 v0000027799fe9460_0, 0, 1;
T_5.4 ;
    %load/vec4 v0000027799fe9960_0;
    %pad/u 32;
    %pushi/vec4 1, 0, 32;
    %cmp/e;
    %flag_get/vec4 4;
    %cmpi/ne 1, 0, 1;
    %jmp/0xz T_5.5, 6;
    %wait E_0000027799fb7530;
    %jmp T_5.4;
T_5.5 ;
    %delay 1000, 0;
    %vpi_call/w 3 84 "$display", "Layer 1 Output (first 20 values with zero input):" {0 0 0};
    %pushi/vec4 0, 0, 32;
    %store/vec4 v0000027799fe9280_0, 0, 32;
T_5.6 ;
    %load/vec4 v0000027799fe9280_0;
    %cmpi/s 20, 0, 32;
    %jmp/0xz T_5.7, 5;
    %load/vec4 v0000027799fe9500_0;
    %load/vec4 v0000027799fe9280_0;
    %addi 1, 0, 32;
    %muli 16, 0, 32;
    %subi 1, 0, 32;
    %pad/s 34;
    %subi 15, 0, 34;
    %part/s 16;
    %store/vec4 v0000027799f974c0_0, 0, 16;
    %callf/real TD_layer1_discriminator_tb.q8_8_to_real, S_0000027799f349b0;
    %load/vec4 v0000027799fe9500_0;
    %load/vec4 v0000027799fe9280_0;
    %addi 1, 0, 32;
    %muli 16, 0, 32;
    %subi 1, 0, 32;
    %pad/s 34;
    %subi 15, 0, 34;
    %part/s 16;
    %vpi_call/w 3 86 "$display", "[%2d] = %f (hex: %h)", v0000027799fe9280_0, W<0,r>, S<0,vec4,u16> {1 1 0};
    %load/vec4 v0000027799fe9280_0;
    %addi 1, 0, 32;
    %store/vec4 v0000027799fe9280_0, 0, 32;
    %jmp T_5.6;
T_5.7 ;
    %vpi_call/w 3 93 "$display", "\012Test Case 2: Random Inputs" {0 0 0};
    %pushi/vec4 0, 0, 32;
    %store/vec4 v0000027799fea680_0, 0, 32;
T_5.8 ;
    %load/vec4 v0000027799fea680_0;
    %cmpi/s 256, 0, 32;
    %jmp/0xz T_5.9, 5;
    %vpi_func 3 95 "$random" 32 {0 0 0};
    %pushi/vec4 256, 0, 32;
    %mod/s;
    %pad/s 16;
    %ix/getv/s 4, v0000027799fea680_0;
    %store/vec4a v0000027799fe8ba0, 4, 0;
    %load/vec4 v0000027799fea680_0;
    %addi 1, 0, 32;
    %store/vec4 v0000027799fea680_0, 0, 32;
    %jmp T_5.8;
T_5.9 ;
    %wait E_0000027799fb73f0;
    %pushi/vec4 1, 0, 1;
    %store/vec4 v0000027799fe9460_0, 0, 1;
    %wait E_0000027799fb73f0;
    %pushi/vec4 0, 0, 1;
    %store/vec4 v0000027799fe9460_0, 0, 1;
T_5.10 ;
    %load/vec4 v0000027799fe9960_0;
    %pad/u 32;
    %pushi/vec4 1, 0, 32;
    %cmp/e;
    %flag_get/vec4 4;
    %cmpi/ne 1, 0, 1;
    %jmp/0xz T_5.11, 6;
    %wait E_0000027799fb7530;
    %jmp T_5.10;
T_5.11 ;
    %delay 1000, 0;
    %vpi_call/w 3 106 "$display", "Layer 1 Output (first 20 values with random input):" {0 0 0};
    %pushi/vec4 0, 0, 32;
    %store/vec4 v0000027799fe9280_0, 0, 32;
T_5.12 ;
    %load/vec4 v0000027799fe9280_0;
    %cmpi/s 20, 0, 32;
    %jmp/0xz T_5.13, 5;
    %load/vec4 v0000027799fe9500_0;
    %load/vec4 v0000027799fe9280_0;
    %addi 1, 0, 32;
    %muli 16, 0, 32;
    %subi 1, 0, 32;
    %pad/s 34;
    %subi 15, 0, 34;
    %part/s 16;
    %store/vec4 v0000027799f974c0_0, 0, 16;
    %callf/real TD_layer1_discriminator_tb.q8_8_to_real, S_0000027799f349b0;
    %load/vec4 v0000027799fe9500_0;
    %load/vec4 v0000027799fe9280_0;
    %addi 1, 0, 32;
    %muli 16, 0, 32;
    %subi 1, 0, 32;
    %pad/s 34;
    %subi 15, 0, 34;
    %part/s 16;
    %vpi_call/w 3 108 "$display", "[%2d] = %f (hex: %h)", v0000027799fe9280_0, W<0,r>, S<0,vec4,u16> {1 1 0};
    %load/vec4 v0000027799fe9280_0;
    %addi 1, 0, 32;
    %store/vec4 v0000027799fe9280_0, 0, 32;
    %jmp T_5.12;
T_5.13 ;
    %vpi_call/w 3 114 "$display", "--------------------------------------------------" {0 0 0};
    %vpi_call/w 3 115 "$display", "Layer 1 Test Complete" {0 0 0};
    %vpi_call/w 3 116 "$display", "--------------------------------------------------" {0 0 0};
    %vpi_call/w 3 118 "$finish" {0 0 0};
    %end;
    .thread T_5;
    .scope S_0000027799f93fe0;
T_6 ;
    %wait E_0000027799fb75b0;
    %load/vec4 v0000027799fe96e0_0;
    %flag_set/vec4 8;
    %jmp/0xz  T_6.0, 8;
    %pushi/vec4 0, 0, 1;
    %assign/vec4 v0000027799fe9a00_0, 0;
    %pushi/vec4 0, 0, 1;
    %assign/vec4 v0000027799fe9d20_0, 0;
    %pushi/vec4 0, 0, 1;
    %assign/vec4 v0000027799fe9dc0_0, 0;
    %pushi/vec4 0, 0, 1;
    %assign/vec4 v0000027799fe93c0_0, 0;
    %pushi/vec4 0, 0, 1;
    %assign/vec4 v0000027799fe91e0_0, 0;
    %pushi/vec4 0, 0, 1;
    %assign/vec4 v0000027799fe9f00_0, 0;
    %pushi/vec4 0, 0, 1;
    %assign/vec4 v0000027799fe9fa0_0, 0;
    %pushi/vec4 0, 0, 1;
    %assign/vec4 v0000027799fe98c0_0, 0;
    %pushi/vec4 0, 0, 16;
    %assign/vec4 v0000027799fea220_0, 0;
    %pushi/vec4 0, 0, 32;
    %assign/vec4 v000002779a02a700_0, 0;
    %jmp T_6.1;
T_6.0 ;
    %load/vec4 v000002779a029940_0;
    %flag_set/vec4 8;
    %jmp/0xz  T_6.2, 8;
    %load/vec4 v0000027799fea0e0_0;
    %parti/s 16, 0, 2;
    %ix/load 3, 0, 0;
    %flag_set/imm 4, 0;
    %ix/load 4, 0, 0; Constant delay
    %assign/vec4/a/d v0000027799fea180, 0, 4;
    %load/vec4 v0000027799fe9000_0;
    %parti/s 16, 0, 2;
    %ix/load 3, 0, 0;
    %flag_set/imm 4, 0;
    %ix/load 4, 0, 0; Constant delay
    %assign/vec4/a/d v0000027799fe9640, 0, 4;
    %load/vec4 v0000027799fea0e0_0;
    %parti/s 16, 16, 6;
    %ix/load 3, 1, 0;
    %flag_set/imm 4, 0;
    %ix/load 4, 0, 0; Constant delay
    %assign/vec4/a/d v0000027799fea180, 0, 4;
    %load/vec4 v0000027799fe9000_0;
    %parti/s 16, 16, 6;
    %ix/load 3, 1, 0;
    %flag_set/imm 4, 0;
    %ix/load 4, 0, 0; Constant delay
    %assign/vec4/a/d v0000027799fe9640, 0, 4;
    %load/vec4 v0000027799fea0e0_0;
    %parti/s 16, 32, 7;
    %ix/load 3, 2, 0;
    %flag_set/imm 4, 0;
    %ix/load 4, 0, 0; Constant delay
    %assign/vec4/a/d v0000027799fea180, 0, 4;
    %load/vec4 v0000027799fe9000_0;
    %parti/s 16, 32, 7;
    %ix/load 3, 2, 0;
    %flag_set/imm 4, 0;
    %ix/load 4, 0, 0; Constant delay
    %assign/vec4/a/d v0000027799fe9640, 0, 4;
    %load/vec4 v0000027799fea0e0_0;
    %parti/s 16, 48, 7;
    %ix/load 3, 3, 0;
    %flag_set/imm 4, 0;
    %ix/load 4, 0, 0; Constant delay
    %assign/vec4/a/d v0000027799fea180, 0, 4;
    %load/vec4 v0000027799fe9000_0;
    %parti/s 16, 48, 7;
    %ix/load 3, 3, 0;
    %flag_set/imm 4, 0;
    %ix/load 4, 0, 0; Constant delay
    %assign/vec4/a/d v0000027799fe9640, 0, 4;
    %load/vec4 v0000027799fea0e0_0;
    %parti/s 16, 64, 8;
    %ix/load 3, 4, 0;
    %flag_set/imm 4, 0;
    %ix/load 4, 0, 0; Constant delay
    %assign/vec4/a/d v0000027799fea180, 0, 4;
    %load/vec4 v0000027799fe9000_0;
    %parti/s 16, 64, 8;
    %ix/load 3, 4, 0;
    %flag_set/imm 4, 0;
    %ix/load 4, 0, 0; Constant delay
    %assign/vec4/a/d v0000027799fe9640, 0, 4;
    %load/vec4 v0000027799fea0e0_0;
    %parti/s 16, 80, 8;
    %ix/load 3, 5, 0;
    %flag_set/imm 4, 0;
    %ix/load 4, 0, 0; Constant delay
    %assign/vec4/a/d v0000027799fea180, 0, 4;
    %load/vec4 v0000027799fe9000_0;
    %parti/s 16, 80, 8;
    %ix/load 3, 5, 0;
    %flag_set/imm 4, 0;
    %ix/load 4, 0, 0; Constant delay
    %assign/vec4/a/d v0000027799fe9640, 0, 4;
    %load/vec4 v0000027799fea0e0_0;
    %parti/s 16, 96, 8;
    %ix/load 3, 6, 0;
    %flag_set/imm 4, 0;
    %ix/load 4, 0, 0; Constant delay
    %assign/vec4/a/d v0000027799fea180, 0, 4;
    %load/vec4 v0000027799fe9000_0;
    %parti/s 16, 96, 8;
    %ix/load 3, 6, 0;
    %flag_set/imm 4, 0;
    %ix/load 4, 0, 0; Constant delay
    %assign/vec4/a/d v0000027799fe9640, 0, 4;
    %load/vec4 v0000027799fea0e0_0;
    %parti/s 16, 112, 8;
    %ix/load 3, 7, 0;
    %flag_set/imm 4, 0;
    %ix/load 4, 0, 0; Constant delay
    %assign/vec4/a/d v0000027799fea180, 0, 4;
    %load/vec4 v0000027799fe9000_0;
    %parti/s 16, 112, 8;
    %ix/load 3, 7, 0;
    %flag_set/imm 4, 0;
    %ix/load 4, 0, 0; Constant delay
    %assign/vec4/a/d v0000027799fe9640, 0, 4;
    %load/vec4 v0000027799fea0e0_0;
    %parti/s 16, 128, 9;
    %ix/load 3, 8, 0;
    %flag_set/imm 4, 0;
    %ix/load 4, 0, 0; Constant delay
    %assign/vec4/a/d v0000027799fea180, 0, 4;
    %load/vec4 v0000027799fe9000_0;
    %parti/s 16, 128, 9;
    %ix/load 3, 8, 0;
    %flag_set/imm 4, 0;
    %ix/load 4, 0, 0; Constant delay
    %assign/vec4/a/d v0000027799fe9640, 0, 4;
    %load/vec4 v0000027799fea0e0_0;
    %parti/s 16, 144, 9;
    %ix/load 3, 9, 0;
    %flag_set/imm 4, 0;
    %ix/load 4, 0, 0; Constant delay
    %assign/vec4/a/d v0000027799fea180, 0, 4;
    %load/vec4 v0000027799fe9000_0;
    %parti/s 16, 144, 9;
    %ix/load 3, 9, 0;
    %flag_set/imm 4, 0;
    %ix/load 4, 0, 0; Constant delay
    %assign/vec4/a/d v0000027799fe9640, 0, 4;
    %load/vec4 v0000027799fea0e0_0;
    %parti/s 16, 160, 9;
    %ix/load 3, 10, 0;
    %flag_set/imm 4, 0;
    %ix/load 4, 0, 0; Constant delay
    %assign/vec4/a/d v0000027799fea180, 0, 4;
    %load/vec4 v0000027799fe9000_0;
    %parti/s 16, 160, 9;
    %ix/load 3, 10, 0;
    %flag_set/imm 4, 0;
    %ix/load 4, 0, 0; Constant delay
    %assign/vec4/a/d v0000027799fe9640, 0, 4;
    %load/vec4 v0000027799fea0e0_0;
    %parti/s 16, 176, 9;
    %ix/load 3, 11, 0;
    %flag_set/imm 4, 0;
    %ix/load 4, 0, 0; Constant delay
    %assign/vec4/a/d v0000027799fea180, 0, 4;
    %load/vec4 v0000027799fe9000_0;
    %parti/s 16, 176, 9;
    %ix/load 3, 11, 0;
    %flag_set/imm 4, 0;
    %ix/load 4, 0, 0; Constant delay
    %assign/vec4/a/d v0000027799fe9640, 0, 4;
    %load/vec4 v0000027799fea0e0_0;
    %parti/s 16, 192, 9;
    %ix/load 3, 12, 0;
    %flag_set/imm 4, 0;
    %ix/load 4, 0, 0; Constant delay
    %assign/vec4/a/d v0000027799fea180, 0, 4;
    %load/vec4 v0000027799fe9000_0;
    %parti/s 16, 192, 9;
    %ix/load 3, 12, 0;
    %flag_set/imm 4, 0;
    %ix/load 4, 0, 0; Constant delay
    %assign/vec4/a/d v0000027799fe9640, 0, 4;
    %load/vec4 v0000027799fea0e0_0;
    %parti/s 16, 208, 9;
    %ix/load 3, 13, 0;
    %flag_set/imm 4, 0;
    %ix/load 4, 0, 0; Constant delay
    %assign/vec4/a/d v0000027799fea180, 0, 4;
    %load/vec4 v0000027799fe9000_0;
    %parti/s 16, 208, 9;
    %ix/load 3, 13, 0;
    %flag_set/imm 4, 0;
    %ix/load 4, 0, 0; Constant delay
    %assign/vec4/a/d v0000027799fe9640, 0, 4;
    %load/vec4 v0000027799fea0e0_0;
    %parti/s 16, 224, 9;
    %ix/load 3, 14, 0;
    %flag_set/imm 4, 0;
    %ix/load 4, 0, 0; Constant delay
    %assign/vec4/a/d v0000027799fea180, 0, 4;
    %load/vec4 v0000027799fe9000_0;
    %parti/s 16, 224, 9;
    %ix/load 3, 14, 0;
    %flag_set/imm 4, 0;
    %ix/load 4, 0, 0; Constant delay
    %assign/vec4/a/d v0000027799fe9640, 0, 4;
    %load/vec4 v0000027799fea0e0_0;
    %parti/s 16, 240, 9;
    %ix/load 3, 15, 0;
    %flag_set/imm 4, 0;
    %ix/load 4, 0, 0; Constant delay
    %assign/vec4/a/d v0000027799fea180, 0, 4;
    %load/vec4 v0000027799fe9000_0;
    %parti/s 16, 240, 9;
    %ix/load 3, 15, 0;
    %flag_set/imm 4, 0;
    %ix/load 4, 0, 0; Constant delay
    %assign/vec4/a/d v0000027799fe9640, 0, 4;
    %load/vec4 v0000027799fea0e0_0;
    %parti/s 16, 256, 10;
    %ix/load 3, 16, 0;
    %flag_set/imm 4, 0;
    %ix/load 4, 0, 0; Constant delay
    %assign/vec4/a/d v0000027799fea180, 0, 4;
    %load/vec4 v0000027799fe9000_0;
    %parti/s 16, 256, 10;
    %ix/load 3, 16, 0;
    %flag_set/imm 4, 0;
    %ix/load 4, 0, 0; Constant delay
    %assign/vec4/a/d v0000027799fe9640, 0, 4;
    %load/vec4 v0000027799fea0e0_0;
    %parti/s 16, 272, 10;
    %ix/load 3, 17, 0;
    %flag_set/imm 4, 0;
    %ix/load 4, 0, 0; Constant delay
    %assign/vec4/a/d v0000027799fea180, 0, 4;
    %load/vec4 v0000027799fe9000_0;
    %parti/s 16, 272, 10;
    %ix/load 3, 17, 0;
    %flag_set/imm 4, 0;
    %ix/load 4, 0, 0; Constant delay
    %assign/vec4/a/d v0000027799fe9640, 0, 4;
    %load/vec4 v0000027799fea0e0_0;
    %parti/s 16, 288, 10;
    %ix/load 3, 18, 0;
    %flag_set/imm 4, 0;
    %ix/load 4, 0, 0; Constant delay
    %assign/vec4/a/d v0000027799fea180, 0, 4;
    %load/vec4 v0000027799fe9000_0;
    %parti/s 16, 288, 10;
    %ix/load 3, 18, 0;
    %flag_set/imm 4, 0;
    %ix/load 4, 0, 0; Constant delay
    %assign/vec4/a/d v0000027799fe9640, 0, 4;
    %load/vec4 v0000027799fea0e0_0;
    %parti/s 16, 304, 10;
    %ix/load 3, 19, 0;
    %flag_set/imm 4, 0;
    %ix/load 4, 0, 0; Constant delay
    %assign/vec4/a/d v0000027799fea180, 0, 4;
    %load/vec4 v0000027799fe9000_0;
    %parti/s 16, 304, 10;
    %ix/load 3, 19, 0;
    %flag_set/imm 4, 0;
    %ix/load 4, 0, 0; Constant delay
    %assign/vec4/a/d v0000027799fe9640, 0, 4;
    %load/vec4 v0000027799fea0e0_0;
    %parti/s 16, 320, 10;
    %ix/load 3, 20, 0;
    %flag_set/imm 4, 0;
    %ix/load 4, 0, 0; Constant delay
    %assign/vec4/a/d v0000027799fea180, 0, 4;
    %load/vec4 v0000027799fe9000_0;
    %parti/s 16, 320, 10;
    %ix/load 3, 20, 0;
    %flag_set/imm 4, 0;
    %ix/load 4, 0, 0; Constant delay
    %assign/vec4/a/d v0000027799fe9640, 0, 4;
    %load/vec4 v0000027799fea0e0_0;
    %parti/s 16, 336, 10;
    %ix/load 3, 21, 0;
    %flag_set/imm 4, 0;
    %ix/load 4, 0, 0; Constant delay
    %assign/vec4/a/d v0000027799fea180, 0, 4;
    %load/vec4 v0000027799fe9000_0;
    %parti/s 16, 336, 10;
    %ix/load 3, 21, 0;
    %flag_set/imm 4, 0;
    %ix/load 4, 0, 0; Constant delay
    %assign/vec4/a/d v0000027799fe9640, 0, 4;
    %load/vec4 v0000027799fea0e0_0;
    %parti/s 16, 352, 10;
    %ix/load 3, 22, 0;
    %flag_set/imm 4, 0;
    %ix/load 4, 0, 0; Constant delay
    %assign/vec4/a/d v0000027799fea180, 0, 4;
    %load/vec4 v0000027799fe9000_0;
    %parti/s 16, 352, 10;
    %ix/load 3, 22, 0;
    %flag_set/imm 4, 0;
    %ix/load 4, 0, 0; Constant delay
    %assign/vec4/a/d v0000027799fe9640, 0, 4;
    %load/vec4 v0000027799fea0e0_0;
    %parti/s 16, 368, 10;
    %ix/load 3, 23, 0;
    %flag_set/imm 4, 0;
    %ix/load 4, 0, 0; Constant delay
    %assign/vec4/a/d v0000027799fea180, 0, 4;
    %load/vec4 v0000027799fe9000_0;
    %parti/s 16, 368, 10;
    %ix/load 3, 23, 0;
    %flag_set/imm 4, 0;
    %ix/load 4, 0, 0; Constant delay
    %assign/vec4/a/d v0000027799fe9640, 0, 4;
    %load/vec4 v0000027799fea0e0_0;
    %parti/s 16, 384, 10;
    %ix/load 3, 24, 0;
    %flag_set/imm 4, 0;
    %ix/load 4, 0, 0; Constant delay
    %assign/vec4/a/d v0000027799fea180, 0, 4;
    %load/vec4 v0000027799fe9000_0;
    %parti/s 16, 384, 10;
    %ix/load 3, 24, 0;
    %flag_set/imm 4, 0;
    %ix/load 4, 0, 0; Constant delay
    %assign/vec4/a/d v0000027799fe9640, 0, 4;
    %load/vec4 v0000027799fea0e0_0;
    %parti/s 16, 400, 10;
    %ix/load 3, 25, 0;
    %flag_set/imm 4, 0;
    %ix/load 4, 0, 0; Constant delay
    %assign/vec4/a/d v0000027799fea180, 0, 4;
    %load/vec4 v0000027799fe9000_0;
    %parti/s 16, 400, 10;
    %ix/load 3, 25, 0;
    %flag_set/imm 4, 0;
    %ix/load 4, 0, 0; Constant delay
    %assign/vec4/a/d v0000027799fe9640, 0, 4;
    %load/vec4 v0000027799fea0e0_0;
    %parti/s 16, 416, 10;
    %ix/load 3, 26, 0;
    %flag_set/imm 4, 0;
    %ix/load 4, 0, 0; Constant delay
    %assign/vec4/a/d v0000027799fea180, 0, 4;
    %load/vec4 v0000027799fe9000_0;
    %parti/s 16, 416, 10;
    %ix/load 3, 26, 0;
    %flag_set/imm 4, 0;
    %ix/load 4, 0, 0; Constant delay
    %assign/vec4/a/d v0000027799fe9640, 0, 4;
    %load/vec4 v0000027799fea0e0_0;
    %parti/s 16, 432, 10;
    %ix/load 3, 27, 0;
    %flag_set/imm 4, 0;
    %ix/load 4, 0, 0; Constant delay
    %assign/vec4/a/d v0000027799fea180, 0, 4;
    %load/vec4 v0000027799fe9000_0;
    %parti/s 16, 432, 10;
    %ix/load 3, 27, 0;
    %flag_set/imm 4, 0;
    %ix/load 4, 0, 0; Constant delay
    %assign/vec4/a/d v0000027799fe9640, 0, 4;
    %load/vec4 v0000027799fea0e0_0;
    %parti/s 16, 448, 10;
    %ix/load 3, 28, 0;
    %flag_set/imm 4, 0;
    %ix/load 4, 0, 0; Constant delay
    %assign/vec4/a/d v0000027799fea180, 0, 4;
    %load/vec4 v0000027799fe9000_0;
    %parti/s 16, 448, 10;
    %ix/load 3, 28, 0;
    %flag_set/imm 4, 0;
    %ix/load 4, 0, 0; Constant delay
    %assign/vec4/a/d v0000027799fe9640, 0, 4;
    %load/vec4 v0000027799fea0e0_0;
    %parti/s 16, 464, 10;
    %ix/load 3, 29, 0;
    %flag_set/imm 4, 0;
    %ix/load 4, 0, 0; Constant delay
    %assign/vec4/a/d v0000027799fea180, 0, 4;
    %load/vec4 v0000027799fe9000_0;
    %parti/s 16, 464, 10;
    %ix/load 3, 29, 0;
    %flag_set/imm 4, 0;
    %ix/load 4, 0, 0; Constant delay
    %assign/vec4/a/d v0000027799fe9640, 0, 4;
    %load/vec4 v0000027799fea0e0_0;
    %parti/s 16, 480, 10;
    %ix/load 3, 30, 0;
    %flag_set/imm 4, 0;
    %ix/load 4, 0, 0; Constant delay
    %assign/vec4/a/d v0000027799fea180, 0, 4;
    %load/vec4 v0000027799fe9000_0;
    %parti/s 16, 480, 10;
    %ix/load 3, 30, 0;
    %flag_set/imm 4, 0;
    %ix/load 4, 0, 0; Constant delay
    %assign/vec4/a/d v0000027799fe9640, 0, 4;
    %load/vec4 v0000027799fea0e0_0;
    %parti/s 16, 496, 10;
    %ix/load 3, 31, 0;
    %flag_set/imm 4, 0;
    %ix/load 4, 0, 0; Constant delay
    %assign/vec4/a/d v0000027799fea180, 0, 4;
    %load/vec4 v0000027799fe9000_0;
    %parti/s 16, 496, 10;
    %ix/load 3, 31, 0;
    %flag_set/imm 4, 0;
    %ix/load 4, 0, 0; Constant delay
    %assign/vec4/a/d v0000027799fe9640, 0, 4;
T_6.2 ;
    %load/vec4 v000002779a029940_0;
    %assign/vec4 v0000027799fe9a00_0, 0;
    %load/vec4 v0000027799fe9a00_0;
    %flag_set/vec4 8;
    %jmp/0xz  T_6.4, 8;
    %ix/load 4, 0, 0;
    %flag_set/imm 4, 0;
    %load/vec4a v0000027799fea180, 4;
    %pad/s 32;
    %ix/load 4, 0, 0;
    %flag_set/imm 4, 0;
    %load/vec4a v0000027799fe9640, 4;
    %pad/s 32;
    %mul;
    %ix/load 3, 0, 0;
    %flag_set/imm 4, 0;
    %ix/load 4, 0, 0; Constant delay
    %assign/vec4/a/d v0000027799fe95a0, 0, 4;
    %ix/load 4, 1, 0;
    %flag_set/imm 4, 0;
    %load/vec4a v0000027799fea180, 4;
    %pad/s 32;
    %ix/load 4, 1, 0;
    %flag_set/imm 4, 0;
    %load/vec4a v0000027799fe9640, 4;
    %pad/s 32;
    %mul;
    %ix/load 3, 1, 0;
    %flag_set/imm 4, 0;
    %ix/load 4, 0, 0; Constant delay
    %assign/vec4/a/d v0000027799fe95a0, 0, 4;
    %ix/load 4, 2, 0;
    %flag_set/imm 4, 0;
    %load/vec4a v0000027799fea180, 4;
    %pad/s 32;
    %ix/load 4, 2, 0;
    %flag_set/imm 4, 0;
    %load/vec4a v0000027799fe9640, 4;
    %pad/s 32;
    %mul;
    %ix/load 3, 2, 0;
    %flag_set/imm 4, 0;
    %ix/load 4, 0, 0; Constant delay
    %assign/vec4/a/d v0000027799fe95a0, 0, 4;
    %ix/load 4, 3, 0;
    %flag_set/imm 4, 0;
    %load/vec4a v0000027799fea180, 4;
    %pad/s 32;
    %ix/load 4, 3, 0;
    %flag_set/imm 4, 0;
    %load/vec4a v0000027799fe9640, 4;
    %pad/s 32;
    %mul;
    %ix/load 3, 3, 0;
    %flag_set/imm 4, 0;
    %ix/load 4, 0, 0; Constant delay
    %assign/vec4/a/d v0000027799fe95a0, 0, 4;
    %ix/load 4, 4, 0;
    %flag_set/imm 4, 0;
    %load/vec4a v0000027799fea180, 4;
    %pad/s 32;
    %ix/load 4, 4, 0;
    %flag_set/imm 4, 0;
    %load/vec4a v0000027799fe9640, 4;
    %pad/s 32;
    %mul;
    %ix/load 3, 4, 0;
    %flag_set/imm 4, 0;
    %ix/load 4, 0, 0; Constant delay
    %assign/vec4/a/d v0000027799fe95a0, 0, 4;
    %ix/load 4, 5, 0;
    %flag_set/imm 4, 0;
    %load/vec4a v0000027799fea180, 4;
    %pad/s 32;
    %ix/load 4, 5, 0;
    %flag_set/imm 4, 0;
    %load/vec4a v0000027799fe9640, 4;
    %pad/s 32;
    %mul;
    %ix/load 3, 5, 0;
    %flag_set/imm 4, 0;
    %ix/load 4, 0, 0; Constant delay
    %assign/vec4/a/d v0000027799fe95a0, 0, 4;
    %ix/load 4, 6, 0;
    %flag_set/imm 4, 0;
    %load/vec4a v0000027799fea180, 4;
    %pad/s 32;
    %ix/load 4, 6, 0;
    %flag_set/imm 4, 0;
    %load/vec4a v0000027799fe9640, 4;
    %pad/s 32;
    %mul;
    %ix/load 3, 6, 0;
    %flag_set/imm 4, 0;
    %ix/load 4, 0, 0; Constant delay
    %assign/vec4/a/d v0000027799fe95a0, 0, 4;
    %ix/load 4, 7, 0;
    %flag_set/imm 4, 0;
    %load/vec4a v0000027799fea180, 4;
    %pad/s 32;
    %ix/load 4, 7, 0;
    %flag_set/imm 4, 0;
    %load/vec4a v0000027799fe9640, 4;
    %pad/s 32;
    %mul;
    %ix/load 3, 7, 0;
    %flag_set/imm 4, 0;
    %ix/load 4, 0, 0; Constant delay
    %assign/vec4/a/d v0000027799fe95a0, 0, 4;
    %ix/load 4, 8, 0;
    %flag_set/imm 4, 0;
    %load/vec4a v0000027799fea180, 4;
    %pad/s 32;
    %ix/load 4, 8, 0;
    %flag_set/imm 4, 0;
    %load/vec4a v0000027799fe9640, 4;
    %pad/s 32;
    %mul;
    %ix/load 3, 8, 0;
    %flag_set/imm 4, 0;
    %ix/load 4, 0, 0; Constant delay
    %assign/vec4/a/d v0000027799fe95a0, 0, 4;
    %ix/load 4, 9, 0;
    %flag_set/imm 4, 0;
    %load/vec4a v0000027799fea180, 4;
    %pad/s 32;
    %ix/load 4, 9, 0;
    %flag_set/imm 4, 0;
    %load/vec4a v0000027799fe9640, 4;
    %pad/s 32;
    %mul;
    %ix/load 3, 9, 0;
    %flag_set/imm 4, 0;
    %ix/load 4, 0, 0; Constant delay
    %assign/vec4/a/d v0000027799fe95a0, 0, 4;
    %ix/load 4, 10, 0;
    %flag_set/imm 4, 0;
    %load/vec4a v0000027799fea180, 4;
    %pad/s 32;
    %ix/load 4, 10, 0;
    %flag_set/imm 4, 0;
    %load/vec4a v0000027799fe9640, 4;
    %pad/s 32;
    %mul;
    %ix/load 3, 10, 0;
    %flag_set/imm 4, 0;
    %ix/load 4, 0, 0; Constant delay
    %assign/vec4/a/d v0000027799fe95a0, 0, 4;
    %ix/load 4, 11, 0;
    %flag_set/imm 4, 0;
    %load/vec4a v0000027799fea180, 4;
    %pad/s 32;
    %ix/load 4, 11, 0;
    %flag_set/imm 4, 0;
    %load/vec4a v0000027799fe9640, 4;
    %pad/s 32;
    %mul;
    %ix/load 3, 11, 0;
    %flag_set/imm 4, 0;
    %ix/load 4, 0, 0; Constant delay
    %assign/vec4/a/d v0000027799fe95a0, 0, 4;
    %ix/load 4, 12, 0;
    %flag_set/imm 4, 0;
    %load/vec4a v0000027799fea180, 4;
    %pad/s 32;
    %ix/load 4, 12, 0;
    %flag_set/imm 4, 0;
    %load/vec4a v0000027799fe9640, 4;
    %pad/s 32;
    %mul;
    %ix/load 3, 12, 0;
    %flag_set/imm 4, 0;
    %ix/load 4, 0, 0; Constant delay
    %assign/vec4/a/d v0000027799fe95a0, 0, 4;
    %ix/load 4, 13, 0;
    %flag_set/imm 4, 0;
    %load/vec4a v0000027799fea180, 4;
    %pad/s 32;
    %ix/load 4, 13, 0;
    %flag_set/imm 4, 0;
    %load/vec4a v0000027799fe9640, 4;
    %pad/s 32;
    %mul;
    %ix/load 3, 13, 0;
    %flag_set/imm 4, 0;
    %ix/load 4, 0, 0; Constant delay
    %assign/vec4/a/d v0000027799fe95a0, 0, 4;
    %ix/load 4, 14, 0;
    %flag_set/imm 4, 0;
    %load/vec4a v0000027799fea180, 4;
    %pad/s 32;
    %ix/load 4, 14, 0;
    %flag_set/imm 4, 0;
    %load/vec4a v0000027799fe9640, 4;
    %pad/s 32;
    %mul;
    %ix/load 3, 14, 0;
    %flag_set/imm 4, 0;
    %ix/load 4, 0, 0; Constant delay
    %assign/vec4/a/d v0000027799fe95a0, 0, 4;
    %ix/load 4, 15, 0;
    %flag_set/imm 4, 0;
    %load/vec4a v0000027799fea180, 4;
    %pad/s 32;
    %ix/load 4, 15, 0;
    %flag_set/imm 4, 0;
    %load/vec4a v0000027799fe9640, 4;
    %pad/s 32;
    %mul;
    %ix/load 3, 15, 0;
    %flag_set/imm 4, 0;
    %ix/load 4, 0, 0; Constant delay
    %assign/vec4/a/d v0000027799fe95a0, 0, 4;
    %ix/load 4, 16, 0;
    %flag_set/imm 4, 0;
    %load/vec4a v0000027799fea180, 4;
    %pad/s 32;
    %ix/load 4, 16, 0;
    %flag_set/imm 4, 0;
    %load/vec4a v0000027799fe9640, 4;
    %pad/s 32;
    %mul;
    %ix/load 3, 16, 0;
    %flag_set/imm 4, 0;
    %ix/load 4, 0, 0; Constant delay
    %assign/vec4/a/d v0000027799fe95a0, 0, 4;
    %ix/load 4, 17, 0;
    %flag_set/imm 4, 0;
    %load/vec4a v0000027799fea180, 4;
    %pad/s 32;
    %ix/load 4, 17, 0;
    %flag_set/imm 4, 0;
    %load/vec4a v0000027799fe9640, 4;
    %pad/s 32;
    %mul;
    %ix/load 3, 17, 0;
    %flag_set/imm 4, 0;
    %ix/load 4, 0, 0; Constant delay
    %assign/vec4/a/d v0000027799fe95a0, 0, 4;
    %ix/load 4, 18, 0;
    %flag_set/imm 4, 0;
    %load/vec4a v0000027799fea180, 4;
    %pad/s 32;
    %ix/load 4, 18, 0;
    %flag_set/imm 4, 0;
    %load/vec4a v0000027799fe9640, 4;
    %pad/s 32;
    %mul;
    %ix/load 3, 18, 0;
    %flag_set/imm 4, 0;
    %ix/load 4, 0, 0; Constant delay
    %assign/vec4/a/d v0000027799fe95a0, 0, 4;
    %ix/load 4, 19, 0;
    %flag_set/imm 4, 0;
    %load/vec4a v0000027799fea180, 4;
    %pad/s 32;
    %ix/load 4, 19, 0;
    %flag_set/imm 4, 0;
    %load/vec4a v0000027799fe9640, 4;
    %pad/s 32;
    %mul;
    %ix/load 3, 19, 0;
    %flag_set/imm 4, 0;
    %ix/load 4, 0, 0; Constant delay
    %assign/vec4/a/d v0000027799fe95a0, 0, 4;
    %ix/load 4, 20, 0;
    %flag_set/imm 4, 0;
    %load/vec4a v0000027799fea180, 4;
    %pad/s 32;
    %ix/load 4, 20, 0;
    %flag_set/imm 4, 0;
    %load/vec4a v0000027799fe9640, 4;
    %pad/s 32;
    %mul;
    %ix/load 3, 20, 0;
    %flag_set/imm 4, 0;
    %ix/load 4, 0, 0; Constant delay
    %assign/vec4/a/d v0000027799fe95a0, 0, 4;
    %ix/load 4, 21, 0;
    %flag_set/imm 4, 0;
    %load/vec4a v0000027799fea180, 4;
    %pad/s 32;
    %ix/load 4, 21, 0;
    %flag_set/imm 4, 0;
    %load/vec4a v0000027799fe9640, 4;
    %pad/s 32;
    %mul;
    %ix/load 3, 21, 0;
    %flag_set/imm 4, 0;
    %ix/load 4, 0, 0; Constant delay
    %assign/vec4/a/d v0000027799fe95a0, 0, 4;
    %ix/load 4, 22, 0;
    %flag_set/imm 4, 0;
    %load/vec4a v0000027799fea180, 4;
    %pad/s 32;
    %ix/load 4, 22, 0;
    %flag_set/imm 4, 0;
    %load/vec4a v0000027799fe9640, 4;
    %pad/s 32;
    %mul;
    %ix/load 3, 22, 0;
    %flag_set/imm 4, 0;
    %ix/load 4, 0, 0; Constant delay
    %assign/vec4/a/d v0000027799fe95a0, 0, 4;
    %ix/load 4, 23, 0;
    %flag_set/imm 4, 0;
    %load/vec4a v0000027799fea180, 4;
    %pad/s 32;
    %ix/load 4, 23, 0;
    %flag_set/imm 4, 0;
    %load/vec4a v0000027799fe9640, 4;
    %pad/s 32;
    %mul;
    %ix/load 3, 23, 0;
    %flag_set/imm 4, 0;
    %ix/load 4, 0, 0; Constant delay
    %assign/vec4/a/d v0000027799fe95a0, 0, 4;
    %ix/load 4, 24, 0;
    %flag_set/imm 4, 0;
    %load/vec4a v0000027799fea180, 4;
    %pad/s 32;
    %ix/load 4, 24, 0;
    %flag_set/imm 4, 0;
    %load/vec4a v0000027799fe9640, 4;
    %pad/s 32;
    %mul;
    %ix/load 3, 24, 0;
    %flag_set/imm 4, 0;
    %ix/load 4, 0, 0; Constant delay
    %assign/vec4/a/d v0000027799fe95a0, 0, 4;
    %ix/load 4, 25, 0;
    %flag_set/imm 4, 0;
    %load/vec4a v0000027799fea180, 4;
    %pad/s 32;
    %ix/load 4, 25, 0;
    %flag_set/imm 4, 0;
    %load/vec4a v0000027799fe9640, 4;
    %pad/s 32;
    %mul;
    %ix/load 3, 25, 0;
    %flag_set/imm 4, 0;
    %ix/load 4, 0, 0; Constant delay
    %assign/vec4/a/d v0000027799fe95a0, 0, 4;
    %ix/load 4, 26, 0;
    %flag_set/imm 4, 0;
    %load/vec4a v0000027799fea180, 4;
    %pad/s 32;
    %ix/load 4, 26, 0;
    %flag_set/imm 4, 0;
    %load/vec4a v0000027799fe9640, 4;
    %pad/s 32;
    %mul;
    %ix/load 3, 26, 0;
    %flag_set/imm 4, 0;
    %ix/load 4, 0, 0; Constant delay
    %assign/vec4/a/d v0000027799fe95a0, 0, 4;
    %ix/load 4, 27, 0;
    %flag_set/imm 4, 0;
    %load/vec4a v0000027799fea180, 4;
    %pad/s 32;
    %ix/load 4, 27, 0;
    %flag_set/imm 4, 0;
    %load/vec4a v0000027799fe9640, 4;
    %pad/s 32;
    %mul;
    %ix/load 3, 27, 0;
    %flag_set/imm 4, 0;
    %ix/load 4, 0, 0; Constant delay
    %assign/vec4/a/d v0000027799fe95a0, 0, 4;
    %ix/load 4, 28, 0;
    %flag_set/imm 4, 0;
    %load/vec4a v0000027799fea180, 4;
    %pad/s 32;
    %ix/load 4, 28, 0;
    %flag_set/imm 4, 0;
    %load/vec4a v0000027799fe9640, 4;
    %pad/s 32;
    %mul;
    %ix/load 3, 28, 0;
    %flag_set/imm 4, 0;
    %ix/load 4, 0, 0; Constant delay
    %assign/vec4/a/d v0000027799fe95a0, 0, 4;
    %ix/load 4, 29, 0;
    %flag_set/imm 4, 0;
    %load/vec4a v0000027799fea180, 4;
    %pad/s 32;
    %ix/load 4, 29, 0;
    %flag_set/imm 4, 0;
    %load/vec4a v0000027799fe9640, 4;
    %pad/s 32;
    %mul;
    %ix/load 3, 29, 0;
    %flag_set/imm 4, 0;
    %ix/load 4, 0, 0; Constant delay
    %assign/vec4/a/d v0000027799fe95a0, 0, 4;
    %ix/load 4, 30, 0;
    %flag_set/imm 4, 0;
    %load/vec4a v0000027799fea180, 4;
    %pad/s 32;
    %ix/load 4, 30, 0;
    %flag_set/imm 4, 0;
    %load/vec4a v0000027799fe9640, 4;
    %pad/s 32;
    %mul;
    %ix/load 3, 30, 0;
    %flag_set/imm 4, 0;
    %ix/load 4, 0, 0; Constant delay
    %assign/vec4/a/d v0000027799fe95a0, 0, 4;
    %ix/load 4, 31, 0;
    %flag_set/imm 4, 0;
    %load/vec4a v0000027799fea180, 4;
    %pad/s 32;
    %ix/load 4, 31, 0;
    %flag_set/imm 4, 0;
    %load/vec4a v0000027799fe9640, 4;
    %pad/s 32;
    %mul;
    %ix/load 3, 31, 0;
    %flag_set/imm 4, 0;
    %ix/load 4, 0, 0; Constant delay
    %assign/vec4/a/d v0000027799fe95a0, 0, 4;
T_6.4 ;
    %load/vec4 v0000027799fe9a00_0;
    %assign/vec4 v0000027799fe9d20_0, 0;
    %load/vec4 v0000027799fe9d20_0;
    %flag_set/vec4 8;
    %jmp/0xz  T_6.6, 8;
    %ix/load 4, 0, 0;
    %flag_set/imm 4, 0;
    %load/vec4a v0000027799fe95a0, 4;
    %ix/load 4, 1, 0;
    %flag_set/imm 4, 0;
    %load/vec4a v0000027799fe95a0, 4;
    %add;
    %ix/load 3, 0, 0;
    %flag_set/imm 4, 0;
    %ix/load 4, 0, 0; Constant delay
    %assign/vec4/a/d v0000027799fea2c0, 0, 4;
    %ix/load 4, 2, 0;
    %flag_set/imm 4, 0;
    %load/vec4a v0000027799fe95a0, 4;
    %ix/load 4, 3, 0;
    %flag_set/imm 4, 0;
    %load/vec4a v0000027799fe95a0, 4;
    %add;
    %ix/load 3, 1, 0;
    %flag_set/imm 4, 0;
    %ix/load 4, 0, 0; Constant delay
    %assign/vec4/a/d v0000027799fea2c0, 0, 4;
    %ix/load 4, 4, 0;
    %flag_set/imm 4, 0;
    %load/vec4a v0000027799fe95a0, 4;
    %ix/load 4, 5, 0;
    %flag_set/imm 4, 0;
    %load/vec4a v0000027799fe95a0, 4;
    %add;
    %ix/load 3, 2, 0;
    %flag_set/imm 4, 0;
    %ix/load 4, 0, 0; Constant delay
    %assign/vec4/a/d v0000027799fea2c0, 0, 4;
    %ix/load 4, 6, 0;
    %flag_set/imm 4, 0;
    %load/vec4a v0000027799fe95a0, 4;
    %ix/load 4, 7, 0;
    %flag_set/imm 4, 0;
    %load/vec4a v0000027799fe95a0, 4;
    %add;
    %ix/load 3, 3, 0;
    %flag_set/imm 4, 0;
    %ix/load 4, 0, 0; Constant delay
    %assign/vec4/a/d v0000027799fea2c0, 0, 4;
    %ix/load 4, 8, 0;
    %flag_set/imm 4, 0;
    %load/vec4a v0000027799fe95a0, 4;
    %ix/load 4, 9, 0;
    %flag_set/imm 4, 0;
    %load/vec4a v0000027799fe95a0, 4;
    %add;
    %ix/load 3, 4, 0;
    %flag_set/imm 4, 0;
    %ix/load 4, 0, 0; Constant delay
    %assign/vec4/a/d v0000027799fea2c0, 0, 4;
    %ix/load 4, 10, 0;
    %flag_set/imm 4, 0;
    %load/vec4a v0000027799fe95a0, 4;
    %ix/load 4, 11, 0;
    %flag_set/imm 4, 0;
    %load/vec4a v0000027799fe95a0, 4;
    %add;
    %ix/load 3, 5, 0;
    %flag_set/imm 4, 0;
    %ix/load 4, 0, 0; Constant delay
    %assign/vec4/a/d v0000027799fea2c0, 0, 4;
    %ix/load 4, 12, 0;
    %flag_set/imm 4, 0;
    %load/vec4a v0000027799fe95a0, 4;
    %ix/load 4, 13, 0;
    %flag_set/imm 4, 0;
    %load/vec4a v0000027799fe95a0, 4;
    %add;
    %ix/load 3, 6, 0;
    %flag_set/imm 4, 0;
    %ix/load 4, 0, 0; Constant delay
    %assign/vec4/a/d v0000027799fea2c0, 0, 4;
    %ix/load 4, 14, 0;
    %flag_set/imm 4, 0;
    %load/vec4a v0000027799fe95a0, 4;
    %ix/load 4, 15, 0;
    %flag_set/imm 4, 0;
    %load/vec4a v0000027799fe95a0, 4;
    %add;
    %ix/load 3, 7, 0;
    %flag_set/imm 4, 0;
    %ix/load 4, 0, 0; Constant delay
    %assign/vec4/a/d v0000027799fea2c0, 0, 4;
    %ix/load 4, 16, 0;
    %flag_set/imm 4, 0;
    %load/vec4a v0000027799fe95a0, 4;
    %ix/load 4, 17, 0;
    %flag_set/imm 4, 0;
    %load/vec4a v0000027799fe95a0, 4;
    %add;
    %ix/load 3, 8, 0;
    %flag_set/imm 4, 0;
    %ix/load 4, 0, 0; Constant delay
    %assign/vec4/a/d v0000027799fea2c0, 0, 4;
    %ix/load 4, 18, 0;
    %flag_set/imm 4, 0;
    %load/vec4a v0000027799fe95a0, 4;
    %ix/load 4, 19, 0;
    %flag_set/imm 4, 0;
    %load/vec4a v0000027799fe95a0, 4;
    %add;
    %ix/load 3, 9, 0;
    %flag_set/imm 4, 0;
    %ix/load 4, 0, 0; Constant delay
    %assign/vec4/a/d v0000027799fea2c0, 0, 4;
    %ix/load 4, 20, 0;
    %flag_set/imm 4, 0;
    %load/vec4a v0000027799fe95a0, 4;
    %ix/load 4, 21, 0;
    %flag_set/imm 4, 0;
    %load/vec4a v0000027799fe95a0, 4;
    %add;
    %ix/load 3, 10, 0;
    %flag_set/imm 4, 0;
    %ix/load 4, 0, 0; Constant delay
    %assign/vec4/a/d v0000027799fea2c0, 0, 4;
    %ix/load 4, 22, 0;
    %flag_set/imm 4, 0;
    %load/vec4a v0000027799fe95a0, 4;
    %ix/load 4, 23, 0;
    %flag_set/imm 4, 0;
    %load/vec4a v0000027799fe95a0, 4;
    %add;
    %ix/load 3, 11, 0;
    %flag_set/imm 4, 0;
    %ix/load 4, 0, 0; Constant delay
    %assign/vec4/a/d v0000027799fea2c0, 0, 4;
    %ix/load 4, 24, 0;
    %flag_set/imm 4, 0;
    %load/vec4a v0000027799fe95a0, 4;
    %ix/load 4, 25, 0;
    %flag_set/imm 4, 0;
    %load/vec4a v0000027799fe95a0, 4;
    %add;
    %ix/load 3, 12, 0;
    %flag_set/imm 4, 0;
    %ix/load 4, 0, 0; Constant delay
    %assign/vec4/a/d v0000027799fea2c0, 0, 4;
    %ix/load 4, 26, 0;
    %flag_set/imm 4, 0;
    %load/vec4a v0000027799fe95a0, 4;
    %ix/load 4, 27, 0;
    %flag_set/imm 4, 0;
    %load/vec4a v0000027799fe95a0, 4;
    %add;
    %ix/load 3, 13, 0;
    %flag_set/imm 4, 0;
    %ix/load 4, 0, 0; Constant delay
    %assign/vec4/a/d v0000027799fea2c0, 0, 4;
    %ix/load 4, 28, 0;
    %flag_set/imm 4, 0;
    %load/vec4a v0000027799fe95a0, 4;
    %ix/load 4, 29, 0;
    %flag_set/imm 4, 0;
    %load/vec4a v0000027799fe95a0, 4;
    %add;
    %ix/load 3, 14, 0;
    %flag_set/imm 4, 0;
    %ix/load 4, 0, 0; Constant delay
    %assign/vec4/a/d v0000027799fea2c0, 0, 4;
    %ix/load 4, 30, 0;
    %flag_set/imm 4, 0;
    %load/vec4a v0000027799fe95a0, 4;
    %ix/load 4, 31, 0;
    %flag_set/imm 4, 0;
    %load/vec4a v0000027799fe95a0, 4;
    %add;
    %ix/load 3, 15, 0;
    %flag_set/imm 4, 0;
    %ix/load 4, 0, 0; Constant delay
    %assign/vec4/a/d v0000027799fea2c0, 0, 4;
T_6.6 ;
    %load/vec4 v0000027799fe9d20_0;
    %assign/vec4 v0000027799fe9dc0_0, 0;
    %load/vec4 v0000027799fe9dc0_0;
    %flag_set/vec4 8;
    %jmp/0xz  T_6.8, 8;
    %ix/load 4, 0, 0;
    %flag_set/imm 4, 0;
    %load/vec4a v0000027799fea2c0, 4;
    %ix/load 4, 1, 0;
    %flag_set/imm 4, 0;
    %load/vec4a v0000027799fea2c0, 4;
    %add;
    %ix/load 3, 0, 0;
    %flag_set/imm 4, 0;
    %ix/load 4, 0, 0; Constant delay
    %assign/vec4/a/d v0000027799fea360, 0, 4;
    %ix/load 4, 2, 0;
    %flag_set/imm 4, 0;
    %load/vec4a v0000027799fea2c0, 4;
    %ix/load 4, 3, 0;
    %flag_set/imm 4, 0;
    %load/vec4a v0000027799fea2c0, 4;
    %add;
    %ix/load 3, 1, 0;
    %flag_set/imm 4, 0;
    %ix/load 4, 0, 0; Constant delay
    %assign/vec4/a/d v0000027799fea360, 0, 4;
    %ix/load 4, 4, 0;
    %flag_set/imm 4, 0;
    %load/vec4a v0000027799fea2c0, 4;
    %ix/load 4, 5, 0;
    %flag_set/imm 4, 0;
    %load/vec4a v0000027799fea2c0, 4;
    %add;
    %ix/load 3, 2, 0;
    %flag_set/imm 4, 0;
    %ix/load 4, 0, 0; Constant delay
    %assign/vec4/a/d v0000027799fea360, 0, 4;
    %ix/load 4, 6, 0;
    %flag_set/imm 4, 0;
    %load/vec4a v0000027799fea2c0, 4;
    %ix/load 4, 7, 0;
    %flag_set/imm 4, 0;
    %load/vec4a v0000027799fea2c0, 4;
    %add;
    %ix/load 3, 3, 0;
    %flag_set/imm 4, 0;
    %ix/load 4, 0, 0; Constant delay
    %assign/vec4/a/d v0000027799fea360, 0, 4;
    %ix/load 4, 8, 0;
    %flag_set/imm 4, 0;
    %load/vec4a v0000027799fea2c0, 4;
    %ix/load 4, 9, 0;
    %flag_set/imm 4, 0;
    %load/vec4a v0000027799fea2c0, 4;
    %add;
    %ix/load 3, 4, 0;
    %flag_set/imm 4, 0;
    %ix/load 4, 0, 0; Constant delay
    %assign/vec4/a/d v0000027799fea360, 0, 4;
    %ix/load 4, 10, 0;
    %flag_set/imm 4, 0;
    %load/vec4a v0000027799fea2c0, 4;
    %ix/load 4, 11, 0;
    %flag_set/imm 4, 0;
    %load/vec4a v0000027799fea2c0, 4;
    %add;
    %ix/load 3, 5, 0;
    %flag_set/imm 4, 0;
    %ix/load 4, 0, 0; Constant delay
    %assign/vec4/a/d v0000027799fea360, 0, 4;
    %ix/load 4, 12, 0;
    %flag_set/imm 4, 0;
    %load/vec4a v0000027799fea2c0, 4;
    %ix/load 4, 13, 0;
    %flag_set/imm 4, 0;
    %load/vec4a v0000027799fea2c0, 4;
    %add;
    %ix/load 3, 6, 0;
    %flag_set/imm 4, 0;
    %ix/load 4, 0, 0; Constant delay
    %assign/vec4/a/d v0000027799fea360, 0, 4;
    %ix/load 4, 14, 0;
    %flag_set/imm 4, 0;
    %load/vec4a v0000027799fea2c0, 4;
    %ix/load 4, 15, 0;
    %flag_set/imm 4, 0;
    %load/vec4a v0000027799fea2c0, 4;
    %add;
    %ix/load 3, 7, 0;
    %flag_set/imm 4, 0;
    %ix/load 4, 0, 0; Constant delay
    %assign/vec4/a/d v0000027799fea360, 0, 4;
T_6.8 ;
    %load/vec4 v0000027799fe9dc0_0;
    %assign/vec4 v0000027799fe93c0_0, 0;
    %load/vec4 v0000027799fe93c0_0;
    %flag_set/vec4 8;
    %jmp/0xz  T_6.10, 8;
    %ix/load 4, 0, 0;
    %flag_set/imm 4, 0;
    %load/vec4a v0000027799fea360, 4;
    %ix/load 4, 1, 0;
    %flag_set/imm 4, 0;
    %load/vec4a v0000027799fea360, 4;
    %add;
    %ix/load 3, 0, 0;
    %flag_set/imm 4, 0;
    %ix/load 4, 0, 0; Constant delay
    %assign/vec4/a/d v0000027799fea400, 0, 4;
    %ix/load 4, 2, 0;
    %flag_set/imm 4, 0;
    %load/vec4a v0000027799fea360, 4;
    %ix/load 4, 3, 0;
    %flag_set/imm 4, 0;
    %load/vec4a v0000027799fea360, 4;
    %add;
    %ix/load 3, 1, 0;
    %flag_set/imm 4, 0;
    %ix/load 4, 0, 0; Constant delay
    %assign/vec4/a/d v0000027799fea400, 0, 4;
    %ix/load 4, 4, 0;
    %flag_set/imm 4, 0;
    %load/vec4a v0000027799fea360, 4;
    %ix/load 4, 5, 0;
    %flag_set/imm 4, 0;
    %load/vec4a v0000027799fea360, 4;
    %add;
    %ix/load 3, 2, 0;
    %flag_set/imm 4, 0;
    %ix/load 4, 0, 0; Constant delay
    %assign/vec4/a/d v0000027799fea400, 0, 4;
    %ix/load 4, 6, 0;
    %flag_set/imm 4, 0;
    %load/vec4a v0000027799fea360, 4;
    %ix/load 4, 7, 0;
    %flag_set/imm 4, 0;
    %load/vec4a v0000027799fea360, 4;
    %add;
    %ix/load 3, 3, 0;
    %flag_set/imm 4, 0;
    %ix/load 4, 0, 0; Constant delay
    %assign/vec4/a/d v0000027799fea400, 0, 4;
T_6.10 ;
    %load/vec4 v0000027799fe93c0_0;
    %assign/vec4 v0000027799fe91e0_0, 0;
    %load/vec4 v0000027799fe91e0_0;
    %flag_set/vec4 8;
    %jmp/0xz  T_6.12, 8;
    %ix/load 4, 0, 0;
    %flag_set/imm 4, 0;
    %load/vec4a v0000027799fea400, 4;
    %ix/load 4, 1, 0;
    %flag_set/imm 4, 0;
    %load/vec4a v0000027799fea400, 4;
    %add;
    %ix/load 3, 0, 0;
    %flag_set/imm 4, 0;
    %ix/load 4, 0, 0; Constant delay
    %assign/vec4/a/d v0000027799fea4a0, 0, 4;
    %ix/load 4, 2, 0;
    %flag_set/imm 4, 0;
    %load/vec4a v0000027799fea400, 4;
    %ix/load 4, 3, 0;
    %flag_set/imm 4, 0;
    %load/vec4a v0000027799fea400, 4;
    %add;
    %ix/load 3, 1, 0;
    %flag_set/imm 4, 0;
    %ix/load 4, 0, 0; Constant delay
    %assign/vec4/a/d v0000027799fea4a0, 0, 4;
T_6.12 ;
    %load/vec4 v0000027799fe91e0_0;
    %assign/vec4 v0000027799fe9f00_0, 0;
    %load/vec4 v0000027799fe9f00_0;
    %flag_set/vec4 8;
    %jmp/0xz  T_6.14, 8;
    %ix/load 4, 0, 0;
    %flag_set/imm 4, 0;
    %load/vec4a v0000027799fea4a0, 4;
    %ix/load 4, 1, 0;
    %flag_set/imm 4, 0;
    %load/vec4a v0000027799fea4a0, 4;
    %add;
    %load/vec4 v0000027799fe90a0_0;
    %pad/s 32;
    %ix/load 4, 8, 0;
    %flag_set/imm 4, 0;
    %shiftl 4;
    %add;
    %assign/vec4 v000002779a02a700_0, 0;
T_6.14 ;
    %load/vec4 v0000027799fe9f00_0;
    %assign/vec4 v0000027799fe9fa0_0, 0;
    %load/vec4 v0000027799fe9fa0_0;
    %flag_set/vec4 8;
    %jmp/0xz  T_6.16, 8;
    %load/vec4 v000002779a02a700_0;
    %parti/s 16, 8, 5;
    %assign/vec4 v0000027799fea220_0, 0;
    %pushi/vec4 1, 0, 1;
    %assign/vec4 v0000027799fe98c0_0, 0;
    %jmp T_6.17;
T_6.16 ;
    %pushi/vec4 0, 0, 1;
    %assign/vec4 v0000027799fe98c0_0, 0;
T_6.17 ;
T_6.1 ;
    %jmp T_6;
    .thread T_6;
# The file index is used to find the file name in the following table.
:file_names 6;
    "N/A";
    "<interactive>";
    "-";
    "src/layers/layer1_discriminator_tb.v";
    "src/layers/layer1_discriminator.v";
    "src/layers/pipelined_mac.v";
